001e
0020
002a
002c

0156
0158
0162
0164

0296
0298
029a
029c

03ce
03d0
03d2
03d4

0506
0508
050a
050c

063e
0640
0642
0644

0776
0778
077a
077c

08ae
08b0
08b2
08b4

09e6
09e8
09ea
09ec

0b1e
0b20
0b22
0b24

0c56
0c58
0c5a
0c5c

0d8e
0d90
0d92
0d94

0ec6
0ec8
0eca
0ecc

0ffe
1000
1002
1004

1136
1138
113a
113c

126e
1270
1272
1274

13a6
13a8
13aa
13ac

14de
14e0
14ea
14ec

161e
1620
1622
1624

1756
1758
175a
175c

188e
1890
1892
1894

19c6
19c8
19ca
19cc

1afe
1b00
1b02
1b04

1c36
1c38
1c3a
1c3c

1d6e
1d70
1d72
1d74

1ea6
1ea8
1eaa
1eac

1fde
1fe0
1fe2
1fe4

2116
2118
211a
211c

224e
2250
2252
2254

2386
2388
238a
238c

24be
24c0
24c2
24c4

25f6
25f8
25fa
25fc

272e
2730
2732
2734

2866
2868
2872
2874

29a6
29a8
29aa
29ac

2ade
2ae0
2ae2
2ae4

2c16
2c18
2c1a
2c1c

2d4e
2d50
2d52
2d54

2e86
2e88
2e8a
2e8c

2fbe
2fc0
2fc2
2fc4

30f6
30f8
30fa
30fc

322e
3230
3232
3234

3366
3368
336a
336c

349e
34a0
34a2
34a4

35d6
35d8
35da
35dc

370e
3710
3712
3714

3846
3848
384a
384c

397e
3980
3982
3984

3ab6
3ab8
3aba
3abc

3bee
3bf0
3bfa
3bfc

3d2e
3d30
3d32
3d34

3e66
3e68
3e6a
3e6c

3f9e
3fa0
3fa2
3fa4

40d6
40d8
40da
40dc

420e
4210
4212
4214

4346
4348
434a
434c

447e
4480
4482
4484

45b6
45b8
45ba
45bc

46ee
46f0
46f2
46f4

4826
4828
482a
482c

495e
4960
4962
4964

4a96
4a98
4a9a
4a9c

4bce
4bd0
4bd2
4bd4

4d06
4d08
4d0a
4d0c

4e3e
4e40
4e42
4e44

4f76
4f78
4f82
4f84

50b6
50b8
50ba
50bc

51ee
51f0
51f2
51f4

5326
5328
532a
532c

545e
5460
5462
5464

5596
5598
559a
559c

56ce
56d0
56d2
56d4

5806
5808
580a
580c

593e
5940
5942
5944

5a76
5a78
5a7a
5a7c

5bae
5bb0
5bb2
5bb4

5ce6
5ce8
5cea
5cec

5e1e
5e20
5e22
5e24

5f56
5f58
5f5a
5f5c

608e
6090
6092
6094

61c6
61c8
61ca
61cc

62fe
6300
630a
630c

6436
6438
6442
6444

6576
6578
657a
657c

66ae
66b0
66b2
66b4

67e6
67e8
67ea
67ec

691e
6920
6922
6924

6a56
6a58
6a5a
6a5c

6b8e
6b90
6b92
6b94

6cc6
6cc8
6cca
6ccc

6dfe
6e00
6e02
6e04

6f36
6f38
6f3a
6f3c

706e
7070
7072
7074

71a6
71a8
71aa
71ac

72de
72e0
72e2
72e4

7416
7418
741a
741c

754e
7550
7552
7554

7686
7688
768a
768c

77be
77c0
77ca
77cc

78fe
7900
7902
7904

7a36
7a38
7a3a
7a3c

7b6e
7b70
7b72
7b74

7ca6
7ca8
7caa
7cac

7dde
7de0
7de2
7de4

7f16
7f18
7f1a
7f1c

804e
8050
8052
8054

8186
8188
818a
818c

82be
82c0
82c2
82c4

83f6
83f8
83fa
83fc

852e
8530
8532
8534

8666
8668
866a
866c

879e
87a0
87a2
87a4

88d6
88d8
88da
88dc

8a0e
8a10
8a12
8a14

8b46
8b48
8b52
8b54

8c86
8c88
8c8a
8c8c

8dbe
8dc0
8dc2
8dc4

8ef6
8ef8
8efa
8efc

902e
9030
9032
9034

9166
9168
916a
916c

929e
92a0
92a2
92a4

93d6
93d8
93da
93dc

950e
9510
9512
9514

9646
9648
964a
964c

977e
9780
9782
9784

98b6
98b8
98ba
98bc

99ee
99f0
99f2
99f4

9b26
9b28
9b2a
9b2c

9c5e
9c60
9c62
9c64

9d96
9d98
9d9a
9d9c

9ece
9ed0
9eda
9edc

a00e
a010
a012
a014

a146
a148
a14a
a14c

a27e
a280
a282
a284

a3b6
a3b8
a3ba
a3bc

a4ee
a4f0
a4f2
a4f4

a626
a628
a62a
a62c

a75e
a760
a762
a764

a896
a898
a89a
a89c

a9ce
a9d0
a9d2
a9d4

ab06
ab08
ab0a
ab0c

ac3e
ac40
ac42
ac44

ad76
ad78
ad7a
ad7c

aeae
aeb0
aeb2
aeb4

afe6
afe8
afea
afec

b11e
b120
b122
b124

b256
b258
b262
b264

b396
b398
b39a
b39c

b4ce
b4d0
b4d2
b4d4

b606
b608
b60a
b60c

b73e
b740
b742
b744

b876
b878
b87a
b87c

b9ae
b9b0
b9b2
b9b4

bae6
bae8
baea
baec

bc1e
bc20
bc22
bc24

bd56
bd58
bd5a
bd5c

be8e
be90
be92
be94

bfc6
bfc8
bfca
bfcc

c0fe
c100
c102
c104

c236
c238
c23a
c23c

c36e
c370
c372
c374

c4a6
c4a8
c4aa
c4ac

c5de
c5e0
c5ea
c5ec

c716
c718
c722
c724

c856
c858
c85a
c85c

c98e
c990
c992
c994

cac6
cac8
caca
cacc

cbfe
cc00
cc02
cc04

cd36
cd38
cd3a
cd3c

ce6e
ce70
ce72
ce74

cfa6
cfa8
cfaa
cfac

d0de
d0e0
d0e2
d0e4

d216
d218
d21a
d21c

d34e
d350
d352
d354

d486
d488
d48a
d48c

d5be
d5c0
d5c2
d5c4

d6f6
d6f8
d6fa
d6fc

d82e
d830
d832
d834

d966
d968
d972
d974

da9e
daa0
daaa
daac

dbde
dbe0
dbe2
dbe4

dd16
dd18
dd1a
dd1c

de4e
de50
de52
de54

df86
df88
df8a
df8c

e0be
e0c0
e0c2
e0c4

e1f6
e1f8
e1fa
e1fc

e32e
e330
e332
e334

e466
e468
e46a
e46c

e59e
e5a0
e5a2
e5a4

e6d6
e6d8
e6da
e6dc

e80e
e810
e812
e814

e946
e948
e94a
e94c

ea7e
ea80
ea82
ea84

ebb6
ebb8
ebba
ebbc

ecee
ecf0
ecf2
ecf4

ee26
ee28
ee32
ee34

ef66
ef68
ef6a
ef6c

f09e
f0a0
f0a2
f0a4

f1d6
f1d8
f1da
f1dc

f30e
f310
f312
f314

f446
f448
f44a
f44c

f57e
f580
f582
f584

f6b6
f6b8
f6ba
f6bc

f7ee
f7f0
f7f2
f7f4

f926
f928
f92a
f92c

fa5e
fa60
fa62
fa64

fb96
fb98
fb9a
fb9c

fcce
fcd0
fcd2
fcd4

fe06
fe08
fe0a
fe0c

ff3e
ff40
ff42
ff44

0076
0078
007a
007c

01ae
01b0
01ba
01bc

02ee
02f0
02f2
02f4

0426
0428
042a
042c

055e
0560
0562
0564

0696
0698
069a
069c

07ce
07d0
07d2
07d4

0906
0908
090a
090c

0a3e
0a40
0a42
0a44

0b76
0b78
0b7a
0b7c

0cae
0cb0
0cb2
0cb4

0de6
0de8
0dea
0dec

0f1e
0f20
0f22
0f24

1056
1058
105a
105c

118e
1190
1192
1194

12c6
12c8
12ca
12cc

13fe
1400
1402
1404

1536
1538
1542
1544

1676
1678
167a
167c

17ae
17b0
17b2
17b4

18e6
18e8
18ea
18ec

1a1e
1a20
1a22
1a24

1b56
1b58
1b5a
1b5c

1c8e
1c90
1c92
1c94

1dc6
1dc8
1dca
1dcc

1efe
1f00
1f02
1f04

2036
2038
203a
203c

216e
2170
2172
2174

22a6
22a8
22aa
22ac

23de
23e0
23e2
23e4

2516
2518
251a
251c

264e
2650
2652
2654

2786
2788
278a
278c

28be
28c0
28ca
28cc

29fe
2a00
2a02
2a04

2b36
2b38
2b3a
2b3c

2c6e
2c70
2c72
2c74

2da6
2da8
2daa
2dac

2ede
2ee0
2ee2
2ee4

3016
3018
301a
301c

314e
3150
3152
3154

3286
3288
328a
328c

33be
33c0
33c2
33c4

34f6
34f8
34fa
34fc

362e
3630
3632
3634

3766
3768
376a
376c

389e
38a0
38a2
38a4

39d6
39d8
39da
39dc

3b0e
3b10
3b12
3b14

3c46
3c48
3c52
3c54

3d7e
3d80
3d8a
3d8c

3ebe
3ec0
3ec2
3ec4

3ff6
3ff8
3ffa
3ffc

412e
4130
4132
4134

4266
4268
426a
426c

439e
43a0
43a2
43a4

44d6
44d8
44da
44dc

460e
4610
4612
4614

4746
4748
474a
474c

487e
4880
4882
4884

49b6
49b8
49ba
49bc

4aee
4af0
4af2
4af4

4c26
4c28
4c2a
4c2c

4d5e
4d60
4d62
4d64

4e96
4e98
4e9a
4e9c

4fce
4fd0
4fda
4fdc

5106
5108
5112
5114

5246
5248
524a
524c

537e
5380
5382
5384

54b6
54b8
54ba
54bc

55ee
55f0
55f2
55f4

5726
5728
572a
572c

585e
5860
5862
5864

5996
5998
599a
599c

5ace
5ad0
5ad2
5ad4

5c06
5c08
5c0a
5c0c

5d3e
5d40
5d42
5d44

5e76
5e78
5e7a
5e7c

5fae
5fb0
5fb2
5fb4

60e6
60e8
60ea
60ec

621e
6220
6222
6224

6356
6358
635a
635c

648e
6490
649a
649c

65ce
65d0
65d2
65d4

6706
6708
670a
670c

683e
6840
6842
6844

6976
6978
697a
697c

6aae
6ab0
6ab2
6ab4

6be6
6be8
6bea
6bec

6d1e
6d20
6d22
6d24

6e56
6e58
6e5a
6e5c

6f8e
6f90
6f92
6f94

70c6
70c8
70ca
70cc

71fe
7200
7202
7204

7336
7338
733a
733c

746e
7470
7472
7474

75a6
75a8
75aa
75ac

76de
76e0
76e2
76e4

7816
7818
7822
7824

7956
7958
795a
795c

7a8e
7a90
7a92
7a94

7bc6
7bc8
7bca
7bcc

7cfe
7d00
7d02
7d04

7e36
7e38
7e3a
7e3c

7f6e
7f70
7f72
7f74

80a6
80a8
80aa
80ac

81de
81e0
81e2
81e4

8316
8318
831a
831c

844e
8450
8452
8454

8586
8588
858a
858c

86be
86c0
86c2
86c4

87f6
87f8
87fa
87fc

892e
8930
8932
8934

8a66
8a68
8a6a
8a6c

8b9e
8ba0
8baa
8bac

8cde
8ce0
8ce2
8ce4

8e16
8e18
8e1a
8e1c

8f4e
8f50
8f52
8f54

9086
9088
908a
908c

91be
91c0
91c2
91c4

92f6
92f8
92fa
92fc

942e
9430
9432
9434

9566
9568
956a
956c

969e
96a0
96a2
96a4

97d6
97d8
97da
97dc

990e
9910
9912
9914

9a46
9a48
9a4a
9a4c

9b7e
9b80
9b82
9b84

9cb6
9cb8
9cba
9cbc

9dee
9df0
9df2
9df4

9f26
9f28
9f32
9f34

a05e
a060
a06a
a06c

a19e
a1a0
a1a2
a1a4

a2d6
a2d8
a2da
a2dc

a40e
a410
a412
a414

a546
a548
a54a
a54c

a67e
a680
a682
a684

a7b6
a7b8
a7ba
a7bc

a8ee
a8f0
a8f2
a8f4

aa26
aa28
aa2a
aa2c

ab5e
ab60
ab62
ab64

ac96
ac98
ac9a
ac9c

adce
add0
add2
add4

af06
af08
af0a
af0c

b03e
b040
b042
b044

b176
b178
b17a
b17c

b2ae
b2b0
b2b2
b2b4

b3e6
b3e8
b3f2
b3f4

b526
b528
b52a
b52c

b65e
b660
b662
b664

b796
b798
b79a
b79c

b8ce
b8d0
b8d2
b8d4

ba06
ba08
ba0a
ba0c

bb3e
bb40
bb42
bb44

bc76
bc78
bc7a
bc7c

bdae
bdb0
bdb2
bdb4

bee6
bee8
beea
beec

c01e
c020
c022
c024

c156
c158
c15a
c15c

c28e
c290
c292
c294

c3c6
c3c8
c3ca
c3cc

c4fe
c500
c502
c504

c636
c638
c642
c644

c76e
c770
c77a
c77c

c8ae
c8b0
c8b2
c8b4

c9e6
c9e8
c9ea
c9ec

cb1e
cb20
cb22
cb24

cc56
cc58
cc5a
cc5c

cd8e
cd90
cd92
cd94

cec6
cec8
ceca
cecc

cffe
d000
d002
d004

d136
d138
d13a
d13c

d26e
d270
d272
d274

d3a6
d3a8
d3aa
d3ac

d4de
d4e0
d4e2
d4e4

d616
d618
d61a
d61c

d74e
d750
d752
d754

d886
d888
d88a
d88c

d9be
d9c0
d9c2
d9c4

daf6
daf8
db02
db04

dc36
dc38
dc3a
dc3c

dd6e
dd70
dd72
dd74

dea6
dea8
deaa
deac

dfde
dfe0
dfe2
dfe4

e116
e118
e11a
e11c

e24e
e250
e252
e254

e386
e388
e38a
e38c

e4be
e4c0
e4c2
e4c4

e5f6
e5f8
e5fa
e5fc

e72e
e730
e732
e734

e866
e868
e86a
e86c

e99e
e9a0
e9a2
e9a4

ead6
ead8
eada
eadc

ec0e
ec10
ec12
ec14

ed46
ed48
ed4a
ed4c

ee7e
ee80
ee8a
ee8c

efbe
efc0
efc2
efc4

f0f6
f0f8
f0fa
f0fc

f22e
f230
f232
f234

f366
f368
f36a
f36c

f49e
f4a0
f4a2
f4a4

f5d6
f5d8
f5da
f5dc

f70e
f710
f712
f714

f846
f848
f84a
f84c

f97e
f980
f982
f984

fab6
fab8
faba
fabc

fbee
fbf0
fbf2
fbf4

fd26
fd28
fd2a
fd2c

fe5e
fe60
fe62
fe64

ff96
ff98
ff9a
ff9c

00ce
00d0
00d2
00d4

0206
0208
0212
0214

0346
0348
034a
034c

047e
0480
0482
0484

05b6
05b8
05ba
05bc

06ee
06f0
06f2
06f4

0826
0828
082a
082c

095e
0960
0962
0964

0a96
0a98
0a9a
0a9c

0bce
0bd0
0bd2
0bd4

0d06
0d08
0d0a
0d0c

0e3e
0e40
0e42
0e44

0f76
0f78
0f7a
0f7c

10ae
10b0
10b2
10b4

11e6
11e8
11ea
11ec

131e
1320
1322
1324

1456
1458
145a
145c

158e
1590
159a
159c

16c6
16c8
16d2
16d4

1806
1808
180a
180c

193e
1940
1942
1944

1a76
1a78
1a7a
1a7c

1bae
1bb0
1bb2
1bb4

1ce6
1ce8
1cea
1cec

1e1e
1e20
1e22
1e24

1f56
1f58
1f5a
1f5c

208e
2090
2092
2094

21c6
21c8
21ca
21cc

22fe
2300
2302
2304

2436
2438
243a
243c

256e
2570
2572
2574

26a6
26a8
26aa
26ac

27de
27e0
27e2
27e4

2916
2918
291a
291c

2a4e
2a50
2a5a
2a5c

2b8e
2b90
2b92
2b94

2cc6
2cc8
2cca
2ccc

2dfe
2e00
2e02
2e04

2f36
2f38
2f3a
2f3c

306e
3070
3072
3074

31a6
31a8
31aa
31ac

32de
32e0
32e2
32e4

3416
3418
341a
341c

354e
3550
3552
3554

3686
3688
368a
368c

37be
37c0
37c2
37c4

38f6
38f8
38fa
38fc

3a2e
3a30
3a32
3a34

3b66
3b68
3b6a
3b6c

3c9e
3ca0
3ca2
3ca4

3dd6
3dd8
3de2
3de4

3f16
3f18
3f1a
3f1c

404e
4050
4052
4054

4186
4188
418a
418c

42be
42c0
42c2
42c4

43f6
43f8
43fa
43fc

452e
4530
4532
4534

4666
4668
466a
466c

479e
47a0
47a2
47a4

48d6
48d8
48da
48dc

4a0e
4a10
4a12
4a14

4b46
4b48
4b4a
4b4c

4c7e
4c80
4c82
4c84

4db6
4db8
4dba
4dbc

4eee
4ef0
4ef2
4ef4

5026
5028
502a
502c

515e
5160
516a
516c

529e
52a0
52a2
52a4

53d6
53d8
53da
53dc

550e
5510
5512
5514

5646
5648
564a
564c

577e
5780
5782
5784

58b6
58b8
58ba
58bc

59ee
59f0
59f2
59f4

5b26
5b28
5b2a
5b2c

5c5e
5c60
5c62
5c64

5d96
5d98
5d9a
5d9c

5ece
5ed0
5ed2
5ed4

6006
6008
600a
600c

613e
6140
6142
6144

6276
6278
627a
627c

63ae
63b0
63b2
63b4

64e6
64e8
64f2
64f4

6626
6628
662a
662c

675e
6760
6762
6764

6896
6898
689a
689c

69ce
69d0
69d2
69d4

6b06
6b08
6b0a
6b0c

6c3e
6c40
6c42
6c44

6d76
6d78
6d7a
6d7c

6eae
6eb0
6eb2
6eb4

6fe6
6fe8
6fea
6fec

711e
7120
7122
7124

7256
7258
725a
725c

738e
7390
7392
7394

74c6
74c8
74ca
74cc

75fe
7600
7602
7604

7736
7738
773a
773c

786e
7870
787a
787c

79ae
79b0
79b2
79b4

7ae6
7ae8
7aea
7aec

7c1e
7c20
7c22
7c24

7d56
7d58
7d5a
7d5c

7e8e
7e90
7e92
7e94

7fc6
7fc8
7fca
7fcc

80fe
8100
8102
8104

8236
8238
823a
823c

836e
8370
8372
8374

84a6
84a8
84aa
84ac

85de
85e0
85e2
85e4

8716
8718
871a
871c

884e
8850
8852
8854

8986
8988
898a
898c

8abe
8ac0
8ac2
8ac4

8bf6
8bf8
8c02
8c04

8d2e
8d30
8d3a
8d3c

8e6e
8e70
8e72
8e74

8fa6
8fa8
8faa
8fac

90de
90e0
90e2
90e4

9216
9218
921a
921c

934e
9350
9352
9354

9486
9488
948a
948c

95be
95c0
95c2
95c4

96f6
96f8
96fa
96fc

982e
9830
9832
9834

9966
9968
996a
996c

9a9e
9aa0
9aa2
9aa4

9bd6
9bd8
9bda
9bdc

9d0e
9d10
9d12
9d14

9e46
9e48
9e4a
9e4c

9f7e
9f80
9f8a
9f8c

a0b6
a0b8
a0c2
a0c4

a1f6
a1f8
a1fa
a1fc

a32e
a330
a332
a334

a466
a468
a46a
a46c

a59e
a5a0
a5a2
a5a4

a6d6
a6d8
a6da
a6dc

a80e
a810
a812
a814

a946
a948
a94a
a94c

aa7e
aa80
aa82
aa84

abb6
abb8
abba
abbc

acee
acf0
acf2
acf4

ae26
ae28
ae2a
ae2c

af5e
af60
af62
af64

b096
b098
b09a
b09c

b1ce
b1d0
b1d2
b1d4

b306
b308
b30a
b30c

b43e
b440
b44a
b44c

b57e
b580
b582
b584

b6b6
b6b8
b6ba
b6bc

b7ee
b7f0
b7f2
b7f4

b926
b928
b92a
b92c

ba5e
ba60
ba62
ba64

bb96
bb98
bb9a
bb9c

bcce
bcd0
bcd2
bcd4

be06
be08
be0a
be0c

bf3e
bf40
bf42
bf44

c076
c078
c07a
c07c

c1ae
c1b0
c1b2
c1b4

c2e6
c2e8
c2ea
c2ec

c41e
c420
c422
c424

c556
c558
c55a
c55c

c68e
c690
c692
c694

c7c6
c7c8
c7d2
c7d4

c906
c908
c90a
c90c

ca3e
ca40
ca42
ca44

cb76
cb78
cb7a
cb7c

ccae
ccb0
ccb2
ccb4

cde6
cde8
cdea
cdec

cf1e
cf20
cf22
cf24

d056
d058
d05a
d05c

d18e
d190
d192
d194

d2c6
d2c8
d2ca
d2cc

d3fe
d400
d402
d404

d536
d538
d53a
d53c

d66e
d670
d672
d674

d7a6
d7a8
d7aa
d7ac

d8de
d8e0
d8e2
d8e4

da16
da18
da1a
da1c

db4e
db50
db5a
db5c

dc8e
dc90
dc92
dc94

ddc6
ddc8
ddca
ddcc

defe
df00
df02
df04

e036
e038
e03a
e03c

e16e
e170
e172
e174

e2a6
e2a8
e2aa
e2ac

e3de
e3e0
e3e2
e3e4

e516
e518
e51a
e51c

e64e
e650
e652
e654

e786
e788
e78a
e78c

e8be
e8c0
e8c2
e8c4

e9f6
e9f8
e9fa
e9fc

eb2e
eb30
eb32
eb34

ec66
ec68
ec6a
ec6c

ed9e
eda0
eda2
eda4

eed6
eed8
eee2
eee4

f00e
f010
f01a
f01c

f14e
f150
f152
f154

f286
f288
f28a
f28c

f3be
f3c0
f3c2
f3c4

f4f6
f4f8
f4fa
f4fc

f62e
f630
f632
f634

f766
f768
f76a
f76c

f89e
f8a0
f8a2
f8a4

f9d6
f9d8
f9da
f9dc

fb0e
fb10
fb12
fb14

fc46
fc48
fc4a
fc4c

fd7e
fd80
fd82
fd84

feb6
feb8
feba
febc

ffee
fff0
fff2
fff4

0126
0128
012a
012c

025e
0260
026a
026c

0396
0398
03a2
03a4

04d6
04d8
04da
04dc

060e
0610
0612
0614

0746
0748
074a
074c

087e
0880
0882
0884

09b6
09b8
09ba
09bc

0aee
0af0
0af2
0af4

0c26
0c28
0c2a
0c2c

0d5e
0d60
0d62
0d64

0e96
0e98
0e9a
0e9c

0fce
0fd0
0fd2
0fd4

1106
1108
110a
110c

123e
1240
1242
1244

1376
1378
137a
137c

14ae
14b0
14b2
14b4

15e6
15e8
15f2
15f4

171e
1720
172a
172c

185e
1860
1862
1864

1996
1998
199a
199c

1ace
1ad0
1ad2
1ad4

1c06
1c08
1c0a
1c0c

1d3e
1d40
1d42
1d44

1e76
1e78
1e7a
1e7c

1fae
1fb0
1fb2
1fb4

20e6
20e8
20ea
20ec

221e
2220
2222
2224

2356
2358
235a
235c

248e
2490
2492
2494

25c6
25c8
25ca
25cc

26fe
2700
2702
2704

2836
2838
283a
283c

296e
2970
2972
2974

2aa6
2aa8
2ab2
2ab4

2be6
2be8
2bea
2bec

2d1e
2d20
2d22
2d24

2e56
2e58
2e5a
2e5c

2f8e
2f90
2f92
2f94

30c6
30c8
30ca
30cc

31fe
3200
3202
3204

3336
3338
333a
333c

346e
3470
3472
3474

35a6
35a8
35aa
35ac

36de
36e0
36e2
36e4

3816
3818
381a
381c

394e
3950
3952
3954

3a86
3a88
3a8a
3a8c

3bbe
3bc0
3bc2
3bc4

3cf6
3cf8
3cfa
3cfc

3e2e
3e30
3e3a
3e3c

3f6e
3f70
3f72
3f74

40a6
40a8
40aa
40ac

41de
41e0
41e2
41e4

4316
4318
431a
431c

444e
4450
4452
4454

4586
4588
458a
458c

46be
46c0
46c2
46c4

47f6
47f8
47fa
47fc

492e
4930
4932
4934

4a66
4a68
4a6a
4a6c

4b9e
4ba0
4ba2
4ba4

4cd6
4cd8
4cda
4cdc

4e0e
4e10
4e12
4e14

4f46
4f48
4f4a
4f4c

507e
5080
5082
5084

51b6
51b8
51c2
51c4

52f6
52f8
52fa
52fc

542e
5430
5432
5434

5566
5568
556a
556c

569e
56a0
56a2
56a4

57d6
57d8
57da
57dc

590e
5910
5912
5914

5a46
5a48
5a4a
5a4c

5b7e
5b80
5b82
5b84

5cb6
5cb8
5cba
5cbc

5dee
5df0
5df2
5df4

5f26
5f28
5f2a
5f2c

605e
6060
6062
6064

6196
6198
619a
619c

62ce
62d0
62d2
62d4

6406
6408
640a
640c

653e
6540
654a
654c

6676
6678
6682
6684

67b6
67b8
67ba
67bc

68ee
68f0
68f2
68f4

6a26
6a28
6a2a
6a2c

6b5e
6b60
6b62
6b64

6c96
6c98
6c9a
6c9c

6dce
6dd0
6dd2
6dd4

6f06
6f08
6f0a
6f0c

703e
7040
7042
7044

7176
7178
717a
717c

72ae
72b0
72b2
72b4

73e6
73e8
73ea
73ec

751e
7520
7522
7524

7656
7658
765a
765c

778e
7790
7792
7794

78c6
78c8
78ca
78cc

79fe
7a00
7a0a
7a0c

7b3e
7b40
7b42
7b44

7c76
7c78
7c7a
7c7c

7dae
7db0
7db2
7db4

7ee6
7ee8
7eea
7eec

801e
8020
8022
8024

8156
8158
815a
815c

828e
8290
8292
8294

83c6
83c8
83ca
83cc

84fe
8500
8502
8504

8636
8638
863a
863c

876e
8770
8772
8774

88a6
88a8
88aa
88ac

89de
89e0
89e2
89e4

8b16
8b18
8b1a
8b1c

8c4e
8c50
8c52
8c54

8d86
8d88
8d92
8d94

8ec6
8ec8
8eca
8ecc

8ffe
9000
9002
9004

9136
9138
913a
913c

926e
9270
9272
9274

93a6
93a8
93aa
93ac

94de
94e0
94e2
94e4

9616
9618
961a
961c

974e
9750
9752
9754

9886
9888
988a
988c

99be
99c0
99c2
99c4

9af6
9af8
9afa
9afc

9c2e
9c30
9c32
9c34

9d66
9d68
9d6a
9d6c

9e9e
9ea0
9ea2
9ea4

9fd6
9fd8
9fda
9fdc

a10e
a110
a11a
a11c

a24e
a250
a252
a254

a386
a388
a38a
a38c

a4be
a4c0
a4c2
a4c4

a5f6
a5f8
a5fa
a5fc

a72e
a730
a732
a734

a866
a868
a86a
a86c

a99e
a9a0
a9a2
a9a4

aad6
aad8
aada
aadc

ac0e
ac10
ac12
ac14

ad46
ad48
ad4a
ad4c

ae7e
ae80
ae82
ae84

afb6
afb8
afba
afbc

b0ee
b0f0
b0f2
b0f4

b226
b228
b22a
b22c

b35e
b360
b362
b364

b496
b498
b4a2
b4a4

b5d6
b5d8
b5da
b5dc

b70e
b710
b712
b714

b846
b848
b84a
b84c

b97e
b980
b982
b984

bab6
bab8
baba
babc

bbee
bbf0
bbf2
bbf4

bd26
bd28
bd2a
bd2c

be5e
be60
be62
be64

bf96
bf98
bf9a
bf9c

c0ce
c0d0
c0d2
c0d4

c206
c208
c20a
c20c

c33e
c340
c342
c344

c476
c478
c47a
c47c

c5ae
c5b0
c5b2
c5b4

c6e6
c6e8
c6ea
c6ec

c81e
c820
c82a
c82c

c95e
c960
c962
c964

ca96
ca98
ca9a
ca9c

cbce
cbd0
cbd2
cbd4

cd06
cd08
cd0a
cd0c

ce3e
ce40
ce42
ce44

cf76
cf78
cf7a
cf7c

d0ae
d0b0
d0b2
d0b4

d1e6
d1e8
d1ea
d1ec

d31e
d320
d322
d324

d456
d458
d45a
d45c

d58e
d590
d592
d594

d6c6
d6c8
d6ca
d6cc

d7fe
d800
d802
d804

d936
d938
d93a
d93c

da6e
da70
da72
da74

dba6
dba8
dbb2
dbb4

dcde
dce0
dcea
dcec

de1e
de20
de22
de24

df56
df58
df5a
df5c

e08e
e090
e092
e094

e1c6
e1c8
e1ca
e1cc

e2fe
e300
e302
e304

e436
e438
e43a
e43c

e56e
e570
e572
e574

e6a6
e6a8
e6aa
e6ac

e7de
e7e0
e7e2
e7e4

e916
e918
e91a
e91c

ea4e
ea50
ea52
ea54

eb86
eb88
eb8a
eb8c

ecbe
ecc0
ecc2
ecc4

edf6
edf8
edfa
edfc

ef2e
ef30
ef3a
ef3c

f066
f068
f072
f074

f1a6
f1a8
f1aa
f1ac

f2de
f2e0
f2e2
f2e4

f416
f418
f41a
f41c

f54e
f550
f552
f554

f686
f688
f68a
f68c

f7be
f7c0
f7c2
f7c4

f8f6
f8f8
f8fa
f8fc

fa2e
fa30
fa32
fa34

fb66
fb68
fb6a
fb6c

fc9e
fca0
fca2
fca4

fdd6
fdd8
fdda
fddc

ff0e
ff10
ff12
ff14

0046
0048
004a
004c

017e
0180
0182
0184

02b6
02b8
02ba
02bc

03ee
03f0
03fa
03fc

052e
0530
0532
0534

0666
0668
066a
066c

079e
07a0
07a2
07a4

08d6
08d8
08da
08dc

0a0e
0a10
0a12
0a14

0b46
0b48
0b4a
0b4c

0c7e
0c80
0c82
0c84

0db6
0db8
0dba
0dbc

0eee
0ef0
0ef2
0ef4

1026
1028
102a
102c

115e
1160
1162
1164

1296
1298
129a
129c

13ce
13d0
13d2
13d4

1506
1508
150a
150c

163e
1640
1642
1644

1776
1778
1782
1784

18b6
18b8
18ba
18bc

19ee
19f0
19f2
19f4

1b26
1b28
1b2a
1b2c

1c5e
1c60
1c62
1c64

1d96
1d98
1d9a
1d9c

1ece
1ed0
1ed2
1ed4

2006
2008
200a
200c

213e
2140
2142
2144

2276
2278
227a
227c

23ae
23b0
23b2
23b4

24e6
24e8
24ea
24ec

261e
2620
2622
2624

2756
2758
275a
275c

288e
2890
2892
2894

29c6
29c8
29ca
29cc

2afe
2b00
2b0a
2b0c

2c3e
2c40
2c42
2c44

2d76
2d78
2d7a
2d7c

2eae
2eb0
2eb2
2eb4

2fe6
2fe8
2fea
2fec

311e
3120
3122
3124

3256
3258
325a
325c

338e
3390
3392
3394

34c6
34c8
34ca
34cc

35fe
3600
3602
3604

3736
3738
373a
373c

386e
3870
3872
3874

39a6
39a8
39aa
39ac

3ade
3ae0
3ae2
3ae4

3c16
3c18
3c1a
3c1c

3d4e
3d50
3d52
3d54

3e86
3e88
3e92
3e94

3fbe
3fc0
3fca
3fcc

40fe
4100
4102
4104

4236
4238
423a
423c

436e
4370
4372
4374

44a6
44a8
44aa
44ac

45de
45e0
45e2
45e4

4716
4718
471a
471c

484e
4850
4852
4854

4986
4988
498a
498c

4abe
4ac0
4ac2
4ac4

4bf6
4bf8
4bfa
4bfc

4d2e
4d30
4d32
4d34

4e66
4e68
4e6a
4e6c

4f9e
4fa0
4fa2
4fa4

50d6
50d8
50da
50dc

520e
5210
5212
5214

5346
5348
5352
5354

5486
5488
548a
548c

55be
55c0
55c2
55c4

56f6
56f8
56fa
56fc

582e
5830
5832
5834

5966
5968
596a
596c

5a9e
5aa0
5aa2
5aa4

5bd6
5bd8
5bda
5bdc

5d0e
5d10
5d12
5d14

5e46
5e48
5e4a
5e4c

5f7e
5f80
5f82
5f84

60b6
60b8
60ba
60bc

61ee
61f0
61f2
61f4

6326
6328
632a
632c

645e
6460
6462
6464

6596
6598
659a
659c

66ce
66d0
66da
66dc

680e
6810
6812
6814

6946
6948
694a
694c

6a7e
6a80
6a82
6a84

6bb6
6bb8
6bba
6bbc

6cee
6cf0
6cf2
6cf4

6e26
6e28
6e2a
6e2c

6f5e
6f60
6f62
6f64

7096
7098
709a
709c

71ce
71d0
71d2
71d4

7306
7308
730a
730c

743e
7440
7442
7444

7576
7578
757a
757c

76ae
76b0
76b2
76b4

77e6
77e8
77ea
77ec

791e
7920
7922
7924

7a56
7a58
7a62
7a64

7b96
7b98
7b9a
7b9c

7cce
7cd0
7cd2
7cd4

7e06
7e08
7e0a
7e0c

7f3e
7f40
7f42
7f44

8076
8078
807a
807c

81ae
81b0
81b2
81b4

82e6
82e8
82ea
82ec

841e
8420
8422
8424

8556
8558
855a
855c

868e
8690
8692
8694

87c6
87c8
87ca
87cc

88fe
8900
8902
8904

8a36
8a38
8a3a
8a3c

8b6e
8b70
8b72
8b74

8ca6
8ca8
8caa
8cac

8dde
8de0
8dea
8dec

8f1e
8f20
8f22
8f24

9056
9058
905a
905c

918e
9190
9192
9194

92c6
92c8
92ca
92cc

93fe
9400
9402
9404

9536
9538
953a
953c

966e
9670
9672
9674

97a6
97a8
97aa
97ac

98de
98e0
98e2
98e4

9a16
9a18
9a1a
9a1c

9b4e
9b50
9b52
9b54

9c86
9c88
9c8a
9c8c

9dbe
9dc0
9dc2
9dc4

9ef6
9ef8
9efa
9efc

a02e
a030
a032
a034

a166
a168
a172
a174

a29e
a2a0
a2aa
a2ac

a3de
a3e0
a3e2
a3e4

a516
a518
a51a
a51c

a64e
a650
a652
a654

a786
a788
a78a
a78c

a8be
a8c0
a8c2
a8c4

a9f6
a9f8
a9fa
a9fc

ab2e
ab30
ab32
ab34

ac66
ac68
ac6a
ac6c

ad9e
ada0
ada2
ada4

aed6
aed8
aeda
aedc

b00e
b010
b012
b014

b146
b148
b14a
b14c

b27e
b280
b282
b284

b3b6
b3b8
b3ba
b3bc

b4ee
b4f0
b4f2
b4f4

b626
b628
b632
b634

b766
b768
b76a
b76c

b89e
b8a0
b8a2
b8a4

b9d6
b9d8
b9da
b9dc

bb0e
bb10
bb12
bb14

bc46
bc48
bc4a
bc4c

bd7e
bd80
bd82
bd84

beb6
beb8
beba
bebc

bfee
bff0
bff2
bff4

c126
c128
c12a
c12c

c25e
c260
c262
c264

c396
c398
c39a
c39c

c4ce
c4d0
c4d2
c4d4

c606
c608
c60a
c60c

c73e
c740
c742
c744

c876
c878
c87a
c87c

c9ae
c9b0
c9ba
c9bc

caee
caf0
caf2
caf4

cc26
cc28
cc2a
cc2c

cd5e
cd60
cd62
cd64

ce96
ce98
ce9a
ce9c

cfce
cfd0
cfd2
cfd4

d106
d108
d10a
d10c

d23e
d240
d242
d244

d376
d378
d37a
d37c

d4ae
d4b0
d4b2
d4b4

d5e6
d5e8
d5ea
d5ec

d71e
d720
d722
d724

d856
d858
d85a
d85c

d98e
d990
d992
d994

dac6
dac8
daca
dacc

dbfe
dc00
dc02
dc04

dd36
dd38
dd42
dd44

de76
de78
de7a
de7c

dfae
dfb0
dfb2
dfb4

e0e6
e0e8
e0ea
e0ec

e21e
e220
e222
e224

e356
e358
e35a
e35c

e48e
e490
e492
e494

e5c6
e5c8
e5ca
e5cc

e6fe
e700
e702
e704

e836
e838
e83a
e83c

e96e
e970
e972
e974

eaa6
eaa8
eaaa
eaac

ebde
ebe0
ebe2
ebe4

ed16
ed18
ed1a
ed1c

ee4e
ee50
ee52
ee54

ef86
ef88
ef8a
ef8c

f0be
f0c0
f0ca
f0cc

f1fe
f200
f202
f204

f336
f338
f33a
f33c

f46e
f470
f472
f474

f5a6
f5a8
f5aa
f5ac

f6de
f6e0
f6e2
f6e4

f816
f818
f81a
f81c

f94e
f950
f952
f954

fa86
fa88
fa8a
fa8c

fbbe
fbc0
fbc2
fbc4

fcf6
fcf8
fcfa
fcfc

fe2e
fe30
fe32
fe34

ff66
ff68
ff6a
ff6c

009e
00a0
00a2
00a4

01d6
01d8
01da
01dc

030e
0310
0312
0314

0446
0448
0452
0454

0586
0588
058a
058c

06be
06c0
06c2
06c4

07f6
07f8
07fa
07fc

092e
0930
0932
0934

0a66
0a68
0a6a
0a6c

0b9e
0ba0
0ba2
0ba4

0cd6
0cd8
0cda
0cdc

0e0e
0e10
0e12
0e14

0f46
0f48
0f4a
0f4c

107e
1080
1082
1084

11b6
11b8
11ba
11bc

12ee
12f0
12f2
12f4

1426
1428
142a
142c

155e
1560
1562
1564

1696
1698
169a
169c

17ce
17d0
17da
17dc

190e
1910
1912
1914

1a46
1a48
1a4a
1a4c

1b7e
1b80
1b82
1b84

1cb6
1cb8
1cba
1cbc

1dee
1df0
1df2
1df4

1f26
1f28
1f2a
1f2c

205e
2060
2062
2064

2196
2198
219a
219c

22ce
22d0
22d2
22d4

2406
2408
240a
240c

253e
2540
2542
2544

2676
2678
267a
267c

27ae
27b0
27b2
27b4

28e6
28e8
28ea
28ec

2a1e
2a20
2a22
2a24

2b56
2b58
2b62
2b64

2c8e
2c90
2c9a
2c9c

2dce
2dd0
2dd2
2dd4

2f06
2f08
2f0a
2f0c

303e
3040
3042
3044

3176
3178
317a
317c

32ae
32b0
32b2
32b4

33e6
33e8
33ea
33ec

351e
3520
3522
3524

3656
3658
365a
365c

378e
3790
3792
3794

38c6
38c8
38ca
38cc

39fe
3a00
3a02
3a04

3b36
3b38
3b3a
3b3c

3c6e
3c70
3c72
3c74

3da6
3da8
3daa
3dac

3ede
3ee0
3ee2
3ee4

4016
4018
4022
4024

4156
4158
415a
415c

428e
4290
4292
4294

43c6
43c8
43ca
43cc

44fe
4500
4502
4504

4636
4638
463a
463c

476e
4770
4772
4774

48a6
48a8
48aa
48ac

49de
49e0
49e2
49e4

4b16
4b18
4b1a
4b1c

4c4e
4c50
4c52
4c54

4d86
4d88
4d8a
4d8c

4ebe
4ec0
4ec2
4ec4

4ff6
4ff8
4ffa
4ffc

512e
5130
5132
5134

5266
5268
526a
526c

539e
53a0
53aa
53ac

54de
54e0
54e2
54e4

5616
5618
561a
561c

574e
5750
5752
5754

5886
5888
588a
588c

59be
59c0
59c2
59c4

5af6
5af8
5afa
5afc

5c2e
5c30
5c32
5c34

5d66
5d68
5d6a
5d6c

5e9e
5ea0
5ea2
5ea4

5fd6
5fd8
5fda
5fdc

610e
6110
6112
6114

6246
6248
624a
624c

637e
6380
6382
6384

64b6
64b8
64ba
64bc

65ee
65f0
65f2
65f4

6726
6728
6732
6734

6866
6868
686a
686c

699e
69a0
69a2
69a4

6ad6
6ad8
6ada
6adc

6c0e
6c10
6c12
6c14

6d46
6d48
6d4a
6d4c

6e7e
6e80
6e82
6e84

6fb6
6fb8
6fba
6fbc

70ee
70f0
70f2
70f4

7226
7228
722a
722c

735e
7360
7362
7364

7496
7498
749a
749c

75ce
75d0
75d2
75d4

7706
7708
770a
770c

783e
7840
7842
7844

7976
7978
797a
797c

7aae
7ab0
7aba
7abc

7bee
7bf0
7bf2
7bf4

7d26
7d28
7d2a
7d2c

7e5e
7e60
7e62
7e64

7f96
7f98
7f9a
7f9c

80ce
80d0
80d2
80d4

8206
8208
820a
820c

833e
8340
8342
8344

8476
8478
847a
847c

85ae
85b0
85b2
85b4

86e6
86e8
86ea
86ec

881e
8820
8822
8824

8956
8958
895a
895c

8a8e
8a90
8a92
8a94

8bc6
8bc8
8bca
8bcc

8cfe
8d00
8d02
8d04

8e36
8e38
8e42
8e44

8f6e
8f70
8f7a
8f7c

90ae
90b0
90b2
90b4

91e6
91e8
91ea
91ec

931e
9320
9322
9324

9456
9458
945a
945c

958e
9590
9592
9594

96c6
96c8
96ca
96cc

97fe
9800
9802
9804

9936
9938
993a
993c

9a6e
9a70
9a72
9a74

9ba6
9ba8
9baa
9bac

9cde
9ce0
9ce2
9ce4

9e16
9e18
9e1a
9e1c

9f4e
9f50
9f52
9f54

a086
a088
a08a
a08c

a1be
a1c0
a1c2
a1c4

a2f6
a2f8
a302
a304

a436
a438
a43a
a43c

a56e
a570
a572
a574

a6a6
a6a8
a6aa
a6ac

a7de
a7e0
a7e2
a7e4

a916
a918
a91a
a91c

aa4e
aa50
aa52
aa54

ab86
ab88
ab8a
ab8c

acbe
acc0
acc2
acc4

adf6
adf8
adfa
adfc

af2e
af30
af32
af34

b066
b068
b06a
b06c

b19e
b1a0
b1a2
b1a4

b2d6
b2d8
b2da
b2dc

b40e
b410
b412
b414

b546
b548
b54a
b54c

b67e
b680
b68a
b68c

b7be
b7c0
b7c2
b7c4

b8f6
b8f8
b8fa
b8fc

ba2e
ba30
ba32
ba34

bb66
bb68
bb6a
bb6c

bc9e
bca0
bca2
bca4

bdd6
bdd8
bdda
bddc

bf0e
bf10
bf12
bf14

c046
c048
c04a
c04c

c17e
c180
c182
c184

c2b6
c2b8
c2ba
c2bc

c3ee
c3f0
c3f2
c3f4

c526
c528
c52a
c52c

c65e
c660
c662
c664

c796
c798
c79a
c79c

c8ce
c8d0
c8d2
c8d4

ca06
ca08
ca12
ca14

cb46
cb48
cb4a
cb4c

cc7e
cc80
cc82
cc84

cdb6
cdb8
cdba
cdbc

ceee
cef0
cef2
cef4

d026
d028
d02a
d02c

d15e
d160
d162
d164

d296
d298
d29a
d29c

d3ce
d3d0
d3d2
d3d4

d506
d508
d50a
d50c

d63e
d640
d642
d644

d776
d778
d77a
d77c

d8ae
d8b0
d8b2
d8b4

d9e6
d9e8
d9ea
d9ec

db1e
db20
db22
db24

dc56
dc58
dc5a
dc5c

dd8e
dd90
dd9a
dd9c

dece
ded0
ded2
ded4

e006
e008
e00a
e00c

e13e
e140
e142
e144

e276
e278
e27a
e27c

e3ae
e3b0
e3b2
e3b4

e4e6
e4e8
e4ea
e4ec

e61e
e620
e622
e624

e756
e758
e75a
e75c

e88e
e890
e892
e894

e9c6
e9c8
e9ca
e9cc

eafe
eb00
eb02
eb04

ec36
ec38
ec3a
ec3c

ed6e
ed70
ed72
ed74

eea6
eea8
eeaa
eeac

efde
efe0
efe2
efe4

f116
f118
f122
f124

f256
f258
f25a
f25c

f38e
f390
f392
f394

f4c6
f4c8
f4ca
f4cc

f5fe
f600
f602
f604

f736
f738
f73a
f73c

f86e
f870
f872
f874

f9a6
f9a8
f9aa
f9ac

fade
fae0
fae2
fae4

fc16
fc18
fc1a
fc1c

fd4e
fd50
fd52
fd54

fe86
fe88
fe8a
fe8c

ffbe
ffc0
ffc2
ffc4

00f6
00f8
00fa
00fc

022e
0230
0232
0234

0366
0368
036a
036c

049e
04a0
04a2
04a4

05d6
05d8
05e2
05e4

0716
0718
071a
071c

084e
0850
0852
0854

0986
0988
098a
098c

0abe
0ac0
0ac2
0ac4

0bf6
0bf8
0bfa
0bfc

0d2e
0d30
0d32
0d34

0e66
0e68
0e6a
0e6c

0f9e
0fa0
0fa2
0fa4

10d6
10d8
10da
10dc

120e
1210
1212
1214

1346
1348
134a
134c

147e
1480
1482
1484

15b6
15b8
15ba
15bc

16ee
16f0
16f2
16f4

1826
1828
182a
182c

195e
1960
196a
196c

1a9e
1aa0
1aa2
1aa4

1bd6
1bd8
1bda
1bdc

1d0e
1d10
1d12
1d14

1e46
1e48
1e4a
1e4c

1f7e
1f80
1f82
1f84

20b6
20b8
20ba
20bc

21ee
21f0
21f2
21f4

2326
2328
232a
232c

245e
2460
2462
2464

2596
2598
259a
259c

26ce
26d0
26d2
26d4

2806
2808
280a
280c

293e
2940
2942
2944

2a76
2a78
2a7a
2a7c

2bae
2bb0
2bb2
2bb4

2ce6
2ce8
2cf2
2cf4

2e26
2e28
2e2a
2e2c

2f5e
2f60
2f62
2f64

3096
3098
309a
309c

31ce
31d0
31d2
31d4

3306
3308
330a
330c

343e
3440
3442
3444

3576
3578
357a
357c

36ae
36b0
36b2
36b4

37e6
37e8
37ea
37ec

391e
3920
3922
3924

3a56
3a58
3a5a
3a5c

3b8e
3b90
3b92
3b94

3cc6
3cc8
3cca
3ccc

3dfe
3e00
3e02
3e04

3f36
3f38
3f3a
3f3c

406e
4070
407a
407c

41ae
41b0
41b2
41b4

42e6
42e8
42ea
42ec

441e
4420
4422
4424

4556
4558
455a
455c

468e
4690
4692
4694

47c6
47c8
47ca
47cc

48fe
4900
4902
4904

4a36
4a38
4a3a
4a3c

4b6e
4b70
4b72
4b74

4ca6
4ca8
4caa
4cac

4dde
4de0
4de2
4de4

4f16
4f18
4f1a
4f1c

504e
5050
5052
5054

5186
5188
518a
518c

52be
52c0
52c2
52c4

53f6
53f8
5402
5404

552e
5530
553a
553c

566e
5670
5672
5674

57a6
57a8
57aa
57ac

58de
58e0
58e2
58e4

5a16
5a18
5a1a
5a1c

5b4e
5b50
5b52
5b54

5c86
5c88
5c8a
5c8c

5dbe
5dc0
5dc2
5dc4

5ef6
5ef8
5efa
5efc

602e
6030
6032
6034

6166
6168
616a
616c

629e
62a0
62a2
62a4

63d6
63d8
63da
63dc

650e
6510
6512
6514

6646
6648
664a
664c

677e
6780
678a
678c

68b6
68b8
68c2
68c4

69f6
69f8
69fa
69fc

6b2e
6b30
6b32
6b34

6c66
6c68
6c6a
6c6c

6d9e
6da0
6da2
6da4

6ed6
6ed8
6eda
6edc

700e
7010
7012
7014

7146
7148
714a
714c

727e
7280
7282
7284

73b6
73b8
73ba
73bc

74ee
74f0
74f2
74f4

7626
7628
762a
762c

775e
7760
7762
7764

7896
7898
789a
789c

79ce
79d0
79d2
79d4

7b06
7b08
7b0a
7b0c

7c3e
7c40
7c4a
7c4c

7d7e
7d80
7d82
7d84

7eb6
7eb8
7eba
7ebc

7fee
7ff0
7ff2
7ff4

8126
8128
812a
812c

825e
8260
8262
8264

8396
8398
839a
839c

84ce
84d0
84d2
84d4

8606
8608
860a
860c

873e
8740
8742
8744

8876
8878
887a
887c

89ae
89b0
89b2
89b4

8ae6
8ae8
8aea
8aec

8c1e
8c20
8c22
8c24

8d56
8d58
8d5a
8d5c

8e8e
8e90
8e92
8e94

8fc6
8fc8
8fd2
8fd4

9106
9108
910a
910c

923e
9240
9242
9244

9376
9378
937a
937c

94ae
94b0
94b2
94b4

95e6
95e8
95ea
95ec

971e
9720
9722
9724

9856
9858
985a
985c

998e
9990
9992
9994

9ac6
9ac8
9aca
9acc

9bfe
9c00
9c02
9c04

9d36
9d38
9d3a
9d3c

9e6e
9e70
9e72
9e74

9fa6
9fa8
9faa
9fac

a0de
a0e0
a0e2
a0e4

a216
a218
a21a
a21c

a34e
a350
a35a
a35c

a48e
a490
a492
a494

a5c6
a5c8
a5ca
a5cc

a6fe
a700
a702
a704

a836
a838
a83a
a83c

a96e
a970
a972
a974

aaa6
aaa8
aaaa
aaac

abde
abe0
abe2
abe4

ad16
ad18
ad1a
ad1c

ae4e
ae50
ae52
ae54

af86
af88
af8a
af8c

b0be
b0c0
b0c2
b0c4

b1f6
b1f8
b1fa
b1fc

b32e
b330
b332
b334

b466
b468
b46a
b46c

b59e
b5a0
b5a2
b5a4

b6d6
b6d8
b6e2
b6e4

b816
b818
b81a
b81c

b94e
b950
b952
b954

ba86
ba88
ba8a
ba8c

bbbe
bbc0
bbc2
bbc4

bcf6
bcf8
bcfa
bcfc

be2e
be30
be32
be34

bf66
bf68
bf6a
bf6c

c09e
c0a0
c0a2
c0a4

c1d6
c1d8
c1da
c1dc

c30e
c310
c312
c314

c446
c448
c44a
c44c

c57e
c580
c582
c584

c6b6
c6b8
c6ba
c6bc

c7ee
c7f0
c7f2
c7f4

c926
c928
c92a
c92c

ca5e
ca60
ca6a
ca6c

cb9e
cba0
cba2
cba4

ccd6
ccd8
ccda
ccdc

ce0e
ce10
ce12
ce14

cf46
cf48
cf4a
cf4c

d07e
d080
d082
d084

d1b6
d1b8
d1ba
d1bc

d2ee
d2f0
d2f2
d2f4

d426
d428
d42a
d42c

d55e
d560
d562
d564

d696
d698
d69a
d69c

d7ce
d7d0
d7d2
d7d4

d906
d908
d90a
d90c

da3e
da40
da42
da44

db76
db78
db7a
db7c

dcae
dcb0
dcb2
dcb4

dde6
dde8
ddea
ddec

df1e
df20
df2a
df2c

e05e
e060
e062
e064

e196
e198
e19a
e19c

e2ce
e2d0
e2d2
e2d4

e406
e408
e40a
e40c

e53e
e540
e542
e544

e676
e678
e67a
e67c

e7ae
e7b0
e7b2
e7b4

e8e6
e8e8
e8ea
e8ec

ea1e
ea20
ea22
ea24

eb56
eb58
eb5a
eb5c

ec8e
ec90
ec92
ec94

edc6
edc8
edca
edcc

eefe
ef00
ef02
ef04

f036
f038
f03a
f03c

f16e
f170
f172
f174

f2a6
f2a8
f2b2
f2b4

f3e6
f3e8
f3ea
f3ec

f51e
f520
f522
f524

f656
f658
f65a
f65c

f78e
f790
f792
f794

f8c6
f8c8
f8ca
f8cc

f9fe
fa00
fa02
fa04

fb36
fb38
fb3a
fb3c

fc6e
fc70
fc72
fc74

fda6
fda8
fdaa
fdac

fede
fee0
fee2
fee4

0016
0018
001a
001c

014e
0150
0152
0154

0286
0288
028a
028c

03be
03c0
03c2
03c4

04f6
04f8
04fa
04fc

062e
0630
063a
063c

076e
0770
0772
0774

08a6
08a8
08aa
08ac

09de
09e0
09e2
09e4

0b16
0b18
0b1a
0b1c

0c4e
0c50
0c52
0c54

0d86
0d88
0d8a
0d8c

0ebe
0ec0
0ec2
0ec4

0ff6
0ff8
0ffa
0ffc

112e
1130
1132
1134

1266
1268
126a
126c

139e
13a0
13a2
13a4

14d6
14d8
14da
14dc

160e
1610
1612
1614

1746
1748
174a
174c

187e
1880
1882
1884

19b6
19b8
19c2
19c4

1af6
1af8
1afa
1afc

1c2e
1c30
1c32
1c34

1d66
1d68
1d6a
1d6c

1e9e
1ea0
1ea2
1ea4

1fd6
1fd8
1fda
1fdc

210e
2110
2112
2114

2246
2248
224a
224c

237e
2380
2382
2384

24b6
24b8
24ba
24bc

25ee
25f0
25f2
25f4

2726
2728
272a
272c

285e
2860
2862
2864

2996
2998
299a
299c

2ace
2ad0
2ad2
2ad4

2c06
2c08
2c0a
2c0c

2d3e
2d40
2d4a
2d4c

2e7e
2e80
2e82
2e84

2fb6
2fb8
2fba
2fbc

30ee
30f0
30f2
30f4

3226
3228
322a
322c

335e
3360
3362
3364

3496
3498
349a
349c

35ce
35d0
35d2
35d4

3706
3708
370a
370c

383e
3840
3842
3844

3976
3978
397a
397c

3aae
3ab0
3ab2
3ab4

3be6
3be8
3bea
3bec

3d1e
3d20
3d22
3d24

3e56
3e58
3e5a
3e5c

3f8e
3f90
3f92
3f94

40c6
40c8
40d2
40d4

4206
4208
420a
420c

433e
4340
4342
4344

4476
4478
447a
447c

45ae
45b0
45b2
45b4

46e6
46e8
46ea
46ec

481e
4820
4822
4824

4956
4958
495a
495c

4a8e
4a90
4a92
4a94

4bc6
4bc8
4bca
4bcc

4cfe
4d00
4d02
4d04

4e36
4e38
4e3a
4e3c

4f6e
4f70
4f72
4f74

50a6
50a8
50aa
50ac

51de
51e0
51e2
51e4

5316
5318
531a
531c

544e
5450
5452
5454

5586
5588
5592
5594

56c6
56c8
56ca
56cc

57fe
5800
5802
5804

5936
5938
593a
593c

5a6e
5a70
5a72
5a74

5ba6
5ba8
5baa
5bac

5cde
5ce0
5ce2
5ce4

5e16
5e18
5e1a
5e1c

5f4e
5f50
5f52
5f54

6086
6088
608a
608c

61be
61c0
61c2
61c4

62f6
62f8
62fa
62fc

642e
6430
6432
6434

6566
6568
656a
656c

669e
66a0
66a2
66a4

67d6
67d8
67da
67dc

690e
6910
691a
691c

6a4e
6a50
6a52
6a54

6b86
6b88
6b8a
6b8c

6cbe
6cc0
6cc2
6cc4

6df6
6df8
6dfa
6dfc

6f2e
6f30
6f32
6f34

7066
7068
706a
706c

719e
71a0
71a2
71a4

72d6
72d8
72da
72dc

740e
7410
7412
7414

7546
7548
754a
754c

767e
7680
7682
7684

77b6
77b8
77ba
77bc

78ee
78f0
78f2
78f4

7a26
7a28
7a2a
7a2c

7b5e
7b60
7b62
7b64

7c96
7c98
7ca2
7ca4

7dd6
7dd8
7dda
7ddc

7f0e
7f10
7f12
7f14

8046
8048
804a
804c

817e
8180
8182
8184

82b6
82b8
82ba
82bc

83ee
83f0
83f2
83f4

8526
8528
852a
852c

865e
8660
8662
8664

8796
8798
879a
879c

88ce
88d0
88d2
88d4

8a06
8a08
8a0a
8a0c

8b3e
8b40
8b42
8b44

8c76
8c78
8c7a
8c7c

8dae
8db0
8db2
8db4

8ee6
8ee8
8eea
8eec

901e
9020
902a
902c

915e
9160
9162
9164

9296
9298
929a
929c

93ce
93d0
93d2
93d4

9506
9508
950a
950c

963e
9640
9642
9644

9776
9778
977a
977c

98ae
98b0
98b2
98b4

99e6
99e8
99ea
99ec

9b1e
9b20
9b22
9b24

9c56
9c58
9c5a
9c5c

9d8e
9d90
9d92
9d94

9ec6
9ec8
9eca
9ecc

9ffe
a000
a002
a004

a136
a138
a13a
a13c

a26e
a270
a272
a274

a3a6
a3a8
a3b2
a3b4

a4e6
a4e8
a4ea
a4ec

a61e
a620
a622
a624

a756
a758
a75a
a75c

a88e
a890
a892
a894

a9c6
a9c8
a9ca
a9cc

aafe
ab00
ab02
ab04

ac36
ac38
ac3a
ac3c

ad6e
ad70
ad72
ad74

aea6
aea8
aeaa
aeac

afde
afe0
afe2
afe4

b116
b118
b11a
b11c

b24e
b250
b252
b254

b386
b388
b38a
b38c

b4be
b4c0
b4c2
b4c4

b5f6
b5f8
b5fa
b5fc

b72e
b730
b73a
b73c

b866
b868
b872
b874

b9a6
b9a8
b9aa
b9ac

bade
bae0
bae2
bae4

bc16
bc18
bc1a
bc1c

bd4e
bd50
bd52
bd54

be86
be88
be8a
be8c

bfbe
bfc0
bfc2
bfc4

c0f6
c0f8
c0fa
c0fc

c22e
c230
c232
c234

c366
c368
c36a
c36c

c49e
c4a0
c4a2
c4a4

c5d6
c5d8
c5da
c5dc

c70e
c710
c712
c714

c846
c848
c84a
c84c

c97e
c980
c982
c984

cab6
cab8
caba
cabc

cbee
cbf0
cbfa
cbfc

cd2e
cd30
cd32
cd34

ce66
ce68
ce6a
ce6c

cf9e
cfa0
cfa2
cfa4

d0d6
d0d8
d0da
d0dc

d20e
d210
d212
d214

d346
d348
d34a
d34c

d47e
d480
d482
d484

d5b6
d5b8
d5ba
d5bc

d6ee
d6f0
d6f2
d6f4

d826
d828
d82a
d82c

d95e
d960
d962
d964

da96
da98
da9a
da9c

dbce
dbd0
dbd2
dbd4

dd06
dd08
dd0a
dd0c

de3e
de40
de42
de44

df76
df78
df82
df84

e0b6
e0b8
e0ba
e0bc

e1ee
e1f0
e1f2
e1f4

e326
e328
e32a
e32c

e45e
e460
e462
e464

e596
e598
e59a
e59c

e6ce
e6d0
e6d2
e6d4

e806
e808
e80a
e80c

e93e
e940
e942
e944

ea76
ea78
ea7a
ea7c

ebae
ebb0
ebb2
ebb4

ece6
ece8
ecea
ecec

ee1e
ee20
ee22
ee24

ef56
ef58
ef5a
ef5c

f08e
f090
f092
f094

f1c6
f1c8
f1ca
f1cc

f2fe
f300
f30a
f30c

f43e
f440
f442
f444

f576
f578
f57a
f57c

f6ae
f6b0
f6b2
f6b4

f7e6
f7e8
f7ea
f7ec

f91e
f920
f922
f924

fa56
fa58
fa5a
fa5c

fb8e
fb90
fb92
fb94

fcc6
fcc8
fcca
fccc

fdfe
fe00
fe02
fe04

ff36
ff38
ff3a
ff3c

006e
0070
0072
0074

01a6
01a8
01aa
01ac

02de
02e0
02e2
02e4

0416
0418
041a
041c

054e
0550
0552
0554

0686
0688
0692
0694

07c6
07c8
07ca
07cc

08fe
0900
0902
0904

0a36
0a38
0a3a
0a3c

0b6e
0b70
0b72
0b74

0ca6
0ca8
0caa
0cac

0dde
0de0
0de2
0de4

0f16
0f18
0f1a
0f1c

104e
1050
1052
1054

1186
1188
118a
118c

12be
12c0
12c2
12c4

13f6
13f8
13fa
13fc

152e
1530
1532
1534

1666
1668
166a
166c

179e
17a0
17a2
17a4

18d6
18d8
18da
18dc

1a0e
1a10
1a1a
1a1c

1b46
1b48
1b52
1b54

1c86
1c88
1c8a
1c8c

1dbe
1dc0
1dc2
1dc4

1ef6
1ef8
1efa
1efc

202e
2030
2032
2034

2166
2168
216a
216c

229e
22a0
22a2
22a4

23d6
23d8
23da
23dc

250e
2510
2512
2514

2646
2648
264a
264c

277e
2780
2782
2784

28b6
28b8
28ba
28bc

29ee
29f0
29f2
29f4

2b26
2b28
2b2a
2b2c

2c5e
2c60
2c62
2c64

2d96
2d98
2d9a
2d9c

2ed6
2ed8
2eda
2edc

300e
3010
3012
3014

3146
3148
314a
314c

327e
3280
3282
3284

33b6
33b8
33ba
33bc

34ee
34f0
34f2
34f4

3626
3628
362a
362c

375e
3760
3762
3764

3896
3898
389a
389c

39ce
39d0
39d2
39d4

3b06
3b08
3b0a
3b0c

3c3e
3c40
3c42
3c44

3d76
3d78
3d7a
3d7c

3eae
3eb0
3eb2
3eb4

3fe6
3fe8
3fea
3fec

411e
4120
412a
412c

4256
4258
4262
4264

4396
4398
439a
439c

44ce
44d0
44d2
44d4

4606
4608
460a
460c

473e
4740
4742
4744

4876
4878
487a
487c

49ae
49b0
49b2
49b4

4ae6
4ae8
4aea
4aec

4c1e
4c20
4c22
4c24

4d56
4d58
4d5a
4d5c

4e8e
4e90
4e92
4e94

4fc6
4fc8
4fca
4fcc

50fe
5100
5102
5104

5236
5238
523a
523c

536e
5370
5372
5374

54a6
54a8
54aa
54ac

55de
55e0
55ea
55ec

571e
5720
5722
5724

5856
5858
585a
585c

598e
5990
5992
5994

5ac6
5ac8
5aca
5acc

5bfe
5c00
5c02
5c04

5d36
5d38
5d3a
5d3c

5e6e
5e70
5e72
5e74

5fa6
5fa8
5faa
5fac

60de
60e0
60e2
60e4

6216
6218
621a
621c

634e
6350
6352
6354

6486
6488
648a
648c

65be
65c0
65c2
65c4

66f6
66f8
66fa
66fc

682e
6830
6832
6834

6966
6968
6972
6974

6aa6
6aa8
6aaa
6aac

6bde
6be0
6be2
6be4

6d16
6d18
6d1a
6d1c

6e4e
6e50
6e52
6e54

6f86
6f88
6f8a
6f8c

70be
70c0
70c2
70c4

71f6
71f8
71fa
71fc

732e
7330
7332
7334

7466
7468
746a
746c

759e
75a0
75a2
75a4

76d6
76d8
76da
76dc

780e
7810
7812
7814

7946
7948
794a
794c

7a7e
7a80
7a82
7a84

7bb6
7bb8
7bba
7bbc

7cee
7cf0
7cfa
7cfc

7e2e
7e30
7e32
7e34

7f66
7f68
7f6a
7f6c

809e
80a0
80a2
80a4

81d6
81d8
81da
81dc

830e
8310
8312
8314

8446
8448
844a
844c

857e
8580
8582
8584

86b6
86b8
86ba
86bc

87ee
87f0
87f2
87f4

8926
8928
892a
892c

8a5e
8a60
8a62
8a64

8b96
8b98
8b9a
8b9c

8cce
8cd0
8cd2
8cd4

8e06
8e08
8e0a
8e0c

8f3e
8f40
8f42
8f44

9076
9078
9082
9084

91ae
91b0
91ba
91bc

92ee
92f0
92f2
92f4

9426
9428
942a
942c

955e
9560
9562
9564

9696
9698
969a
969c

97ce
97d0
97d2
97d4

9906
9908
990a
990c

9a3e
9a40
9a42
9a44

9b76
9b78
9b7a
9b7c

9cae
9cb0
9cb2
9cb4

9de6
9de8
9dea
9dec

9f1e
9f20
9f22
9f24

a056
a058
a05a
a05c

a18e
a190
a192
a194

a2c6
a2c8
a2ca
a2cc

a3fe
a400
a40a
a40c

a536
a538
a542
a544

a676
a678
a67a
a67c

a7ae
a7b0
a7b2
a7b4

a8e6
a8e8
a8ea
a8ec

aa1e
aa20
aa22
aa24

ab56
ab58
ab5a
ab5c

ac8e
ac90
ac92
ac94

adc6
adc8
adca
adcc

aefe
af00
af02
af04

b036
b038
b03a
b03c

b16e
b170
b172
b174

b2a6
b2a8
b2aa
b2ac

b3de
b3e0
b3e2
b3e4

b516
b518
b51a
b51c

b64e
b650
b652
b654

b786
b788
b78a
b78c

b8be
b8c0
b8ca
b8cc

b9fe
ba00
ba02
ba04

bb36
bb38
bb3a
bb3c

bc6e
bc70
bc72
bc74

bda6
bda8
bdaa
bdac

bede
bee0
bee2
bee4

c016
c018
c01a
c01c

c14e
c150
c152
c154

c286
c288
c28a
c28c

c3be
c3c0
c3c2
c3c4

c4f6
c4f8
c4fa
c4fc

c62e
c630
c632
c634

c766
c768
c76a
c76c

c89e
c8a0
c8a2
c8a4

c9d6
c9d8
c9da
c9dc

cb0e
cb10
cb12
cb14

cc46
cc48
cc52
cc54

cd86
cd88
cd8a
cd8c

cebe
cec0
cec2
cec4

cff6
cff8
cffa
cffc

d12e
d130
d132
d134

d266
d268
d26a
d26c

d39e
d3a0
d3a2
d3a4

d4d6
d4d8
d4da
d4dc

d60e
d610
d612
d614

d746
d748
d74a
d74c

d87e
d880
d882
d884

d9b6
d9b8
d9ba
d9bc

daee
daf0
daf2
daf4

dc26
dc28
dc2a
dc2c

dd5e
dd60
dd62
dd64

de96
de98
de9a
de9c

dfce
dfd0
dfda
dfdc

e10e
e110
e112
e114

e246
e248
e24a
e24c

e37e
e380
e382
e384

e4b6
e4b8
e4ba
e4bc

e5ee
e5f0
e5f2
e5f4

e726
e728
e72a
e72c

e85e
e860
e862
e864

e996
e998
e99a
e99c

eace
ead0
ead2
ead4

ec06
ec08
ec0a
ec0c

ed3e
ed40
ed42
ed44

ee76
ee78
ee7a
ee7c

efae
efb0
efb2
efb4

f0e6
f0e8
f0ea
f0ec

f21e
f220
f222
f224

f356
f358
f362
f364

f48e
f490
f49a
f49c

f5ce
f5d0
f5d2
f5d4

f706
f708
f70a
f70c

f83e
f840
f842
f844

f976
f978
f97a
f97c

faae
fab0
fab2
fab4

fbe6
fbe8
fbea
fbec

fd1e
fd20
fd22
fd24

fe56
fe58
fe5a
fe5c

ff8e
ff90
ff92
ff94

00c6
00c8
00ca
00cc

01fe
0200
0202
0204

0336
0338
033a
033c

046e
0470
0472
0474

05a6
05a8
05aa
05ac

06de
06e0
06ea
06ec

0816
0818
0822
0824

0956
0958
095a
095c

0a8e
0a90
0a92
0a94

0bc6
0bc8
0bca
0bcc

0cfe
0d00
0d02
0d04

0e36
0e38
0e3a
0e3c

0f6e
0f70
0f72
0f74

10a6
10a8
10aa
10ac

11de
11e0
11e2
11e4

1316
1318
131a
131c

144e
1450
1452
1454

1586
1588
158a
158c

16be
16c0
16c2
16c4

17f6
17f8
17fa
17fc

192e
1930
1932
1934

1a66
1a68
1a6a
1a6c

1b9e
1ba0
1baa
1bac

1cde
1ce0
1ce2
1ce4

1e16
1e18
1e1a
1e1c

1f4e
1f50
1f52
1f54

2086
2088
208a
208c

21be
21c0
21c2
21c4

22f6
22f8
22fa
22fc

242e
2430
2432
2434

2566
2568
256a
256c

269e
26a0
26a2
26a4

27d6
27d8
27da
27dc

290e
2910
2912
2914

2a46
2a48
2a4a
2a4c

2b7e
2b80
2b82
2b84

2cb6
2cb8
2cba
2cbc

2dee
2df0
2df2
2df4

2f26
2f28
2f32
2f34

3066
3068
306a
306c

319e
31a0
31a2
31a4

32d6
32d8
32da
32dc

340e
3410
3412
3414

3546
3548
354a
354c

367e
3680
3682
3684

37b6
37b8
37ba
37bc

38ee
38f0
38f2
38f4

3a26
3a28
3a2a
3a2c

3b5e
3b60
3b62
3b64

3c96
3c98
3c9a
3c9c

3dce
3dd0
3dd2
3dd4

3f06
3f08
3f0a
3f0c

403e
4040
4042
4044

4176
4178
417a
417c

42ae
42b0
42ba
42bc

43ee
43f0
43f2
43f4

4526
4528
452a
452c

465e
4660
4662
4664

4796
4798
479a
479c

48ce
48d0
48d2
48d4

4a06
4a08
4a0a
4a0c

4b3e
4b40
4b42
4b44

4c76
4c78
4c7a
4c7c

4dae
4db0
4db2
4db4

4ee6
4ee8
4eea
4eec

501e
5020
5022
5024

5156
5158
515a
515c

528e
5290
5292
5294

53c6
53c8
53ca
53cc

54fe
5500
5502
5504

5636
5638
5642
5644

576e
5770
577a
577c

58ae
58b0
58b2
58b4

59e6
59e8
59ea
59ec

5b1e
5b20
5b22
5b24

5c56
5c58
5c5a
5c5c

5d8e
5d90
5d92
5d94

5ec6
5ec8
5eca
5ecc

5ffe
6000
6002
6004

6136
6138
613a
613c

626e
6270
6272
6274

63a6
63a8
63aa
63ac

64de
64e0
64e2
64e4

6616
6618
661a
661c

674e
6750
6752
6754

6886
6888
688a
688c

69be
69c0
69ca
69cc

6afe
6b00
6b02
6b04

6c36
6c38
6c3a
6c3c

6d6e
6d70
6d72
6d74

6ea6
6ea8
6eaa
6eac

6fde
6fe0
6fe2
6fe4

7116
7118
711a
711c

724e
7250
7252
7254

7386
7388
738a
738c

74be
74c0
74c2
74c4

75f6
75f8
75fa
75fc

772e
7730
7732
7734

7866
7868
786a
786c

799e
79a0
79a2
79a4

7ad6
7ad8
7ada
7adc

7c0e
7c10
7c12
7c14

7d46
7d48
7d52
7d54

7e7e
7e80
7e8a
7e8c

7fbe
7fc0
7fc2
7fc4

80f6
80f8
80fa
80fc

822e
8230
8232
8234

8366
8368
836a
836c

849e
84a0
84a2
84a4

85d6
85d8
85da
85dc

870e
8710
8712
8714

8846
8848
884a
884c

897e
8980
8982
8984

8ab6
8ab8
8aba
8abc

8bee
8bf0
8bf2
8bf4

8d26
8d28
8d2a
8d2c

8e5e
8e60
8e62
8e64

8f96
8f98
8f9a
8f9c

90ce
90d0
90da
90dc

9206
9208
9212
9214

9346
9348
934a
934c

947e
9480
9482
9484

95b6
95b8
95ba
95bc

96ee
96f0
96f2
96f4

9826
9828
982a
982c

995e
9960
9962
9964

9a96
9a98
9a9a
9a9c

9bce
9bd0
9bd2
9bd4

9d06
9d08
9d0a
9d0c

9e3e
9e40
9e42
9e44

9f76
9f78
9f7a
9f7c

a0ae
a0b0
a0b2
a0b4

a1e6
a1e8
a1ea
a1ec

a31e
a320
a322
a324

a456
a458
a45a
a45c

a58e
a590
a59a
a59c

a6ce
a6d0
a6d2
a6d4

a806
a808
a80a
a80c

a93e
a940
a942
a944

aa76
aa78
aa7a
aa7c

abae
abb0
abb2
abb4

ace6
ace8
acea
acec

ae1e
ae20
ae22
ae24

af56
af58
af5a
af5c

b08e
b090
b092
b094

b1c6
b1c8
b1ca
b1cc

b2fe
b300
b302
b304

b436
b438
b43a
b43c

b56e
b570
b572
b574

b6a6
b6a8
b6aa
b6ac

b7de
b7e0
b7e2
b7e4

b916
b918
b922
b924

ba56
ba58
ba5a
ba5c

bb8e
bb90
bb92
bb94

bcc6
bcc8
bcca
bccc

bdfe
be00
be02
be04

bf36
bf38
bf3a
bf3c

c06e
c070
c072
c074

c1a6
c1a8
c1aa
c1ac

c2de
c2e0
c2e2
c2e4

c416
c418
c41a
c41c

c54e
c550
c552
c554

c686
c688
c68a
c68c

c7be
c7c0
c7c2
c7c4

c8f6
c8f8
c8fa
c8fc

ca2e
ca30
ca32
ca34

cb66
cb68
cb6a
cb6c

cc9e
cca0
ccaa
ccac

cdde
cde0
cde2
cde4

cf16
cf18
cf1a
cf1c

d04e
d050
d052
d054

d186
d188
d18a
d18c

d2be
d2c0
d2c2
d2c4

d3f6
d3f8
d3fa
d3fc

d52e
d530
d532
d534

d666
d668
d66a
d66c

d79e
d7a0
d7a2
d7a4

d8d6
d8d8
d8da
d8dc

da0e
da10
da12
da14

db46
db48
db4a
db4c

dc7e
dc80
dc82
dc84

ddb6
ddb8
ddba
ddbc

deee
def0
def2
def4

e026
e028
e032
e034

e15e
e160
e16a
e16c

e29e
e2a0
e2a2
e2a4

e3d6
e3d8
e3da
e3dc

e50e
e510
e512
e514

e646
e648
e64a
e64c

e77e
e780
e782
e784

e8b6
e8b8
e8ba
e8bc

e9ee
e9f0
e9f2
e9f4

eb26
eb28
eb2a
eb2c

ec5e
ec60
ec62
ec64

ed96
ed98
ed9a
ed9c

eece
eed0
eed2
eed4

f006
f008
f00a
f00c

f13e
f140
f142
f144

f276
f278
f27a
f27c

f3ae
f3b0
f3b2
f3b4

f4e6
f4e8
f4f2
f4f4

f626
f628
f62a
f62c

f75e
f760
f762
f764

f896
f898
f89a
f89c

f9ce
f9d0
f9d2
f9d4

fb06
fb08
fb0a
fb0c

fc3e
fc40
fc42
fc44

fd76
fd78
fd7a
fd7c

feae
feb0
feb2
feb4

ffe6
ffe8
ffea
ffec

011e
0120
0122
0124

0256
0258
025a
025c

038e
0390
0392
0394

04c6
04c8
04ca
04cc

05fe
0600
0602
0604

0736
0738
073a
073c

086e
0870
087a
087c

09ae
09b0
09b2
09b4

0ae6
0ae8
0aea
0aec

0c1e
0c20
0c22
0c24

0d56
0d58
0d5a
0d5c

0e8e
0e90
0e92
0e94

0fc6
0fc8
0fca
0fcc

10fe
1100
1102
1104

1236
1238
123a
123c

136e
1370
1372
1374

14a6
14a8
14aa
14ac

15de
15e0
15e2
15e4

1716
1718
171a
171c

184e
1850
1852
1854

1986
1988
198a
198c

1abe
1ac0
1ac2
1ac4

1bf6
1bf8
1c02
1c04

1d36
1d38
1d3a
1d3c

1e6e
1e70
1e72
1e74

1fa6
1fa8
1faa
1fac

20de
20e0
20e2
20e4

2216
2218
221a
221c

234e
2350
2352
2354

2486
2488
248a
248c

25be
25c0
25c2
25c4

26f6
26f8
26fa
26fc

282e
2830
2832
2834

2966
2968
296a
296c

2a9e
2aa0
2aa2
2aa4

2bd6
2bd8
2bda
2bdc

2d0e
2d10
2d12
2d14

2e46
2e48
2e4a
2e4c

2f7e
2f80
2f8a
2f8c

30be
30c0
30c2
30c4

31f6
31f8
31fa
31fc

332e
3330
3332
3334

3466
3468
346a
346c

359e
35a0
35a2
35a4

36d6
36d8
36da
36dc

380e
3810
3812
3814

3946
3948
394a
394c

3a7e
3a80
3a82
3a84

3bb6
3bb8
3bba
3bbc

3cee
3cf0
3cf2
3cf4

3e26
3e28
3e2a
3e2c

3f5e
3f60
3f62
3f64

4096
4098
409a
409c

41ce
41d0
41d2
41d4

4306
4308
4312
4314

443e
4440
444a
444c

457e
4580
4582
4584

46b6
46b8
46ba
46bc

47ee
47f0
47f2
47f4

4926
4928
492a
492c

4a5e
4a60
4a62
4a64

4b96
4b98
4b9a
4b9c

4cce
4cd0
4cd2
4cd4

4e06
4e08
4e0a
4e0c

4f3e
4f40
4f42
4f44

5076
5078
507a
507c

51ae
51b0
51b2
51b4

52e6
52e8
52ea
52ec

541e
5420
5422
5424

5556
5558
555a
555c

568e
5690
569a
569c

57c6
57c8
57d2
57d4

5906
5908
590a
590c

5a3e
5a40
5a42
5a44

5b76
5b78
5b7a
5b7c

5cae
5cb0
5cb2
5cb4

5de6
5de8
5dea
5dec

5f1e
5f20
5f22
5f24

6056
6058
605a
605c

618e
6190
6192
6194

62c6
62c8
62ca
62cc

63fe
6400
6402
6404

6536
6538
653a
653c

666e
6670
6672
6674

67a6
67a8
67aa
67ac

68de
68e0
68e2
68e4

6a16
6a18
6a1a
6a1c

6b4e
6b50
6b5a
6b5c

6c8e
6c90
6c92
6c94

6dc6
6dc8
6dca
6dcc

6efe
6f00
6f02
6f04

7036
7038
703a
703c

716e
7170
7172
7174

72a6
72a8
72aa
72ac

73de
73e0
73e2
73e4

7516
7518
751a
751c

764e
7650
7652
7654

7786
7788
778a
778c

78be
78c0
78c2
78c4

79f6
79f8
79fa
79fc

7b2e
7b30
7b32
7b34

7c66
7c68
7c6a
7c6c

7d9e
7da0
7da2
7da4

7ed6
7ed8
7ee2
7ee4

8016
8018
801a
801c

814e
8150
8152
8154

8286
8288
828a
828c

83be
83c0
83c2
83c4

84f6
84f8
84fa
84fc

862e
8630
8632
8634

8766
8768
876a
876c

889e
88a0
88a2
88a4

89d6
89d8
89da
89dc

8b0e
8b10
8b12
8b14

8c46
8c48
8c4a
8c4c

8d7e
8d80
8d82
8d84

8eb6
8eb8
8eba
8ebc

8fee
8ff0
8ff2
8ff4

9126
9128
912a
912c

925e
9260
926a
926c

939e
93a0
93a2
93a4

94d6
94d8
94da
94dc

960e
9610
9612
9614

9746
9748
974a
974c

987e
9880
9882
9884

99b6
99b8
99ba
99bc

9aee
9af0
9af2
9af4

9c26
9c28
9c2a
9c2c

9d5e
9d60
9d62
9d64

9e96
9e98
9e9a
9e9c

9fce
9fd0
9fd2
9fd4

a106
a108
a10a
a10c

a23e
a240
a242
a244

a376
a378
a37a
a37c

a4ae
a4b0
a4b2
a4b4

a5e6
a5e8
a5f2
a5f4

a726
a728
a72a
a72c

a85e
a860
a862
a864

a996
a998
a99a
a99c

aace
aad0
aad2
aad4

ac06
ac08
ac0a
ac0c

ad3e
ad40
ad42
ad44

ae76
ae78
ae7a
ae7c

afae
afb0
afb2
afb4

b0e6
b0e8
b0ea
b0ec

b21e
b220
b222
b224

b356
b358
b35a
b35c

b48e
b490
b492
b494

b5c6
b5c8
b5ca
b5cc

b6fe
b700
b702
b704

b836
b838
b83a
b83c

b96e
b970
b97a
b97c

baae
bab0
bab2
bab4

bbe6
bbe8
bbea
bbec

bd1e
bd20
bd22
bd24

be56
be58
be5a
be5c

bf8e
bf90
bf92
bf94

c0c6
c0c8
c0ca
c0cc

c1fe
c200
c202
c204

c336
c338
c33a
c33c

c46e
c470
c472
c474

c5a6
c5a8
c5aa
c5ac

c6de
c6e0
c6e2
c6e4

c816
c818
c81a
c81c

c94e
c950
c952
c954

ca86
ca88
ca8a
ca8c

cbbe
cbc0
cbc2
cbc4

ccf6
ccf8
ccfa
ccfc

ce2e
ce30
ce3a
ce3c

cf6e
cf70
cf72
cf74

d0a6
d0a8
d0aa
d0ac

d1de
d1e0
d1e2
d1e4

d316
d318
d31a
d31c

d44e
d450
d452
d454

d586
d588
d58a
d58c

d6be
d6c0
d6c2
d6c4

d7f6
d7f8
d7fa
d7fc

d92e
d930
d932
d934

da66
da68
da6a
da6c

db9e
dba0
dba2
dba4

dcd6
dcd8
dcda
dcdc

de0e
de10
de12
de14

df46
df48
df4a
df4c

e07e
e080
e082
e084

e1b6
e1b8
e1c2
e1c4

e2f6
e2f8
e2fa
e2fc

e42e
e430
e432
e434

e566
e568
e56a
e56c

e69e
e6a0
e6a2
e6a4

e7d6
e7d8
e7da
e7dc

e90e
e910
e912
e914

ea46
ea48
ea4a
ea4c

eb7e
eb80
eb82
eb84

ecb6
ecb8
ecba
ecbc

edee
edf0
edf2
edf4

ef26
ef28
ef2a
ef2c

f05e
f060
f062
f064

f196
f198
f19a
f19c

f2ce
f2d0
f2d2
f2d4

f406
f408
f40a
f40c

f53e
f540
f54a
f54c

f67e
f680
f682
f684

f7b6
f7b8
f7ba
f7bc

f8ee
f8f0
f8f2
f8f4

fa26
fa28
fa2a
fa2c

fb5e
fb60
fb62
fb64

fc96
fc98
fc9a
fc9c

fdce
fdd0
fdd2
fdd4

ff06
ff08
ff0a
ff0c

003e
0040
0042
0044

0176
0178
017a
017c

02ae
02b0
02b2
02b4

03e6
03e8
03ea
03ec

051e
0520
0522
0524

0656
0658
065a
065c

078e
0790
0792
0794

08c6
08c8
08d2
08d4

0a06
0a08
0a0a
0a0c

0b3e
0b40
0b42
0b44

0c76
0c78
0c7a
0c7c

0dae
0db0
0db2
0db4

0ee6
0ee8
0eea
0eec

101e
1020
1022
1024

1156
1158
115a
115c

128e
1290
1292
1294

13c6
13c8
13ca
13cc

14fe
1500
1502
1504

1636
1638
163a
163c

176e
1770
1772
1774

18a6
18a8
18aa
18ac

19de
19e0
19e2
19e4

1b16
1b18
1b1a
1b1c

1c4e
1c50
1c5a
1c5c

1d8e
1d90
1d92
1d94

1ec6
1ec8
1eca
1ecc

1ffe
2000
2002
2004

2136
2138
213a
213c

226e
2270
2272
2274

23a6
23a8
23aa
23ac

24de
24e0
24e2
24e4

2616
2618
261a
261c

274e
2750
2752
2754

2886
2888
288a
288c

29be
29c0
29c2
29c4

2af6
2af8
2afa
2afc

2c2e
2c30
2c32
2c34

2d66
2d68
2d6a
2d6c

2e9e
2ea0
2ea2
2ea4

2fd6
2fd8
2fe2
2fe4

310e
3110
311a
311c

324e
3250
3252
3254

3386
3388
338a
338c

34be
34c0
34c2
34c4

35f6
35f8
35fa
35fc

372e
3730
3732
3734

3866
3868
386a
386c

399e
39a0
39a2
39a4

3ad6
3ad8
3ada
3adc

3c0e
3c10
3c12
3c14

3d46
3d48
3d4a
3d4c

3e7e
3e80
3e82
3e84

3fb6
3fb8
3fba
3fbc

40ee
40f0
40f2
40f4

4226
4228
422a
422c

435e
4360
4362
4364

4496
4498
44a2
44a4

45d6
45d8
45da
45dc

470e
4710
4712
4714

4846
4848
484a
484c

497e
4980
4982
4984

4ab6
4ab8
4aba
4abc

4bee
4bf0
4bf2
4bf4

4d26
4d28
4d2a
4d2c

4e5e
4e60
4e62
4e64

4f96
4f98
4f9a
4f9c

50ce
50d0
50d2
50d4

5206
5208
520a
520c

533e
5340
5342
5344

5476
5478
547a
547c

55ae
55b0
55b2
55b4

56e6
56e8
56ea
56ec

581e
5820
582a
582c

595e
5960
5962
5964

5a96
5a98
5a9a
5a9c

5bce
5bd0
5bd2
5bd4

5d06
5d08
5d0a
5d0c

5e3e
5e40
5e42
5e44

5f76
5f78
5f7a
5f7c

60ae
60b0
60b2
60b4

61e6
61e8
61ea
61ec

631e
6320
6322
6324

6456
6458
645a
645c

658e
6590
6592
6594

66c6
66c8
66ca
66cc

67fe
6800
6802
6804

6936
6938
693a
693c

6a6e
6a70
6a72
6a74

6ba6
6ba8
6bb2
6bb4

6ce6
6ce8
6cea
6cec

6e1e
6e20
6e22
6e24

6f56
6f58
6f5a
6f5c

708e
7090
7092
7094

71c6
71c8
71ca
71cc

72fe
7300
7302
7304

7436
7438
743a
743c

756e
7570
7572
7574

76a6
76a8
76aa
76ac

77de
77e0
77e2
77e4

7916
7918
791a
791c

7a4e
7a50
7a52
7a54

7b86
7b88
7b8a
7b8c

7cbe
7cc0
7cc2
7cc4

7df6
7df8
7dfa
7dfc

7f2e
7f30
7f3a
7f3c

8066
8068
8072
8074

81a6
81a8
81aa
81ac

82de
82e0
82e2
82e4

8416
8418
841a
841c

854e
8550
8552
8554

8686
8688
868a
868c

87be
87c0
87c2
87c4

88f6
88f8
88fa
88fc

8a2e
8a30
8a32
8a34

8b66
8b68
8b6a
8b6c

8c9e
8ca0
8ca2
8ca4

8dd6
8dd8
8dda
8ddc

8f0e
8f10
8f12
8f14

9046
9048
904a
904c

917e
9180
9182
9184

92b6
92b8
92c2
92c4

93ee
93f0
93fa
93fc

952e
9530
9532
9534

9666
9668
966a
966c

979e
97a0
97a2
97a4

98d6
98d8
98da
98dc

9a0e
9a10
9a12
9a14

9b46
9b48
9b4a
9b4c

9c7e
9c80
9c82
9c84

9db6
9db8
9dba
9dbc

9eee
9ef0
9ef2
9ef4

a026
a028
a02a
a02c

a15e
a160
a162
a164

a296
a298
a29a
a29c

a3ce
a3d0
a3d2
a3d4

a506
a508
a50a
a50c

a63e
a640
a642
a644

a776
a778
a782
a784

a8b6
a8b8
a8ba
a8bc

a9ee
a9f0
a9f2
a9f4

ab26
ab28
ab2a
ab2c

ac5e
ac60
ac62
ac64

ad96
ad98
ad9a
ad9c

aece
aed0
aed2
aed4

b006
b008
b00a
b00c

b13e
b140
b142
b144

b276
b278
b27a
b27c

b3ae
b3b0
b3b2
b3b4

b4e6
b4e8
b4ea
b4ec

b61e
b620
b622
b624

b756
b758
b75a
b75c

b88e
b890
b892
b894

b9c6
b9c8
b9ca
b9cc

bafe
bb00
bb0a
bb0c

bc3e
bc40
bc42
bc44

bd76
bd78
bd7a
bd7c

beae
beb0
beb2
beb4

bfe6
bfe8
bfea
bfec

c11e
c120
c122
c124

c256
c258
c25a
c25c

c38e
c390
c392
c394

c4c6
c4c8
c4ca
c4cc

c5fe
c600
c602
c604

c736
c738
c73a
c73c

c86e
c870
c872
c874

c9a6
c9a8
c9aa
c9ac

cade
cae0
cae2
cae4

cc16
cc18
cc1a
cc1c

cd4e
cd50
cd52
cd54

ce86
ce88
ce92
ce94

cfc6
cfc8
cfca
cfcc

d0fe
d100
d102
d104

d236
d238
d23a
d23c

d36e
d370
d372
d374

d4a6
d4a8
d4aa
d4ac

d5de
d5e0
d5e2
d5e4

d716
d718
d71a
d71c

d84e
d850
d852
d854

d986
d988
d98a
d98c

dabe
dac0
dac2
dac4

dbf6
dbf8
dbfa
dbfc

dd2e
dd30
dd32
dd34

de66
de68
de6a
de6c

df9e
dfa0
dfa2
dfa4

e0d6
e0d8
e0da
e0dc

e20e
e210
e21a
e21c

e34e
e350
e352
e354

e486
e488
e48a
e48c

e5be
e5c0
e5c2
e5c4

e6f6
e6f8
e6fa
e6fc

e82e
e830
e832
e834

e966
e968
e96a
e96c

ea9e
eaa0
eaa2
eaa4

ebd6
ebd8
ebda
ebdc

ed0e
ed10
ed12
ed14

ee46
ee48
ee4a
ee4c

ef7e
ef80
ef82
ef84

f0b6
f0b8
f0ba
f0bc

f1ee
f1f0
f1f2
f1f4

f326
f328
f32a
f32c

f45e
f460
f462
f464

f596
f598
f5a2
f5a4

f6d6
f6d8
f6da
f6dc

f80e
f810
f812
f814

f946
f948
f94a
f94c

fa7e
fa80
fa82
fa84

fbb6
fbb8
fbba
fbbc

fcee
fcf0
fcf2
fcf4

fe26
fe28
fe2a
fe2c

ff5e
ff60
ff62
ff64

0096
0098
009a
009c

01ce
01d0
01d2
01d4

0306
0308
030a
030c

043e
0440
0442
0444

0576
0578
057a
057c

06ae
06b0
06b2
06b4

07e6
07e8
07ea
07ec

091e
0920
092a
092c

0a56
0a58
0a62
0a64

0b96
0b98
0b9a
0b9c

0cce
0cd0
0cd2
0cd4

0e06
0e08
0e0a
0e0c

0f3e
0f40
0f42
0f44

1076
1078
107a
107c

11ae
11b0
11b2
11b4

12e6
12e8
12ea
12ec

141e
1420
1422
1424

1556
1558
155a
155c

168e
1690
1692
1694

17c6
17c8
17ca
17cc

18fe
1900
1902
1904

1a36
1a38
1a3a
1a3c

1b6e
1b70
1b72
1b74

1ca6
1ca8
1caa
1cac

1dde
1de0
1dea
1dec

1f1e
1f20
1f22
1f24

2056
2058
205a
205c

218e
2190
2192
2194

22c6
22c8
22ca
22cc

23fe
2400
2402
2404

2536
2538
253a
253c

266e
2670
2672
2674

27a6
27a8
27aa
27ac

28de
28e0
28e2
28e4

2a16
2a18
2a1a
2a1c

2b4e
2b50
2b52
2b54

2c86
2c88
2c8a
2c8c

2dbe
2dc0
2dc2
2dc4

2ef6
2ef8
2efa
2efc

302e
3030
3032
3034

3166
3168
3172
3174

32a6
32a8
32aa
32ac

33de
33e0
33e2
33e4

3516
3518
351a
351c

364e
3650
3652
3654

3786
3788
378a
378c

38be
38c0
38c2
38c4

39f6
39f8
39fa
39fc

3b2e
3b30
3b32
3b34

3c66
3c68
3c6a
3c6c

3d9e
3da0
3da2
3da4

3ed6
3ed8
3eda
3edc

400e
4010
4012
4014

4146
4148
414a
414c

427e
4280
4282
4284

43b6
43b8
43ba
43bc

44ee
44f0
44fa
44fc

462e
4630
4632
4634

4766
4768
476a
476c

489e
48a0
48a2
48a4

49d6
49d8
49da
49dc

4b0e
4b10
4b12
4b14

4c46
4c48
4c4a
4c4c

4d7e
4d80
4d82
4d84

4eb6
4eb8
4eba
4ebc

4fee
4ff0
4ff2
4ff4

5126
5128
512a
512c

525e
5260
5262
5264

5396
5398
539a
539c

54ce
54d0
54d2
54d4

5606
5608
560a
560c

573e
5740
5742
5744

5876
5878
5882
5884

59b6
59b8
59ba
59bc

5aee
5af0
5af2
5af4

5c26
5c28
5c2a
5c2c

5d5e
5d60
5d62
5d64

5e96
5e98
5e9a
5e9c

5fce
5fd0
5fd2
5fd4

6106
6108
610a
610c

623e
6240
6242
6244

6376
6378
637a
637c

64ae
64b0
64b2
64b4

65e6
65e8
65ea
65ec

671e
6720
6722
6724

6856
6858
685a
685c

698e
6990
6992
6994

6ac6
6ac8
6aca
6acc

6bfe
6c00
6c0a
6c0c

6d3e
6d40
6d42
6d44

6e76
6e78
6e7a
6e7c

6fae
6fb0
6fb2
6fb4

70e6
70e8
70ea
70ec

721e
7220
7222
7224

7356
7358
735a
735c

748e
7490
7492
7494

75c6
75c8
75ca
75cc

76fe
7700
7702
7704

7836
7838
783a
783c

796e
7970
7972
7974

7aa6
7aa8
7aaa
7aac

7bde
7be0
7be2
7be4

7d16
7d18
7d1a
7d1c

7e4e
7e50
7e52
7e54

7f86
7f88
7f92
7f94

80be
80c0
80ca
80cc

81fe
8200
8202
8204

8336
8338
833a
833c

846e
8470
8472
8474

85a6
85a8
85aa
85ac

86de
86e0
86e2
86e4

8816
8818
881a
881c

894e
8950
8952
8954

8a86
8a88
8a8a
8a8c

8bbe
8bc0
8bc2
8bc4

8cf6
8cf8
8cfa
8cfc

8e2e
8e30
8e32
8e34

8f66
8f68
8f6a
8f6c

909e
90a0
90a2
90a4

91d6
91d8
91da
91dc

930e
9310
9312
9314

9446
9448
9452
9454

9586
9588
958a
958c

96be
96c0
96c2
96c4

97f6
97f8
97fa
97fc

992e
9930
9932
9934

9a66
9a68
9a6a
9a6c

9b9e
9ba0
9ba2
9ba4

9cd6
9cd8
9cda
9cdc

9e0e
9e10
9e12
9e14

9f46
9f48
9f4a
9f4c

a07e
a080
a082
a084

a1b6
a1b8
a1ba
a1bc

a2ee
a2f0
a2f2
a2f4

a426
a428
a42a
a42c

a55e
a560
a562
a564

a696
a698
a69a
a69c

a7ce
a7d0
a7da
a7dc

a90e
a910
a912
a914

aa46
aa48
aa4a
aa4c

ab7e
ab80
ab82
ab84

acb6
acb8
acba
acbc

adee
adf0
adf2
adf4

af26
af28
af2a
af2c

b05e
b060
b062
b064

b196
b198
b19a
b19c

b2ce
b2d0
b2d2
b2d4

b406
b408
b40a
b40c

b53e
b540
b542
b544

b676
b678
b67a
b67c

b7ae
b7b0
b7b2
b7b4

b8e6
b8e8
b8ea
b8ec

ba1e
ba20
ba22
ba24

bb56
bb58
bb62
bb64

bc96
bc98
bc9a
bc9c

bdce
bdd0
bdd2
bdd4

bf06
bf08
bf0a
bf0c

c03e
c040
c042
c044

c176
c178
c17a
c17c

c2ae
c2b0
c2b2
c2b4

c3e6
c3e8
c3ea
c3ec

c51e
c520
c522
c524

c656
c658
c65a
c65c

c78e
c790
c792
c794

c8c6
c8c8
c8ca
c8cc

c9fe
ca00
ca02
ca04

cb36
cb38
cb3a
cb3c

cc6e
cc70
cc72
cc74

cda6
cda8
cdaa
cdac

cede
cee0
ceea
ceec

d016
d018
d022
d024

d156
d158
d15a
d15c

d28e
d290
d292
d294

d3c6
d3c8
d3ca
d3cc

d4fe
d500
d502
d504

d636
d638
d63a
d63c

d76e
d770
d772
d774

d8a6
d8a8
d8aa
d8ac

d9de
d9e0
d9e2
d9e4

db16
db18
db1a
db1c

dc4e
dc50
dc52
dc54

dd86
dd88
dd8a
dd8c

debe
dec0
dec2
dec4

dff6
dff8
dffa
dffc

e12e
e130
e132
e134

e266
e268
e272
e274

e39e
e3a0
e3aa
e3ac

e4de
e4e0
e4e2
e4e4

e616
e618
e61a
e61c

e74e
e750
e752
e754

e886
e888
e88a
e88c

e9be
e9c0
e9c2
e9c4

eaf6
eaf8
eafa
eafc

ec2e
ec30
ec32
ec34

ed66
ed68
ed6a
ed6c

ee9e
eea0
eea2
eea4

efd6
efd8
efda
efdc

f10e
f110
f112
f114

f246
f248
f24a
f24c

f37e
f380
f382
f384

f4b6
f4b8
f4ba
f4bc

f5ee
f5f0
f5f2
f5f4

f726
f728
f732
f734

f866
f868
f86a
f86c

f99e
f9a0
f9a2
f9a4

fad6
fad8
fada
fadc

fc0e
fc10
fc12
fc14

fd46
fd48
fd4a
fd4c

fe7e
fe80
fe82
fe84

ffb6
ffb8
ffba
ffbc

00ee
00f0
00f2
00f4

0226
0228
022a
022c

035e
0360
0362
0364

0496
0498
049a
049c

05ce
05d0
05d2
05d4

0706
0708
070a
070c

083e
0840
0842
0844

0976
0978
097a
097c

0aae
0ab0
0aba
0abc

0bee
0bf0
0bf2
0bf4

0d26
0d28
0d2a
0d2c

0e5e
0e60
0e62
0e64

0f96
0f98
0f9a
0f9c

10ce
10d0
10d2
10d4

1206
1208
120a
120c

133e
1340
1342
1344

1476
1478
147a
147c

15ae
15b0
15b2
15b4

16e6
16e8
16ea
16ec

181e
1820
1822
1824

1956
1958
195a
195c

1a8e
1a90
1a92
1a94

1bc6
1bc8
1bca
1bcc

1cfe
1d00
1d02
1d04

1e36
1e38
1e42
1e44

1f76
1f78
1f7a
1f7c

20ae
20b0
20b2
20b4

21e6
21e8
21ea
21ec

231e
2320
2322
2324

2456
2458
245a
245c

258e
2590
2592
2594

26c6
26c8
26ca
26cc

27fe
2800
2802
2804

2936
2938
293a
293c

2a6e
2a70
2a72
2a74

2ba6
2ba8
2baa
2bac

2cde
2ce0
2ce2
2ce4

2e16
2e18
2e1a
2e1c

2f4e
2f50
2f52
2f54

3086
3088
308a
308c

31be
31c0
31ca
31cc

32fe
3300
3302
3304

3436
3438
343a
343c

356e
3570
3572
3574

36a6
36a8
36aa
36ac

37de
37e0
37e2
37e4

3916
3918
391a
391c

3a4e
3a50
3a52
3a54

3b86
3b88
3b8a
3b8c

3cbe
3cc0
3cc2
3cc4

3df6
3df8
3dfa
3dfc

3f2e
3f30
3f32
3f34

4066
4068
406a
406c

419e
41a0
41a2
41a4

42d6
42d8
42da
42dc

440e
4410
4412
4414

4546
4548
4552
4554

4686
4688
468a
468c

47be
47c0
47c2
47c4

48f6
48f8
48fa
48fc

4a2e
4a30
4a32
4a34

4b66
4b68
4b6a
4b6c

4c9e
4ca0
4ca2
4ca4

4dd6
4dd8
4dda
4ddc

4f0e
4f10
4f12
4f14

5046
5048
504a
504c

517e
5180
5182
5184

52b6
52b8
52ba
52bc

53ee
53f0
53f2
53f4

5526
5528
552a
552c

565e
5660
5662
5664

5796
5798
579a
579c

58ce
58d0
58da
58dc

5a06
5a08
5a12
5a14

5b46
5b48
5b4a
5b4c

5c7e
5c80
5c82
5c84

5db6
5db8
5dba
5dbc

5eee
5ef0
5ef2
5ef4

6026
6028
602a
602c

615e
6160
6162
6164

6296
6298
629a
629c

63ce
63d0
63d2
63d4

6506
6508
650a
650c

663e
6640
6642
6644

6776
6778
677a
677c

68ae
68b0
68b2
68b4

69e6
69e8
69ea
69ec

6b1e
6b20
6b22
6b24

6c56
6c58
6c5a
6c5c

6d8e
6d90
6d9a
6d9c

6ece
6ed0
6ed2
6ed4

7006
7008
700a
700c

713e
7140
7142
7144

7276
7278
727a
727c

73ae
73b0
73b2
73b4

74e6
74e8
74ea
74ec

761e
7620
7622
7624

7756
7758
775a
775c

788e
7890
7892
7894

79c6
79c8
79ca
79cc

7afe
7b00
7b02
7b04

7c36
7c38
7c3a
7c3c

7d6e
7d70
7d72
7d74

7ea6
7ea8
7eaa
7eac

7fde
7fe0
7fe2
7fe4

8116
8118
8122
8124

8256
8258
825a
825c

838e
8390
8392
8394

84c6
84c8
84ca
84cc

85fe
8600
8602
8604

8736
8738
873a
873c

886e
8870
8872
8874

89a6
89a8
89aa
89ac

8ade
8ae0
8ae2
8ae4

8c16
8c18
8c1a
8c1c

8d4e
8d50
8d52
8d54

8e86
8e88
8e8a
8e8c

8fbe
8fc0
8fc2
8fc4

90f6
90f8
90fa
90fc

922e
9230
9232
9234

9366
9368
936a
936c

949e
94a0
94aa
94ac

95de
95e0
95e2
95e4

9716
9718
971a
971c

984e
9850
9852
9854

9986
9988
998a
998c

9abe
9ac0
9ac2
9ac4

9bf6
9bf8
9bfa
9bfc

9d2e
9d30
9d32
9d34

9e66
9e68
9e6a
9e6c

9f9e
9fa0
9fa2
9fa4

a0d6
a0d8
a0da
a0dc

a20e
a210
a212
a214

a346
a348
a34a
a34c

a47e
a480
a482
a484

a5b6
a5b8
a5ba
a5bc

a6ee
a6f0
a6f2
a6f4

a826
a828
a832
a834

a966
a968
a96a
a96c

aa9e
aaa0
aaa2
aaa4

abd6
abd8
abda
abdc

ad0e
ad10
ad12
ad14

ae46
ae48
ae4a
ae4c

af7e
af80
af82
af84

b0b6
b0b8
b0ba
b0bc

b1ee
b1f0
b1f2
b1f4

b326
b328
b32a
b32c

b45e
b460
b462
b464

b596
b598
b59a
b59c

b6ce
b6d0
b6d2
b6d4

b806
b808
b80a
b80c

b93e
b940
b942
b944

ba76
ba78
ba7a
ba7c

bbae
bbb0
bbba
bbbc

bce6
bce8
bcf2
bcf4

be26
be28
be2a
be2c

bf5e
bf60
bf62
bf64

c096
c098
c09a
c09c

c1ce
c1d0
c1d2
c1d4

c306
c308
c30a
c30c

c43e
c440
c442
c444

c576
c578
c57a
c57c

c6ae
c6b0
c6b2
c6b4

c7e6
c7e8
c7ea
c7ec

c91e
c920
c922
c924

ca56
ca58
ca5a
ca5c

cb8e
cb90
cb92
cb94

ccc6
ccc8
ccca
cccc

cdfe
ce00
ce02
ce04

cf36
cf38
cf3a
cf3c

d06e
d070
d07a
d07c

d1ae
d1b0
d1b2
d1b4

d2e6
d2e8
d2ea
d2ec

d41e
d420
d422
d424

d556
d558
d55a
d55c

d68e
d690
d692
d694

d7c6
d7c8
d7ca
d7cc

d8fe
d900
d902
d904

da36
da38
da3a
da3c

db6e
db70
db72
db74

dca6
dca8
dcaa
dcac

ddde
dde0
dde2
dde4

df16
df18
df1a
df1c

e04e
e050
e052
e054

e186
e188
e18a
e18c

e2be
e2c0
e2c2
e2c4

e3f6
e3f8
e402
e404

e536
e538
e53a
e53c

e66e
e670
e672
e674

e7a6
e7a8
e7aa
e7ac

e8de
e8e0
e8e2
e8e4

ea16
ea18
ea1a
ea1c

eb4e
eb50
eb52
eb54

ec86
ec88
ec8a
ec8c

edbe
edc0
edc2
edc4

eef6
eef8
eefa
eefc

f02e
f030
f032
f034

f166
f168
f16a
f16c

f29e
f2a0
f2a2
f2a4

f3d6
f3d8
f3da
f3dc

f50e
f510
f512
f514

f646
f648
f64a
f64c

f77e
f780
f78a
f78c

f8be
f8c0
f8c2
f8c4

f9f6
f9f8
f9fa
f9fc

fb2e
fb30
fb32
fb34

fc66
fc68
fc6a
fc6c

fd9e
fda0
fda2
fda4

fed6
fed8
feda
fedc

000e
0010
0012
0014

0146
0148
014a
014c

027e
0280
0282
0284

03b6
03b8
03ba
03bc

04ee
04f0
04f2
04f4

0626
0628
062a
062c

075e
0760
0762
0764

0896
0898
089a
089c

09ce
09d0
09d2
09d4

0b06
0b08
0b12
0b14

0c46
0c48
0c4a
0c4c

0d7e
0d80
0d82
0d84

0eb6
0eb8
0eba
0ebc

0fee
0ff0
0ff2
0ff4

1126
1128
112a
112c

125e
1260
1262
1264

1396
1398
139a
139c

14ce
14d0
14d2
14d4

1606
1608
160a
160c

173e
1740
1742
1744

1876
1878
187a
187c

19ae
19b0
19b2
19b4

1ae6
1ae8
1aea
1aec

1c1e
1c20
1c22
1c24

1d56
1d58
1d5a
1d5c

1e8e
1e90
1e9a
1e9c

1fc6
1fc8
1fd2
1fd4

2106
2108
210a
210c

223e
2240
2242
2244

2376
2378
237a
237c

24ae
24b0
24b2
24b4

25e6
25e8
25ea
25ec

271e
2720
2722
2724

2856
2858
285a
285c

298e
2990
2992
2994

2ac6
2ac8
2aca
2acc

2bfe
2c00
2c02
2c04

2d36
2d38
2d3a
2d3c

2e6e
2e70
2e72
2e74

2fa6
2fa8
2faa
2fac

30de
30e0
30e2
30e4

3216
3218
3222
3224

334e
3350
335a
335c

348e
3490
3492
3494

35c6
35c8
35ca
35cc

36fe
3700
3702
3704

3836
3838
383a
383c

396e
3970
3972
3974

3aa6
3aa8
3aaa
3aac

3bde
3be0
3be2
3be4

3d16
3d18
3d1a
3d1c

3e4e
3e50
3e52
3e54

3f86
3f88
3f8a
3f8c

40be
40c0
40c2
40c4

41f6
41f8
41fa
41fc

432e
4330
4332
4334

4466
4468
446a
446c

459e
45a0
45a2
45a4

46d6
46d8
46e2
46e4

4816
4818
481a
481c

494e
4950
4952
4954

4a86
4a88
4a8a
4a8c

4bbe
4bc0
4bc2
4bc4

4cf6
4cf8
4cfa
4cfc

4e2e
4e30
4e32
4e34

4f66
4f68
4f6a
4f6c

509e
50a0
50a2
50a4

51d6
51d8
51da
51dc

530e
5310
5312
5314

5446
5448
544a
544c

557e
5580
5582
5584

56b6
56b8
56ba
56bc

57ee
57f0
57f2
57f4

5926
5928
592a
592c

5a5e
5a60
5a6a
5a6c

5b9e
5ba0
5ba2
5ba4

5cd6
5cd8
5cda
5cdc

5e0e
5e10
5e12
5e14

5f46
5f48
5f4a
5f4c

607e
6080
6082
6084

61b6
61b8
61ba
61bc

62ee
62f0
62f2
62f4

6426
6428
642a
642c

655e
6560
6562
6564

6696
6698
669a
669c

67ce
67d0
67d2
67d4

6906
6908
690a
690c

6a3e
6a40
6a42
6a44

6b76
6b78
6b7a
6b7c

6cae
6cb0
6cb2
6cb4

6de6
6de8
6df2
6df4

6f26
6f28
6f2a
6f2c

705e
7060
7062
7064

7196
7198
719a
719c

72ce
72d0
72d2
72d4

7406
7408
740a
740c

753e
7540
7542
7544

7676
7678
767a
767c

77ae
77b0
77b2
77b4

78e6
78e8
78ea
78ec

7a1e
7a20
7a22
7a24

7b56
7b58
7b5a
7b5c

7c8e
7c90
7c92
7c94

7dc6
7dc8
7dca
7dcc

7efe
7f00
7f02
7f04

8036
8038
803a
803c

816e
8170
817a
817c

82ae
82b0
82b2
82b4

83e6
83e8
83ea
83ec

851e
8520
8522
8524

8656
8658
865a
865c

878e
8790
8792
8794

88c6
88c8
88ca
88cc

89fe
8a00
8a02
8a04

8b36
8b38
8b3a
8b3c

8c6e
8c70
8c72
8c74

8da6
8da8
8daa
8dac

8ede
8ee0
8ee2
8ee4

9016
9018
901a
901c

914e
9150
9152
9154

9286
9288
928a
928c

93be
93c0
93c2
93c4

94f6
94f8
9502
9504

9636
9638
963a
963c

976e
9770
9772
9774

98a6
98a8
98aa
98ac

99de
99e0
99e2
99e4

9b16
9b18
9b1a
9b1c

9c4e
9c50
9c52
9c54

9d86
9d88
9d8a
9d8c

9ebe
9ec0
9ec2
9ec4

9ff6
9ff8
9ffa
9ffc

a12e
a130
a132
a134

a266
a268
a26a
a26c

a39e
a3a0
a3a2
a3a4

a4d6
a4d8
a4da
a4dc

a60e
a610
a612
a614

a746
a748
a74a
a74c

a87e
a880
a882
a884

a9b6
a9b8
a9c2
a9c4

aaf6
aaf8
aafa
aafc

ac2e
ac30
ac32
ac34

ad66
ad68
ad6a
ad6c

ae9e
aea0
aea2
aea4

afd6
afd8
afda
afdc

b10e
b110
b112
b114

b246
b248
b24a
b24c

b37e
b380
b382
b384

b4b6
b4b8
b4ba
b4bc

b5ee
b5f0
b5f2
b5f4

b726
b728
b72a
b72c

b85e
b860
b862
b864

b996
b998
b99a
b99c

bace
bad0
bad2
bad4

bc06
bc08
bc0a
bc0c

bd3e
bd40
bd4a
bd4c

be7e
be80
be82
be84

bfb6
bfb8
bfba
bfbc

c0ee
c0f0
c0f2
c0f4

c226
c228
c22a
c22c

c35e
c360
c362
c364

c496
c498
c49a
c49c

c5ce
c5d0
c5d2
c5d4

c706
c708
c70a
c70c

c83e
c840
c842
c844

c976
c978
c97a
c97c

caae
cab0
cab2
cab4

cbe6
cbe8
cbea
cbec

cd1e
cd20
cd22
cd24

ce56
ce58
ce5a
ce5c

cf8e
cf90
cf92
cf94

d0c6
d0c8
d0d2
d0d4

d206
d208
d20a
d20c

d33e
d340
d342
d344

d476
d478
d47a
d47c

d5ae
d5b0
d5b2
d5b4

d6e6
d6e8
d6ea
d6ec

d81e
d820
d822
d824

d956
d958
d95a
d95c

da8e
da90
da92
da94

dbc6
dbc8
dbca
dbcc

dcfe
dd00
dd02
dd04

de36
de38
de3a
de3c

df6e
df70
df72
df74

e0a6
e0a8
e0aa
e0ac

e1de
e1e0
e1e2
e1e4

e316
e318
e31a
e31c

e44e
e450
e45a
e45c

e58e
e590
e592
e594

e6c6
e6c8
e6ca
e6cc

e7fe
e800
e802
e804

e936
e938
e93a
e93c

ea6e
ea70
ea72
ea74

eba6
eba8
ebaa
ebac

ecde
ece0
ece2
ece4

ee16
ee18
ee1a
ee1c

ef4e
ef50
ef52
ef54

f086
f088
f08a
f08c

f1be
f1c0
f1c2
f1c4

f2f6
f2f8
f2fa
f2fc

f42e
f430
f432
f434

f566
f568
f56a
f56c

f69e
f6a0
f6a2
f6a4

f7d6
f7d8
f7e2
f7e4

f916
f918
f91a
f91c

fa4e
fa50
fa52
fa54

fb86
fb88
fb8a
fb8c

fcbe
fcc0
fcc2
fcc4

fdf6
fdf8
fdfa
fdfc

ff2e
ff30
ff32
ff34

0066
0068
006a
006c

019e
01a0
01a2
01a4

02d6
02d8
02da
02dc

040e
0410
0412
0414

0546
0548
054a
054c

067e
0680
0682
0684

07b6
07b8
07ba
07bc

08ee
08f0
08f2
08f4

0a26
0a28
0a2a
0a2c

0b5e
0b60
0b6a
0b6c

0c96
0c98
0ca2
0ca4

0dd6
0dd8
0dda
0ddc

0f0e
0f10
0f12
0f14

1046
1048
104a
104c

117e
1180
1182
1184

12b6
12b8
12ba
12bc

13ee
13f0
13f2
13f4

1526
1528
152a
152c

165e
1660
1662
1664

1796
1798
179a
179c

18ce
18d0
18d2
18d4

1a06
1a08
1a0a
1a0c

1b3e
1b40
1b42
1b44

1c76
1c78
1c7a
1c7c

1dae
1db0
1db2
1db4

1ee6
1ee8
1eea
1eec

201e
2020
202a
202c

215e
2160
2162
2164

2296
2298
229a
229c

23ce
23d0
23d2
23d4

2506
2508
250a
250c

263e
2640
2642
2644

2776
2778
277a
277c

28ae
28b0
28b2
28b4

29e6
29e8
29ea
29ec

2b1e
2b20
2b22
2b24

2c56
2c58
2c5a
2c5c

2d8e
2d90
2d92
2d94

2ec6
2ec8
2eca
2ecc

2ffe
3000
3002
3004

3136
3138
313a
313c

326e
3270
3272
3274

33a6
33a8
33b2
33b4

34e6
34e8
34ea
34ec

361e
3620
3622
3624

3756
3758
375a
375c

388e
3890
3892
3894

39c6
39c8
39ca
39cc

3afe
3b00
3b02
3b04

3c36
3c38
3c3a
3c3c

3d6e
3d70
3d72
3d74

3ea6
3ea8
3eaa
3eac

3fde
3fe0
3fe2
3fe4

4116
4118
411a
411c

424e
4250
4252
4254

4386
4388
438a
438c

44be
44c0
44c2
44c4

45f6
45f8
45fa
45fc

472e
4730
473a
473c

486e
4870
4872
4874

49a6
49a8
49aa
49ac

4ade
4ae0
4ae2
4ae4

4c16
4c18
4c1a
4c1c

4d4e
4d50
4d52
4d54

4e86
4e88
4e8a
4e8c

4fbe
4fc0
4fc2
4fc4

50f6
50f8
50fa
50fc

522e
5230
5232
5234

5366
5368
536a
536c

549e
54a0
54a2
54a4

55d6
55d8
55da
55dc

570e
5710
5712
5714

5846
5848
584a
584c

597e
5980
5982
5984

5ab6
5ab8
5ac2
5ac4

5bf6
5bf8
5bfa
5bfc

5d2e
5d30
5d32
5d34

5e66
5e68
5e6a
5e6c

5f9e
5fa0
5fa2
5fa4

60d6
60d8
60da
60dc

620e
6210
6212
6214

6346
6348
634a
634c

647e
6480
6482
6484

65b6
65b8
65ba
65bc

66ee
66f0
66f2
66f4

6826
6828
682a
682c

695e
6960
6962
6964

6a96
6a98
6a9a
6a9c

6bce
6bd0
6bd2
6bd4

6d06
6d08
6d0a
6d0c

6e3e
6e40
6e4a
6e4c

6f7e
6f80
6f82
6f84

70b6
70b8
70ba
70bc

71ee
71f0
71f2
71f4

7326
7328
732a
732c

745e
7460
7462
7464

7596
7598
759a
759c

76ce
76d0
76d2
76d4

7806
7808
780a
780c

793e
7940
7942
7944

7a76
7a78
7a7a
7a7c

7bae
7bb0
7bb2
7bb4

7ce6
7ce8
7cea
7cec

7e1e
7e20
7e22
7e24

7f56
7f58
7f5a
7f5c

808e
8090
8092
8094

81c6
81c8
81d2
81d4

82fe
8300
830a
830c

843e
8440
8442
8444

8576
8578
857a
857c

86ae
86b0
86b2
86b4

87e6
87e8
87ea
87ec

891e
8920
8922
8924

8a56
8a58
8a5a
8a5c

8b8e
8b90
8b92
8b94

8cc6
8cc8
8cca
8ccc

8dfe
8e00
8e02
8e04

8f36
8f38
8f3a
8f3c

906e
9070
9072
9074

91a6
91a8
91aa
91ac

92de
92e0
92e2
92e4

9416
9418
941a
941c

954e
9550
9552
9554

9686
9688
9692
9694

97c6
97c8
97ca
97cc

98fe
9900
9902
9904

9a36
9a38
9a3a
9a3c

9b6e
9b70
9b72
9b74

9ca6
9ca8
9caa
9cac

9dde
9de0
9de2
9de4

9f16
9f18
9f1a
9f1c

a04e
a050
a052
a054

a186
a188
a18a
a18c

a2be
a2c0
a2c2
a2c4

a3f6
a3f8
a3fa
a3fc

a52e
a530
a532
a534

a666
a668
a66a
a66c

a79e
a7a0
a7a2
a7a4

a8d6
a8d8
a8da
a8dc

aa0e
aa10
aa1a
aa1c

ab4e
ab50
ab52
ab54

ac86
ac88
ac8a
ac8c

adbe
adc0
adc2
adc4

aef6
aef8
aefa
aefc

b02e
b030
b032
b034

b166
b168
b16a
b16c

b29e
b2a0
b2a2
b2a4

b3d6
b3d8
b3da
b3dc

b50e
b510
b512
b514

b646
b648
b64a
b64c

b77e
b780
b782
b784

b8b6
b8b8
b8ba
b8bc

b9ee
b9f0
b9f2
b9f4

bb26
bb28
bb2a
bb2c

bc5e
bc60
bc62
bc64

bd96
bd98
bda2
bda4

bed6
bed8
beda
bedc

c00e
c010
c012
c014

c146
c148
c14a
c14c

c27e
c280
c282
c284

c3b6
c3b8
c3ba
c3bc

c4ee
c4f0
c4f2
c4f4

c626
c628
c62a
c62c

c75e
c760
c762
c764

c896
c898
c89a
c89c

c9ce
c9d0
c9d2
c9d4

cb06
cb08
cb0a
cb0c

cc3e
cc40
cc42
cc44

cd76
cd78
cd7a
cd7c

ceae
ceb0
ceb2
ceb4

cfe6
cfe8
cfea
cfec

d11e
d120
d12a
d12c

d25e
d260
d262
d264

d396
d398
d39a
d39c

d4ce
d4d0
d4d2
d4d4

d606
d608
d60a
d60c

d73e
d740
d742
d744

d876
d878
d87a
d87c

d9ae
d9b0
d9b2
d9b4

dae6
dae8
daea
daec

dc1e
dc20
dc22
dc24

dd56
dd58
dd5a
dd5c

de8e
de90
de92
de94

dfc6
dfc8
dfca
dfcc

e0fe
e100
e102
e104

e236
e238
e23a
e23c

e36e
e370
e372
e374

e4a6
e4a8
e4b2
e4b4

e5de
e5e0
e5ea
e5ec

e71e
e720
e722
e724

e856
e858
e85a
e85c

e98e
e990
e992
e994

eac6
eac8
eaca
eacc

ebfe
ec00
ec02
ec04

ed36
ed38
ed3a
ed3c

ee6e
ee70
ee72
ee74

efa6
efa8
efaa
efac

f0de
f0e0
f0e2
f0e4

f216
f218
f21a
f21c

f34e
f350
f352
f354

f486
f488
f48a
f48c

f5be
f5c0
f5c2
f5c4

f6f6
f6f8
f6fa
f6fc

f82e
f830
f832
f834

f966
f968
f972
f974

faa6
faa8
faaa
faac

fbde
fbe0
fbe2
fbe4

fd16
fd18
fd1a
fd1c

fe4e
fe50
fe52
fe54

ff86
ff88
ff8a
ff8c

00be
00c0
00c2
00c4

01f6
01f8
01fa
01fc

032e
0330
0332
0334

0466
0468
046a
046c

059e
05a0
05a2
05a4

06d6
06d8
06da
06dc

080e
0810
0812
0814

0946
0948
094a
094c

0a7e
0a80
0a82
0a84

0bb6
0bb8
0bba
0bbc

0cee
0cf0
0cfa
0cfc

0e2e
0e30
0e32
0e34

0f66
0f68
0f6a
0f6c

109e
10a0
10a2
10a4

11d6
11d8
11da
11dc

130e
1310
1312
1314

1446
1448
144a
144c

157e
1580
1582
1584

16b6
16b8
16ba
16bc

17ee
17f0
17f2
17f4

1926
1928
192a
192c

1a5e
1a60
1a62
1a64

1b96
1b98
1b9a
1b9c

1cce
1cd0
1cd2
1cd4

1e06
1e08
1e0a
1e0c

1f3e
1f40
1f42
1f44

2076
2078
2082
2084

21b6
21b8
21ba
21bc

22ee
22f0
22f2
22f4

2426
2428
242a
242c

255e
2560
2562
2564

2696
2698
269a
269c

27ce
27d0
27d2
27d4

2906
2908
290a
290c

2a3e
2a40
2a42
2a44

2b76
2b78
2b7a
2b7c

2cae
2cb0
2cb2
2cb4

2de6
2de8
2dea
2dec

2f1e
2f20
2f22
2f24

3056
3058
305a
305c

318e
3190
3192
3194

32c6
32c8
32ca
32cc

33fe
3400
340a
340c

353e
3540
3542
3544

3676
3678
367a
367c

37ae
37b0
37b2
37b4

38e6
38e8
38ea
38ec

3a1e
3a20
3a22
3a24

3b56
3b58
3b5a
3b5c

3c8e
3c90
3c92
3c94

3dc6
3dc8
3dca
3dcc

3efe
3f00
3f02
3f04

4036
4038
403a
403c

416e
4170
4172
4174

42a6
42a8
42aa
42ac

43de
43e0
43e2
43e4

4516
4518
451a
451c

464e
4650
4652
4654

4786
4788
4792
4794

48be
48c0
48ca
48cc

49fe
4a00
4a02
4a04

4b36
4b38
4b3a
4b3c

4c6e
4c70
4c72
4c74

4da6
4da8
4daa
4dac

4ede
4ee0
4ee2
4ee4

5016
5018
501a
501c

514e
5150
5152
5154

5286
5288
528a
528c

53be
53c0
53c2
53c4

54f6
54f8
54fa
54fc

562e
5630
5632
5634

5766
5768
576a
576c

589e
58a0
58a2
58a4

59d6
59d8
59da
59dc

5b0e
5b10
5b1a
5b1c

5c46
5c48
5c52
5c54

5d86
5d88
5d8a
5d8c

5ebe
5ec0
5ec2
5ec4

5ff6
5ff8
5ffa
5ffc

612e
6130
6132
6134

6266
6268
626a
626c

639e
63a0
63a2
63a4

64d6
64d8
64da
64dc

660e
6610
6612
6614

6746
6748
674a
674c

687e
6880
6882
6884

69b6
69b8
69ba
69bc

6aee
6af0
6af2
6af4

6c26
6c28
6c2a
6c2c

6d5e
6d60
6d62
6d64

6e96
6e98
6ea2
6ea4

6fce
6fd0
6fda
6fdc

710e
7110
7112
7114

7246
7248
724a
724c

737e
7380
7382
7384

74b6
74b8
74ba
74bc

75ee
75f0
75f2
75f4

7726
7728
772a
772c

785e
7860
7862
7864

7996
7998
799a
799c

7ace
7ad0
7ad2
7ad4

7c06
7c08
7c0a
7c0c

7d3e
7d40
7d42
7d44

7e76
7e78
7e7a
7e7c

7fae
7fb0
7fb2
7fb4

80e6
80e8
80ea
80ec

821e
8220
8222
8224

8356
8358
8362
8364

8496
8498
849a
849c

85ce
85d0
85d2
85d4

8706
8708
870a
870c

883e
8840
8842
8844

8976
8978
897a
897c

8aae
8ab0
8ab2
8ab4

8be6
8be8
8bea
8bec

8d1e
8d20
8d22
8d24

8e56
8e58
8e5a
8e5c

8f8e
8f90
8f92
8f94

90c6
90c8
90ca
90cc

91fe
9200
9202
9204

9336
9338
933a
933c

946e
9470
9472
9474

95a6
95a8
95aa
95ac

96de
96e0
96ea
96ec

981e
9820
9822
9824

9956
9958
995a
995c

9a8e
9a90
9a92
9a94

9bc6
9bc8
9bca
9bcc

9cfe
9d00
9d02
9d04

9e36
9e38
9e3a
9e3c

9f6e
9f70
9f72
9f74

a0a6
a0a8
a0aa
a0ac

a1de
a1e0
a1e2
a1e4

a316
a318
a31a
a31c

a44e
a450
a452
a454

a586
a588
a58a
a58c

a6be
a6c0
a6c2
a6c4

a7f6
a7f8
a7fa
a7fc

a92e
a930
a932
a934

aa66
aa68
aa72
aa74

aba6
aba8
abaa
abac

acde
ace0
ace2
ace4

ae16
ae18
ae1a
ae1c

af4e
af50
af52
af54

b086
b088
b08a
b08c

b1be
b1c0
b1c2
b1c4

b2f6
b2f8
b2fa
b2fc

b42e
b430
b432
b434

b566
b568
b56a
b56c

b69e
b6a0
b6a2
b6a4

b7d6
b7d8
b7da
b7dc

b90e
b910
b912
b914

ba46
ba48
ba4a
ba4c

bb7e
bb80
bb82
bb84

bcb6
bcb8
bcba
bcbc

bdee
bdf0
bdfa
bdfc

bf26
bf28
bf32
bf34

c066
c068
c06a
c06c

c19e
c1a0
c1a2
c1a4

c2d6
c2d8
c2da
c2dc

c40e
c410
c412
c414

c546
c548
c54a
c54c

c67e
c680
c682
c684

c7b6
c7b8
c7ba
c7bc

c8ee
c8f0
c8f2
c8f4

ca26
ca28
ca2a
ca2c

cb5e
cb60
cb62
cb64

cc96
cc98
cc9a
cc9c

cdce
cdd0
cdd2
cdd4

cf06
cf08
cf0a
cf0c

d03e
d040
d042
d044

d176
d178
d17a
d17c

d2ae
d2b0
d2ba
d2bc

d3ee
d3f0
d3f2
d3f4

d526
d528
d52a
d52c

d65e
d660
d662
d664

d796
d798
d79a
d79c

d8ce
d8d0
d8d2
d8d4

da06
da08
da0a
da0c

db3e
db40
db42
db44

dc76
dc78
dc7a
dc7c

ddae
ddb0
ddb2
ddb4

dee6
dee8
deea
deec

e01e
e020
e022
e024

e156
e158
e15a
e15c

e28e
e290
e292
e294

e3c6
e3c8
e3ca
e3cc

e4fe
e500
e502
e504

e636
e638
e642
e644

e776
e778
e77a
e77c

e8ae
e8b0
e8b2
e8b4

e9e6
e9e8
e9ea
e9ec

eb1e
eb20
eb22
eb24

ec56
ec58
ec5a
ec5c

ed8e
ed90
ed92
ed94

eec6
eec8
eeca
eecc

effe
f000
f002
f004

f136
f138
f13a
f13c

f26e
f270
f272
f274

f3a6
f3a8
f3aa
f3ac

f4de
f4e0
f4e2
f4e4

f616
f618
f61a
f61c

f74e
f750
f752
f754

f886
f888
f88a
f88c

f9be
f9c0
f9ca
f9cc

fafe
fb00
fb02
fb04

fc36
fc38
fc3a
fc3c

fd6e
fd70
fd72
fd74

fea6
fea8
feaa
feac

ffde
ffe0
ffe2
ffe4

0116
0118
011a
011c

024e
0250
0252
0254

0386
0388
038a
038c

04be
04c0
04c2
04c4

05f6
05f8
05fa
05fc

072e
0730
0732
0734

0866
0868
086a
086c

099e
09a0
09a2
09a4

0ad6
0ad8
0ada
0adc

0c0e
0c10
0c12
0c14

0d46
0d48
0d52
0d54

0e86
0e88
0e8a
0e8c

0fbe
0fc0
0fc2
0fc4

10f6
10f8
10fa
10fc

122e
1230
1232
1234

1366
1368
136a
136c

149e
14a0
14a2
14a4

15d6
15d8
15da
15dc

170e
1710
1712
1714

1846
1848
184a
184c

197e
1980
1982
1984

1ab6
1ab8
1aba
1abc

1bee
1bf0
1bf2
1bf4

1d26
1d28
1d2a
1d2c

1e5e
1e60
1e62
1e64

1f96
1f98
1f9a
1f9c

20ce
20d0
20da
20dc

220e
2210
2212
2214

2346
2348
234a
234c

247e
2480
2482
2484

25b6
25b8
25ba
25bc

26ee
26f0
26f2
26f4

2826
2828
282a
282c

295e
2960
2962
2964

2a96
2a98
2a9a
2a9c

2bce
2bd0
2bd2
2bd4

2d06
2d08
2d0a
2d0c

2e3e
2e40
2e42
2e44

2f76
2f78
2f7a
2f7c

30ae
30b0
30b2
30b4

31e6
31e8
31ea
31ec

331e
3320
3322
3324

3456
3458
3462
3464

358e
3590
359a
359c

36ce
36d0
36d2
36d4

3806
3808
380a
380c

393e
3940
3942
3944

3a76
3a78
3a7a
3a7c

3bae
3bb0
3bb2
3bb4

3ce6
3ce8
3cea
3cec

3e1e
3e20
3e22
3e24

3f56
3f58
3f5a
3f5c

408e
4090
4092
4094

41c6
41c8
41ca
41cc

42fe
4300
4302
4304

4436
4438
443a
443c

456e
4570
4572
4574

46a6
46a8
46aa
46ac

47de
47e0
47ea
47ec

4916
4918
4922
4924

4a56
4a58
4a5a
4a5c

4b8e
4b90
4b92
4b94

4cc6
4cc8
4cca
4ccc

4dfe
4e00
4e02
4e04

4f36
4f38
4f3a
4f3c

506e
5070
5072
5074

51a6
51a8
51aa
51ac

52de
52e0
52e2
52e4

5416
5418
541a
541c

554e
5550
5552
5554

5686
5688
568a
568c

57be
57c0
57c2
57c4

58f6
58f8
58fa
58fc

5a2e
5a30
5a32
5a34

5b66
5b68
5b6a
5b6c

5c9e
5ca0
5caa
5cac

5dde
5de0
5de2
5de4

5f16
5f18
5f1a
5f1c

604e
6050
6052
6054

6186
6188
618a
618c

62be
62c0
62c2
62c4

63f6
63f8
63fa
63fc

652e
6530
6532
6534

6666
6668
666a
666c

679e
67a0
67a2
67a4

68d6
68d8
68da
68dc

6a0e
6a10
6a12
6a14

6b46
6b48
6b4a
6b4c

6c7e
6c80
6c82
6c84

6db6
6db8
6dba
6dbc

6eee
6ef0
6ef2
6ef4

7026
7028
7032
7034

7166
7168
716a
716c

729e
72a0
72a2
72a4

73d6
73d8
73da
73dc

750e
7510
7512
7514

7646
7648
764a
764c

777e
7780
7782
7784

78b6
78b8
78ba
78bc

79ee
79f0
79f2
79f4

7b26
7b28
7b2a
7b2c

7c5e
7c60
7c62
7c64

7d96
7d98
7d9a
7d9c

7ece
7ed0
7ed2
7ed4

8006
8008
800a
800c

813e
8140
8142
8144

8276
8278
827a
827c

83ae
83b0
83ba
83bc

84ee
84f0
84f2
84f4

8626
8628
862a
862c

875e
8760
8762
8764

8896
8898
889a
889c

89ce
89d0
89d2
89d4

8b06
8b08
8b0a
8b0c

8c3e
8c40
8c42
8c44

8d76
8d78
8d7a
8d7c

8eae
8eb0
8eb2
8eb4

8fe6
8fe8
8fea
8fec

911e
9120
9122
9124

9256
9258
925a
925c

938e
9390
9392
9394

94c6
94c8
94ca
94cc

95fe
9600
9602
9604

9736
9738
9742
9744

986e
9870
987a
987c

99ae
99b0
99b2
99b4

9ae6
9ae8
9aea
9aec

9c1e
9c20
9c22
9c24

9d56
9d58
9d5a
9d5c

9e8e
9e90
9e92
9e94

9fc6
9fc8
9fca
9fcc

a0fe
a100
a102
a104

a236
a238
a23a
a23c

a36e
a370
a372
a374

a4a6
a4a8
a4aa
a4ac

a5de
a5e0
a5e2
a5e4

a716
a718
a71a
a71c

a84e
a850
a852
a854

a986
a988
a98a
a98c

aabe
aac0
aaca
aacc

abf6
abf8
ac02
ac04

ad36
ad38
ad3a
ad3c

ae6e
ae70
ae72
ae74

afa6
afa8
afaa
afac

b0de
b0e0
b0e2
b0e4

b216
b218
b21a
b21c

b34e
b350
b352
b354

b486
b488
b48a
b48c

b5be
b5c0
b5c2
b5c4

b6f6
b6f8
b6fa
b6fc

b82e
b830
b832
b834

b966
b968
b96a
b96c

ba9e
baa0
baa2
baa4

bbd6
bbd8
bbda
bbdc

bd0e
bd10
bd12
bd14

be46
be48
be52
be54

bf7e
bf80
bf8a
bf8c

c0be
c0c0
c0c2
c0c4

c1f6
c1f8
c1fa
c1fc

c32e
c330
c332
c334

c466
c468
c46a
c46c

c59e
c5a0
c5a2
c5a4

c6d6
c6d8
c6da
c6dc

c80e
c810
c812
c814

c946
c948
c94a
c94c

ca7e
ca80
ca82
ca84

cbb6
cbb8
cbba
cbbc

ccee
ccf0
ccf2
ccf4

ce26
ce28
ce2a
ce2c

cf5e
cf60
cf62
cf64

d096
d098
d09a
d09c

d1ce
d1d0
d1d2
d1d4

d306
d308
d312
d314

d446
d448
d44a
d44c

d57e
d580
d582
d584

d6b6
d6b8
d6ba
d6bc

d7ee
d7f0
d7f2
d7f4

d926
d928
d92a
d92c

da5e
da60
da62
da64

db96
db98
db9a
db9c

dcce
dcd0
dcd2
dcd4

de06
de08
de0a
de0c

df3e
df40
df42
df44

e076
e078
e07a
e07c

e1ae
e1b0
e1b2
e1b4

e2e6
e2e8
e2ea
e2ec

e41e
e420
e422
e424

e556
e558
e55a
e55c

e68e
e690
e69a
e69c

e7ce
e7d0
e7d2
e7d4

e906
e908
e90a
e90c

ea3e
ea40
ea42
ea44

eb76
eb78
eb7a
eb7c

ecae
ecb0
ecb2
ecb4

ede6
ede8
edea
edec

ef1e
ef20
ef22
ef24

f056
f058
f05a
f05c

f18e
f190
f192
f194

f2c6
f2c8
f2ca
f2cc

f3fe
f400
f402
f404

f536
f538
f53a
f53c

f66e
f670
f672
f674

f7a6
f7a8
f7aa
f7ac

f8de
f8e0
f8e2
f8e4

fa16
fa18
fa22
fa24

fb56
fb58
fb5a
fb5c

fc8e
fc90
fc92
fc94

fdc6
fdc8
fdca
fdcc

fefe
ff00
ff02
ff04

0036
0038
003a
003c

016e
0170
0172
0174

02a6
02a8
02aa
02ac

03de
03e0
03e2
03e4

0516
0518
051a
051c

064e
0650
0652
0654

0786
0788
078a
078c

08be
08c0
08c2
08c4

09f6
09f8
09fa
09fc

0b2e
0b30
0b32
0b34

0c66
0c68
0c6a
0c6c

0d9e
0da0
0daa
0dac

0ed6
0ed8
0ee2
0ee4

1016
1018
101a
101c

114e
1150
1152
1154

1286
1288
128a
128c

13be
13c0
13c2
13c4

14f6
14f8
14fa
14fc

162e
1630
1632
1634

1766
1768
176a
176c

189e
18a0
18a2
18a4

19d6
19d8
19da
19dc

1b0e
1b10
1b12
1b14

1c46
1c48
1c4a
1c4c

1d7e
1d80
1d82
1d84

1eb6
1eb8
1eba
1ebc

1fee
1ff0
1ff2
1ff4

2126
2128
2132
2134

225e
2260
226a
226c

239e
23a0
23a2
23a4

24d6
24d8
24da
24dc

260e
2610
2612
2614

2746
2748
274a
274c

287e
2880
2882
2884

29b6
29b8
29ba
29bc

2aee
2af0
2af2
2af4

2c26
2c28
2c2a
2c2c

2d5e
2d60
2d62
2d64

2e96
2e98
2e9a
2e9c

2fce
2fd0
2fd2
2fd4

3106
3108
310a
310c

323e
3240
3242
3244

3376
3378
337a
337c

34ae
34b0
34b2
34b4

35e6
35e8
35f2
35f4

3726
3728
372a
372c

385e
3860
3862
3864

3996
3998
399a
399c

3ace
3ad0
3ad2
3ad4

3c06
3c08
3c0a
3c0c

3d3e
3d40
3d42
3d44

3e76
3e78
3e7a
3e7c

3fae
3fb0
3fb2
3fb4

40e6
40e8
40ea
40ec

421e
4220
4222
4224

4356
4358
435a
435c

448e
4490
4492
4494

45c6
45c8
45ca
45cc

46fe
4700
4702
4704

4836
4838
483a
483c

496e
4970
497a
497c

4aae
4ab0
4ab2
4ab4

4be6
4be8
4bea
4bec

4d1e
4d20
4d22
4d24

4e56
4e58
4e5a
4e5c

4f8e
4f90
4f92
4f94

50c6
50c8
50ca
50cc

51fe
5200
5202
5204

5336
5338
533a
533c

546e
5470
5472
5474

55a6
55a8
55aa
55ac

56de
56e0
56e2
56e4

5816
5818
581a
581c

594e
5950
5952
5954

5a86
5a88
5a8a
5a8c

5bbe
5bc0
5bc2
5bc4

5cf6
5cf8
5d02
5d04

5e36
5e38
5e3a
5e3c

5f6e
5f70
5f72
5f74

60a6
60a8
60aa
60ac

61de
61e0
61e2
61e4

6316
6318
631a
631c

644e
6450
6452
6454

6586
6588
658a
658c

66be
66c0
66c2
66c4

67f6
67f8
67fa
67fc

692e
6930
6932
6934

6a66
6a68
6a6a
6a6c

6b9e
6ba0
6ba2
6ba4

6cd6
6cd8
6cda
6cdc

6e0e
6e10
6e12
6e14

6f46
6f48
6f4a
6f4c

707e
7080
708a
708c

71be
71c0
71c2
71c4

72f6
72f8
72fa
72fc

742e
7430
7432
7434

7566
7568
756a
756c

769e
76a0
76a2
76a4

77d6
77d8
77da
77dc

790e
7910
7912
7914

7a46
7a48
7a4a
7a4c

7b7e
7b80
7b82
7b84

7cb6
7cb8
7cba
7cbc

7dee
7df0
7df2
7df4

7f26
7f28
7f2a
7f2c

805e
8060
8062
8064

8196
8198
819a
819c

82ce
82d0
82d2
82d4

8406
8408
8412
8414

853e
8540
854a
854c

867e
8680
8682
8684

87b6
87b8
87ba
87bc

88ee
88f0
88f2
88f4

8a26
8a28
8a2a
8a2c

8b5e
8b60
8b62
8b64

8c96
8c98
8c9a
8c9c

8dce
8dd0
8dd2
8dd4

8f06
8f08
8f0a
8f0c

903e
9040
9042
9044

9176
9178
917a
917c

92ae
92b0
92b2
92b4

93e6
93e8
93ea
93ec

951e
9520
9522
9524

9656
9658
965a
965c

978e
9790
9792
9794

98c6
98c8
98d2
98d4

9a06
9a08
9a0a
9a0c

9b3e
9b40
9b42
9b44

9c76
9c78
9c7a
9c7c

9dae
9db0
9db2
9db4

9ee6
9ee8
9eea
9eec

a01e
a020
a022
a024

a156
a158
a15a
a15c

a28e
a290
a292
a294

a3c6
a3c8
a3ca
a3cc

a4fe
a500
a502
a504

a636
a638
a63a
a63c

a76e
a770
a772
a774

a8a6
a8a8
a8aa
a8ac

a9de
a9e0
a9e2
a9e4

ab16
ab18
ab1a
ab1c

ac4e
ac50
ac5a
ac5c

ad8e
ad90
ad92
ad94

aec6
aec8
aeca
aecc

affe
b000
b002
b004

b136
b138
b13a
b13c

b26e
b270
b272
b274

b3a6
b3a8
b3aa
b3ac

b4de
b4e0
b4e2
b4e4

b616
b618
b61a
b61c

b74e
b750
b752
b754

b886
b888
b88a
b88c

b9be
b9c0
b9c2
b9c4

baf6
baf8
bafa
bafc

bc2e
bc30
bc32
bc34

bd66
bd68
bd6a
bd6c

be9e
bea0
bea2
bea4

bfd6
bfd8
bfe2
bfe4

c116
c118
c11a
c11c

c24e
c250
c252
c254

c386
c388
c38a
c38c

c4be
c4c0
c4c2
c4c4

c5f6
c5f8
c5fa
c5fc

c72e
c730
c732
c734

c866
c868
c86a
c86c

c99e
c9a0
c9a2
c9a4

cad6
cad8
cada
cadc

cc0e
cc10
cc12
cc14

cd46
cd48
cd4a
cd4c

ce7e
ce80
ce82
ce84

cfb6
cfb8
cfba
cfbc

d0ee
d0f0
d0f2
d0f4

d226
d228
d22a
d22c

d35e
d360
d36a
d36c

d49e
d4a0
d4a2
d4a4

d5d6
d5d8
d5da
d5dc

d70e
d710
d712
d714

d846
d848
d84a
d84c

d97e
d980
d982
d984

dab6
dab8
daba
dabc

dbee
dbf0
dbf2
dbf4

dd26
dd28
dd2a
dd2c

de5e
de60
de62
de64

df96
df98
df9a
df9c

e0ce
e0d0
e0d2
e0d4

e206
e208
e20a
e20c

e33e
e340
e342
e344

e476
e478
e47a
e47c

e5ae
e5b0
e5b2
e5b4

e6e6
e6e8
e6f2
e6f4

e81e
e820
e82a
e82c

e95e
e960
e962
e964

ea96
ea98
ea9a
ea9c

ebce
ebd0
ebd2
ebd4

ed06
ed08
ed0a
ed0c

ee3e
ee40
ee42
ee44

ef76
ef78
ef7a
ef7c

f0ae
f0b0
f0b2
f0b4

f1e6
f1e8
f1ea
f1ec

f31e
f320
f322
f324

f456
f458
f45a
f45c

f58e
f590
f592
f594

f6c6
f6c8
f6ca
f6cc

f7fe
f800
f802
f804

f936
f938
f93a
f93c

fa6e
fa70
fa72
fa74

fba6
fba8
fbb2
fbb4

fce6
fce8
fcea
fcec

fe1e
fe20
fe22
fe24

ff56
ff58
ff5a
ff5c

008e
0090
0092
0094

01c6
01c8
01ca
01cc

02fe
0300
0302
0304

0436
0438
043a
043c

056e
0570
0572
0574

06a6
06a8
06aa
06ac

07de
07e0
07e2
07e4

0916
0918
091a
091c

0a4e
0a50
0a52
0a54

0b86
0b88
0b8a
0b8c

0cbe
0cc0
0cc2
0cc4

0df6
0df8
0e02
0e04

0f2e
0f30
0f3a
0f3c

106e
1070
1072
1074

11a6
11a8
11aa
11ac

12de
12e0
12e2
12e4

1416
1418
141a
141c

154e
1550
1552
1554

1686
1688
168a
168c

17be
17c0
17c2
17c4

18f6
18f8
18fa
18fc

1a2e
1a30
1a32
1a34

