0000
0000
0035
0071

00ab
00e6
0125
0163

019f
0000
0000
02df

0313
0000
0000
0453

048c
04c9
04fe
0544

0583
05be
05f7
0632

066a
06ab
06e9
071e

075d
079d
07d5
0816

084c
0886
08c1
08f7

093e
097c
09b2
09f2

0a28
0000
0000
0b6b

0ba5
0be2
0c15
0c51

0c8d
0cc1
0cfa
0d3c

0d74
0000
0000
0eb7

0eed
0000
0000
102f

106f
10b9
10ee
1134

116c
0000
0000
12af

12eb
0000
0000
142b

145f
0000
0000
159e

15dc
1624
165f
16a3

16de
0000
0000
1825

186e
18a3
18e9
1921

1967
19a3
19df
1a19

1a59
1a94
1ad6
1b17

1b4f
0000
0000
1c93

1cca
1cff
1d40
1d77

1dc0
1dfc
1e36
1e77

1ead
1eee
1f2c
1f69

1fa5
1fe3
201e
2062

2098
0000
0000
21da

2216
2251
2293
22ce

2303
2344
2384
23bc

23fd
2438
246b
24a8

24dd
2525
255e
25a1

25df
2616
264f
2685

26cc
270b
2746
2780

27c0
280a
2848
2885

28c4
2904
2943
297f

29ba
29ed
2a34
2a6d

2aaf
2ae5
2b1d
2b53

2b92
2bcc
2c0a
2c48

2c7f
2cbd
2cf9
2d33

2d6f
2dac
2de8
2e29

2e66
2eac
2eea
2f27

2f61
0000
0000
30a7

30e1
311c
315b
3191

31c9
0000
0000
330e

3348
338b
33cb
3409

3443
348a
34ca
3501

3549
357c
35b1
35e5

362a
3674
36af
36f1

3729
3765
37a0
37e0

381c
3851
3887
38bd

3903
3941
3975
39aa

39e8
0000
0000
3b29

3b60
0000
0000
3ca3

3cdd
3d24
3d5d
3d9b

3dd1
0000
0000
3f12

3f57
3f8b
3fc8
4004

4045
408a
40c2
4102

4137
4177
41b2
41f2

4231
0000
0000
4374

43b2
43f4
4433
446c

44a1
44d8
4520
4561

45a1
45e3
4623
4660

4695
46d5
470b
474b

4781
0000
0000
48c3

48fb
0000
0000
4a3f

4a73
4aab
4aea
4b22

4b5c
4b9d
4bd4
4c15

4c54
4c93
4cc7
4d0c

4d4a
4d8a
4dbf
4dfe

4e3a
4e6d
4eb1
4ee8

4f2e
4f72
4fa9
4fdf

501d
5065
50a0
50d3

510e
5149
5181
51b6

51ee
5223
5269
52a8

52e0
0000
0000
5424

5461
0000
0000
55a1

55db
0000
0000
5721

5758
0000
0000
589b

58d3
0000
0000
5a17

5a54
5a91
5ace
5b03

5b39
5b73
5bad
5bec

5c2a
0000
0000
5d6b

5da5
5dd8
5e0c
5e43

5e7a
5eb4
5ef5
5f35

5f72
0000
0000
60b2

60ec
6129
6162
61a4

61df
621c
6259
628d

62cb
6301
6341
637e

63b8
0000
0000
64fe

6541
657c
65bd
65f3

6633
6673
66b1
66e6

672c
6769
67aa
67e2

682b
686c
68a9
68e5

6920
695e
6999
69da

6a19
0000
0000
6b5c

6b97
6bce
6c07
6c49

6c88
0000
0000
6dcb

6e03
6e3f
6e7c
6eb1

6ee8
6f2a
6f61
6f9b

6fdb
7017
704b
7090

70cf
7110
7151
718c

71c6
720a
7247
727b

72c0
72fb
733c
7372

73b9
73ec
7426
745d

749e
74d0
750c
7548

7582
0000
0000
76c8

770a
0000
0000
784f

7887
78c3
78fa
792c

7964
79a2
79df
7a19

7a57
7a99
7ada
7b1a

7b52
7b8b
7bc1
7c01

7c38
0000
0000
7d7b

7db6
0000
0000
7efc

7f3c
7f7e
7fbe
7ffc

8037
807d
80b5
80eb

812a
8172
0000
0000

0000
0000
0000
0000

0000
0000
0000
0000

0000
0000
0000
0000

0000
0000
0000
0000

0000
0000
0000
0000

0000
0000
0000
0000

0000
0000
0000
0000

0000
0000
0000
0000

0000
0000
0000
0000

0000
0000
0000
0000

0000
0000
0000
0000

0000
0000
0000
0000

0000
0000
0000
0000

0000
0000
0000
0000

0000
0000
0000
0000

0000
0000
0000
0000

0000
0000
0000
0000

0000
0000
0000
0000

0000
0000
0000
0000

0000
0000
0000
0000

0000
0000
0000
0000

0000
0000
0000
0000

0000
0000
0000
0000

0000
0000
0000
0000

0000
0000
0000
0000

0000
0000
0000
0000

0000
0000
0000
0000

0000
0000
0000
0000

0000
0000
0000
0000

0000
0000
0000
0000

0000
0000
0000
0000

0000
0000
0000
0000

0000
0000
0000
0000

0000
0000
0000
0000

0000
0000
0000
0000

0000
0000
0000
0000

0000
0000
0000
0000

0000
0000
0000
0000

0000
0000
0000
0000

0000
0000
0000
0000

0000
0000
0000
0000

0000
0000
0000
0000

0000
0000
0000
0000

0000
0000
0000
0000

0000
0000
0000
0000

0000
0000
0000
0000

0000
0000
0000
0000

0000
0000
0000
0000

0000
0000
0000
0000

0000
0000
0000
0000

0000
0000
0000
0000

0000
0000
0000
0000

0000
0000
0000
0000

0000
0000
0000
0000

0000
0000
0000
0000

0000
0000
0000
0000

0000
0000
0000
0000

0000
0000
0000
0000

0000
0000
0000
0000

0000
0000
0000
0000

0000
0000
0000
0000

0000
0000
0000
0000

0000
0000
0000
0000

0000
0000
0000
0000

0000
0000
0000
0000

0000
0000
0000
0000

0000
0000
0000
0000

0000
0000
0000
0000

0000
0000
0000
0000

0000
0000
0000
0000

0000
0000
0000
0000

0000
0000
0000
0000

0000
0000
0000
0000

0000
0000
0000
0000

0000
0000
0000
0000

0000
0000
0000
0000

0000
0000
0000
0000

0000
0000
0000
0000

0000
0000
0000
0000

0000
0000
0000
0000

0000
0000
0000
0000

0000
0000
0000
0000

0000
0000
0000
0000

0000
0000
0000
0000

0000
0000
0000
0000

0000
0000
0000
0000

0000
0000
0000
0000

0000
0000
0000
0000

0000
0000
0000
0000

0000
0000
0000
0000

0000
0000
0000
0000

0000
0000
0000
0000

0000
0000
0000
0000

0000
0000
0000
0000

0000
0000
0000
0000

0000
0000
0000
0000

0000
0000
0000
0000

0000
0000
0000
0000

0000
0000
0000
0000

0000
0000
0000
0000

0000
0000
0000
0000

0000
0000
0000
0000

0000
0000
0000
0000

0000
0000
0000
0000

0000
0000
0000
0000

0000
0000
0000
0000

0000
0000
0000
0000

0000
0000
0000
0000

0000
0000
0000
0000

0000
0000
0000
0000

0000
0000
0000
0000

0000
0000
0000
0000

0000
0000
0000
0000

0000
0000
0000
0000

0000
0000
0000
0000

0000
0000
0000
0000

0000
0000
0000
0000

0000
0000
0000
0000

0000
0000
0000
0000

0000
0000
0000
0000

0000
0000
0000
0000

0000
0000
0000
0000

0000
0000
0000
0000

0000
0000
0000
0000

0000
0000
0000
0000

0000
0000
0000
0000

0000
0000
0000
0000

0000
0000
0000
0000

0000
0000
0000
0000

0000
0000
0000
0000

0000
0000
0000
0000

0000
0000
0000
0000

0000
0000
0000
0000

0000
0000
0000
0000

0000
0000
0000
0000

0000
0000
0000
0000

0000
0000
0000
0000

0000
0000
0000
0000

0000
0000
0000
0000

0000
0000
0000
0000

0000
0000
0000
0000

0000
0000
0000
0000

0000
0000
0000
0000

0000
0000
0000
0000

0000
0000
0000
0000

0000
0000
0000
0000

0000
0000
0000
0000

0000
0000
0000
0000

0000
0000
0000
0000

0000
0000
0000
0000

0000
0000
0000
0000

0000
0000
0000
0000

0000
0000
0000
0000

0000
0000
0000
0000

0000
0000
0000
0000

0000
0000
0000
0000

0000
0000
0000
0000

0000
0000
0000
0000

0000
0000
0000
0000

0000
0000
0000
0000

0000
0000
0000
0000

0000
0000
0000
0000

0000
0000
0000
0000

0000
0000
0000
0000

0000
0000
0000
0000

0000
0000
0000
0000

