0021
0022
0023
0024

00b9
00ba
00bb
00bc

0151
0152
0153
0154

01e9
01ea
01eb
01ec

0281
0282
0283
0284

0319
031a
031b
031c

03b1
03b2
03b3
03b4

0449
044a
044b
044c

04e1
04e2
04e3
04e4

0579
057a
057b
057c

0611
0612
0613
0614

06a9
06aa
06ab
06ac

0741
0742
0743
0744

07d9
07da
07db
07dc

0871
0872
0873
0874

0909
090a
090b
090c

09a1
09a2
09a3
09a4

0a39
0a3a
0a3b
0a3c

0ad1
0ad2
0ad3
0ad4

0b69
0b6a
0b6b
0b6c

0c01
0c02
0c03
0c04

0c99
0c9a
0c9b
0c9c

0d31
0d32
0d33
0d34

0dc9
0dca
0dcb
0dcc

0e61
0e62
0e63
0e64

0ef9
0efa
0efb
0efc

0f91
0f92
0f93
0f94

1029
102a
102b
102c

10c1
10c2
10c3
10c4

1159
115a
115b
115c

11f1
11f2
11f3
11f4

1289
128a
128b
128c

1321
1322
1323
1324

13b9
13ba
13bb
13bc

1451
1452
1453
1454

14e9
14ea
14eb
14ec

1581
1582
1583
1584

1619
161a
161b
161c

16b1
16b2
16b3
16b4

1749
174a
174b
174c

17e1
17e2
17e3
17e4

1879
187a
187b
187c

1911
1912
1913
1914

19a9
19aa
19ab
19ac

1a41
1a42
1a43
1a44

1ad9
1ada
1adb
1adc

1b71
1b72
1b73
1b74

1c09
1c0a
1c0b
1c0c

1ca1
1ca2
1ca3
1ca4

1d39
1d3a
1d3b
1d3c

1dd1
1dd2
1dd3
1dd4

1e69
1e6a
1e6b
1e6c

1f01
1f02
1f03
1f04

1f99
1f9a
1f9b
1f9c

2031
2032
2033
2034

20c9
20ca
20cb
20cc

2161
2162
2163
2164

21f9
21fa
21fb
21fc

2291
2292
2293
2294

2329
232a
232b
232c

23c1
23c2
23c3
23c4

2459
245a
245b
245c

24f1
24f2
24f3
24f4

2589
258a
258b
258c

2621
2622
2623
2624

26b9
26ba
26bb
26bc

2751
2752
2753
2754

27e9
27ea
27eb
27ec

2881
2882
2883
2884

2919
291a
291b
291c

29b1
29b2
29b3
29b4

2a49
2a4a
2a4b
2a4c

2ae1
2ae2
2ae3
2ae4

2b79
2b7a
2b7b
2b7c

2c11
2c12
2c13
2c14

2ca9
2caa
2cab
2cac

2d41
2d42
2d43
2d44

2dd9
2dda
2ddb
2ddc

2e71
2e72
2e73
2e74

2f09
2f0a
2f0b
2f0c

2fa1
2fa2
2fa3
2fa4

3039
303a
303b
303c

30d1
30d2
30d3
30d4

3169
316a
316b
316c

3201
3202
3203
3204

3299
329a
329b
329c

3331
3332
3333
3334

33c9
33ca
33cb
33cc

3461
3462
3463
3464

34f9
34fa
34fb
34fc

3591
3592
3593
3594

3629
362a
362b
362c

36c1
36c2
36c3
36c4

3759
375a
375b
375c

37f1
37f2
37f3
37f4

3889
388a
388b
388c

3921
3922
3923
3924

39b9
39ba
39bb
39bc

3a51
3a52
3a53
3a54

3ae9
3aea
3aeb
3aec

3b81
3b82
3b83
3b84

3c19
3c1a
3c1b
3c1c

7cb1
7cb2
7cb3
7cb4

7d49
7d4a
7d4b
7d4c

7de1
7de2
7de3
7de4

7e79
7e7a
7e7b
7e7c

7f11
7f12
7f13
7f14

7fa9
7faa
7fab
7fac

8041
8042
8043
8044

80d9
80da
80db
80dc

8171
8172
8173
8174

8209
820a
820b
820c

82a1
82a2
82a3
82a4

8339
833a
833b
833c

83d1
83d2
83d3
83d4

8469
846a
846b
846c

8501
8502
8503
8504

8599
859a
859b
859c

8631
8632
8633
8634

86c9
86ca
86cb
86cc

8761
8762
8763
8764

87f9
87fa
87fb
87fc

8891
8892
8893
8894

8929
892a
892b
892c

89c1
89c2
89c3
89c4

8a59
8a5a
8a5b
8a5c

8af1
8af2
8af3
8af4

8b89
8b8a
8b8b
8b8c

8c21
8c22
8c23
8c24

8cb9
8cba
8cbb
8cbc

8d51
8d52
8d53
8d54

8de9
8dea
8deb
8dec

8e81
8e82
8e83
8e84

8f19
8f1a
8f1b
8f1c

8fb1
8fb2
8fb3
8fb4

9049
904a
904b
904c

90e1
90e2
90e3
90e4

9179
917a
917b
917c

9211
9212
9213
9214

92a9
92aa
92ab
92ac

9341
9342
9343
9344

93d9
93da
93db
93dc

9471
9472
9473
9474

9509
950a
950b
950c

95a1
95a2
95a3
95a4

9639
963a
963b
963c

96d1
96d2
96d3
96d4

9769
976a
976b
976c

9801
9802
9803
9804

9899
989a
989b
989c

9931
9932
9933
9934

99c9
99ca
99cb
99cc

9a61
9a62
9a63
9a64

9af9
9afa
9afb
9afc

9b91
9b92
9b93
9b94

9c29
9c2a
9c2b
9c2c

9cc1
9cc2
9cc3
9cc4

9d59
9d5a
9d5b
9d5c

9df1
9df2
9df3
9df4

9e89
9e8a
9e8b
9e8c

9f21
9f22
9f23
9f24

9fb9
9fba
9fbb
9fbc

a051
a052
a053
a054

a0e9
a0ea
a0eb
a0ec

a181
a182
a183
a184

a219
a21a
a21b
a21c

a2b1
a2b2
a2b3
a2b4

a349
a34a
a34b
a34c

a3e1
a3e2
a3e3
a3e4

a479
a47a
a47b
a47c

a511
a512
a513
a514

a5a9
a5aa
a5ab
a5ac

a641
a642
a643
a644

a6d9
a6da
a6db
a6dc

a771
a772
a773
a774

a809
a80a
a80b
a80c

a8a1
a8a2
a8a3
a8a4

a939
a93a
a93b
a93c

a9d1
a9d2
a9d3
a9d4

aa69
aa6a
aa6b
aa6c

ab01
ab02
ab03
ab04

ab99
ab9a
ab9b
ab9c

ac31
ac32
ac33
ac34

acc9
acca
accb
accc

ad61
ad62
ad63
ad64

adf9
adfa
adfb
adfc

ae91
ae92
ae93
ae94

af29
af2a
af2b
af2c

afc1
afc2
afc3
afc4

b059
b05a
b05b
b05c

b0f1
b0f2
b0f3
b0f4

b189
b18a
b18b
b18c

b221
b222
b223
b224

b2b9
b2ba
b2bb
b2bc

b351
b352
b353
b354

b3e9
b3ea
b3eb
b3ec

b481
b482
b483
b484

b519
b51a
b51b
b51c

b5b1
b5b2
b5b3
b5b4

b649
b64a
b64b
b64c

b6e1
b6e2
b6e3
b6e4

b779
b77a
b77b
b77c

b811
b812
b813
b814

b8a9
b8aa
b8ab
b8ac

f944
f945
f946
f947

f9dc
f9dd
f9de
f9df

fa74
fa75
fa76
fa77

fb0c
fb0d
fb0e
fb0f

fba4
fba5
fba6
fba7

fc3c
fc3d
fc3e
fc3f

fcd4
fcd5
fcd6
fcd7

fd6c
fd6d
fd6e
fd6f

fe04
fe05
fe06
fe07

fe9c
fe9d
fe9e
fe9f

ff34
ff35
ff36
ff37

ffcc
ffcd
ffce
ffcf

0064
0065
0066
0067

00fc
00fd
00fe
00ff

0194
0195
0196
0197

022c
022d
022e
022f

02c4
02c5
02c6
02c7

035c
035d
035e
035f

03f4
03f5
03f6
03f7

048c
048d
048e
048f

0524
0525
0526
0527

05bc
05bd
05be
05bf

0654
0655
0656
0657

06ec
06ed
06ee
06ef

0784
0785
0786
0787

081c
081d
081e
081f

08b4
08b5
08b6
08b7

094c
094d
094e
094f

09e4
09e5
09e6
09e7

0a7c
0a7d
0a7e
0a7f

0b14
0b15
0b16
0b17

0bac
0bad
0bae
0baf

0c44
0c45
0c46
0c47

0cdc
0cdd
0cde
0cdf

0d74
0d75
0d76
0d77

0e0c
0e0d
0e0e
0e0f

0ea4
0ea5
0ea6
0ea7

0f3c
0f3d
0f3e
0f3f

0fd4
0fd5
0fd6
0fd7

106c
106d
106e
106f

1104
1105
1106
1107

119c
119d
119e
119f

1234
1235
1236
1237

12cc
12cd
12ce
12cf

1364
1365
1366
1367

13fc
13fd
13fe
13ff

1494
1495
1496
1497

152c
152d
152e
152f

15c4
15c5
15c6
15c7

165c
165d
165e
165f

16f4
16f5
16f6
16f7

178c
178d
178e
178f

1824
1825
1826
1827

18bc
18bd
18be
18bf

1954
1955
1956
1957

19ec
19ed
19ee
19ef

1a84
1a85
1a86
1a87

1b1c
1b1d
1b1e
1b1f

1bb4
1bb5
1bb6
1bb7

1c4c
1c4d
1c4e
1c4f

1ce4
1ce5
1ce6
1ce7

1d7c
1d7d
1d7e
1d7f

1e14
1e15
1e16
1e17

1eac
1ead
1eae
1eaf

1f44
1f45
1f46
1f47

1fdc
1fdd
1fde
1fdf

2074
2075
2076
2077

210c
210d
210e
210f

21a4
21a5
21a6
21a7

223c
223d
223e
223f

22d4
22d5
22d6
22d7

236c
236d
236e
236f

2404
2405
2406
2407

249c
249d
249e
249f

2534
2535
2536
2537

25cc
25cd
25ce
25cf

2664
2665
2666
2667

26fc
26fd
26fe
26ff

2794
2795
2796
2797

282c
282d
282e
282f

28c4
28c5
28c6
28c7

295c
295d
295e
295f

29f4
29f5
29f6
29f7

2a8c
2a8d
2a8e
2a8f

2b24
2b25
2b26
2b27

2bbc
2bbd
2bbe
2bbf

2c54
2c55
2c56
2c57

2cec
2ced
2cee
2cef

2d84
2d85
2d86
2d87

2e1c
2e1d
2e1e
2e1f

2eb4
2eb5
2eb6
2eb7

2f4c
2f4d
2f4e
2f4f

2fe4
2fe5
2fe6
2fe7

307c
307d
307e
307f

3114
3115
3116
3117

31ac
31ad
31ae
31af

3244
3245
3246
3247

32dc
32dd
32de
32df

3374
3375
3376
3377

340c
340d
340e
340f

34a4
34a5
34a6
34a7

353c
353d
353e
353f

35d4
35d5
35d6
35d7

766c
766d
766e
766f

7704
7705
7706
7707

779c
779d
779e
779f

7834
7835
7836
7837

78cc
78cd
78ce
78cf

7964
7965
7966
7967

79fc
79fd
79fe
79ff

7a94
7a95
7a96
7a97

7b2c
7b2d
7b2e
7b2f

7bc4
7bc5
7bc6
7bc7

7c5c
7c5d
7c5e
7c5f

7cf4
7cf5
7cf6
7cf7

7d8c
7d8d
7d8e
7d8f

7e24
7e25
7e26
7e27

7ebc
7ebd
7ebe
7ebf

7f54
7f55
7f56
7f57

7fec
7fed
7fee
7fef

8084
8085
8086
8087

811c
811d
811e
811f

81b4
81b5
81b6
81b7

824c
824d
824e
824f

82e4
82e5
82e6
82e7

837c
837d
837e
837f

8414
8415
8416
8417

84ac
84ad
84ae
84af

8544
8545
8546
8547

85dc
85dd
85de
85df

8674
8675
8676
8677

870c
870d
870e
870f

87a4
87a5
87a6
87a7

883c
883d
883e
883f

88d4
88d5
88d6
88d7

896c
896d
896e
896f

8a04
8a05
8a06
8a07

8a9c
8a9d
8a9e
8a9f

8b34
8b35
8b36
8b37

8bcc
8bcd
8bce
8bcf

8c64
8c65
8c66
8c67

8cfc
8cfd
8cfe
8cff

8d94
8d95
8d96
8d97

8e2c
8e2d
8e2e
8e2f

8ec4
8ec5
8ec6
8ec7

8f5c
8f5d
8f5e
8f5f

8ff4
8ff5
8ff6
8ff7

908c
908d
908e
908f

9124
9125
9126
9127

91bc
91bd
91be
91bf

9254
9255
9256
9257

92ec
92ed
92ee
92ef

9384
9385
9386
9387

941c
941d
941e
941f

94b4
94b5
94b6
94b7

954c
954d
954e
954f

95e4
95e5
95e6
95e7

967c
967d
967e
967f

9714
9715
9716
9717

97ac
97ad
97ae
97af

9844
9845
9846
9847

98dc
98dd
98de
98df

9974
9975
9976
9977

9a0c
9a0d
9a0e
9a0f

9aa4
9aa5
9aa6
9aa7

9b3c
9b3d
9b3e
9b3f

9bd4
9bd5
9bd6
9bd7

9c6c
9c6d
9c6e
9c6f

9d04
9d05
9d06
9d07

9d9c
9d9d
9d9e
9d9f

9e34
9e35
9e36
9e37

9ecc
9ecd
9ece
9ecf

9f64
9f65
9f66
9f67

9ffc
9ffd
9ffe
9fff

a094
a095
a096
a097

a12c
a12d
a12e
a12f

a1c4
a1c5
a1c6
a1c7

a25c
a25d
a25e
a25f

a2f4
a2f5
a2f6
a2f7

a38c
a38d
a38e
a38f

a424
a425
a426
a427

a4bc
a4bd
a4be
a4bf

a554
a555
a556
a557

a5ec
a5ed
a5ee
a5ef

a684
a685
a686
a687

a71c
a71d
a71e
a71f

a7b4
a7b5
a7b6
a7b7

a84c
a84d
a84e
a84f

a8e4
a8e5
a8e6
a8e7

a97c
a97d
a97e
a97f

aa14
aa15
aa16
aa17

aaac
aaad
aaae
aaaf

ab44
ab45
ab46
ab47

abdc
abdd
abde
abdf

ac74
ac75
ac76
ac77

ad0c
ad0d
ad0e
ad0f

ada4
ada5
ada6
ada7

ae3c
ae3d
ae3e
ae3f

aed4
aed5
aed6
aed7

af6c
af6d
af6e
af6f

b004
b005
b006
b007

b09c
b09d
b09e
b09f

b134
b135
b136
b137

b1cc
b1cd
b1ce
b1cf

b264
b265
b266
b267

f2ff
f300
f301
f302

f397
f398
f399
f39a

f42f
f430
f431
f432

f4c7
f4c8
f4c9
f4ca

f55f
f560
f561
f562

f5f7
f5f8
f5f9
f5fa

f68f
f690
f691
f692

f727
f728
f729
f72a

f7bf
f7c0
f7c1
f7c2

f857
f858
f859
f85a

f8ef
f8f0
f8f1
f8f2

f987
f988
f989
f98a

fa1f
fa20
fa21
fa22

fab7
fab8
fab9
faba

fb4f
fb50
fb51
fb52

fbe7
fbe8
fbe9
fbea

fc7f
fc80
fc81
fc82

fd17
fd18
fd19
fd1a

fdaf
fdb0
fdb1
fdb2

fe47
fe48
fe49
fe4a

fedf
fee0
fee1
fee2

ff77
ff78
ff79
ff7a

0010
0011
0012
0013

00a8
00a9
00aa
00ab

0140
0141
0142
0143

01d8
01d9
01da
01db

0270
0271
0272
0273

0308
0309
030a
030b

03a0
03a1
03a2
03a3

0438
0439
043a
043b

04d0
04d1
04d2
04d3

0568
0569
056a
056b

0600
0601
0602
0603

0698
0699
069a
069b

0730
0731
0732
0733

07c8
07c9
07ca
07cb

0860
0861
0862
0863

08f8
08f9
08fa
08fb

0990
0991
0992
0993

0a28
0a29
0a2a
0a2b

0ac0
0ac1
0ac2
0ac3

0b58
0b59
0b5a
0b5b

0bf0
0bf1
0bf2
0bf3

0c88
0c89
0c8a
0c8b

0d20
0d21
0d22
0d23

0db8
0db9
0dba
0dbb

0e50
0e51
0e52
0e53

0ee8
0ee9
0eea
0eeb

0f80
0f81
0f82
0f83

1018
1019
101a
101b

10b0
10b1
10b2
10b3

1148
1149
114a
114b

11e0
11e1
11e2
11e3

1278
1279
127a
127b

1310
1311
1312
1313

13a8
13a9
13aa
13ab

1440
1441
1442
1443

14d8
14d9
14da
14db

1570
1571
1572
1573

1608
1609
160a
160b

16a0
16a1
16a2
16a3

1738
1739
173a
173b

17d0
17d1
17d2
17d3

1868
1869
186a
186b

1900
1901
1902
1903

1998
1999
199a
199b

1a30
1a31
1a32
1a33

1ac8
1ac9
1aca
1acb

1b60
1b61
1b62
1b63

1bf8
1bf9
1bfa
1bfb

1c90
1c91
1c92
1c93

1d28
1d29
1d2a
1d2b

1dc0
1dc1
1dc2
1dc3

1e58
1e59
1e5a
1e5b

1ef0
1ef1
1ef2
1ef3

1f88
1f89
1f8a
1f8b

2020
2021
2022
2023

20b8
20b9
20ba
20bb

2150
2151
2152
2153

21e8
21e9
21ea
21eb

2280
2281
2282
2283

2318
2319
231a
231b

23b0
23b1
23b2
23b3

2448
2449
244a
244b

24e0
24e1
24e2
24e3

2578
2579
257a
257b

2610
2611
2612
2613

26a8
26a9
26aa
26ab

2740
2741
2742
2743

27d8
27d9
27da
27db

2870
2871
2872
2873

2908
2909
290a
290b

29a0
29a1
29a2
29a3

2a38
2a39
2a3a
2a3b

2ad0
2ad1
2ad2
2ad3

2b68
2b69
2b6a
2b6b

2c00
2c01
2c02
2c03

2c98
2c99
2c9a
2c9b

2d30
2d31
2d32
2d33

2dc8
2dc9
2dca
2dcb

2e60
2e61
2e62
2e63

2ef8
2ef9
2efa
2efb

6f92
6f93
6f94
6f95

702a
702b
702c
702d

70c2
70c3
70c4
70c5

715a
715b
715c
715d

71f2
71f3
71f4
71f5

728a
728b
728c
728d

7322
7323
7324
7325

73ba
73bb
73bc
73bd

7452
7453
7454
7455

74ea
74eb
74ec
74ed

7582
7583
7584
7585

761a
761b
761c
761d

76b2
76b3
76b4
76b5

774a
774b
774c
774d

77e2
77e3
77e4
77e5

787a
787b
787c
787d

7912
7913
7914
7915

79aa
79ab
79ac
79ad

7a42
7a43
7a44
7a45

7ada
7adb
7adc
7add

7b72
7b73
7b74
7b75

7c0a
7c0b
7c0c
7c0d

7ca2
7ca3
7ca4
7ca5

7d3a
7d3b
7d3c
7d3d

7dd2
7dd3
7dd4
7dd5

7e6a
7e6b
7e6c
7e6d

7f02
7f03
7f04
7f05

7f9a
7f9b
7f9c
7f9d

8032
8033
8034
8035

80ca
80cb
80cc
80cd

8162
8163
8164
8165

81fa
81fb
81fc
81fd

8292
8293
8294
8295

832a
832b
832c
832d

83c2
83c3
83c4
83c5

845a
845b
845c
845d

84f2
84f3
84f4
84f5

858a
858b
858c
858d

8622
8623
8624
8625

86ba
86bb
86bc
86bd

8752
8753
8754
8755

87ea
87eb
87ec
87ed

8882
8883
8884
8885

891a
891b
891c
891d

89b2
89b3
89b4
89b5

8a4a
8a4b
8a4c
8a4d

8ae2
8ae3
8ae4
8ae5

8b7a
8b7b
8b7c
8b7d

8c12
8c13
8c14
8c15

8caa
8cab
8cac
8cad

8d42
8d43
8d44
8d45

8dda
8ddb
8ddc
8ddd

8e72
8e73
8e74
8e75

8f0a
8f0b
8f0c
8f0d

8fa2
8fa3
8fa4
8fa5

903a
903b
903c
903d

90d2
90d3
90d4
90d5

916a
916b
916c
916d

9202
9203
9204
9205

929a
929b
929c
929d

9332
9333
9334
9335

93ca
93cb
93cc
93cd

9462
9463
9464
9465

94fa
94fb
94fc
94fd

9592
9593
9594
9595

962a
962b
962c
962d

96c2
96c3
96c4
96c5

975a
975b
975c
975d

97f2
97f3
97f4
97f5

988a
988b
988c
988d

9922
9923
9924
9925

99ba
99bb
99bc
99bd

9a52
9a53
9a54
9a55

9aea
9aeb
9aec
9aed

9b82
9b83
9b84
9b85

9c1a
9c1b
9c1c
9c1d

9cb2
9cb3
9cb4
9cb5

9d4a
9d4b
9d4c
9d4d

9de2
9de3
9de4
9de5

9e7a
9e7b
9e7c
9e7d

9f12
9f13
9f14
9f15

9faa
9fab
9fac
9fad

a042
a043
a044
a045

a0da
a0db
a0dc
a0dd

a172
a173
a174
a175

a20a
a20b
a20c
a20d

a2a2
a2a3
a2a4
a2a5

a33a
a33b
a33c
a33d

a3d2
a3d3
a3d4
a3d5

a46a
a46b
a46c
a46d

a502
a503
a504
a505

a59a
a59b
a59c
a59d

a632
a633
a634
a635

a6ca
a6cb
a6cc
a6cd

a762
a763
a764
a765

a7fa
a7fb
a7fc
a7fd

a892
a893
a894
a895

a92a
a92b
a92c
a92d

a9c2
a9c3
a9c4
a9c5

aa5a
aa5b
aa5c
aa5d

aaf2
aaf3
aaf4
aaf5

ab8a
ab8b
ab8c
ab8d

ec22
ec23
ec24
ec25

ecba
ecbb
ecbc
ecbd

ed52
ed53
ed54
ed55

edea
edeb
edec
eded

ee82
ee83
ee84
ee85

ef1a
ef1b
ef1c
ef1d

efb2
efb3
efb4
efb5

f04a
f04b
f04c
f04d

f0e2
f0e3
f0e4
f0e5

f17a
f17b
f17c
f17d

f212
f213
f214
f215

f2aa
f2ab
f2ac
f2ad

f342
f343
f344
f345

f3da
f3db
f3dc
f3dd

f472
f473
f474
f475

f50a
f50b
f50c
f50d

f5a2
f5a3
f5a4
f5a5

f63a
f63b
f63c
f63d

f6d2
f6d3
f6d4
f6d5

f76a
f76b
f76c
f76d

f802
f803
f804
f805

f89a
f89b
f89c
f89d

f932
f933
f934
f935

f9ca
f9cb
f9cc
f9cd

fa62
fa63
fa64
fa65

fafa
fafb
fafc
fafd

fb92
fb93
fb94
fb95

fc2a
fc2b
fc2c
fc2d

fcc2
fcc3
fcc4
fcc5

fd5a
fd5b
fd5c
fd5d

fdf2
fdf3
fdf4
fdf5

fe8a
fe8b
fe8c
fe8d

ff22
ff23
ff24
ff25

ffba
ffbb
ffbc
ffbd

0052
0053
0054
0055

00ea
00eb
00ec
00ed

0182
0183
0184
0185

021a
021b
021c
021d

02b2
02b3
02b4
02b5

034a
034b
034c
034d

03e2
03e3
03e4
03e5

047a
047b
047c
047d

0512
0513
0514
0515

05aa
05ab
05ac
05ad

0642
0643
0644
0645

06da
06db
06dc
06dd

0772
0773
0774
0775

080a
080b
080c
080d

08a2
08a3
08a4
08a5

093a
093b
093c
093d

09d2
09d3
09d4
09d5

0a6a
0a6b
0a6c
0a6d

0b02
0b03
0b04
0b05

0b9a
0b9b
0b9c
0b9d

0c32
0c33
0c34
0c35

0cca
0ccb
0ccc
0ccd

0d62
0d63
0d64
0d65

0dfa
0dfb
0dfc
0dfd

0e92
0e93
0e94
0e95

0f2a
0f2b
0f2c
0f2d

0fc2
0fc3
0fc4
0fc5

105a
105b
105c
105d

10f2
10f3
10f4
10f5

118a
118b
118c
118d

1222
1223
1224
1225

12ba
12bb
12bc
12bd

1352
1353
1354
1355

13ea
13eb
13ec
13ed

1482
1483
1484
1485

151a
151b
151c
151d

15b2
15b3
15b4
15b5

164a
164b
164c
164d

16e2
16e3
16e4
16e5

177a
177b
177c
177d

1812
1813
1814
1815

18aa
18ab
18ac
18ad

1942
1943
1944
1945

19da
19db
19dc
19dd

1a72
1a73
1a74
1a75

1b0a
1b0b
1b0c
1b0d

1ba2
1ba3
1ba4
1ba5

1c3a
1c3b
1c3c
1c3d

1cd2
1cd3
1cd4
1cd5

1d6a
1d6b
1d6c
1d6d

1e02
1e03
1e04
1e05

1e9a
1e9b
1e9c
1e9d

1f32
1f33
1f34
1f35

1fca
1fcb
1fcc
1fcd

2062
2063
2064
2065

20fa
20fb
20fc
20fd

2192
2193
2194
2195

222a
222b
222c
222d

22c2
22c3
22c4
22c5

235a
235b
235c
235d

23f2
23f3
23f4
23f5

248a
248b
248c
248d

2522
2523
2524
2525

25ba
25bb
25bc
25bd

2652
2653
2654
2655

26ea
26eb
26ec
26ed

2782
2783
2784
2785

281a
281b
281c
281d

68b2
68b3
68b4
68b5

694a
694b
694c
694d

69e2
69e3
69e4
69e5

6a7a
6a7b
6a7c
6a7d

6b12
6b13
6b14
6b15

6baa
6bab
6bac
6bad

6c42
6c43
6c44
6c45

6cda
6cdb
6cdc
6cdd

6d72
6d73
6d74
6d75

6e0a
6e0b
6e0c
6e0d

6ea2
6ea3
6ea4
6ea5

6f3a
6f3b
6f3c
6f3d

6fd2
6fd3
6fd4
6fd5

706a
706b
706c
706d

7102
7103
7104
7105

719a
719b
719c
719d

7232
7233
7234
7235

72ca
72cb
72cc
72cd

7362
7363
7364
7365

73fa
73fb
73fc
73fd

7492
7493
7494
7495

752a
752b
752c
752d

75c2
75c3
75c4
75c5

765a
765b
765c
765d

76f2
76f3
76f4
76f5

778a
778b
778c
778d

7822
7823
7824
7825

78ba
78bb
78bc
78bd

7952
7953
7954
7955

79ea
79eb
79ec
79ed

7a82
7a83
7a84
7a85

7b1a
7b1b
7b1c
7b1d

7bb2
7bb3
7bb4
7bb5

7c4a
7c4b
7c4c
7c4d

7ce2
7ce3
7ce4
7ce5

7d7a
7d7b
7d7c
7d7d

7e12
7e13
7e14
7e15

7eaa
7eab
7eac
7ead

7f42
7f43
7f44
7f45

7fda
7fdb
7fdc
7fdd

8074
8075
8076
8077

810c
810d
810e
810f

81a4
81a5
81a6
81a7

823c
823d
823e
823f

82d4
82d5
82d6
82d7

836c
836d
836e
836f

8404
8405
8406
8407

849c
849d
849e
849f

8534
8535
8536
8537

85cc
85cd
85ce
85cf

8664
8665
8666
8667

86fc
86fd
86fe
86ff

8794
8795
8796
8797

882c
882d
882e
882f

88c4
88c5
88c6
88c7

895c
895d
895e
895f

89f4
89f5
89f6
89f7

8a8c
8a8d
8a8e
8a8f

8b24
8b25
8b26
8b27

8bbc
8bbd
8bbe
8bbf

8c54
8c55
8c56
8c57

8cec
8ced
8cee
8cef

8d84
8d85
8d86
8d87

8e1c
8e1d
8e1e
8e1f

8eb4
8eb5
8eb6
8eb7

8f4c
8f4d
8f4e
8f4f

8fe4
8fe5
8fe6
8fe7

907c
907d
907e
907f

9114
9115
9116
9117

91ac
91ad
91ae
91af

9244
9245
9246
9247

92dc
92dd
92de
92df

9374
9375
9376
9377

940c
940d
940e
940f

94a4
94a5
94a6
94a7

953c
953d
953e
953f

95d4
95d5
95d6
95d7

966c
966d
966e
966f

9704
9705
9706
9707

979c
979d
979e
979f

9834
9835
9836
9837

98cc
98cd
98ce
98cf

9964
9965
9966
9967

99fc
99fd
99fe
99ff

9a94
9a95
9a96
9a97

9b2c
9b2d
9b2e
9b2f

9bc4
9bc5
9bc6
9bc7

9c5c
9c5d
9c5e
9c5f

9cf4
9cf5
9cf6
9cf7

9d8c
9d8d
9d8e
9d8f

9e24
9e25
9e26
9e27

9ebc
9ebd
9ebe
9ebf

9f54
9f55
9f56
9f57

9fec
9fed
9fee
9fef

a084
a085
a086
a087

a11c
a11d
a11e
a11f

a1b4
a1b5
a1b6
a1b7

a24c
a24d
a24e
a24f

a2e4
a2e5
a2e6
a2e7

a37c
a37d
a37e
a37f

a414
a415
a416
a417

a4ac
a4ad
a4ae
a4af

e544
e545
e546
e547

e5dc
e5dd
e5de
e5df

e674
e675
e676
e677

e70c
e70d
e70e
e70f

e7a4
e7a5
e7a6
e7a7

e83c
e83d
e83e
e83f

e8d4
e8d5
e8d6
e8d7

e96c
e96d
e96e
e96f

ea04
ea05
ea06
ea07

ea9c
ea9d
ea9e
ea9f

eb34
eb35
eb36
eb37

ebcc
ebcd
ebce
ebcf

ec64
ec65
ec66
ec67

ecfc
ecfd
ecfe
ecff

ed94
ed95
ed96
ed97

ee2c
ee2d
ee2e
ee2f

eec4
eec5
eec6
eec7

ef5c
ef5d
ef5e
ef5f

eff4
eff5
eff6
eff7

f08c
f08d
f08e
f08f

f124
f125
f126
f127

f1bc
f1bd
f1be
f1bf

f254
f255
f256
f257

f2ec
f2ed
f2ee
f2ef

f384
f385
f386
f387

f41c
f41d
f41e
f41f

f4b4
f4b5
f4b6
f4b7

f54c
f54d
f54e
f54f

f5e4
f5e5
f5e6
f5e7

f67c
f67d
f67e
f67f

f714
f715
f716
f717

f7ac
f7ad
f7ae
f7af

f844
f845
f846
f847

f8dc
f8dd
f8de
f8df

f974
f975
f976
f977

fa0c
fa0d
fa0e
fa0f

faa4
faa5
faa6
faa7

fb3c
fb3d
fb3e
fb3f

fbd4
fbd5
fbd6
fbd7

fc6c
fc6d
fc6e
fc6f

fd04
fd05
fd06
fd07

fd9c
fd9d
fd9e
fd9f

fe34
fe35
fe36
fe37

fecc
fecd
fece
fecf

ff64
ff65
ff66
ff67

fffc
fffd
fffe
ffff

0094
0095
0096
0097

012c
012d
012e
012f

01c4
01c5
01c6
01c7

025c
025d
025e
025f

02f4
02f5
02f6
02f7

038c
038d
038e
038f

0424
0425
0426
0427

04bc
04bd
04be
04bf

0554
0555
0556
0557

05ec
05ed
05ee
05ef

0684
0685
0686
0687

071c
071d
071e
071f

07b4
07b5
07b6
07b7

084c
084d
084e
084f

08e4
08e5
08e6
08e7

097c
097d
097e
097f

0a14
0a15
0a16
0a17

0aac
0aad
0aae
0aaf

0b44
0b45
0b46
0b47

0bdc
0bdd
0bde
0bdf

0c74
0c75
0c76
0c77

0d0c
0d0d
0d0e
0d0f

0da4
0da5
0da6
0da7

0e3c
0e3d
0e3e
0e3f

0ed4
0ed5
0ed6
0ed7

0f6c
0f6d
0f6e
0f6f

1004
1005
1006
1007

109c
109d
109e
109f

1134
1135
1136
1137

11cc
11cd
11ce
11cf

1264
1265
1266
1267

12fc
12fd
12fe
12ff

1394
1395
1396
1397

142c
142d
142e
142f

14c4
14c5
14c6
14c7

155c
155d
155e
155f

15f4
15f5
15f6
15f7

168c
168d
168e
168f

1724
1725
1726
1727

17bc
17bd
17be
17bf

1854
1855
1856
1857

18ec
18ed
18ee
18ef

1984
1985
1986
1987

1a1c
1a1d
1a1e
1a1f

1ab4
1ab5
1ab6
1ab7

1b4c
1b4d
1b4e
1b4f

1be4
1be5
1be6
1be7

1c7c
1c7d
1c7e
1c7f

1d14
1d15
1d16
1d17

1dac
1dad
1dae
1daf

1e44
1e45
1e46
1e47

1edc
1edd
1ede
1edf

1f74
1f75
1f76
1f77

200c
200d
200e
200f

20a4
20a5
20a6
20a7

213c
213d
213e
213f

61d4
61d5
61d6
61d7

626c
626d
626e
626f

6304
6305
6306
6307

639c
639d
639e
639f

6434
6435
6436
6437

64cc
64cd
64ce
64cf

6564
6565
6566
6567

65fc
65fd
65fe
65ff

6694
6695
6696
6697

672c
672d
672e
672f

67c4
67c5
67c6
67c7

685c
685d
685e
685f

68f4
68f5
68f6
68f7

698c
698d
698e
698f

6a24
6a25
6a26
6a27

6abc
6abd
6abe
6abf

6b54
6b55
6b56
6b57

6bec
6bed
6bee
6bef

6c84
6c85
6c86
6c87

6d1c
6d1d
6d1e
6d1f

6db4
6db5
6db6
6db7

6e4c
6e4d
6e4e
6e4f

6ee4
6ee5
6ee6
6ee7

6f7c
6f7d
6f7e
6f7f

7014
7015
7016
7017

70ac
70ad
70ae
70af

7144
7145
7146
7147

71dc
71dd
71de
71df

7274
7275
7276
7277

730c
730d
730e
730f

73a4
73a5
73a6
73a7

743c
743d
743e
743f

74d4
74d5
74d6
74d7

756c
756d
756e
756f

7604
7605
7606
7607

769c
769d
769e
769f

7734
7735
7736
7737

77cc
77cd
77ce
77cf

7864
7865
7866
7867

78fc
78fd
78fe
78ff

7994
7995
7996
7997

7a2c
7a2d
7a2e
7a2f

7ac4
7ac5
7ac6
7ac7

7b5c
7b5d
7b5e
7b5f

7bf4
7bf5
7bf6
7bf7

7c8c
7c8d
7c8e
7c8f

7d24
7d25
7d26
7d27

7dbc
7dbd
7dbe
7dbf

7e54
7e55
7e56
7e57

7eec
7eed
7eee
7eef

7f84
7f85
7f86
7f87

801c
801d
801e
801f

80b4
80b5
80b6
80b7

814c
814d
814e
814f

81e4
81e5
81e6
81e7

827c
827d
827e
827f

8314
8315
8316
8317

83ac
83ad
83ae
83af

8444
8445
8446
8447

84dc
84dd
84de
84df

8574
8575
8576
8577

860c
860d
860e
860f

86a4
86a5
86a6
86a7

873c
873d
873e
873f

87d4
87d5
87d6
87d7

886c
886d
886e
886f

8904
8905
8906
8907

899c
899d
899e
899f

8a34
8a35
8a36
8a37

8acc
8acd
8ace
8acf

8b64
8b65
8b66
8b67

8bfc
8bfd
8bfe
8bff

8c94
8c95
8c96
8c97

8d2c
8d2d
8d2e
8d2f

8dc4
8dc5
8dc6
8dc7

8e5c
8e5d
8e5e
8e5f

8ef4
8ef5
8ef6
8ef7

8f8c
8f8d
8f8e
8f8f

9024
9025
9026
9027

90bc
90bd
90be
90bf

9154
9155
9156
9157

91ec
91ed
91ee
91ef

9284
9285
9286
9287

931c
931d
931e
931f

93b4
93b5
93b6
93b7

944c
944d
944e
944f

94e4
94e5
94e6
94e7

957c
957d
957e
957f

9614
9615
9616
9617

96ac
96ad
96ae
96af

9744
9745
9746
9747

97dc
97dd
97de
97df

9874
9875
9876
9877

990c
990d
990e
990f

99a4
99a5
99a6
99a7

9a3c
9a3d
9a3e
9a3f

9ad4
9ad5
9ad6
9ad7

9b6c
9b6d
9b6e
9b6f

9c04
9c05
9c06
9c07

9c9c
9c9d
9c9e
9c9f

9d34
9d35
9d36
9d37

9dcc
9dcd
9dce
9dcf

de64
de65
de66
de67

defc
defd
defe
deff

df94
df95
df96
df97

e02c
e02d
e02e
e02f

e0c4
e0c5
e0c6
e0c7

e15c
e15d
e15e
e15f

e1f4
e1f5
e1f6
e1f7

e28c
e28d
e28e
e28f

e324
e325
e326
e327

e3bc
e3bd
e3be
e3bf

e454
e455
e456
e457

e4ec
e4ed
e4ee
e4ef

e584
e585
e586
e587

e61c
e61d
e61e
e61f

e6b4
e6b5
e6b6
e6b7

e74c
e74d
e74e
e74f

e7e4
e7e5
e7e6
e7e7

e87c
e87d
e87e
e87f

e914
e915
e916
e917

e9ac
e9ad
e9ae
e9af

ea44
ea45
ea46
ea47

eadc
eadd
eade
eadf

eb74
eb75
eb76
eb77

ec0c
ec0d
ec0e
ec0f

eca4
eca5
eca6
eca7

ed3c
ed3d
ed3e
ed3f

edd4
edd5
edd6
edd7

ee6c
ee6d
ee6e
ee6f

ef04
ef05
ef06
ef07

ef9c
ef9d
ef9e
ef9f

f034
f035
f036
f037

f0cc
f0cd
f0ce
f0cf

f164
f165
f166
f167

f1fc
f1fd
f1fe
f1ff

f294
f295
f296
f297

f32c
f32d
f32e
f32f

f3c4
f3c5
f3c6
f3c7

f45c
f45d
f45e
f45f

f4f4
f4f5
f4f6
f4f7

f58c
f58d
f58e
f58f

f624
f625
f626
f627

f6bc
f6bd
f6be
f6bf

f754
f755
f756
f757

f7ec
f7ed
f7ee
f7ef

f884
f885
f886
f887

f91c
f91d
f91e
f91f

f9b4
f9b5
f9b6
f9b7

fa4c
fa4d
fa4e
fa4f

fae4
fae5
fae6
fae7

fb7c
fb7d
fb7e
fb7f

fc14
fc15
fc16
fc17

fcac
fcad
fcae
fcaf

fd44
fd45
fd46
fd47

fddc
fddd
fdde
fddf

fe74
fe75
fe76
fe77

ff0c
ff0d
ff0e
ff0f

ffa4
ffa5
ffa6
ffa7

003c
003d
003e
003f

00d4
00d5
00d6
00d7

016c
016d
016e
016f

0204
0205
0206
0207

029c
029d
029e
029f

0334
0335
0336
0337

03cc
03cd
03ce
03cf

0464
0465
0466
0467

04fc
04fd
04fe
04ff

0594
0595
0596
0597

062c
062d
062e
062f

06c4
06c5
06c6
06c7

075c
075d
075e
075f

07f4
07f5
07f6
07f7

088c
088d
088e
088f

0924
0925
0926
0927

09bc
09bd
09be
09bf

0a54
0a55
0a56
0a57

0aec
0aed
0aee
0aef

0b84
0b85
0b86
0b87

0c1c
0c1d
0c1e
0c1f

0cb4
0cb5
0cb6
0cb7

0d4c
0d4d
0d4e
0d4f

0de4
0de5
0de6
0de7

0e7c
0e7d
0e7e
0e7f

0f14
0f15
0f16
0f17

0fac
0fad
0fae
0faf

1044
1045
1046
1047

10dc
10dd
10de
10df

1174
1175
1176
1177

120c
120d
120e
120f

12a4
12a5
12a6
12a7

133c
133d
133e
133f

13d4
13d5
13d6
13d7

146c
146d
146e
146f

1504
1505
1506
1507

159c
159d
159e
159f

1634
1635
1636
1637

16cc
16cd
16ce
16cf

1764
1765
1766
1767

17fc
17fd
17fe
17ff

1894
1895
1896
1897

192c
192d
192e
192f

19c4
19c5
19c6
19c7

1a5c
1a5d
1a5e
1a5f

5af4
5af5
5af6
5af7

5b8c
5b8d
5b8e
5b8f

5c24
5c25
5c26
5c27

5cbc
5cbd
5cbe
5cbf

5d54
5d55
5d56
5d57

5dec
5ded
5dee
5def

5e84
5e85
5e86
5e87

5f1c
5f1d
5f1e
5f1f

5fb4
5fb5
5fb6
5fb7

604c
604d
604e
604f

60e4
60e5
60e6
60e7

617c
617d
617e
617f

6214
6215
6216
6217

62ac
62ad
62ae
62af

6344
6345
6346
6347

63dc
63dd
63de
63df

6474
6475
6476
6477

650c
650d
650e
650f

65a4
65a5
65a6
65a7

663c
663d
663e
663f

66d4
66d5
66d6
66d7

676c
676d
676e
676f

6804
6805
6806
6807

689c
689d
689e
689f

6934
6935
6936
6937

69cc
69cd
69ce
69cf

6a64
6a65
6a66
6a67

6afc
6afd
6afe
6aff

6b94
6b95
6b96
6b97

6c2c
6c2d
6c2e
6c2f

6cc4
6cc5
6cc6
6cc7

6d5c
6d5d
6d5e
6d5f

6df4
6df5
6df6
6df7

6e8c
6e8d
6e8e
6e8f

6f24
6f25
6f26
6f27

6fbc
6fbd
6fbe
6fbf

7054
7055
7056
7057

70ec
70ed
70ee
70ef

7184
7185
7186
7187

721c
721d
721e
721f

72b4
72b5
72b6
72b7

734c
734d
734e
734f

73e4
73e5
73e6
73e7

747c
747d
747e
747f

7514
7515
7516
7517

75ac
75ad
75ae
75af

7644
7645
7646
7647

76dc
76dd
76de
76df

7774
7775
7776
7777

780c
780d
780e
780f

78a4
78a5
78a6
78a7

793c
793d
793e
793f

79d4
79d5
79d6
79d7

7a6c
7a6d
7a6e
7a6f

7b04
7b05
7b06
7b07

7b9c
7b9d
7b9e
7b9f

7c34
7c35
7c36
7c37

7ccc
7ccd
7cce
7ccf

7d64
7d65
7d66
7d67

7dfc
7dfd
7dfe
7dff

7e94
7e95
7e96
7e97

7f2c
7f2d
7f2e
7f2f

7fc4
7fc5
7fc6
7fc7

805c
805d
805e
805f

80f4
80f5
80f6
80f7

818c
818d
818e
818f

8224
8225
8226
8227

82bc
82bd
82be
82bf

8354
8355
8356
8357

83ec
83ed
83ee
83ef

8484
8485
8486
8487

851c
851d
851e
851f

85b4
85b5
85b6
85b7

864c
864d
864e
864f

86e4
86e5
86e6
86e7

877c
877d
877e
877f

8814
8815
8816
8817

88ac
88ad
88ae
88af

8944
8945
8946
8947

89dc
89dd
89de
89df

8a74
8a75
8a76
8a77

8b0c
8b0d
8b0e
8b0f

8ba4
8ba5
8ba6
8ba7

8c3c
8c3d
8c3e
8c3f

8cd4
8cd5
8cd6
8cd7

8d6c
8d6d
8d6e
8d6f

8e04
8e05
8e06
8e07

8e9c
8e9d
8e9e
8e9f

8f34
8f35
8f36
8f37

8fcc
8fcd
8fce
8fcf

9064
9065
9066
9067

90fc
90fd
90fe
90ff

9194
9195
9196
9197

922c
922d
922e
922f

92c4
92c5
92c6
92c7

935c
935d
935e
935f

93f4
93f5
93f6
93f7

948c
948d
948e
948f

9524
9525
9526
9527

95bc
95bd
95be
95bf

9654
9655
9656
9657

96ec
96ed
96ee
96ef

d786
d787
d788
d789

d81e
d81f
d820
d821

d8b6
d8b7
d8b8
d8b9

d94e
d94f
d950
d951

d9e6
d9e7
d9e8
d9e9

da7e
da7f
da80
da81

db16
db17
db18
db19

dbae
dbaf
dbb0
dbb1

dc46
dc47
dc48
dc49

dcde
dcdf
dce0
dce1

dd76
dd77
dd78
dd79

de0e
de0f
de10
de11

dea6
dea7
dea8
dea9

df3e
df3f
df40
df41

dfd6
dfd7
dfd8
dfd9

e06e
e06f
e070
e071

e106
e107
e108
e109

e19e
e19f
e1a0
e1a1

e236
e237
e238
e239

e2ce
e2cf
e2d0
e2d1

e366
e367
e368
e369

e3fe
e3ff
e400
e401

e496
e497
e498
e499

e52e
e52f
e530
e531

e5c6
e5c7
e5c8
e5c9

e65e
e65f
e660
e661

e6f6
e6f7
e6f8
e6f9

e78e
e78f
e790
e791

e826
e827
e828
e829

e8be
e8bf
e8c0
e8c1

e956
e957
e958
e959

e9ee
e9ef
e9f0
e9f1

ea86
ea87
ea88
ea89

eb1e
eb1f
eb20
eb21

ebb6
ebb7
ebb8
ebb9

ec4e
ec4f
ec50
ec51

ece6
ece7
ece8
ece9

ed7e
ed7f
ed80
ed81

ee16
ee17
ee18
ee19

eeae
eeaf
eeb0
eeb1

ef46
ef47
ef48
ef49

efde
efdf
efe0
efe1

f076
f077
f078
f079

f10e
f10f
f110
f111

f1a6
f1a7
f1a8
f1a9

f23e
f23f
f240
f241

f2d6
f2d7
f2d8
f2d9

f36e
f36f
f370
f371

f406
f407
f408
f409

f49e
f49f
f4a0
f4a1

f536
f537
f538
f539

f5ce
f5cf
f5d0
f5d1

f666
f667
f668
f669

f6fe
f6ff
f700
f701

f796
f797
f798
f799

f82e
f82f
f830
f831

f8c6
f8c7
f8c8
f8c9

f95e
f95f
f960
f961

f9f6
f9f7
f9f8
f9f9

fa8e
fa8f
fa90
fa91

fb26
fb27
fb28
fb29

fbbe
fbbf
fbc0
fbc1

fc56
fc57
fc58
fc59

fcee
fcef
fcf0
fcf1

fd86
fd87
fd88
fd89

fe1e
fe1f
fe20
fe21

feb6
feb7
feb8
feb9

ff4e
ff4f
ff50
ff51

ffe6
ffe7
ffe8
ffe9

007e
007f
0080
0081

0116
0117
0118
0119

01ae
01af
01b0
01b1

0246
0247
0248
0249

02de
02df
02e0
02e1

0376
0377
0378
0379

040e
040f
0410
0411

04a6
04a7
04a8
04a9

053e
053f
0540
0541

05d6
05d7
05d8
05d9

066e
066f
0670
0671

0706
0707
0708
0709

079e
079f
07a0
07a1

0836
0837
0838
0839

08ce
08cf
08d0
08d1

0966
0967
0968
0969

09fe
09ff
0a00
0a01

0a96
0a97
0a98
0a99

0b2e
0b2f
0b30
0b31

0bc6
0bc7
0bc8
0bc9

0c5e
0c5f
0c60
0c61

0cf6
0cf7
0cf8
0cf9

0d8e
0d8f
0d90
0d91

0e26
0e27
0e28
0e29

0ebe
0ebf
0ec0
0ec1

0f56
0f57
0f58
0f59

0fee
0fef
0ff0
0ff1

1086
1087
1088
1089

111e
111f
1120
1121

11b6
11b7
11b8
11b9

124e
124f
1250
1251

12e6
12e7
12e8
12e9

137e
137f
1380
1381

5416
5417
5418
5419

54ae
54af
54b0
54b1

5546
5547
5548
5549

55de
55df
55e0
55e1

5676
5677
5678
5679

570e
570f
5710
5711

57a6
57a7
57a8
57a9

583e
583f
5840
5841

58d6
58d7
58d8
58d9

596e
596f
5970
5971

5a06
5a07
5a08
5a09

5a9e
5a9f
5aa0
5aa1

5b36
5b37
5b38
5b39

5bce
5bcf
5bd0
5bd1

5c66
5c67
5c68
5c69

5cfe
5cff
5d00
5d01

5d96
5d97
5d98
5d99

5e2e
5e2f
5e30
5e31

5ec6
5ec7
5ec8
5ec9

5f5e
5f5f
5f60
5f61

5ff6
5ff7
5ff8
5ff9

608e
608f
6090
6091

6126
6127
6128
6129

61be
61bf
61c0
61c1

6256
6257
6258
6259

62ee
62ef
62f0
62f1

6386
6387
6388
6389

641e
641f
6420
6421

64b6
64b7
64b8
64b9

654e
654f
6550
6551

65e6
65e7
65e8
65e9

667e
667f
6680
6681

6716
6717
6718
6719

67ae
67af
67b0
67b1

6846
6847
6848
6849

68de
68df
68e0
68e1

6976
6977
6978
6979

6a0e
6a0f
6a10
6a11

6aa6
6aa7
6aa8
6aa9

6b3e
6b3f
6b40
6b41

6bd6
6bd7
6bd8
6bd9

6c6e
6c6f
6c70
6c71

6d06
6d07
6d08
6d09

6d9e
6d9f
6da0
6da1

6e36
6e37
6e38
6e39

6ece
6ecf
6ed0
6ed1

6f66
6f67
6f68
6f69

6ffe
6fff
7000
7001

7096
7097
7098
7099

712e
712f
7130
7131

71c6
71c7
71c8
71c9

725e
725f
7260
7261

72f6
72f7
72f8
72f9

738e
738f
7390
7391

7426
7427
7428
7429

74be
74bf
74c0
74c1

7556
7557
7558
7559

75ee
75ef
75f0
75f1

7686
7687
7688
7689

771e
771f
7720
7721

77b6
77b7
77b8
77b9

784e
784f
7850
7851

78e6
78e7
78e8
78e9

797e
797f
7980
7981

7a16
7a17
7a18
7a19

7aae
7aaf
7ab0
7ab1

7b46
7b47
7b48
7b49

7bde
7bdf
7be0
7be1

7c76
7c77
7c78
7c79

7d0e
7d0f
7d10
7d11

7da6
7da7
7da8
7da9

7e3e
7e3f
7e40
7e41

7ed6
7ed7
7ed8
7ed9

7f6e
7f6f
7f70
7f71

8006
8007
8008
8009

809e
809f
80a0
80a1

8136
8137
8138
8139

81ce
81cf
81d0
81d1

8266
8267
8268
8269

82fe
82ff
8300
8301

8396
8397
8398
8399

842e
842f
8430
8431

84c6
84c7
84c8
84c9

855e
855f
8560
8561

85f6
85f7
85f8
85f9

868e
868f
8690
8691

8726
8727
8728
8729

87be
87bf
87c0
87c1

8856
8857
8858
8859

88ee
88ef
88f0
88f1

8986
8987
8988
8989

8a1e
8a1f
8a20
8a21

8ab6
8ab7
8ab8
8ab9

8b4e
8b4f
8b50
8b51

8be6
8be7
8be8
8be9

8c7e
8c7f
8c80
8c81

8d16
8d17
8d18
8d19

8dae
8daf
8db0
8db1

8e46
8e47
8e48
8e49

8ede
8edf
8ee0
8ee1

8f76
8f77
8f78
8f79

900e
900f
9010
9011

90a6
90a7
90a8
90a9

d13e
d13f
d140
d141

d1d6
d1d7
d1d8
d1d9

d26e
d26f
d270
d271

d306
d307
d308
d309

d39e
d39f
d3a0
d3a1

d436
d437
d438
d439

d4ce
d4cf
d4d0
d4d1

d566
d567
d568
d569

d5fe
d5ff
d600
d601

d696
d697
d698
d699

d72e
d72f
d730
d731

d7c6
d7c7
d7c8
d7c9

d85e
d85f
d860
d861

d8f6
d8f7
d8f8
d8f9

d98e
d98f
d990
d991

da26
da27
da28
da29

dabe
dabf
dac0
dac1

db56
db57
db58
db59

dbee
dbef
dbf0
dbf1

dc86
dc87
dc88
dc89

dd1e
dd1f
dd20
dd21

ddb6
ddb7
ddb8
ddb9

de4e
de4f
de50
de51

dee6
dee7
dee8
dee9

df7e
df7f
df80
df81

e016
e017
e018
e019

e0ae
e0af
e0b0
e0b1

e146
e147
e148
e149

e1de
e1df
e1e0
e1e1

e276
e277
e278
e279

e30e
e30f
e310
e311

e3a6
e3a7
e3a8
e3a9

e43e
e43f
e440
e441

e4d6
e4d7
e4d8
e4d9

e56e
e56f
e570
e571

e606
e607
e608
e609

e69e
e69f
e6a0
e6a1

e736
e737
e738
e739

e7ce
e7cf
e7d0
e7d1

e866
e867
e868
e869

e8fe
e8ff
e900
e901

e996
e997
e998
e999

ea2e
ea2f
ea30
ea31

eac6
eac7
eac8
eac9

eb5e
eb5f
eb60
eb61

ebf6
ebf7
ebf8
ebf9

ec8e
ec8f
ec90
ec91

ed26
ed27
ed28
ed29

edbe
edbf
edc0
edc1

ee56
ee57
ee58
ee59

eeee
eeef
eef0
eef1

ef86
ef87
ef88
ef89

f01e
f01f
f020
f021

f0b6
f0b7
f0b8
f0b9

f14e
f14f
f150
f151

f1e6
f1e7
f1e8
f1e9

f27e
f27f
f280
f281

f316
f317
f318
f319

f3ae
f3af
f3b0
f3b1

f446
f447
f448
f449

f4de
f4df
f4e0
f4e1

f576
f577
f578
f579

f60e
f60f
f610
f611

f6a6
f6a7
f6a8
f6a9

f73e
f73f
f740
f741

f7d6
f7d7
f7d8
f7d9

f86e
f86f
f870
f871

f906
f907
f908
f909

f99e
f99f
f9a0
f9a1

fa36
fa37
fa38
fa39

face
facf
fad0
fad1

fb66
fb67
fb68
fb69

fbfe
fbff
fc00
fc01

fc96
fc97
fc98
fc99

fd2e
fd2f
fd30
fd31

fdc6
fdc7
fdc8
fdc9

fe5e
fe5f
fe60
fe61

fef6
fef7
fef8
fef9

ff8e
ff8f
ff90
ff91

0028
0029
002a
002b

00c0
00c1
00c2
00c3

0158
0159
015a
015b

01f0
01f1
01f2
01f3

0288
0289
028a
028b

0320
0321
0322
0323

03b8
03b9
03ba
03bb

0450
0451
0452
0453

04e8
04e9
04ea
04eb

0580
0581
0582
0583

0618
0619
061a
061b

06b0
06b1
06b2
06b3

0748
0749
074a
074b

07e0
07e1
07e2
07e3

0878
0879
087a
087b

0910
0911
0912
0913

09a8
09a9
09aa
09ab

0a40
0a41
0a42
0a43

0ad8
0ad9
0ada
0adb

0b70
0b71
0b72
0b73

0c08
0c09
0c0a
0c0b

0ca0
0ca1
0ca2
0ca3

0d38
0d39
0d3a
0d3b

4dd0
4dd1
4dd2
4dd3

4e68
4e69
4e6a
4e6b

4f00
4f01
4f02
4f03

4f98
4f99
4f9a
4f9b

5030
5031
5032
5033

50c8
50c9
50ca
50cb

5160
5161
5162
5163

51f8
51f9
51fa
51fb

5290
5291
5292
5293

5328
5329
532a
532b

53c0
53c1
53c2
53c3

5458
5459
545a
545b

54f0
54f1
54f2
54f3

5588
5589
558a
558b

5620
5621
5622
5623

56b8
56b9
56ba
56bb

5750
5751
5752
5753

57e8
57e9
57ea
57eb

5880
5881
5882
5883

5918
5919
591a
591b

59b0
59b1
59b2
59b3

5a48
5a49
5a4a
5a4b

5ae0
5ae1
5ae2
5ae3

5b78
5b79
5b7a
5b7b

5c10
5c11
5c12
5c13

5ca8
5ca9
5caa
5cab

5d40
5d41
5d42
5d43

5dd8
5dd9
5dda
5ddb

5e70
5e71
5e72
5e73

5f08
5f09
5f0a
5f0b

5fa0
5fa1
5fa2
5fa3

6038
6039
603a
603b

60d0
60d1
60d2
60d3

6168
6169
616a
616b

6200
6201
6202
6203

6298
6299
629a
629b

6330
6331
6332
6333

63c8
63c9
63ca
63cb

6460
6461
6462
6463

64f8
64f9
64fa
64fb

6590
6591
6592
6593

6628
6629
662a
662b

66c0
66c1
66c2
66c3

6758
6759
675a
675b

67f0
67f1
67f2
67f3

6888
6889
688a
688b

6920
6921
6922
6923

69b8
69b9
69ba
69bb

6a50
6a51
6a52
6a53

6ae8
6ae9
6aea
6aeb

6b80
6b81
6b82
6b83

6c18
6c19
6c1a
6c1b

6cb0
6cb1
6cb2
6cb3

6d48
6d49
6d4a
6d4b

6de0
6de1
6de2
6de3

6e78
6e79
6e7a
6e7b

6f10
6f11
6f12
6f13

6fa8
6fa9
6faa
6fab

7040
7041
7042
7043

70d8
70d9
70da
70db

7170
7171
7172
7173

7208
7209
720a
720b

72a0
72a1
72a2
72a3

7338
7339
733a
733b

73d0
73d1
73d2
73d3

7468
7469
746a
746b

7500
7501
7502
7503

7598
7599
759a
759b

7630
7631
7632
7633

76c8
76c9
76ca
76cb

7760
7761
7762
7763

77f8
77f9
77fa
77fb

7890
7891
7892
7893

7928
7929
792a
792b

79c0
79c1
79c2
79c3

7a58
7a59
7a5a
7a5b

7af0
7af1
7af2
7af3

7b88
7b89
7b8a
7b8b

7c20
7c21
7c22
7c23

7cb8
7cb9
7cba
7cbb

7d50
7d51
7d52
7d53

7de8
7de9
7dea
7deb

7e80
7e81
7e82
7e83

7f18
7f19
7f1a
7f1b

7fb0
7fb1
7fb2
7fb3

8048
8049
804a
804b

80e0
80e1
80e2
80e3

8178
8179
817a
817b

8210
8211
8212
8213

82a8
82a9
82aa
82ab

8340
8341
8342
8343

83d8
83d9
83da
83db

8470
8471
8472
8473

8508
8509
850a
850b

85a0
85a1
85a2
85a3

8638
8639
863a
863b

86d0
86d1
86d2
86d3

8768
8769
876a
876b

8800
8801
8802
8803

8898
8899
889a
889b

8930
8931
8932
8933

89c8
89c9
89ca
89cb

ca60
ca61
ca62
ca63

caf8
caf9
cafa
cafb

cb90
cb91
cb92
cb93

cc28
cc29
cc2a
cc2b

ccc0
ccc1
ccc2
ccc3

cd58
cd59
cd5a
cd5b

cdf0
cdf1
cdf2
cdf3

ce88
ce89
ce8a
ce8b

cf20
cf21
cf22
cf23

cfb8
cfb9
cfba
cfbb

d050
d051
d052
d053

d0e8
d0e9
d0ea
d0eb

d180
d181
d182
d183

d218
d219
d21a
d21b

d2b0
d2b1
d2b2
d2b3

d348
d349
d34a
d34b

d3e0
d3e1
d3e2
d3e3

d478
d479
d47a
d47b

d510
d511
d512
d513

d5a8
d5a9
d5aa
d5ab

d640
d641
d642
d643

d6d8
d6d9
d6da
d6db

d770
d771
d772
d773

d808
d809
d80a
d80b

d8a0
d8a1
d8a2
d8a3

d938
d939
d93a
d93b

d9d0
d9d1
d9d2
d9d3

da68
da69
da6a
da6b

db00
db01
db02
db03

db98
db99
db9a
db9b

dc30
dc31
dc32
dc33

dcc8
dcc9
dcca
dccb

dd60
dd61
dd62
dd63

ddf8
ddf9
ddfa
ddfb

de90
de91
de92
de93

df28
df29
df2a
df2b

dfc0
dfc1
dfc2
dfc3

e058
e059
e05a
e05b

e0f0
e0f1
e0f2
e0f3

e188
e189
e18a
e18b

e220
e221
e222
e223

e2b8
e2b9
e2ba
e2bb

e350
e351
e352
e353

e3e8
e3e9
e3ea
e3eb

e480
e481
e482
e483

e518
e519
e51a
e51b

e5b0
e5b1
e5b2
e5b3

e648
e649
e64a
e64b

e6e0
e6e1
e6e2
e6e3

e778
e779
e77a
e77b

e810
e811
e812
e813

e8a8
e8a9
e8aa
e8ab

e940
e941
e942
e943

e9d8
e9d9
e9da
e9db

ea70
ea71
ea72
ea73

eb08
eb09
eb0a
eb0b

eba0
eba1
eba2
eba3

ec38
ec39
ec3a
ec3b

ecd0
ecd1
ecd2
ecd3

ed68
ed69
ed6a
ed6b

ee00
ee01
ee02
ee03

ee98
ee99
ee9a
ee9b

ef30
ef31
ef32
ef33

efc8
efc9
efca
efcb

f060
f061
f062
f063

f0f8
f0f9
f0fa
f0fb

f190
f191
f192
f193

f228
f229
f22a
f22b

f2c0
f2c1
f2c2
f2c3

f358
f359
f35a
f35b

f3f0
f3f1
f3f2
f3f3

f488
f489
f48a
f48b

f520
f521
f522
f523

f5b8
f5b9
f5ba
f5bb

f650
f651
f652
f653

f6e8
f6e9
f6ea
f6eb

f780
f781
f782
f783

f818
f819
f81a
f81b

f8b0
f8b1
f8b2
f8b3

f948
f949
f94a
f94b

f9e0
f9e1
f9e2
f9e3

fa78
fa79
fa7a
fa7b

fb10
fb11
fb12
fb13

fba8
fba9
fbaa
fbab

fc40
fc41
fc42
fc43

fcd8
fcd9
fcda
fcdb

fd70
fd71
fd72
fd73

fe08
fe09
fe0a
fe0b

fea0
fea1
fea2
fea3

ff38
ff39
ff3a
ff3b

ffd0
ffd1
ffd2
ffd3

0069
006a
006b
006c

0101
0102
0103
0104

0199
019a
019b
019c

0231
0232
0233
0234

02c9
02ca
02cb
02cc

0361
0362
0363
0364

03f9
03fa
03fb
03fc

0491
0492
0493
0494

0529
052a
052b
052c

05c1
05c2
05c3
05c4

0659
065a
065b
065c

46f2
46f3
46f4
46f5

478a
478b
478c
478d

4822
4823
4824
4825

48ba
48bb
48bc
48bd

4952
4953
4954
4955

49ea
49eb
49ec
49ed

4a82
4a83
4a84
4a85

4b1a
4b1b
4b1c
4b1d

4bb2
4bb3
4bb4
4bb5

4c4a
4c4b
4c4c
4c4d

4ce2
4ce3
4ce4
4ce5

4d7a
4d7b
4d7c
4d7d

4e12
4e13
4e14
4e15

4eaa
4eab
4eac
4ead

4f42
4f43
4f44
4f45

4fda
4fdb
4fdc
4fdd

5072
5073
5074
5075

510a
510b
510c
510d

51a2
51a3
51a4
51a5

523a
523b
523c
523d

52d2
52d3
52d4
52d5

536a
536b
536c
536d

5402
5403
5404
5405

549a
549b
549c
549d

5532
5533
5534
5535

55ca
55cb
55cc
55cd

5662
5663
5664
5665

56fa
56fb
56fc
56fd

5792
5793
5794
5795

582a
582b
582c
582d

58c2
58c3
58c4
58c5

595a
595b
595c
595d

59f2
59f3
59f4
59f5

5a8a
5a8b
5a8c
5a8d

5b22
5b23
5b24
5b25

5bba
5bbb
5bbc
5bbd

5c52
5c53
5c54
5c55

5cea
5ceb
5cec
5ced

5d82
5d83
5d84
5d85

5e1a
5e1b
5e1c
5e1d

5eb2
5eb3
5eb4
5eb5

5f4a
5f4b
5f4c
5f4d

5fe2
5fe3
5fe4
5fe5

607a
607b
607c
607d

6112
6113
6114
6115

61aa
61ab
61ac
61ad

6242
6243
6244
6245

62da
62db
62dc
62dd

6372
6373
6374
6375

640a
640b
640c
640d

64a2
64a3
64a4
64a5

653a
653b
653c
653d

65d2
65d3
65d4
65d5

666a
666b
666c
666d

6702
6703
6704
6705

679a
679b
679c
679d

6832
6833
6834
6835

68ca
68cb
68cc
68cd

6962
6963
6964
6965

69fa
69fb
69fc
69fd

6a92
6a93
6a94
6a95

6b2a
6b2b
6b2c
6b2d

6bc2
6bc3
6bc4
6bc5

6c5a
6c5b
6c5c
6c5d

6cf2
6cf3
6cf4
6cf5

6d8a
6d8b
6d8c
6d8d

6e22
6e23
6e24
6e25

6eba
6ebb
6ebc
6ebd

6f52
6f53
6f54
6f55

6fea
6feb
6fec
6fed

7082
7083
7084
7085

711a
711b
711c
711d

71b2
71b3
71b4
71b5

724a
724b
724c
724d

72e2
72e3
72e4
72e5

737a
737b
737c
737d

7412
7413
7414
7415

74aa
74ab
74ac
74ad

7542
7543
7544
7545

75da
75db
75dc
75dd

7672
7673
7674
7675

770a
770b
770c
770d

77a2
77a3
77a4
77a5

783a
783b
783c
783d

78d2
78d3
78d4
78d5

796a
796b
796c
796d

7a02
7a03
7a04
7a05

7a9a
7a9b
7a9c
7a9d

7b32
7b33
7b34
7b35

7bca
7bcb
7bcc
7bcd

7c62
7c63
7c64
7c65

7cfa
7cfb
7cfc
7cfd

7d92
7d93
7d94
7d95

7e2a
7e2b
7e2c
7e2d

7ec2
7ec3
7ec4
7ec5

7f5a
7f5b
7f5c
7f5d

7ff2
7ff3
7ff4
7ff5

808b
808c
808d
808e

8123
8124
8125
8126

81bb
81bc
81bd
81be

8253
8254
8255
8256

82eb
82ec
82ed
82ee

c385
c386
c387
c388

c41d
c41e
c41f
c420

c4b5
c4b6
c4b7
c4b8

c54d
c54e
c54f
c550

c5e5
c5e6
c5e7
c5e8

c67d
c67e
c67f
c680

c715
c716
c717
c718

c7ad
c7ae
c7af
c7b0

c845
c846
c847
c848

c8dd
c8de
c8df
c8e0

c975
c976
c977
c978

ca0d
ca0e
ca0f
ca10

caa5
caa6
caa7
caa8

cb3d
cb3e
cb3f
cb40

cbd5
cbd6
cbd7
cbd8

cc6d
cc6e
cc6f
cc70

cd05
cd06
cd07
cd08

cd9d
cd9e
cd9f
cda0

ce35
ce36
ce37
ce38

cecd
cece
cecf
ced0

cf65
cf66
cf67
cf68

cffd
cffe
cfff
d000

d095
d096
d097
d098

d12d
d12e
d12f
d130

d1c5
d1c6
d1c7
d1c8

d25d
d25e
d25f
d260

d2f5
d2f6
d2f7
d2f8

d38d
d38e
d38f
d390

d425
d426
d427
d428

d4bd
d4be
d4bf
d4c0

d555
d556
d557
d558

d5ed
d5ee
d5ef
d5f0

d685
d686
d687
d688

d71d
d71e
d71f
d720

d7b5
d7b6
d7b7
d7b8

d84d
d84e
d84f
d850

d8e5
d8e6
d8e7
d8e8

d97d
d97e
d97f
d980

da15
da16
da17
da18

daad
daae
daaf
dab0

db45
db46
db47
db48

dbdd
dbde
dbdf
dbe0

dc75
dc76
dc77
dc78

dd0d
dd0e
dd0f
dd10

dda5
dda6
dda7
dda8

de3d
de3e
de3f
de40

ded5
ded6
ded7
ded8

df6d
df6e
df6f
df70

e005
e006
e007
e008

e09d
e09e
e09f
e0a0

e135
e136
e137
e138

e1cd
e1ce
e1cf
e1d0

e265
e266
e267
e268

e2fd
e2fe
e2ff
e300

e395
e396
e397
e398

e42d
e42e
e42f
e430

e4c5
e4c6
e4c7
e4c8

e55d
e55e
e55f
e560

e5f5
e5f6
e5f7
e5f8

e68d
e68e
e68f
e690

e725
e726
e727
e728

e7bd
e7be
e7bf
e7c0

e855
e856
e857
e858

e8ed
e8ee
e8ef
e8f0

e985
e986
e987
e988

ea1d
ea1e
ea1f
ea20

eab5
eab6
eab7
eab8

eb4d
eb4e
eb4f
eb50

ebe5
ebe6
ebe7
ebe8

ec7d
ec7e
ec7f
ec80

ed15
ed16
ed17
ed18

edad
edae
edaf
edb0

ee45
ee46
ee47
ee48

eedd
eede
eedf
eee0

ef75
ef76
ef77
ef78

f00d
f00e
f00f
f010

f0a5
f0a6
f0a7
f0a8

f13d
f13e
f13f
f140

f1d5
f1d6
f1d7
f1d8

f26d
f26e
f26f
f270

f305
f306
f307
f308

f39d
f39e
f39f
f3a0

f435
f436
f437
f438

f4cd
f4ce
f4cf
f4d0

f565
f566
f567
f568

f5fd
f5fe
f5ff
f600

f695
f696
f697
f698

f72d
f72e
f72f
f730

f7c5
f7c6
f7c7
f7c8

f85d
f85e
f85f
f860

f8f5
f8f6
f8f7
f8f8

f98d
f98e
f98f
f990

fa25
fa26
fa27
fa28

fabd
fabe
fabf
fac0

fb55
fb56
fb57
fb58

fbed
fbee
fbef
fbf0

fc85
fc86
fc87
fc88

fd1d
fd1e
fd1f
fd20

fdb5
fdb6
fdb7
fdb8

fe4d
fe4e
fe4f
fe50

fee5
fee6
fee7
fee8

ff7d
ff7e
ff7f
ff80

4015
4016
4017
4018

40ad
40ae
40af
40b0

4145
4146
4147
4148

41dd
41de
41df
41e0

4275
4276
4277
4278

430d
430e
430f
4310

43a5
43a6
43a7
43a8

443d
443e
443f
4440

44d5
44d6
44d7
44d8

456d
456e
456f
4570

4605
4606
4607
4608

469d
469e
469f
46a0

4735
4736
4737
4738

47cd
47ce
47cf
47d0

4865
4866
4867
4868

48fd
48fe
48ff
4900

4995
4996
4997
4998

4a2d
4a2e
4a2f
4a30

4ac5
4ac6
4ac7
4ac8

4b5d
4b5e
4b5f
4b60

4bf5
4bf6
4bf7
4bf8

4c8d
4c8e
4c8f
4c90

4d25
4d26
4d27
4d28

4dbd
4dbe
4dbf
4dc0

4e55
4e56
4e57
4e58

4eed
4eee
4eef
4ef0

4f85
4f86
4f87
4f88

501d
501e
501f
5020

50b5
50b6
50b7
50b8

514d
514e
514f
5150

51e5
51e6
51e7
51e8

527d
527e
527f
5280

5315
5316
5317
5318

53ad
53ae
53af
53b0

5445
5446
5447
5448

54dd
54de
54df
54e0

5575
5576
5577
5578

560d
560e
560f
5610

56a5
56a6
56a7
56a8

573d
573e
573f
5740

57d5
57d6
57d7
57d8

586d
586e
586f
5870

5905
5906
5907
5908

599d
599e
599f
59a0

5a35
5a36
5a37
5a38

5acd
5ace
5acf
5ad0

5b65
5b66
5b67
5b68

5bfd
5bfe
5bff
5c00

5c95
5c96
5c97
5c98

5d2d
5d2e
5d2f
5d30

5dc5
5dc6
5dc7
5dc8

5e5d
5e5e
5e5f
5e60

5ef5
5ef6
5ef7
5ef8

5f8d
5f8e
5f8f
5f90

6025
6026
6027
6028

60bd
60be
60bf
60c0

6155
6156
6157
6158

61ed
61ee
61ef
61f0

6285
6286
6287
6288

631d
631e
631f
6320

63b5
63b6
63b7
63b8

644d
644e
644f
6450

64e5
64e6
64e7
64e8

657d
657e
657f
6580

6615
6616
6617
6618

66ad
66ae
66af
66b0

6745
6746
6747
6748

67dd
67de
67df
67e0

6875
6876
6877
6878

690d
690e
690f
6910

69a5
69a6
69a7
69a8

6a3d
6a3e
6a3f
6a40

6ad5
6ad6
6ad7
6ad8

6b6d
6b6e
6b6f
6b70

6c05
6c06
6c07
6c08

6c9d
6c9e
6c9f
6ca0

6d35
6d36
6d37
6d38

6dcd
6dce
6dcf
6dd0

6e65
6e66
6e67
6e68

6efd
6efe
6eff
6f00

6f95
6f96
6f97
6f98

702d
702e
702f
7030

70c5
70c6
70c7
70c8

715d
715e
715f
7160

71f5
71f6
71f7
71f8

728d
728e
728f
7290

7325
7326
7327
7328

73bd
73be
73bf
73c0

7455
7456
7457
7458

74ed
74ee
74ef
74f0

7585
7586
7587
7588

761d
761e
761f
7620

76b5
76b6
76b7
76b8

774d
774e
774f
7750

77e5
77e6
77e7
77e8

787d
787e
787f
7880

7915
7916
7917
7918

79ad
79ae
79af
79b0

7a45
7a46
7a47
7a48

7add
7ade
7adf
7ae0

7b75
7b76
7b77
7b78

7c0d
7c0e
7c0f
7c10

bca8
bca9
bcaa
bcab

bd40
bd41
bd42
bd43

bdd8
bdd9
bdda
bddb

be70
be71
be72
be73

bf08
bf09
bf0a
bf0b

bfa0
bfa1
bfa2
bfa3

c038
c039
c03a
c03b

c0d0
c0d1
c0d2
c0d3

c168
c169
c16a
c16b

c200
c201
c202
c203

c298
c299
c29a
c29b

c330
c331
c332
c333

c3c8
c3c9
c3ca
c3cb

c460
c461
c462
c463

c4f8
c4f9
c4fa
c4fb

c590
c591
c592
c593

c628
c629
c62a
c62b

c6c0
c6c1
c6c2
c6c3

c758
c759
c75a
c75b

c7f0
c7f1
c7f2
c7f3

c888
c889
c88a
c88b

c920
c921
c922
c923

c9b8
c9b9
c9ba
c9bb

ca50
ca51
ca52
ca53

cae8
cae9
caea
caeb

cb80
cb81
cb82
cb83

cc18
cc19
cc1a
cc1b

ccb0
ccb1
ccb2
ccb3

cd48
cd49
cd4a
cd4b

cde0
cde1
cde2
cde3

ce78
ce79
ce7a
ce7b

cf10
cf11
cf12
cf13

cfa8
cfa9
cfaa
cfab

d040
d041
d042
d043

d0d8
d0d9
d0da
d0db

d170
d171
d172
d173

d208
d209
d20a
d20b

d2a0
d2a1
d2a2
d2a3

d338
d339
d33a
d33b

d3d0
d3d1
d3d2
d3d3

d468
d469
d46a
d46b

d500
d501
d502
d503

d598
d599
d59a
d59b

d630
d631
d632
d633

d6c8
d6c9
d6ca
d6cb

d760
d761
d762
d763

d7f8
d7f9
d7fa
d7fb

d890
d891
d892
d893

d928
d929
d92a
d92b

d9c0
d9c1
d9c2
d9c3

da58
da59
da5a
da5b

daf0
daf1
daf2
daf3

db88
db89
db8a
db8b

dc20
dc21
dc22
dc23

dcb8
dcb9
dcba
dcbb

dd50
dd51
dd52
dd53

dde8
dde9
ddea
ddeb

de80
de81
de82
de83

df18
df19
df1a
df1b

dfb0
dfb1
dfb2
dfb3

e048
e049
e04a
e04b

e0e0
e0e1
e0e2
e0e3

e178
e179
e17a
e17b

e210
e211
e212
e213

e2a8
e2a9
e2aa
e2ab

e340
e341
e342
e343

e3d8
e3d9
e3da
e3db

e470
e471
e472
e473

e508
e509
e50a
e50b

e5a0
e5a1
e5a2
e5a3

e638
e639
e63a
e63b

e6d0
e6d1
e6d2
e6d3

e768
e769
e76a
e76b

e800
e801
e802
e803

e898
e899
e89a
e89b

e930
e931
e932
e933

e9c8
e9c9
e9ca
e9cb

ea60
ea61
ea62
ea63

eaf8
eaf9
eafa
eafb

eb90
eb91
eb92
eb93

ec28
ec29
ec2a
ec2b

ecc0
ecc1
ecc2
ecc3

ed58
ed59
ed5a
ed5b

edf0
edf1
edf2
edf3

ee88
ee89
ee8a
ee8b

ef20
ef21
ef22
ef23

efb8
efb9
efba
efbb

f050
f051
f052
f053

f0e8
f0e9
f0ea
f0eb

f180
f181
f182
f183

f218
f219
f21a
f21b

f2b0
f2b1
f2b2
f2b3

f348
f349
f34a
f34b

f3e0
f3e1
f3e2
f3e3

f478
f479
f47a
f47b

f510
f511
f512
f513

f5a8
f5a9
f5aa
f5ab

f640
f641
f642
f643

f6d8
f6d9
f6da
f6db

f770
f771
f772
f773

f808
f809
f80a
f80b

f8a0
f8a1
f8a2
f8a3

3938
3939
393a
393b

39d0
39d1
39d2
39d3

3a68
3a69
3a6a
3a6b

3b00
3b01
3b02
3b03

3b98
3b99
3b9a
3b9b

3c30
3c31
3c32
3c33

3cc8
3cc9
3cca
3ccb

3d60
3d61
3d62
3d63

3df8
3df9
3dfa
3dfb

3e90
3e91
3e92
3e93

3f28
3f29
3f2a
3f2b

3fc0
3fc1
3fc2
3fc3

4058
4059
405a
405b

40f0
40f1
40f2
40f3

4188
4189
418a
418b

4220
4221
4222
4223

42b8
42b9
42ba
42bb

4350
4351
4352
4353

43e8
43e9
43ea
43eb

4480
4481
4482
4483

4518
4519
451a
451b

45b0
45b1
45b2
45b3

4648
4649
464a
464b

46e0
46e1
46e2
46e3

4778
4779
477a
477b

4810
4811
4812
4813

48a8
48a9
48aa
48ab

4940
4941
4942
4943

49d8
49d9
49da
49db

4a70
4a71
4a72
4a73

4b08
4b09
4b0a
4b0b

4ba0
4ba1
4ba2
4ba3

4c38
4c39
4c3a
4c3b

4cd0
4cd1
4cd2
4cd3

4d68
4d69
4d6a
4d6b

4e00
4e01
4e02
4e03

4e98
4e99
4e9a
4e9b

4f30
4f31
4f32
4f33

4fc8
4fc9
4fca
4fcb

5060
5061
5062
5063

50f8
50f9
50fa
50fb

5190
5191
5192
5193

5228
5229
522a
522b

52c0
52c1
52c2
52c3

5358
5359
535a
535b

53f0
53f1
53f2
53f3

5488
5489
548a
548b

5520
5521
5522
5523

55b8
55b9
55ba
55bb

5650
5651
5652
5653

56e8
56e9
56ea
56eb

5780
5781
5782
5783

5818
5819
581a
581b

58b0
58b1
58b2
58b3

5948
5949
594a
594b

59e0
59e1
59e2
59e3

5a78
5a79
5a7a
5a7b

5b10
5b11
5b12
5b13

5ba8
5ba9
5baa
5bab

5c40
5c41
5c42
5c43

5cd8
5cd9
5cda
5cdb

5d70
5d71
5d72
5d73

5e08
5e09
5e0a
5e0b

5ea0
5ea1
5ea2
5ea3

5f38
5f39
5f3a
5f3b

5fd0
5fd1
5fd2
5fd3

6068
6069
606a
606b

6100
6101
6102
6103

6198
6199
619a
619b

6230
6231
6232
6233

62c8
62c9
62ca
62cb

6360
6361
6362
6363

63f8
63f9
63fa
63fb

6490
6491
6492
6493

6528
6529
652a
652b

65c0
65c1
65c2
65c3

6658
6659
665a
665b

66f0
66f1
66f2
66f3

6788
6789
678a
678b

6820
6821
6822
6823

68b8
68b9
68ba
68bb

6950
6951
6952
6953

69e8
69e9
69ea
69eb

6a80
6a81
6a82
6a83

6b18
6b19
6b1a
6b1b

6bb0
6bb1
6bb2
6bb3

6c48
6c49
6c4a
6c4b

6ce0
6ce1
6ce2
6ce3

6d78
6d79
6d7a
6d7b

6e10
6e11
6e12
6e13

6ea8
6ea9
6eaa
6eab

6f40
6f41
6f42
6f43

6fd8
6fd9
6fda
6fdb

7070
7071
7072
7073

7108
7109
710a
710b

71a0
71a1
71a2
71a3

7238
7239
723a
723b

72d0
72d1
72d2
72d3

7368
7369
736a
736b

7400
7401
7402
7403

7498
7499
749a
749b

7530
7531
7532
7533

b5ca
b5cb
b5cc
b5cd

b662
b663
b664
b665

b6fa
b6fb
b6fc
b6fd

b792
b793
b794
b795

b82a
b82b
b82c
b82d

b8c2
b8c3
b8c4
b8c5

b95a
b95b
b95c
b95d

b9f2
b9f3
b9f4
b9f5

ba8a
ba8b
ba8c
ba8d

bb22
bb23
bb24
bb25

bbba
bbbb
bbbc
bbbd

bc52
bc53
bc54
bc55

bcea
bceb
bcec
bced

bd82
bd83
bd84
bd85

be1a
be1b
be1c
be1d

beb2
beb3
beb4
beb5

bf4a
bf4b
bf4c
bf4d

bfe2
bfe3
bfe4
bfe5

c07a
c07b
c07c
c07d

c112
c113
c114
c115

c1aa
c1ab
c1ac
c1ad

c242
c243
c244
c245

c2da
c2db
c2dc
c2dd

c372
c373
c374
c375

c40a
c40b
c40c
c40d

c4a2
c4a3
c4a4
c4a5

c53a
c53b
c53c
c53d

c5d2
c5d3
c5d4
c5d5

c66a
c66b
c66c
c66d

c702
c703
c704
c705

c79a
c79b
c79c
c79d

c832
c833
c834
c835

c8ca
c8cb
c8cc
c8cd

c962
c963
c964
c965

c9fa
c9fb
c9fc
c9fd

ca92
ca93
ca94
ca95

cb2a
cb2b
cb2c
cb2d

cbc2
cbc3
cbc4
cbc5

cc5a
cc5b
cc5c
cc5d

ccf2
ccf3
ccf4
ccf5

cd8a
cd8b
cd8c
cd8d

ce22
ce23
ce24
ce25

ceba
cebb
cebc
cebd

cf52
cf53
cf54
cf55

cfea
cfeb
cfec
cfed

d082
d083
d084
d085

d11a
d11b
d11c
d11d

d1b2
d1b3
d1b4
d1b5

d24a
d24b
d24c
d24d

d2e2
d2e3
d2e4
d2e5

d37a
d37b
d37c
d37d

d412
d413
d414
d415

d4aa
d4ab
d4ac
d4ad

d542
d543
d544
d545

d5da
d5db
d5dc
d5dd

d672
d673
d674
d675

d70a
d70b
d70c
d70d

d7a2
d7a3
d7a4
d7a5

d83a
d83b
d83c
d83d

d8d2
d8d3
d8d4
d8d5

d96a
d96b
d96c
d96d

da02
da03
da04
da05

da9a
da9b
da9c
da9d

db32
db33
db34
db35

dbca
dbcb
dbcc
dbcd

dc62
dc63
dc64
dc65

dcfa
dcfb
dcfc
dcfd

dd92
dd93
dd94
dd95

de2a
de2b
de2c
de2d

dec2
dec3
dec4
dec5

df5a
df5b
df5c
df5d

dff2
dff3
dff4
dff5

e08a
e08b
e08c
e08d

e122
e123
e124
e125

e1ba
e1bb
e1bc
e1bd

e252
e253
e254
e255

e2ea
e2eb
e2ec
e2ed

e382
e383
e384
e385

e41a
e41b
e41c
e41d

e4b2
e4b3
e4b4
e4b5

e54a
e54b
e54c
e54d

e5e2
e5e3
e5e4
e5e5

e67a
e67b
e67c
e67d

e712
e713
e714
e715

e7aa
e7ab
e7ac
e7ad

e842
e843
e844
e845

e8da
e8db
e8dc
e8dd

e972
e973
e974
e975

ea0a
ea0b
ea0c
ea0d

eaa2
eaa3
eaa4
eaa5

eb3a
eb3b
eb3c
eb3d

ebd2
ebd3
ebd4
ebd5

ec6a
ec6b
ec6c
ec6d

ed02
ed03
ed04
ed05

ed9a
ed9b
ed9c
ed9d

ee32
ee33
ee34
ee35

eeca
eecb
eecc
eecd

ef62
ef63
ef64
ef65

effa
effb
effc
effd

f092
f093
f094
f095

f12a
f12b
f12c
f12d

f1c2
f1c3
f1c4
f1c5

325a
325b
325c
325d

32f2
32f3
32f4
32f5

338a
338b
338c
338d

3422
3423
3424
3425

34ba
34bb
34bc
34bd

3552
3553
3554
3555

35ea
35eb
35ec
35ed

3682
3683
3684
3685

371a
371b
371c
371d

37b2
37b3
37b4
37b5

384a
384b
384c
384d

38e2
38e3
38e4
38e5

397a
397b
397c
397d

3a12
3a13
3a14
3a15

3aaa
3aab
3aac
3aad

3b42
3b43
3b44
3b45

3bda
3bdb
3bdc
3bdd

3c72
3c73
3c74
3c75

3d0a
3d0b
3d0c
3d0d

3da2
3da3
3da4
3da5

3e3a
3e3b
3e3c
3e3d

3ed2
3ed3
3ed4
3ed5

3f6a
3f6b
3f6c
3f6d

4002
4003
4004
4005

409a
409b
409c
409d

4132
4133
4134
4135

41ca
41cb
41cc
41cd

4262
4263
4264
4265

42fa
42fb
42fc
42fd

4392
4393
4394
4395

442a
442b
442c
442d

44c2
44c3
44c4
44c5

455a
455b
455c
455d

45f2
45f3
45f4
45f5

468a
468b
468c
468d

4722
4723
4724
4725

47ba
47bb
47bc
47bd

4852
4853
4854
4855

48ea
48eb
48ec
48ed

4982
4983
4984
4985

4a1a
4a1b
4a1c
4a1d

4ab2
4ab3
4ab4
4ab5

4b4a
4b4b
4b4c
4b4d

4be2
4be3
4be4
4be5

4c7a
4c7b
4c7c
4c7d

4d12
4d13
4d14
4d15

4daa
4dab
4dac
4dad

4e42
4e43
4e44
4e45

4eda
4edb
4edc
4edd

4f72
4f73
4f74
4f75

500a
500b
500c
500d

50a2
50a3
50a4
50a5

513a
513b
513c
513d

51d2
51d3
51d4
51d5

526a
526b
526c
526d

5302
5303
5304
5305

539a
539b
539c
539d

5432
5433
5434
5435

54ca
54cb
54cc
54cd

5562
5563
5564
5565

55fa
55fb
55fc
55fd

5692
5693
5694
5695

572a
572b
572c
572d

57c2
57c3
57c4
57c5

585a
585b
585c
585d

58f2
58f3
58f4
58f5

598a
598b
598c
598d

5a22
5a23
5a24
5a25

5aba
5abb
5abc
5abd

5b52
5b53
5b54
5b55

5bea
5beb
5bec
5bed

5c82
5c83
5c84
5c85

5d1a
5d1b
5d1c
5d1d

5db2
5db3
5db4
5db5

5e4a
5e4b
5e4c
5e4d

5ee2
5ee3
5ee4
5ee5

5f7a
5f7b
5f7c
5f7d

6012
6013
6014
6015

60aa
60ab
60ac
60ad

6142
6143
6144
6145

61da
61db
61dc
61dd

6272
6273
6274
6275

630a
630b
630c
630d

63a2
63a3
63a4
63a5

643a
643b
643c
643d

64d2
64d3
64d4
64d5

656a
656b
656c
656d

6602
6603
6604
6605

669a
669b
669c
669d

6732
6733
6734
6735

67ca
67cb
67cc
67cd

6862
6863
6864
6865

68fa
68fb
68fc
68fd

6992
6993
6994
6995

6a2a
6a2b
6a2c
6a2d

6ac2
6ac3
6ac4
6ac5

6b5a
6b5b
6b5c
6b5d

6bf2
6bf3
6bf4
6bf5

6c8a
6c8b
6c8c
6c8d

6d22
6d23
6d24
6d25

6dba
6dbb
6dbc
6dbd

6e52
6e53
6e54
6e55

aeea
aeeb
aeec
aeed

af82
af83
af84
af85

b01a
b01b
b01c
b01d

b0b2
b0b3
b0b4
b0b5

b14a
b14b
b14c
b14d

b1e2
b1e3
b1e4
b1e5

b27a
b27b
b27c
b27d

b312
b313
b314
b315

b3aa
b3ab
b3ac
b3ad

b442
b443
b444
b445

b4da
b4db
b4dc
b4dd

b572
b573
b574
b575

b60a
b60b
b60c
b60d

b6a2
b6a3
b6a4
b6a5

b73a
b73b
b73c
b73d

b7d2
b7d3
b7d4
b7d5

b86a
b86b
b86c
b86d

b902
b903
b904
b905

b99a
b99b
b99c
b99d

ba32
ba33
ba34
ba35

baca
bacb
bacc
bacd

bb62
bb63
bb64
bb65

bbfa
bbfb
bbfc
bbfd

bc92
bc93
bc94
bc95

bd2a
bd2b
bd2c
bd2d

bdc2
bdc3
bdc4
bdc5

be5a
be5b
be5c
be5d

bef2
bef3
bef4
bef5

bf8a
bf8b
bf8c
bf8d

c022
c023
c024
c025

c0ba
c0bb
c0bc
c0bd

c152
c153
c154
c155

c1ea
c1eb
c1ec
c1ed

c282
c283
c284
c285

c31a
c31b
c31c
c31d

c3b2
c3b3
c3b4
c3b5

c44a
c44b
c44c
c44d

c4e2
c4e3
c4e4
c4e5

c57a
c57b
c57c
c57d

c612
c613
c614
c615

c6aa
c6ab
c6ac
c6ad

c742
c743
c744
c745

c7da
c7db
c7dc
c7dd

c872
c873
c874
c875

c90a
c90b
c90c
c90d

c9a2
c9a3
c9a4
c9a5

ca3a
ca3b
ca3c
ca3d

cad2
cad3
cad4
cad5

cb6a
cb6b
cb6c
cb6d

cc02
cc03
cc04
cc05

cc9a
cc9b
cc9c
cc9d

cd32
cd33
cd34
cd35

cdca
cdcb
cdcc
cdcd

ce62
ce63
ce64
ce65

cefa
cefb
cefc
cefd

cf92
cf93
cf94
cf95

d02a
d02b
d02c
d02d

d0c2
d0c3
d0c4
d0c5

d15a
d15b
d15c
d15d

d1f2
d1f3
d1f4
d1f5

d28a
d28b
d28c
d28d

d322
d323
d324
d325

d3ba
d3bb
d3bc
d3bd

d452
d453
d454
d455

d4ea
d4eb
d4ec
d4ed

d582
d583
d584
d585

d61a
d61b
d61c
d61d

d6b2
d6b3
d6b4
d6b5

d74a
d74b
d74c
d74d

d7e2
d7e3
d7e4
d7e5

d87a
d87b
d87c
d87d

d912
d913
d914
d915

d9aa
d9ab
d9ac
d9ad

da42
da43
da44
da45

dada
dadb
dadc
dadd

db72
db73
db74
db75

dc0a
dc0b
dc0c
dc0d

dca2
dca3
dca4
dca5

dd3a
dd3b
dd3c
dd3d

ddd2
ddd3
ddd4
ddd5

de6a
de6b
de6c
de6d

df02
df03
df04
df05

df9a
df9b
df9c
df9d

e032
e033
e034
e035

e0ca
e0cb
e0cc
e0cd

e162
e163
e164
e165

e1fa
e1fb
e1fc
e1fd

e292
e293
e294
e295

e32a
e32b
e32c
e32d

e3c2
e3c3
e3c4
e3c5

e45a
e45b
e45c
e45d

e4f2
e4f3
e4f4
e4f5

e58a
e58b
e58c
e58d

e622
e623
e624
e625

e6ba
e6bb
e6bc
e6bd

e752
e753
e754
e755

e7ea
e7eb
e7ec
e7ed

e882
e883
e884
e885

e91a
e91b
e91c
e91d

e9b2
e9b3
e9b4
e9b5

ea4a
ea4b
ea4c
ea4d

eae2
eae3
eae4
eae5

eb7a
eb7b
eb7c
eb7d

2c14
2c15
2c16
2c17

2cac
2cad
2cae
2caf

2d44
2d45
2d46
2d47

2ddc
2ddd
2dde
2ddf

2e74
2e75
2e76
2e77

2f0c
2f0d
2f0e
2f0f

2fa4
2fa5
2fa6
2fa7

303c
303d
303e
303f

30d4
30d5
30d6
30d7

316c
316d
316e
316f

3204
3205
3206
3207

329c
329d
329e
329f

3334
3335
3336
3337

33cc
33cd
33ce
33cf

3464
3465
3466
3467

34fc
34fd
34fe
34ff

3594
3595
3596
3597

362c
362d
362e
362f

36c4
36c5
36c6
36c7

375c
375d
375e
375f

37f4
37f5
37f6
37f7

388c
388d
388e
388f

3924
3925
3926
3927

39bc
39bd
39be
39bf

3a54
3a55
3a56
3a57

3aec
3aed
3aee
3aef

3b84
3b85
3b86
3b87

3c1c
3c1d
3c1e
3c1f

3cb4
3cb5
3cb6
3cb7

3d4c
3d4d
3d4e
3d4f

3de4
3de5
3de6
3de7

3e7c
3e7d
3e7e
3e7f

3f14
3f15
3f16
3f17

3fac
3fad
3fae
3faf

4044
4045
4046
4047

40dc
40dd
40de
40df

4174
4175
4176
4177

420c
420d
420e
420f

42a4
42a5
42a6
42a7

433c
433d
433e
433f

43d4
43d5
43d6
43d7

446c
446d
446e
446f

4504
4505
4506
4507

459c
459d
459e
459f

4634
4635
4636
4637

46cc
46cd
46ce
46cf

4764
4765
4766
4767

47fc
47fd
47fe
47ff

4894
4895
4896
4897

492c
492d
492e
492f

49c4
49c5
49c6
49c7

4a5c
4a5d
4a5e
4a5f

4af4
4af5
4af6
4af7

4b8c
4b8d
4b8e
4b8f

4c24
4c25
4c26
4c27

4cbc
4cbd
4cbe
4cbf

4d54
4d55
4d56
4d57

4dec
4ded
4dee
4def

4e84
4e85
4e86
4e87

4f1c
4f1d
4f1e
4f1f

4fb4
4fb5
4fb6
4fb7

504c
504d
504e
504f

50e4
50e5
50e6
50e7

517c
517d
517e
517f

5214
5215
5216
5217

52ac
52ad
52ae
52af

5344
5345
5346
5347

53dc
53dd
53de
53df

5474
5475
5476
5477

550c
550d
550e
550f

55a4
55a5
55a6
55a7

563c
563d
563e
563f

56d4
56d5
56d6
56d7

576c
576d
576e
576f

5804
5805
5806
5807

589c
589d
589e
589f

5934
5935
5936
5937

59cc
59cd
59ce
59cf

5a64
5a65
5a66
5a67

5afc
5afd
5afe
5aff

5b94
5b95
5b96
5b97

5c2c
5c2d
5c2e
5c2f

5cc4
5cc5
5cc6
5cc7

5d5c
5d5d
5d5e
5d5f

5df4
5df5
5df6
5df7

5e8c
5e8d
5e8e
5e8f

5f24
5f25
5f26
5f27

5fbc
5fbd
5fbe
5fbf

6054
6055
6056
6057

60ec
60ed
60ee
60ef

6184
6185
6186
6187

621c
621d
621e
621f

62b4
62b5
62b6
62b7

634c
634d
634e
634f

63e4
63e5
63e6
63e7

647c
647d
647e
647f

6514
6515
6516
6517

65ac
65ad
65ae
65af

6644
6645
6646
6647

66dc
66dd
66de
66df

6774
6775
6776
6777

680c
680d
680e
680f

a8a4
a8a5
a8a6
a8a7

a93c
a93d
a93e
a93f

a9d4
a9d5
a9d6
a9d7

aa6c
aa6d
aa6e
aa6f

ab04
ab05
ab06
ab07

ab9c
ab9d
ab9e
ab9f

ac34
ac35
ac36
ac37

accc
accd
acce
accf

ad64
ad65
ad66
ad67

adfc
adfd
adfe
adff

ae94
ae95
ae96
ae97

af2c
af2d
af2e
af2f

afc4
afc5
afc6
afc7

b05c
b05d
b05e
b05f

b0f4
b0f5
b0f6
b0f7

b18c
b18d
b18e
b18f

b224
b225
b226
b227

b2bc
b2bd
b2be
b2bf

b354
b355
b356
b357

b3ec
b3ed
b3ee
b3ef

b484
b485
b486
b487

b51c
b51d
b51e
b51f

b5b4
b5b5
b5b6
b5b7

b64c
b64d
b64e
b64f

b6e4
b6e5
b6e6
b6e7

b77c
b77d
b77e
b77f

b814
b815
b816
b817

b8ac
b8ad
b8ae
b8af

b944
b945
b946
b947

b9dc
b9dd
b9de
b9df

ba74
ba75
ba76
ba77

bb0c
bb0d
bb0e
bb0f

bba4
bba5
bba6
bba7

bc3c
bc3d
bc3e
bc3f

bcd4
bcd5
bcd6
bcd7

bd6c
bd6d
bd6e
bd6f

be04
be05
be06
be07

be9c
be9d
be9e
be9f

bf34
bf35
bf36
bf37

bfcc
bfcd
bfce
bfcf

c064
c065
c066
c067

c0fc
c0fd
c0fe
c0ff

c194
c195
c196
c197

c22c
c22d
c22e
c22f

c2c4
c2c5
c2c6
c2c7

c35c
c35d
c35e
c35f

c3f4
c3f5
c3f6
c3f7

c48c
c48d
c48e
c48f

c524
c525
c526
c527

c5bc
c5bd
c5be
c5bf

c654
c655
c656
c657

c6ec
c6ed
c6ee
c6ef

c784
c785
c786
c787

c81c
c81d
c81e
c81f

c8b4
c8b5
c8b6
c8b7

c94c
c94d
c94e
c94f

c9e4
c9e5
c9e6
c9e7

ca7c
ca7d
ca7e
ca7f

cb14
cb15
cb16
cb17

cbac
cbad
cbae
cbaf

cc44
cc45
cc46
cc47

ccdc
ccdd
ccde
ccdf

cd74
cd75
cd76
cd77

ce0c
ce0d
ce0e
ce0f

cea4
cea5
cea6
cea7

cf3c
cf3d
cf3e
cf3f

cfd4
cfd5
cfd6
cfd7

d06c
d06d
d06e
d06f

d104
d105
d106
d107

d19c
d19d
d19e
d19f

d234
d235
d236
d237

d2cc
d2cd
d2ce
d2cf

d364
d365
d366
d367

d3fc
d3fd
d3fe
d3ff

d494
d495
d496
d497

d52c
d52d
d52e
d52f

d5c4
d5c5
d5c6
d5c7

d65c
d65d
d65e
d65f

d6f4
d6f5
d6f6
d6f7

d78c
d78d
d78e
d78f

d824
d825
d826
d827

d8bc
d8bd
d8be
d8bf

d954
d955
d956
d957

d9ec
d9ed
d9ee
d9ef

da84
da85
da86
da87

db1c
db1d
db1e
db1f

dbb4
dbb5
dbb6
dbb7

dc4c
dc4d
dc4e
dc4f

dce4
dce5
dce6
dce7

dd7c
dd7d
dd7e
dd7f

de14
de15
de16
de17

deac
dead
deae
deaf

df44
df45
df46
df47

dfdc
dfdd
dfde
dfdf

e074
e075
e076
e077

e10c
e10d
e10e
e10f

e1a4
e1a5
e1a6
e1a7

e23c
e23d
e23e
e23f

e2d4
e2d5
e2d6
e2d7

e36c
e36d
e36e
e36f

e404
e405
e406
e407

e49c
e49d
e49e
e49f

2535
2536
2537
2538

25cd
25ce
25cf
25d0

2665
2666
2667
2668

26fd
26fe
26ff
2700

2795
2796
2797
2798

282d
282e
282f
2830

28c5
28c6
28c7
28c8

295d
295e
295f
2960

29f5
29f6
29f7
29f8

2a8d
2a8e
2a8f
2a90

2b25
2b26
2b27
2b28

2bbd
2bbe
2bbf
2bc0

2c55
2c56
2c57
2c58

2ced
2cee
2cef
2cf0

2d85
2d86
2d87
2d88

2e1d
2e1e
2e1f
2e20

2eb5
2eb6
2eb7
2eb8

2f4d
2f4e
2f4f
2f50

2fe5
2fe6
2fe7
2fe8

307d
307e
307f
3080

3115
3116
3117
3118

31ad
31ae
31af
31b0

3245
3246
3247
3248

32dd
32de
32df
32e0

3375
3376
3377
3378

340d
340e
340f
3410

34a5
34a6
34a7
34a8

353d
353e
353f
3540

35d5
35d6
35d7
35d8

366d
366e
366f
3670

3705
3706
3707
3708

379d
379e
379f
37a0

3835
3836
3837
3838

38cd
38ce
38cf
38d0

3965
3966
3967
3968

39fd
39fe
39ff
3a00

3a95
3a96
3a97
3a98

3b2d
3b2e
3b2f
3b30

3bc5
3bc6
3bc7
3bc8

3c5d
3c5e
3c5f
3c60

3cf5
3cf6
3cf7
3cf8

3d8d
3d8e
3d8f
3d90

3e25
3e26
3e27
3e28

3ebd
3ebe
3ebf
3ec0

3f55
3f56
3f57
3f58

3fed
3fee
3fef
3ff0

4086
4087
4088
4089

411e
411f
4120
4121

41b6
41b7
41b8
41b9

424e
424f
4250
4251

42e6
42e7
42e8
42e9

437e
437f
4380
4381

4416
4417
4418
4419

44ae
44af
44b0
44b1

4546
4547
4548
4549

45de
45df
45e0
45e1

4676
4677
4678
4679

470e
470f
4710
4711

47a6
47a7
47a8
47a9

483e
483f
4840
4841

48d6
48d7
48d8
48d9

496e
496f
4970
4971

4a06
4a07
4a08
4a09

4a9e
4a9f
4aa0
4aa1

4b36
4b37
4b38
4b39

4bce
4bcf
4bd0
4bd1

4c66
4c67
4c68
4c69

4cfe
4cff
4d00
4d01

4d96
4d97
4d98
4d99

4e2e
4e2f
4e30
4e31

4ec6
4ec7
4ec8
4ec9

4f5e
4f5f
4f60
4f61

4ff6
4ff7
4ff8
4ff9

508e
508f
5090
5091

5126
5127
5128
5129

51be
51bf
51c0
51c1

5256
5257
5258
5259

52ee
52ef
52f0
52f1

5386
5387
5388
5389

541e
541f
5420
5421

54b6
54b7
54b8
54b9

554e
554f
5550
5551

55e6
55e7
55e8
55e9

567e
567f
5680
5681

5716
5717
5718
5719

57ae
57af
57b0
57b1

5846
5847
5848
5849

58de
58df
58e0
58e1

5976
5977
5978
5979

5a0e
5a0f
5a10
5a11

5aa6
5aa7
5aa8
5aa9

5b3e
5b3f
5b40
5b41

5bd6
5bd7
5bd8
5bd9

5c6e
5c6f
5c70
5c71

5d06
5d07
5d08
5d09

5d9e
5d9f
5da0
5da1

5e36
5e37
5e38
5e39

5ece
5ecf
5ed0
5ed1

5f66
5f67
5f68
5f69

5ffe
5fff
6000
6001

6096
6097
6098
6099

612e
612f
6130
6131

a1c6
a1c7
a1c8
a1c9

a25e
a25f
a260
a261

a2f6
a2f7
a2f8
a2f9

a38e
a38f
a390
a391

a426
a427
a428
a429

a4be
a4bf
a4c0
a4c1

a556
a557
a558
a559

a5ee
a5ef
a5f0
a5f1

a686
a687
a688
a689

a71e
a71f
a720
a721

a7b6
a7b7
a7b8
a7b9

a84e
a84f
a850
a851

a8e6
a8e7
a8e8
a8e9

a97e
a97f
a980
a981

aa16
aa17
aa18
aa19

aaae
aaaf
aab0
aab1

ab46
ab47
ab48
ab49

abde
abdf
abe0
abe1

ac76
ac77
ac78
ac79

ad0e
ad0f
ad10
ad11

ada6
ada7
ada8
ada9

ae3e
ae3f
ae40
ae41

aed6
aed7
aed8
aed9

af6e
af6f
af70
af71

b006
b007
b008
b009

b09e
b09f
b0a0
b0a1

b136
b137
b138
b139

b1ce
b1cf
b1d0
b1d1

b266
b267
b268
b269

b2fe
b2ff
b300
b301

b396
b397
b398
b399

b42e
b42f
b430
b431

b4c6
b4c7
b4c8
b4c9

b55e
b55f
b560
b561

b5f6
b5f7
b5f8
b5f9

b68e
b68f
b690
b691

b726
b727
b728
b729

b7be
b7bf
b7c0
b7c1

b856
b857
b858
b859

b8ee
b8ef
b8f0
b8f1

b986
b987
b988
b989

ba1e
ba1f
ba20
ba21

bab6
bab7
bab8
bab9

bb4e
bb4f
bb50
bb51

bbe6
bbe7
bbe8
bbe9

bc7e
bc7f
bc80
bc81

bd16
bd17
bd18
bd19

bdae
bdaf
bdb0
bdb1

be46
be47
be48
be49

bede
bedf
bee0
bee1

bf76
bf77
bf78
bf79

c00e
c00f
c010
c011

c0a6
c0a7
c0a8
c0a9

c13e
c13f
c140
c141

c1d6
c1d7
c1d8
c1d9

c26e
c26f
c270
c271

c306
c307
c308
c309

c39e
c39f
c3a0
c3a1

c436
c437
c438
c439

c4ce
c4cf
c4d0
c4d1

c566
c567
c568
c569

c5fe
c5ff
c600
c601

c696
c697
c698
c699

c72e
c72f
c730
c731

c7c6
c7c7
c7c8
c7c9

c85e
c85f
c860
c861

c8f6
c8f7
c8f8
c8f9

c98e
c98f
c990
c991

ca26
ca27
ca28
ca29

cabe
cabf
cac0
cac1

cb56
cb57
cb58
cb59

cbee
cbef
cbf0
cbf1

cc86
cc87
cc88
cc89

cd1e
cd1f
cd20
cd21

cdb6
cdb7
cdb8
cdb9

ce4e
ce4f
ce50
ce51

cee6
cee7
cee8
cee9

cf7e
cf7f
cf80
cf81

d016
d017
d018
d019

d0ae
d0af
d0b0
d0b1

d146
d147
d148
d149

d1de
d1df
d1e0
d1e1

d276
d277
d278
d279

d30e
d30f
d310
d311

d3a6
d3a7
d3a8
d3a9

d43e
d43f
d440
d441

d4d6
d4d7
d4d8
d4d9

d56e
d56f
d570
d571

d606
d607
d608
d609

d69e
d69f
d6a0
d6a1

d736
d737
d738
d739

d7ce
d7cf
d7d0
d7d1

d866
d867
d868
d869

d8fe
d8ff
d900
d901

d996
d997
d998
d999

da2e
da2f
da30
da31

dac6
dac7
dac8
dac9

db5e
db5f
db60
db61

dbf6
dbf7
dbf8
dbf9

dc8e
dc8f
dc90
dc91

dd26
dd27
dd28
dd29

ddbe
ddbf
ddc0
ddc1

1e58
1e59
1e5a
1e5b

1ef0
1ef1
1ef2
1ef3

1f88
1f89
1f8a
1f8b

2020
2021
2022
2023

20b8
20b9
20ba
20bb

2150
2151
2152
2153

21e8
21e9
21ea
21eb

2280
2281
2282
2283

2318
2319
231a
231b

23b0
23b1
23b2
23b3

2448
2449
244a
244b

24e0
24e1
24e2
24e3

2578
2579
257a
257b

2610
2611
2612
2613

26a8
26a9
26aa
26ab

2740
2741
2742
2743

27d8
27d9
27da
27db

2870
2871
2872
2873

2908
2909
290a
290b

29a0
29a1
29a2
29a3

2a38
2a39
2a3a
2a3b

2ad0
2ad1
2ad2
2ad3

2b68
2b69
2b6a
2b6b

2c00
2c01
2c02
2c03

2c98
2c99
2c9a
2c9b

2d30
2d31
2d32
2d33

2dc8
2dc9
2dca
2dcb

2e60
2e61
2e62
2e63

2ef8
2ef9
2efa
2efb

2f90
2f91
2f92
2f93

3028
3029
302a
302b

30c0
30c1
30c2
30c3

3158
3159
315a
315b

31f0
31f1
31f2
31f3

3288
3289
328a
328b

3320
3321
3322
3323

33b8
33b9
33ba
33bb

3450
3451
3452
3453

34e8
34e9
34ea
34eb

3580
3581
3582
3583

3618
3619
361a
361b

36b0
36b1
36b2
36b3

3748
3749
374a
374b

37e0
37e1
37e2
37e3

3878
3879
387a
387b

3910
3911
3912
3913

39a8
39a9
39aa
39ab

3a40
3a41
3a42
3a43

3ad8
3ad9
3ada
3adb

3b70
3b71
3b72
3b73

3c08
3c09
3c0a
3c0b

3ca0
3ca1
3ca2
3ca3

3d38
3d39
3d3a
3d3b

3dd0
3dd1
3dd2
3dd3

3e68
3e69
3e6a
3e6b

3f00
3f01
3f02
3f03

3f98
3f99
3f9a
3f9b

4030
4031
4032
4033

40c8
40c9
40ca
40cb

4160
4161
4162
4163

41f8
41f9
41fa
41fb

4290
4291
4292
4293

4328
4329
432a
432b

43c0
43c1
43c2
43c3

4458
4459
445a
445b

44f0
44f1
44f2
44f3

4588
4589
458a
458b

4620
4621
4622
4623

46b8
46b9
46ba
46bb

4750
4751
4752
4753

47e8
47e9
47ea
47eb

4880
4881
4882
4883

4918
4919
491a
491b

49b0
49b1
49b2
49b3

4a48
4a49
4a4a
4a4b

4ae0
4ae1
4ae2
4ae3

4b78
4b79
4b7a
4b7b

4c10
4c11
4c12
4c13

4ca8
4ca9
4caa
4cab

4d40
4d41
4d42
4d43

4dd8
4dd9
4dda
4ddb

4e70
4e71
4e72
4e73

4f08
4f09
4f0a
4f0b

4fa0
4fa1
4fa2
4fa3

5038
5039
503a
503b

50d0
50d1
50d2
50d3

5168
5169
516a
516b

5200
5201
5202
5203

5298
5299
529a
529b

5330
5331
5332
5333

53c8
53c9
53ca
53cb

5460
5461
5462
5463

54f8
54f9
54fa
54fb

5590
5591
5592
5593

5628
5629
562a
562b

56c0
56c1
56c2
56c3

5758
5759
575a
575b

57f0
57f1
57f2
57f3

5888
5889
588a
588b

5920
5921
5922
5923

59b8
59b9
59ba
59bb

5a50
5a51
5a52
5a53

9ae9
9aea
9aeb
9aec

9b81
9b82
9b83
9b84

9c19
9c1a
9c1b
9c1c

9cb1
9cb2
9cb3
9cb4

9d49
9d4a
9d4b
9d4c

9de1
9de2
9de3
9de4

9e79
9e7a
9e7b
9e7c

9f11
9f12
9f13
9f14

9fa9
9faa
9fab
9fac

a041
a042
a043
a044

a0d9
a0da
a0db
a0dc

a171
a172
a173
a174

a209
a20a
a20b
a20c

a2a1
a2a2
a2a3
a2a4

a339
a33a
a33b
a33c

a3d1
a3d2
a3d3
a3d4

a469
a46a
a46b
a46c

a501
a502
a503
a504

a599
a59a
a59b
a59c

a631
a632
a633
a634

a6c9
a6ca
a6cb
a6cc

a761
a762
a763
a764

a7f9
a7fa
a7fb
a7fc

a891
a892
a893
a894

a929
a92a
a92b
a92c

a9c1
a9c2
a9c3
a9c4

aa59
aa5a
aa5b
aa5c

aaf1
aaf2
aaf3
aaf4

ab89
ab8a
ab8b
ab8c

ac21
ac22
ac23
ac24

acb9
acba
acbb
acbc

ad51
ad52
ad53
ad54

ade9
adea
adeb
adec

ae81
ae82
ae83
ae84

af19
af1a
af1b
af1c

afb1
afb2
afb3
afb4

b049
b04a
b04b
b04c

b0e1
b0e2
b0e3
b0e4

b179
b17a
b17b
b17c

b211
b212
b213
b214

b2a9
b2aa
b2ab
b2ac

b341
b342
b343
b344

b3d9
b3da
b3db
b3dc

b471
b472
b473
b474

b509
b50a
b50b
b50c

b5a1
b5a2
b5a3
b5a4

b639
b63a
b63b
b63c

b6d1
b6d2
b6d3
b6d4

b769
b76a
b76b
b76c

b801
b802
b803
b804

b899
b89a
b89b
b89c

b931
b932
b933
b934

b9c9
b9ca
b9cb
b9cc

ba61
ba62
ba63
ba64

baf9
bafa
bafb
bafc

bb91
bb92
bb93
bb94

bc29
bc2a
bc2b
bc2c

bcc1
bcc2
bcc3
bcc4

bd59
bd5a
bd5b
bd5c

bdf1
bdf2
bdf3
bdf4

be89
be8a
be8b
be8c

bf21
bf22
bf23
bf24

bfb9
bfba
bfbb
bfbc

c051
c052
c053
c054

c0e9
c0ea
c0eb
c0ec

c181
c182
c183
c184

c219
c21a
c21b
c21c

c2b1
c2b2
c2b3
c2b4

c349
c34a
c34b
c34c

c3e1
c3e2
c3e3
c3e4

c479
c47a
c47b
c47c

c511
c512
c513
c514

c5a9
c5aa
c5ab
c5ac

c641
c642
c643
c644

c6d9
c6da
c6db
c6dc

c771
c772
c773
c774

c809
c80a
c80b
c80c

c8a1
c8a2
c8a3
c8a4

c939
c93a
c93b
c93c

c9d1
c9d2
c9d3
c9d4

ca69
ca6a
ca6b
ca6c

cb01
cb02
cb03
cb04

cb99
cb9a
cb9b
cb9c

cc31
cc32
cc33
cc34

ccc9
ccca
cccb
cccc

cd61
cd62
cd63
cd64

cdf9
cdfa
cdfb
cdfc

ce91
ce92
ce93
ce94

cf29
cf2a
cf2b
cf2c

cfc1
cfc2
cfc3
cfc4

d059
d05a
d05b
d05c

d0f1
d0f2
d0f3
d0f4

d189
d18a
d18b
d18c

d221
d222
d223
d224

d2b9
d2ba
d2bb
d2bc

d351
d352
d353
d354

d3e9
d3ea
d3eb
d3ec

d481
d482
d483
d484

d519
d51a
d51b
d51c

d5b1
d5b2
d5b3
d5b4

d649
d64a
d64b
d64c

d6e1
d6e2
d6e3
d6e4

1779
177a
177b
177c

1811
1812
1813
1814

18a9
18aa
18ab
18ac

1941
1942
1943
1944

19d9
19da
19db
19dc

1a71
1a72
1a73
1a74

1b09
1b0a
1b0b
1b0c

1ba1
1ba2
1ba3
1ba4

1c39
1c3a
1c3b
1c3c

1cd1
1cd2
1cd3
1cd4

1d69
1d6a
1d6b
1d6c

1e01
1e02
1e03
1e04

1e99
1e9a
1e9b
1e9c

1f31
1f32
1f33
1f34

1fc9
1fca
1fcb
1fcc

2061
2062
2063
2064

20f9
20fa
20fb
20fc

2191
2192
2193
2194

2229
222a
222b
222c

22c1
22c2
22c3
22c4

2359
235a
235b
235c

23f1
23f2
23f3
23f4

2489
248a
248b
248c

2521
2522
2523
2524

25b9
25ba
25bb
25bc

2651
2652
2653
2654

26e9
26ea
26eb
26ec

2781
2782
2783
2784

2819
281a
281b
281c

28b1
28b2
28b3
28b4

2949
294a
294b
294c

29e1
29e2
29e3
29e4

2a79
2a7a
2a7b
2a7c

2b11
2b12
2b13
2b14

2ba9
2baa
2bab
2bac

2c41
2c42
2c43
2c44

2cd9
2cda
2cdb
2cdc

2d71
2d72
2d73
2d74

2e09
2e0a
2e0b
2e0c

2ea1
2ea2
2ea3
2ea4

2f39
2f3a
2f3b
2f3c

2fd1
2fd2
2fd3
2fd4

3069
306a
306b
306c

3101
3102
3103
3104

3199
319a
319b
319c

3231
3232
3233
3234

32c9
32ca
32cb
32cc

3361
3362
3363
3364

33f9
33fa
33fb
33fc

3491
3492
3493
3494

3529
352a
352b
352c

35c1
35c2
35c3
35c4

3659
365a
365b
365c

36f1
36f2
36f3
36f4

3789
378a
378b
378c

3821
3822
3823
3824

38b9
38ba
38bb
38bc

3951
3952
3953
3954

39e9
39ea
39eb
39ec

3a81
3a82
3a83
3a84

3b19
3b1a
3b1b
3b1c

3bb1
3bb2
3bb3
3bb4

3c49
3c4a
3c4b
3c4c

3ce1
3ce2
3ce3
3ce4

3d79
3d7a
3d7b
3d7c

3e11
3e12
3e13
3e14

3ea9
3eaa
3eab
3eac

3f41
3f42
3f43
3f44

3fd9
3fda
3fdb
3fdc

4071
4072
4073
4074

4109
410a
410b
410c

41a1
41a2
41a3
41a4

4239
423a
423b
423c

42d1
42d2
42d3
42d4

4369
436a
436b
436c

4401
4402
4403
4404

4499
449a
449b
449c

4531
4532
4533
4534

45c9
45ca
45cb
45cc

4661
4662
4663
4664

46f9
46fa
46fb
46fc

4791
4792
4793
4794

4829
482a
482b
482c

48c1
48c2
48c3
48c4

4959
495a
495b
495c

49f1
49f2
49f3
49f4

4a89
4a8a
4a8b
4a8c

4b21
4b22
4b23
4b24

4bb9
4bba
4bbb
4bbc

4c51
4c52
4c53
4c54

4ce9
4cea
4ceb
4cec

4d81
4d82
4d83
4d84

4e19
4e1a
4e1b
4e1c

4eb1
4eb2
4eb3
4eb4

4f49
4f4a
4f4b
4f4c

4fe1
4fe2
4fe3
4fe4

5079
507a
507b
507c

5111
5112
5113
5114

51a9
51aa
51ab
51ac

5241
5242
5243
5244

52d9
52da
52db
52dc

5371
5372
5373
5374

940a
940b
940c
940d

94a2
94a3
94a4
94a5

953a
953b
953c
953d

95d2
95d3
95d4
95d5

966a
966b
966c
966d

9702
9703
9704
9705

979a
979b
979c
979d

9832
9833
9834
9835

98ca
98cb
98cc
98cd

9962
9963
9964
9965

99fa
99fb
99fc
99fd

9a92
9a93
9a94
9a95

9b2a
9b2b
9b2c
9b2d

9bc2
9bc3
9bc4
9bc5

9c5a
9c5b
9c5c
9c5d

9cf2
9cf3
9cf4
9cf5

9d8a
9d8b
9d8c
9d8d

9e22
9e23
9e24
9e25

9eba
9ebb
9ebc
9ebd

9f52
9f53
9f54
9f55

9fea
9feb
9fec
9fed

a082
a083
a084
a085

a11a
a11b
a11c
a11d

a1b2
a1b3
a1b4
a1b5

a24a
a24b
a24c
a24d

a2e2
a2e3
a2e4
a2e5

a37a
a37b
a37c
a37d

a412
a413
a414
a415

a4aa
a4ab
a4ac
a4ad

a542
a543
a544
a545

a5da
a5db
a5dc
a5dd

a672
a673
a674
a675

a70a
a70b
a70c
a70d

a7a2
a7a3
a7a4
a7a5

a83a
a83b
a83c
a83d

a8d2
a8d3
a8d4
a8d5

a96a
a96b
a96c
a96d

aa02
aa03
aa04
aa05

aa9a
aa9b
aa9c
aa9d

ab32
ab33
ab34
ab35

abca
abcb
abcc
abcd

ac62
ac63
ac64
ac65

acfa
acfb
acfc
acfd

ad92
ad93
ad94
ad95

ae2a
ae2b
ae2c
ae2d

aec2
aec3
aec4
aec5

af5a
af5b
af5c
af5d

aff2
aff3
aff4
aff5

b08a
b08b
b08c
b08d

b122
b123
b124
b125

b1ba
b1bb
b1bc
b1bd

b252
b253
b254
b255

b2ea
b2eb
b2ec
b2ed

b382
b383
b384
b385

b41a
b41b
b41c
b41d

b4b2
b4b3
b4b4
b4b5

b54a
b54b
b54c
b54d

b5e2
b5e3
b5e4
b5e5

b67a
b67b
b67c
b67d

b712
b713
b714
b715

b7aa
b7ab
b7ac
b7ad

b842
b843
b844
b845

b8da
b8db
b8dc
b8dd

b972
b973
b974
b975

ba0a
ba0b
ba0c
ba0d

baa2
baa3
baa4
baa5

bb3a
bb3b
bb3c
bb3d

bbd2
bbd3
bbd4
bbd5

bc6a
bc6b
bc6c
bc6d

bd02
bd03
bd04
bd05

bd9a
bd9b
bd9c
bd9d

be32
be33
be34
be35

beca
becb
becc
becd

bf62
bf63
bf64
bf65

bffa
bffb
bffc
bffd

c092
c093
c094
c095

c12a
c12b
c12c
c12d

c1c2
c1c3
c1c4
c1c5

c25a
c25b
c25c
c25d

c2f2
c2f3
c2f4
c2f5

c38a
c38b
c38c
c38d

c422
c423
c424
c425

c4ba
c4bb
c4bc
c4bd

c552
c553
c554
c555

c5ea
c5eb
c5ec
c5ed

c682
c683
c684
c685

c71a
c71b
c71c
c71d

c7b2
c7b3
c7b4
c7b5

c84a
c84b
c84c
c84d

c8e2
c8e3
c8e4
c8e5

c97a
c97b
c97c
c97d

ca12
ca13
ca14
ca15

caaa
caab
caac
caad

cb42
cb43
cb44
cb45

cbda
cbdb
cbdc
cbdd

cc72
cc73
cc74
cc75

cd0a
cd0b
cd0c
cd0d

cda2
cda3
cda4
cda5

ce3a
ce3b
ce3c
ce3d

ced2
ced3
ced4
ced5

cf6a
cf6b
cf6c
cf6d

d002
d003
d004
d005

109c
109d
109e
109f

1134
1135
1136
1137

11cc
11cd
11ce
11cf

1264
1265
1266
1267

12fc
12fd
12fe
12ff

1394
1395
1396
1397

142c
142d
142e
142f

14c4
14c5
14c6
14c7

155c
155d
155e
155f

15f4
15f5
15f6
15f7

168c
168d
168e
168f

1724
1725
1726
1727

17bc
17bd
17be
17bf

1854
1855
1856
1857

18ec
18ed
18ee
18ef

1984
1985
1986
1987

1a1c
1a1d
1a1e
1a1f

1ab4
1ab5
1ab6
1ab7

1b4c
1b4d
1b4e
1b4f

1be4
1be5
1be6
1be7

1c7c
1c7d
1c7e
1c7f

1d14
1d15
1d16
1d17

1dac
1dad
1dae
1daf

1e44
1e45
1e46
1e47

1edc
1edd
1ede
1edf

1f74
1f75
1f76
1f77

200c
200d
200e
200f

20a4
20a5
20a6
20a7

213c
213d
213e
213f

21d4
21d5
21d6
21d7

226c
226d
226e
226f

2304
2305
2306
2307

239c
239d
239e
239f

2434
2435
2436
2437

24cc
24cd
24ce
24cf

2564
2565
2566
2567

25fc
25fd
25fe
25ff

2694
2695
2696
2697

272c
272d
272e
272f

27c4
27c5
27c6
27c7

285c
285d
285e
285f

28f4
28f5
28f6
28f7

298c
298d
298e
298f

2a24
2a25
2a26
2a27

2abc
2abd
2abe
2abf

2b54
2b55
2b56
2b57

2bec
2bed
2bee
2bef

2c84
2c85
2c86
2c87

2d1c
2d1d
2d1e
2d1f

2db4
2db5
2db6
2db7

2e4c
2e4d
2e4e
2e4f

2ee4
2ee5
2ee6
2ee7

2f7c
2f7d
2f7e
2f7f

3014
3015
3016
3017

30ac
30ad
30ae
30af

3144
3145
3146
3147

31dc
31dd
31de
31df

3274
3275
3276
3277

330c
330d
330e
330f

33a4
33a5
33a6
33a7

343c
343d
343e
343f

34d4
34d5
34d6
34d7

356c
356d
356e
356f

3604
3605
3606
3607

369c
369d
369e
369f

3734
3735
3736
3737

37cc
37cd
37ce
37cf

3864
3865
3866
3867

38fc
38fd
38fe
38ff

3994
3995
3996
3997

3a2c
3a2d
3a2e
3a2f

3ac4
3ac5
3ac6
3ac7

3b5c
3b5d
3b5e
3b5f

3bf4
3bf5
3bf6
3bf7

3c8c
3c8d
3c8e
3c8f

3d24
3d25
3d26
3d27

3dbc
3dbd
3dbe
3dbf

3e54
3e55
3e56
3e57

3eec
3eed
3eee
3eef

3f84
3f85
3f86
3f87

401c
401d
401e
401f

40b7
40b8
40b9
40ba

414f
4150
4151
4152

41e7
41e8
41e9
41ea

427f
4280
4281
4282

4317
4318
4319
431a

43af
43b0
43b1
43b2

4447
4448
4449
444a

44df
44e0
44e1
44e2

4577
4578
4579
457a

460f
4610
4611
4612

46a7
46a8
46a9
46aa

473f
4740
4741
4742

47d7
47d8
47d9
47da

486f
4870
4871
4872

4907
4908
4909
490a

499f
49a0
49a1
49a2

4a37
4a38
4a39
4a3a

4acf
4ad0
4ad1
4ad2

4b67
4b68
4b69
4b6a

4bff
4c00
4c01
4c02

4c97
4c98
4c99
4c9a

8d2f
8d30
8d31
8d32

8dc7
8dc8
8dc9
8dca

8e5f
8e60
8e61
8e62

8ef7
8ef8
8ef9
8efa

8f8f
8f90
8f91
8f92

9027
9028
9029
902a

90bf
90c0
90c1
90c2

9157
9158
9159
915a

91ef
91f0
91f1
91f2

9287
9288
9289
928a

931f
9320
9321
9322

93b7
93b8
93b9
93ba

944f
9450
9451
9452

94e7
94e8
94e9
94ea

957f
9580
9581
9582

9617
9618
9619
961a

96af
96b0
96b1
96b2

9747
9748
9749
974a

97df
97e0
97e1
97e2

9877
9878
9879
987a

990f
9910
9911
9912

99a7
99a8
99a9
99aa

9a3f
9a40
9a41
9a42

9ad7
9ad8
9ad9
9ada

9b6f
9b70
9b71
9b72

9c07
9c08
9c09
9c0a

9c9f
9ca0
9ca1
9ca2

9d37
9d38
9d39
9d3a

9dcf
9dd0
9dd1
9dd2

9e67
9e68
9e69
9e6a

9eff
9f00
9f01
9f02

9f97
9f98
9f99
9f9a

a02f
a030
a031
a032

a0c7
a0c8
a0c9
a0ca

a15f
a160
a161
a162

a1f7
a1f8
a1f9
a1fa

a28f
a290
a291
a292

a327
a328
a329
a32a

a3bf
a3c0
a3c1
a3c2

a457
a458
a459
a45a

a4ef
a4f0
a4f1
a4f2

a587
a588
a589
a58a

a61f
a620
a621
a622

a6b7
a6b8
a6b9
a6ba

a74f
a750
a751
a752

a7e7
a7e8
a7e9
a7ea

a87f
a880
a881
a882

a917
a918
a919
a91a

a9af
a9b0
a9b1
a9b2

aa47
aa48
aa49
aa4a

aadf
aae0
aae1
aae2

ab77
ab78
ab79
ab7a

ac0f
ac10
ac11
ac12

aca7
aca8
aca9
acaa

ad3f
ad40
ad41
ad42

add7
add8
add9
adda

ae6f
ae70
ae71
ae72

af07
af08
af09
af0a

af9f
afa0
afa1
afa2

b037
b038
b039
b03a

b0cf
b0d0
b0d1
b0d2

b167
b168
b169
b16a

b1ff
b200
b201
b202

b297
b298
b299
b29a

b32f
b330
b331
b332

b3c7
b3c8
b3c9
b3ca

b45f
b460
b461
b462

b4f7
b4f8
b4f9
b4fa

b58f
b590
b591
b592

b627
b628
b629
b62a

b6bf
b6c0
b6c1
b6c2

b757
b758
b759
b75a

b7ef
b7f0
b7f1
b7f2

b887
b888
b889
b88a

b91f
b920
b921
b922

b9b7
b9b8
b9b9
b9ba

ba4f
ba50
ba51
ba52

bae7
bae8
bae9
baea

bb7f
bb80
bb81
bb82

bc17
bc18
bc19
bc1a

bcaf
bcb0
bcb1
bcb2

bd47
bd48
bd49
bd4a

bddf
bde0
bde1
bde2

be77
be78
be79
be7a

bf0f
bf10
bf11
bf12

bfa7
bfa8
bfa9
bfaa

c03f
c040
c041
c042

c0d7
c0d8
c0d9
c0da

c16f
c170
c171
c172

c207
c208
c209
c20a

c29f
c2a0
c2a1
c2a2

c337
c338
c339
c33a

c3cf
c3d0
c3d1
c3d2

c467
c468
c469
c46a

c4ff
c500
c501
c502

c597
c598
c599
c59a

c62f
c630
c631
c632

c6c7
c6c8
c6c9
c6ca

c75f
c760
c761
c762

c7f7
c7f8
c7f9
c7fa

c88f
c890
c891
c892

c927
c928
c929
c92a

09bf
09c0
09c1
09c2

0a57
0a58
0a59
0a5a

0aef
0af0
0af1
0af2

0b87
0b88
0b89
0b8a

0c1f
0c20
0c21
0c22

0cb7
0cb8
0cb9
0cba

0d4f
0d50
0d51
0d52

0de7
0de8
0de9
0dea

0e7f
0e80
0e81
0e82

0f17
0f18
0f19
0f1a

0faf
0fb0
0fb1
0fb2

1047
1048
1049
104a

10df
10e0
10e1
10e2

1177
1178
1179
117a

120f
1210
1211
1212

12a7
12a8
12a9
12aa

133f
1340
1341
1342

13d7
13d8
13d9
13da

146f
1470
1471
1472

1507
1508
1509
150a

159f
15a0
15a1
15a2

1637
1638
1639
163a

16cf
16d0
16d1
16d2

1767
1768
1769
176a

17ff
1800
1801
1802

1897
1898
1899
189a

192f
1930
1931
1932

19c7
19c8
19c9
19ca

1a5f
1a60
1a61
1a62

1af7
1af8
1af9
1afa

1b8f
1b90
1b91
1b92

1c27
1c28
1c29
1c2a

1cbf
1cc0
1cc1
1cc2

1d57
1d58
1d59
1d5a

1def
1df0
1df1
1df2

1e87
1e88
1e89
1e8a

1f1f
1f20
1f21
1f22

1fb7
1fb8
1fb9
1fba

204f
2050
2051
2052

20e7
20e8
20e9
20ea

217f
2180
2181
2182

2217
2218
2219
221a

22af
22b0
22b1
22b2

2347
2348
2349
234a

23df
23e0
23e1
23e2

2477
2478
2479
247a

250f
2510
2511
2512

25a7
25a8
25a9
25aa

263f
2640
2641
2642

26d7
26d8
26d9
26da

276f
2770
2771
2772

2807
2808
2809
280a

289f
28a0
28a1
28a2

2937
2938
2939
293a

29cf
29d0
29d1
29d2

2a67
2a68
2a69
2a6a

2aff
2b00
2b01
2b02

2b97
2b98
2b99
2b9a

2c2f
2c30
2c31
2c32

2cc7
2cc8
2cc9
2cca

2d5f
2d60
2d61
2d62

2df7
2df8
2df9
2dfa

2e8f
2e90
2e91
2e92

2f27
2f28
2f29
2f2a

2fbf
2fc0
2fc1
2fc2

3057
3058
3059
305a

30ef
30f0
30f1
30f2

3187
3188
3189
318a

321f
3220
3221
3222

32b7
32b8
32b9
32ba

334f
3350
3351
3352

33e7
33e8
33e9
33ea

347f
3480
3481
3482

3517
3518
3519
351a

35af
35b0
35b1
35b2

3647
3648
3649
364a

36df
36e0
36e1
36e2

3777
3778
3779
377a

380f
3810
3811
3812

38a7
38a8
38a9
38aa

393f
3940
3941
3942

39d7
39d8
39d9
39da

3a6f
3a70
3a71
3a72

3b07
3b08
3b09
3b0a

3b9f
3ba0
3ba1
3ba2

3c37
3c38
3c39
3c3a

3ccf
3cd0
3cd1
3cd2

3d67
3d68
3d69
3d6a

3dff
3e00
3e01
3e02

3e97
3e98
3e99
3e9a

3f2f
3f30
3f31
3f32

3fc7
3fc8
3fc9
3fca

405f
4060
4061
4062

40f7
40f8
40f9
40fa

418f
4190
4191
4192

4227
4228
4229
422a

42bf
42c0
42c1
42c2

4357
4358
4359
435a

43ef
43f0
43f1
43f2

4487
4488
4489
448a

451f
4520
4521
4522

45b7
45b8
45b9
45ba

464f
4650
4651
4652

86e7
86e8
86e9
86ea

877f
8780
8781
8782

8817
8818
8819
881a

88af
88b0
88b1
88b2

8947
8948
8949
894a

89df
89e0
89e1
89e2

8a77
8a78
8a79
8a7a

8b0f
8b10
8b11
8b12

8ba7
8ba8
8ba9
8baa

8c3f
8c40
8c41
8c42

8cd7
8cd8
8cd9
8cda

8d6f
8d70
8d71
8d72

8e07
8e08
8e09
8e0a

8e9f
8ea0
8ea1
8ea2

8f37
8f38
8f39
8f3a

8fcf
8fd0
8fd1
8fd2

9067
9068
9069
906a

90ff
9100
9101
9102

9197
9198
9199
919a

922f
9230
9231
9232

92c7
92c8
92c9
92ca

935f
9360
9361
9362

93f7
93f8
93f9
93fa

948f
9490
9491
9492

9527
9528
9529
952a

95bf
95c0
95c1
95c2

9657
9658
9659
965a

96ef
96f0
96f1
96f2

9787
9788
9789
978a

981f
9820
9821
9822

98b7
98b8
98b9
98ba

994f
9950
9951
9952

99e7
99e8
99e9
99ea

9a7f
9a80
9a81
9a82

9b17
9b18
9b19
9b1a

9baf
9bb0
9bb1
9bb2

9c47
9c48
9c49
9c4a

9cdf
9ce0
9ce1
9ce2

9d77
9d78
9d79
9d7a

9e0f
9e10
9e11
9e12

9ea7
9ea8
9ea9
9eaa

9f3f
9f40
9f41
9f42

9fd7
9fd8
9fd9
9fda

a06f
a070
a071
a072

a107
a108
a109
a10a

a19f
a1a0
a1a1
a1a2

a237
a238
a239
a23a

a2cf
a2d0
a2d1
a2d2

a367
a368
a369
a36a

a3ff
a400
a401
a402

a497
a498
a499
a49a

a52f
a530
a531
a532

a5c7
a5c8
a5c9
a5ca

a65f
a660
a661
a662

a6f7
a6f8
a6f9
a6fa

a78f
a790
a791
a792

a827
a828
a829
a82a

a8bf
a8c0
a8c1
a8c2

a957
a958
a959
a95a

a9ef
a9f0
a9f1
a9f2

