1a9d
1a9e
1a9f
1aa0

1b21
1b22
1b23
1b24

1ba9
1baa
1bab
1bac

1c41
1c42
1c43
1c44

1cd9
1cda
1cdb
1cdc

1d71
1d72
1d73
1d74

1e09
1e0a
1e0b
1e0c

1ea1
1ea2
1ea3
1ea4

1f39
1f3a
1f3b
1f3c

1fd1
1fd2
1fd3
1fd4

2069
206a
206b
206c

2101
2102
2103
2104

2199
219a
219b
219c

2231
2232
2233
2234

22c9
22ca
22cb
22cc

2361
2362
2363
2364

23f9
23fa
23fb
23fc

2491
2492
2493
2494

2529
252a
252b
252c

25c1
25c2
25c3
25c4

2659
265a
265b
265c

26f1
26f2
26f3
26f4

678e
678f
6790
6791

6826
6827
6828
6829

68be
68bf
68c0
68c1

6956
6957
6958
6959

69ee
69ef
69f0
69f1

6a86
6a87
6a88
6a89

6b1e
6b1f
6b20
6b21

6bb6
6bb7
6bb8
6bb9

6c4e
6c4f
6c50
6c51

6ce6
6ce7
6ce8
6ce9

6d7e
6d7f
6d80
6d81

6e16
6e17
6e18
6e19

6eae
6eaf
6eb0
6eb1

6f46
6f47
6f48
6f49

6fde
6fdf
6fe0
6fe1

7076
7077
7078
7079

710e
710f
7110
7111

71a6
71a7
71a8
71a9

723e
723f
7240
7241

72d6
72d7
72d8
72d9

736e
736f
7370
7371

7406
7407
7408
7409

749e
749f
74a0
74a1

7536
7537
7538
7539

75ce
75cf
75d0
75d1

7666
7667
7668
7669

76fe
76ff
7700
7701

7796
7797
7798
7799

782e
782f
7830
7831

78c6
78c7
78c8
78c9

795e
795f
7960
7961

79f6
79f7
79f8
79f9

7a8e
7a8f
7a90
7a91

7b26
7b27
7b28
7b29

7bbe
7bbf
7bc0
7bc1

bc58
bc59
bc5a
bc5b

bcf0
bcf1
bcf2
bcf3

bd88
bd89
bd8a
bd8b

be20
be21
be22
be23

beb8
beb9
beba
bebb

bf50
bf51
bf52
bf53

bfe8
bfe9
bfea
bfeb

c080
c081
c082
c083

c118
c119
c11a
c11b

c1b0
c1b1
c1b2
c1b3

c248
c249
c24a
c24b

c2e0
c2e1
c2e2
c2e3

c378
c379
c37a
c37b

c410
c411
c412
c413

c4a8
c4a9
c4aa
c4ab

c540
c541
c542
c543

c5d8
c5d9
c5da
c5db

c670
c671
c672
c673

c708
c709
c70a
c70b

c7a0
c7a1
c7a2
c7a3

c838
c839
c83a
c83b

c8d0
c8d1
c8d2
c8d3

c968
c969
c96a
c96b

ca00
ca01
ca02
ca03

ca98
ca99
ca9a
ca9b

cb30
cb31
cb32
cb33

cbc8
cbc9
cbca
cbcb

cc60
cc61
cc62
cc63

ccf8
ccf9
ccfa
ccfb

cd90
cd91
cd92
cd93

ce28
ce29
ce2a
ce2b

cec0
cec1
cec2
cec3

cf58
cf59
cf5a
cf5b

cff0
cff1
cff2
cff3

108b
108c
108d
108e

1123
1124
1125
1126

11bb
11bc
11bd
11be

1253
1254
1255
1256

12eb
12ec
12ed
12ee

1383
1384
1385
1386

141b
141c
141d
141e

14b3
14b4
14b5
14b6

154b
154c
154d
154e

15e3
15e4
15e5
15e6

167b
167c
167d
167e

1713
1714
1715
1716

17ab
17ac
17ad
17ae

1843
1844
1845
1846

18db
18dc
18dd
18de

1973
1974
1975
1976

1a0b
1a0c
1a0d
1a0e

1aa3
1aa4
1aa5
1aa6

1b3b
1b3c
1b3d
1b3e

1bd3
1bd4
1bd5
1bd6

1c6b
1c6c
1c6d
1c6e

1d03
1d04
1d05
1d06

1d9b
1d9c
1d9d
1d9e

1e33
1e34
1e35
1e36

1ecb
1ecc
1ecd
1ece

1f63
1f64
1f65
1f66

1ffb
1ffc
1ffd
1ffe

2093
2094
2095
2096

212b
212c
212d
212e

21c3
21c4
21c5
21c6

225b
225c
225d
225e

22f3
22f4
22f5
22f6

238b
238c
238d
238e

2423
2424
2425
2426

24bb
24bc
24bd
24be

6555
6556
6557
6558

65ed
65ee
65ef
65f0

6685
6686
6687
6688

671d
671e
671f
6720

67b5
67b6
67b7
67b8

684d
684e
684f
6850

68e5
68e6
68e7
68e8

697d
697e
697f
6980

6a15
6a16
6a17
6a18

6aad
6aae
6aaf
6ab0

6b45
6b46
6b47
6b48

6bdd
6bde
6bdf
6be0

6c75
6c76
6c77
6c78

6d0d
6d0e
6d0f
6d10

6da5
6da6
6da7
6da8

6e3d
6e3e
6e3f
6e40

6ed5
6ed6
6ed7
6ed8

6f6d
6f6e
6f6f
6f70

7005
7006
7007
7008

709d
709e
709f
70a0

7135
7136
7137
7138

71cd
71ce
71cf
71d0

7265
7266
7267
7268

72fd
72fe
72ff
7300

7395
7396
7397
7398

742d
742e
742f
7430

74c5
74c6
74c7
74c8

755d
755e
755f
7560

75f5
75f6
75f7
75f8

768d
768e
768f
7690

7725
7726
7727
7728

77bd
77be
77bf
77c0

7855
7856
7857
7858

78ed
78ee
78ef
78f0

b986
b987
b988
b989

ba1e
ba1f
ba20
ba21

bab6
bab7
bab8
bab9

bb4e
bb4f
bb50
bb51

bbe6
bbe7
bbe8
bbe9

bc7e
bc7f
bc80
bc81

bd16
bd17
bd18
bd19

bdae
bdaf
bdb0
bdb1

be46
be47
be48
be49

bede
bedf
bee0
bee1

bf76
bf77
bf78
bf79

c00e
c00f
c010
c011

c0a6
c0a7
c0a8
c0a9

c13e
c13f
c140
c141

c1d6
c1d7
c1d8
c1d9

c26e
c26f
c270
c271

c306
c307
c308
c309

c39e
c39f
c3a0
c3a1

c436
c437
c438
c439

c4ce
c4cf
c4d0
c4d1

c56b
c56c
c56d
c56e

c603
c604
c605
c606

c69b
c69c
c69d
c69e

c733
c734
c735
c736

c7cb
c7cc
c7cd
c7ce

c863
c864
c865
c866

c8fb
c8fc
c8fd
c8fe

c993
c994
c995
c996

ca2b
ca2c
ca2d
ca2e

cac3
cac4
cac5
cac6

cb5b
cb5c
cb5d
cb5e

cbf3
cbf4
cbf5
cbf6

cc8b
cc8c
cc8d
cc8e

cd23
cd24
cd25
cd26

cdbb
cdbc
cdbd
cdbe

0e58
0e59
0e5a
0e5b

0ef0
0ef1
0ef2
0ef3

0f88
0f89
0f8a
0f8b

1020
1021
1022
1023

10b8
10b9
10ba
10bb

1150
1151
1152
1153

11e8
11e9
11ea
11eb

1280
1281
1282
1283

1318
1319
131a
131b

13b0
13b1
13b2
13b3

1448
1449
144a
144b

14e0
14e1
14e2
14e3

1578
1579
157a
157b

1610
1611
1612
1613

16a8
16a9
16aa
16ab

1740
1741
1742
1743

17d8
17d9
17da
17db

1870
1871
1872
1873

1908
1909
190a
190b

19a0
19a1
19a2
19a3

1a38
1a39
1a3a
1a3b

1ad0
1ad1
1ad2
1ad3

1b68
1b69
1b6a
1b6b

1c00
1c01
1c02
1c03

1c98
1c99
1c9a
1c9b

1d30
1d31
1d32
1d33

1dc8
1dc9
1dca
1dcb

1e60
1e61
1e62
1e63

1ef8
1ef9
1efa
1efb

1f90
1f91
1f92
1f93

2028
2029
202a
202b

20c0
20c1
20c2
20c3

2158
2159
215a
215b

21f0
21f1
21f2
21f3

2288
2289
228a
228b

6322
6323
6324
6325

63ba
63bb
63bc
63bd

6452
6453
6454
6455

64ea
64eb
64ec
64ed

6582
6583
6584
6585

661a
661b
661c
661d

66b2
66b3
66b4
66b5

674a
674b
674c
674d

67e2
67e3
67e4
67e5

687a
687b
687c
687d

6912
6913
6914
6915

69aa
69ab
69ac
69ad

6a42
6a43
6a44
6a45

6ada
6adb
6adc
6add

6b72
6b73
6b74
6b75

6c0a
6c0b
6c0c
6c0d

6ca2
6ca3
6ca4
6ca5

6d3a
6d3b
6d3c
6d3d

6dd2
6dd3
6dd4
6dd5

6e6a
6e6b
6e6c
6e6d

6f02
6f03
6f04
6f05

6f9a
6f9b
6f9c
6f9d

7032
7033
7034
7035

70ca
70cb
70cc
70cd

7162
7163
7164
7165

71fa
71fb
71fc
71fd

7292
7293
7294
7295

732a
732b
732c
732d

73c2
73c3
73c4
73c5

745a
745b
745c
745d

74f2
74f3
74f4
74f5

758a
758b
758c
758d

7622
7623
7624
7625

76ba
76bb
76bc
76bd

b757
b758
b759
b75a

b7ef
b7f0
b7f1
b7f2

b887
b888
b889
b88a

b91f
b920
b921
b922

b9b7
b9b8
b9b9
b9ba

ba4f
ba50
ba51
ba52

bae7
bae8
bae9
baea

bb7f
bb80
bb81
bb82

bc17
bc18
bc19
bc1a

bcaf
bcb0
bcb1
bcb2

bd47
bd48
bd49
bd4a

bddf
bde0
bde1
bde2

be77
be78
be79
be7a

bf0f
bf10
bf11
bf12

bfa7
bfa8
bfa9
bfaa

c03f
c040
c041
c042

c0d7
c0d8
c0d9
c0da

c16f
c170
c171
c172

c207
c208
c209
c20a

c29f
c2a0
c2a1
c2a2

c337
c338
c339
c33a

c3cf
c3d0
c3d1
c3d2

c467
c468
c469
c46a

c4ff
c500
c501
c502

c599
c59a
c59b
c59c

c631
c632
c633
c634

c6c9
c6ca
c6cb
c6cc

c761
c762
c763
c764

c7f9
c7fa
c7fb
c7fc

c891
c892
c893
c894

c929
c92a
c92b
c92c

c9c1
c9c2
c9c3
c9c4

ca59
ca5a
ca5b
ca5c

caf1
caf2
caf3
caf4

cb89
cb8a
cb8b
cb8c

0c21
0c22
0c23
0c24

0cb9
0cba
0cbb
0cbc

0d51
0d52
0d53
0d54

0de9
0dea
0deb
0dec

0e81
0e82
0e83
0e84

0f19
0f1a
0f1b
0f1c

0fb1
0fb2
0fb3
0fb4

1049
104a
104b
104c

10e1
10e2
10e3
10e4

1179
117a
117b
117c

1211
1212
1213
1214

12a9
12aa
12ab
12ac

1341
1342
1343
1344

13d9
13da
13db
13dc

1471
1472
1473
1474

1509
150a
150b
150c

15a1
15a2
15a3
15a4

1639
163a
163b
163c

16d1
16d2
16d3
16d4

1769
176a
176b
176c

1801
1802
1803
1804

1899
189a
189b
189c

1931
1932
1933
1934

19c9
19ca
19cb
19cc

1a61
1a62
1a63
1a64

1af9
1afa
1afb
1afc

1b91
1b92
1b93
1b94

1c29
1c2a
1c2b
1c2c

1cc1
1cc2
1cc3
1cc4

1d59
1d5a
1d5b
1d5c

1df1
1df2
1df3
1df4

1e89
1e8a
1e8b
1e8c

1f21
1f22
1f23
1f24

1fb9
1fba
1fbb
1fbc

2051
2052
2053
2054

60eb
60ec
60ed
60ee

6183
6184
6185
6186

621b
621c
621d
621e

62b3
62b4
62b5
62b6

634b
634c
634d
634e

63e3
63e4
63e5
63e6

647b
647c
647d
647e

6513
6514
6515
6516

65ab
65ac
65ad
65ae

6643
6644
6645
6646

66db
66dc
66dd
66de

6773
6774
6775
6776

680b
680c
680d
680e

68a3
68a4
68a5
68a6

693b
693c
693d
693e

69d3
69d4
69d5
69d6

6a6b
6a6c
6a6d
6a6e

6b03
6b04
6b05
6b06

6b9b
6b9c
6b9d
6b9e

6c33
6c34
6c35
6c36

6ccb
6ccc
6ccd
6cce

6d63
6d64
6d65
6d66

6dfb
6dfc
6dfd
6dfe

6e93
6e94
6e95
6e96

6f2b
6f2c
6f2d
6f2e

6fc3
6fc4
6fc5
6fc6

705b
705c
705d
705e

70f3
70f4
70f5
70f6

718b
718c
718d
718e

7223
7224
7225
7226

72bb
72bc
72bd
72be

7353
7354
7355
7356

73eb
73ec
73ed
73ee

7483
7484
7485
7486

b51e
b51f
b520
b521

b5b6
b5b7
b5b8
b5b9

b64e
b64f
b650
b651

b6e6
b6e7
b6e8
b6e9

b77e
b77f
b780
b781

b816
b817
b818
b819

b8ae
b8af
b8b0
b8b1

b946
b947
b948
b949

b9de
b9df
b9e0
b9e1

ba76
ba77
ba78
ba79

bb0e
bb0f
bb10
bb11

bba6
bba7
bba8
bba9

bc3e
bc3f
bc40
bc41

bcd6
bcd7
bcd8
bcd9

bd6e
bd6f
bd70
bd71

be06
be07
be08
be09

be9e
be9f
bea0
bea1

bf36
bf37
bf38
bf39

bfce
bfcf
bfd0
bfd1

c066
c067
c068
c069

c0fe
c0ff
c100
c101

c196
c197
c198
c199

c22e
c22f
c230
c231

c2c6
c2c7
c2c8
c2c9

c35e
c35f
c360
c361

c3f6
c3f7
c3f8
c3f9

c48e
c48f
c490
c491

c526
c527
c528
c529

c5bf
c5c0
c5c1
c5c2

c657
c658
c659
c65a

c6ef
c6f0
c6f1
c6f2

c787
c788
c789
c78a

c81f
c820
c821
c822

c8b7
c8b8
c8b9
c8ba

c94f
c950
c951
c952

09ed
09ee
09ef
09f0

0a85
0a86
0a87
0a88

0b1d
0b1e
0b1f
0b20

0bb5
0bb6
0bb7
0bb8

0c4d
0c4e
0c4f
0c50

0ce5
0ce6
0ce7
0ce8

0d7d
0d7e
0d7f
0d80

0e15
0e16
0e17
0e18

0ead
0eae
0eaf
0eb0

0f45
0f46
0f47
0f48

0fdd
0fde
0fdf
0fe0

1075
1076
1077
1078

110d
110e
110f
1110

11a5
11a6
11a7
11a8

123d
123e
123f
1240

12d5
12d6
12d7
12d8

136d
136e
136f
1370

1405
1406
1407
1408

149d
149e
149f
14a0

1535
1536
1537
1538

15cd
15ce
15cf
15d0

1665
1666
1667
1668

16fd
16fe
16ff
1700

1795
1796
1797
1798

182d
182e
182f
1830

18c5
18c6
18c7
18c8

195d
195e
195f
1960

19f5
19f6
19f7
19f8

1a8d
1a8e
1a8f
1a90

1b25
1b26
1b27
1b28

1bbd
1bbe
1bbf
1bc0

1c55
1c56
1c57
1c58

1ced
1cee
1cef
1cf0

1d85
1d86
1d87
1d88

1e1d
1e1e
1e1f
1e20

5eb5
5eb6
5eb7
5eb8

5f4d
5f4e
5f4f
5f50

5fe5
5fe6
5fe7
5fe8

607d
607e
607f
6080

6115
6116
6117
6118

61ad
61ae
61af
61b0

6245
6246
6247
6248

62dd
62de
62df
62e0

6375
6376
6377
6378

640d
640e
640f
6410

64a5
64a6
64a7
64a8

653d
653e
653f
6540

65d5
65d6
65d7
65d8

666d
666e
666f
6670

6705
6706
6707
6708

679d
679e
679f
67a0

6835
6836
6837
6838

68cd
68ce
68cf
68d0

6965
6966
6967
6968

69fd
69fe
69ff
6a00

6a95
6a96
6a97
6a98

6b2d
6b2e
6b2f
6b30

6bc5
6bc6
6bc7
6bc8

6c5d
6c5e
6c5f
6c60

6cf5
6cf6
6cf7
6cf8

6d8d
6d8e
6d8f
6d90

6e25
6e26
6e27
6e28

6ebd
6ebe
6ebf
6ec0

6f55
6f56
6f57
6f58

6fed
6fee
6fef
6ff0

7085
7086
7087
7088

711d
711e
711f
7120

71b5
71b6
71b7
71b8

724d
724e
724f
7250

b2e5
b2e6
b2e7
b2e8

b37d
b37e
b37f
b380

b415
b416
b417
b418

b4ad
b4ae
b4af
b4b0

b545
b546
b547
b548

b5dd
b5de
b5df
b5e0

b675
b676
b677
b678

b70d
b70e
b70f
b710

b7a5
b7a6
b7a7
b7a8

b83d
b83e
b83f
b840

b8d5
b8d6
b8d7
b8d8

b96d
b96e
b96f
b970

ba05
ba06
ba07
ba08

ba9d
ba9e
ba9f
baa0

bb35
bb36
bb37
bb38

bbcd
bbce
bbcf
bbd0

bc65
bc66
bc67
bc68

bcfd
bcfe
bcff
bd00

bd95
bd96
bd97
bd98

be2d
be2e
be2f
be30

bec5
bec6
bec7
bec8

bf5d
bf5e
bf5f
bf60

bff5
bff6
bff7
bff8

c08d
c08e
c08f
c090

c125
c126
c127
c128

c1bd
c1be
c1bf
c1c0

c255
c256
c257
c258

c2ed
c2ee
c2ef
c2f0

c385
c386
c387
c388

c41d
c41e
c41f
c420

c4b5
c4b6
c4b7
c4b8

c54d
c54e
c54f
c550

c5e6
c5e7
c5e8
c5e9

c67e
c67f
c680
c681

c716
c717
c718
c719

07b4
07b5
07b6
07b7

084c
084d
084e
084f

08e4
08e5
08e6
08e7

097c
097d
097e
097f

0a14
0a15
0a16
0a17

0aac
0aad
0aae
0aaf

0b44
0b45
0b46
0b47

0bdc
0bdd
0bde
0bdf

0c74
0c75
0c76
0c77

0d0c
0d0d
0d0e
0d0f

0da4
0da5
0da6
0da7

0e3c
0e3d
0e3e
0e3f

0ed4
0ed5
0ed6
0ed7

0f6c
0f6d
0f6e
0f6f

1004
1005
1006
1007

109c
109d
109e
109f

1134
1135
1136
1137

11cc
11cd
11ce
11cf

1264
1265
1266
1267

12fc
12fd
12fe
12ff

1394
1395
1396
1397

142c
142d
142e
142f

14c4
14c5
14c6
14c7

155c
155d
155e
155f

15f4
15f5
15f6
15f7

168c
168d
168e
168f

1724
1725
1726
1727

17bc
17bd
17be
17bf

1854
1855
1856
1857

18ec
18ed
18ee
18ef

1984
1985
1986
1987

1a1c
1a1d
1a1e
1a1f

1ab4
1ab5
1ab6
1ab7

1b4c
1b4d
1b4e
1b4f

1be4
1be5
1be6
1be7

5c7d
5c7e
5c7f
5c80

5d15
5d16
5d17
5d18

5dad
5dae
5daf
5db0

5e45
5e46
5e47
5e48

5edd
5ede
5edf
5ee0

5f75
5f76
5f77
5f78

600d
600e
600f
6010

60a5
60a6
60a7
60a8

613d
613e
613f
6140

61d5
61d6
61d7
61d8

626d
626e
626f
6270

6305
6306
6307
6308

639d
639e
639f
63a0

6435
6436
6437
6438

64cd
64ce
64cf
64d0

6565
6566
6567
6568

65fd
65fe
65ff
6600

6695
6696
6697
6698

672d
672e
672f
6730

67c5
67c6
67c7
67c8

685d
685e
685f
6860

68f5
68f6
68f7
68f8

698d
698e
698f
6990

6a25
6a26
6a27
6a28

6abd
6abe
6abf
6ac0

6b55
6b56
6b57
6b58

6bed
6bee
6bef
6bf0

6c85
6c86
6c87
6c88

6d1d
6d1e
6d1f
6d20

6db5
6db6
6db7
6db8

6e4d
6e4e
6e4f
6e50

6ee5
6ee6
6ee7
6ee8

6f7d
6f7e
6f7f
6f80

7015
7016
7017
7018

b0ae
b0af
b0b0
b0b1

b146
b147
b148
b149

b1de
b1df
b1e0
b1e1

b276
b277
b278
b279

b30e
b30f
b310
b311

b3a6
b3a7
b3a8
b3a9

b43e
b43f
b440
b441

b4d6
b4d7
b4d8
b4d9

b56e
b56f
b570
b571

b606
b607
b608
b609

b69e
b69f
b6a0
b6a1

b736
b737
b738
b739

b7ce
b7cf
b7d0
b7d1

b866
b867
b868
b869

b8fe
b8ff
b900
b901

b996
b997
b998
b999

ba2e
ba2f
ba30
ba31

bac6
bac7
bac8
bac9

bb5e
bb5f
bb60
bb61

bbf6
bbf7
bbf8
bbf9

bc8e
bc8f
bc90
bc91

bd26
bd27
bd28
bd29

bdbe
bdbf
bdc0
bdc1

be56
be57
be58
be59

beee
beef
bef0
bef1

bf86
bf87
bf88
bf89

c01e
c01f
c020
c021

c0b6
c0b7
c0b8
c0b9

c14e
c14f
c150
c151

c1e6
c1e7
c1e8
c1e9

c27e
c27f
c280
c281

c316
c317
c318
c319

c3ae
c3af
c3b0
c3b1

c446
c447
c448
c449

c4de
c4df
c4e0
c4e1

0578
0579
057a
057b

0612
0613
0614
0615

06aa
06ab
06ac
06ad

0742
0743
0744
0745

07da
07db
07dc
07dd

0872
0873
0874
0875

090a
090b
090c
090d

09a2
09a3
09a4
09a5

0a3a
0a3b
0a3c
0a3d

0ad2
0ad3
0ad4
0ad5

0b6a
0b6b
0b6c
0b6d

0c02
0c03
0c04
0c05

0c9a
0c9b
0c9c
0c9d

0d32
0d33
0d34
0d35

0dca
0dcb
0dcc
0dcd

0e62
0e63
0e64
0e65

0efa
0efb
0efc
0efd

0f92
0f93
0f94
0f95

102a
102b
102c
102d

10c2
10c3
10c4
10c5

115a
115b
115c
115d

11f2
11f3
11f4
11f5

128a
128b
128c
128d

1322
1323
1324
1325

13ba
13bb
13bc
13bd

1452
1453
1454
1455

14ea
14eb
14ec
14ed

1582
1583
1584
1585

161a
161b
161c
161d

16b2
16b3
16b4
16b5

174a
174b
174c
174d

17e2
17e3
17e4
17e5

187a
187b
187c
187d

1912
1913
1914
1915

19aa
19ab
19ac
19ad

5a44
5a45
5a46
5a47

5adc
5add
5ade
5adf

5b74
5b75
5b76
5b77

5c0c
5c0d
5c0e
5c0f

5ca4
5ca5
5ca6
5ca7

5d3c
5d3d
5d3e
5d3f

5dd4
5dd5
5dd6
5dd7

5e6c
5e6d
5e6e
5e6f

5f04
5f05
5f06
5f07

5f9c
5f9d
5f9e
5f9f

6034
6035
6036
6037

60cc
60cd
60ce
60cf

6164
6165
6166
6167

61fc
61fd
61fe
61ff

6294
6295
6296
6297

632c
632d
632e
632f

63c4
63c5
63c6
63c7

645c
645d
645e
645f

64f4
64f5
64f6
64f7

658c
658d
658e
658f

6624
6625
6626
6627

66bc
66bd
66be
66bf

6754
6755
6756
6757

67ec
67ed
67ee
67ef

6884
6885
6886
6887

691c
691d
691e
691f

69b4
69b5
69b6
69b7

6a4c
6a4d
6a4e
6a4f

6ae4
6ae5
6ae6
6ae7

6b7c
6b7d
6b7e
6b7f

6c14
6c15
6c16
6c17

6cac
6cad
6cae
6caf

6d44
6d45
6d46
6d47

6ddc
6ddd
6dde
6ddf

ae74
ae75
ae76
ae77

af0c
af0d
af0e
af0f

afa4
afa5
afa6
afa7

b03c
b03d
b03e
b03f

b0d4
b0d5
b0d6
b0d7

b16c
b16d
b16e
b16f

b204
b205
b206
b207

b29c
b29d
b29e
b29f

b334
b335
b336
b337

b3cc
b3cd
b3ce
b3cf

b464
b465
b466
b467

b4fc
b4fd
b4fe
b4ff

b594
b595
b596
b597

b62c
b62d
b62e
b62f

b6c4
b6c5
b6c6
b6c7

b75c
b75d
b75e
b75f

b7f4
b7f5
b7f6
b7f7

b88c
b88d
b88e
b88f

b924
b925
b926
b927

b9bc
b9bd
b9be
b9bf

ba54
ba55
ba56
ba57

baec
baed
baee
baef

bb84
bb85
bb86
bb87

bc1c
bc1d
bc1e
bc1f

bcb4
bcb5
bcb6
bcb7

bd4c
bd4d
bd4e
bd4f

bde4
bde5
bde6
bde7

be7c
be7d
be7e
be7f

bf14
bf15
bf16
bf17

bfac
bfad
bfae
bfaf

c044
c045
c046
c047

c0dc
c0dd
c0de
c0df

c174
c175
c176
c177

c20c
c20d
c20e
c20f

c2a4
c2a5
c2a6
c2a7

033c
033d
033e
033f

03d4
03d5
03d6
03d7

046c
046d
046e
046f

0504
0505
0506
0507

05a1
05a2
05a3
05a4

0639
063a
063b
063c

06d1
06d2
06d3
06d4

0769
076a
076b
076c

0801
0802
0803
0804

0899
089a
089b
089c

0931
0932
0933
0934

09c9
09ca
09cb
09cc

0a61
0a62
0a63
0a64

0af9
0afa
0afb
0afc

0b91
0b92
0b93
0b94

0c29
0c2a
0c2b
0c2c

0cc1
0cc2
0cc3
0cc4

0d59
0d5a
0d5b
0d5c

0df1
0df2
0df3
0df4

0e89
0e8a
0e8b
0e8c

0f21
0f22
0f23
0f24

0fb9
0fba
0fbb
0fbc

1051
1052
1053
1054

10e9
10ea
10eb
10ec

1181
1182
1183
1184

1219
121a
121b
121c

12b1
12b2
12b3
12b4

1349
134a
134b
134c

13e1
13e2
13e3
13e4

1479
147a
147b
147c

1511
1512
1513
1514

15a9
15aa
15ab
15ac

1641
1642
1643
1644

16d9
16da
16db
16dc

5773
5774
5775
5776

580b
580c
580d
580e

58a3
58a4
58a5
58a6

593b
593c
593d
593e

59d3
59d4
59d5
59d6

5a6b
5a6c
5a6d
5a6e

5b03
5b04
5b05
5b06

5b9b
5b9c
5b9d
5b9e

5c33
5c34
5c35
5c36

5ccb
5ccc
5ccd
5cce

5d63
5d64
5d65
5d66

5dfb
5dfc
5dfd
5dfe

5e93
5e94
5e95
5e96

5f2b
5f2c
5f2d
5f2e

5fc3
5fc4
5fc5
5fc6

605b
605c
605d
605e

60f3
60f4
60f5
60f6

618b
618c
618d
618e

6223
6224
6225
6226

62bb
62bc
62bd
62be

6353
6354
6355
6356

63eb
63ec
63ed
63ee

6483
6484
6485
6486

651b
651c
651d
651e

65b3
65b4
65b5
65b6

664b
664c
664d
664e

66e3
66e4
66e5
66e6

677b
677c
677d
677e

6813
6814
6815
6816

68ab
68ac
68ad
68ae

6943
6944
6945
6946

69db
69dc
69dd
69de

6a73
6a74
6a75
6a76

6b0b
6b0c
6b0d
6b0e

6ba3
6ba4
6ba5
6ba6

ac40
ac41
ac42
ac43

acd8
acd9
acda
acdb

ad70
ad71
ad72
ad73

ae08
ae09
ae0a
ae0b

aea0
aea1
aea2
aea3

af38
af39
af3a
af3b

afd0
afd1
afd2
afd3

b068
b069
b06a
b06b

b100
b101
b102
b103

b198
b199
b19a
b19b

b230
b231
b232
b233

b2c8
b2c9
b2ca
b2cb

b360
b361
b362
b363

b3f8
b3f9
b3fa
b3fb

b490
b491
b492
b493

b528
b529
b52a
b52b

b5c0
b5c1
b5c2
b5c3

b658
b659
b65a
b65b

b6f0
b6f1
b6f2
b6f3

b788
b789
b78a
b78b

b820
b821
b822
b823

b8b8
b8b9
b8ba
b8bb

b950
b951
b952
b953

b9e8
b9e9
b9ea
b9eb

ba80
ba81
ba82
ba83

bb18
bb19
bb1a
bb1b

bbb0
bbb1
bbb2
bbb3

bc48
bc49
bc4a
bc4b

bce0
bce1
bce2
bce3

bd78
bd79
bd7a
bd7b

be10
be11
be12
be13

bea8
bea9
beaa
beab

bf40
bf41
bf42
bf43

bfd8
bfd9
bfda
bfdb

c070
c071
c072
c073

010d
010e
010f
0110

01a5
01a6
01a7
01a8

023d
023e
023f
0240

02d5
02d6
02d7
02d8

036d
036e
036f
0370

0405
0406
0407
0408

049d
049e
049f
04a0

0535
0536
0537
0538

05ce
05cf
05d0
05d1

0666
0667
0668
0669

06fe
06ff
0700
0701

0796
0797
0798
0799

082e
082f
0830
0831

08c6
08c7
08c8
08c9

095e
095f
0960
0961

09f6
09f7
09f8
09f9

0a8e
0a8f
0a90
0a91

0b26
0b27
0b28
0b29

0bbe
0bbf
0bc0
0bc1

0c56
0c57
0c58
0c59

0cee
0cef
0cf0
0cf1

0d86
0d87
0d88
0d89

0e1e
0e1f
0e20
0e21

0eb6
0eb7
0eb8
0eb9

0f4e
0f4f
0f50
0f51

0fe6
0fe7
0fe8
0fe9

107e
107f
1080
1081

1116
1117
1118
1119

11ae
11af
11b0
11b1

1246
1247
1248
1249

12de
12df
12e0
12e1

1376
1377
1378
1379

140e
140f
1410
1411

14a6
14a7
14a8
14a9

5543
5544
5545
5546

55db
55dc
55dd
55de

5673
5674
5675
5676

570b
570c
570d
570e

57a3
57a4
57a5
57a6

583b
583c
583d
583e

58d3
58d4
58d5
58d6

596b
596c
596d
596e

5a03
5a04
5a05
5a06

5a9b
5a9c
5a9d
5a9e

5b33
5b34
5b35
5b36

5bcb
5bcc
5bcd
5bce

5c63
5c64
5c65
5c66

5cfb
5cfc
5cfd
5cfe

5d93
5d94
5d95
5d96

5e2b
5e2c
5e2d
5e2e

5ec3
5ec4
5ec5
5ec6

5f5b
5f5c
5f5d
5f5e

5ff3
5ff4
5ff5
5ff6

608b
608c
608d
608e

6123
6124
6125
6126

61bb
61bc
61bd
61be

6253
6254
6255
6256

62eb
62ec
62ed
62ee

6383
6384
6385
6386

641b
641c
641d
641e

64b3
64b4
64b5
64b6

654b
654c
654d
654e

65e3
65e4
65e5
65e6

667b
667c
667d
667e

6713
6714
6715
6716

67ab
67ac
67ad
67ae

6843
6844
6845
6846

68db
68dc
68dd
68de

6973
6974
6975
6976

aa0d
aa0e
aa0f
aa10

aaa5
aaa6
aaa7
aaa8

ab3d
ab3e
ab3f
ab40

abd5
abd6
abd7
abd8

ac6d
ac6e
ac6f
ac70

ad05
ad06
ad07
ad08

ad9d
ad9e
ad9f
ada0

ae35
ae36
ae37
ae38

aecd
aece
aecf
aed0

af65
af66
af67
af68

affd
affe
afff
b000

b095
b096
b097
b098

b12d
b12e
b12f
b130

b1c5
b1c6
b1c7
b1c8

b25d
b25e
b25f
b260

b2f5
b2f6
b2f7
b2f8

b38d
b38e
b38f
b390

b425
b426
b427
b428

b4bd
b4be
b4bf
b4c0

b555
b556
b557
b558

b5ed
b5ee
b5ef
b5f0

b685
b686
b687
b688

b71d
b71e
b71f
b720

b7b5
b7b6
b7b7
b7b8

b84d
b84e
b84f
b850

b8e5
b8e6
b8e7
b8e8

b97d
b97e
b97f
b980

ba15
ba16
ba17
ba18

baad
baae
baaf
bab0

bb45
bb46
bb47
bb48

bbdd
bbde
bbdf
bbe0

bc75
bc76
bc77
bc78

bd0d
bd0e
bd0f
bd10

bda5
bda6
bda7
bda8

be3d
be3e
be3f
be40

fed6
fed7
fed8
fed9

ff6e
ff6f
ff70
ff71

0006
0007
0008
0009

009e
009f
00a0
00a1

0136
0137
0138
0139

01ce
01cf
01d0
01d1

0266
0267
0268
0269

02fe
02ff
0300
0301

0396
0397
0398
0399

042e
042f
0430
0431

04c6
04c7
04c8
04c9

055e
055f
0560
0561

05f8
05f9
05fa
05fb

0690
0691
0692
0693

0728
0729
072a
072b

07c0
07c1
07c2
07c3

0858
0859
085a
085b

08f0
08f1
08f2
08f3

0988
0989
098a
098b

0a20
0a21
0a22
0a23

0ab8
0ab9
0aba
0abb

0b50
0b51
0b52
0b53

0be8
0be9
0bea
0beb

0c80
0c81
0c82
0c83

0d18
0d19
0d1a
0d1b

0db0
0db1
0db2
0db3

0e48
0e49
0e4a
0e4b

0ee0
0ee1
0ee2
0ee3

0f78
0f79
0f7a
0f7b

1010
1011
1012
1013

10a8
10a9
10aa
10ab

1140
1141
1142
1143

11d8
11d9
11da
11db

1270
1271
1272
1273

530a
530b
530c
530d

53a2
53a3
53a4
53a5

543a
543b
543c
543d

54d2
54d3
54d4
54d5

556a
556b
556c
556d

5602
5603
5604
5605

569a
569b
569c
569d

5732
5733
5734
5735

57ca
57cb
57cc
57cd

5862
5863
5864
5865

58fa
58fb
58fc
58fd

5992
5993
5994
5995

5a2a
5a2b
5a2c
5a2d

5ac2
5ac3
5ac4
5ac5

5b5a
5b5b
5b5c
5b5d

5bf2
5bf3
5bf4
5bf5

5c8a
5c8b
5c8c
5c8d

5d22
5d23
5d24
5d25

5dba
5dbb
5dbc
5dbd

5e52
5e53
5e54
5e55

5eea
5eeb
5eec
5eed

5f82
5f83
5f84
5f85

601a
601b
601c
601d

60b2
60b3
60b4
60b5

614a
614b
614c
614d

61e2
61e3
61e4
61e5

627a
627b
627c
627d

6312
6313
6314
6315

63aa
63ab
63ac
63ad

6442
6443
6444
6445

64da
64db
64dc
64dd

6572
6573
6574
6575

660a
660b
660c
660d

66a2
66a3
66a4
66a5

673a
673b
673c
673d

a7d4
a7d5
a7d6
a7d7

a86c
a86d
a86e
a86f

a904
a905
a906
a907

a99c
a99d
a99e
a99f

aa34
aa35
aa36
aa37

aacc
aacd
aace
aacf

ab64
ab65
ab66
ab67

abfc
abfd
abfe
abff

ac94
ac95
ac96
ac97

ad2c
ad2d
ad2e
ad2f

adc4
adc5
adc6
adc7

ae5c
ae5d
ae5e
ae5f

aef4
aef5
aef6
aef7

af8c
af8d
af8e
af8f

b024
b025
b026
b027

b0bc
b0bd
b0be
b0bf

b154
b155
b156
b157

b1ec
b1ed
b1ee
b1ef

b284
b285
b286
b287

b31c
b31d
b31e
b31f

b3b4
b3b5
b3b6
b3b7

b44c
b44d
b44e
b44f

b4e4
b4e5
b4e6
b4e7

b57c
b57d
b57e
b57f

b614
b615
b616
b617

b6ac
b6ad
b6ae
b6af

b744
b745
b746
b747

b7dc
b7dd
b7de
b7df

b874
b875
b876
b877

b90c
b90d
b90e
b90f

b9a4
b9a5
b9a6
b9a7

ba3c
ba3d
ba3e
ba3f

bad4
bad5
bad6
bad7

bb6c
bb6d
bb6e
bb6f

bc04
bc05
bc06
bc07

fca1
fca2
fca3
fca4

fd39
fd3a
fd3b
fd3c

fdd1
fdd2
fdd3
fdd4

fe69
fe6a
fe6b
fe6c

ff01
ff02
ff03
ff04

ff99
ff9a
ff9b
ff9c

0031
0032
0033
0034

00c9
00ca
00cb
00cc

0161
0162
0163
0164

01f9
01fa
01fb
01fc

0291
0292
0293
0294

0329
032a
032b
032c

03c1
03c2
03c3
03c4

0459
045a
045b
045c

04f1
04f2
04f3
04f4

0589
058a
058b
058c

0626
0627
0628
0629

06be
06bf
06c0
06c1

0756
0757
0758
0759

07ee
07ef
07f0
07f1

0886
0887
0888
0889

091e
091f
0920
0921

09b6
09b7
09b8
09b9

0a4e
0a4f
0a50
0a51

0ae6
0ae7
0ae8
0ae9

0b7e
0b7f
0b80
0b81

0c16
0c17
0c18
0c19

0cae
0caf
0cb0
0cb1

0d46
0d47
0d48
0d49

0dde
0ddf
0de0
0de1

0e76
0e77
0e78
0e79

0f0e
0f0f
0f10
0f11

0fa6
0fa7
0fa8
0fa9

103e
103f
1040
1041

50d7
50d8
50d9
50da

516f
5170
5171
5172

5207
5208
5209
520a

529f
52a0
52a1
52a2

5337
5338
5339
533a

53cf
53d0
53d1
53d2

5467
5468
5469
546a

54ff
5500
5501
5502

5597
5598
5599
559a

562f
5630
5631
5632

56c7
56c8
56c9
56ca

575f
5760
5761
5762

57f7
57f8
57f9
57fa

588f
5890
5891
5892

5927
5928
5929
592a

59bf
59c0
59c1
59c2

5a57
5a58
5a59
5a5a

5aef
5af0
5af1
5af2

5b87
5b88
5b89
5b8a

5c1f
5c20
5c21
5c22

5cb7
5cb8
5cb9
5cba

5d4f
5d50
5d51
5d52

5de7
5de8
5de9
5dea

5e7f
5e80
5e81
5e82

5f17
5f18
5f19
5f1a

5faf
5fb0
5fb1
5fb2

6047
6048
6049
604a

60df
60e0
60e1
60e2

6177
6178
6179
617a

620f
6210
6211
6212

62a7
62a8
62a9
62aa

633f
6340
6341
6342

63d7
63d8
63d9
63da

646f
6470
6471
6472

6507
6508
6509
650a

a5a4
a5a5
a5a6
a5a7

a63c
a63d
a63e
a63f

a6d4
a6d5
a6d6
a6d7

a76c
a76d
a76e
a76f

a804
a805
a806
a807

a89c
a89d
a89e
a89f

a934
a935
a936
a937

a9cc
a9cd
a9ce
a9cf

aa64
aa65
aa66
aa67

aafc
aafd
aafe
aaff

ab94
ab95
ab96
ab97

ac2c
ac2d
ac2e
ac2f

acc4
acc5
acc6
acc7

ad5c
ad5d
ad5e
ad5f

adf4
adf5
adf6
adf7

ae8c
ae8d
ae8e
ae8f

af24
af25
af26
af27

afbc
afbd
afbe
afbf

b054
b055
b056
b057

b0ec
b0ed
b0ee
b0ef

b184
b185
b186
b187

b21c
b21d
b21e
b21f

b2b4
b2b5
b2b6
b2b7

b34c
b34d
b34e
b34f

b3e4
b3e5
b3e6
b3e7

b47c
b47d
b47e
b47f

b514
b515
b516
b517

b5ac
b5ad
b5ae
b5af

b644
b645
b646
b647

b6dc
b6dd
b6de
b6df

b774
b775
b776
b777

b80c
b80d
b80e
b80f

b8a4
b8a5
b8a6
b8a7

b93c
b93d
b93e
b93f

b9d4
b9d5
b9d6
b9d7

fa6e
fa6f
fa70
fa71

fb06
fb07
fb08
fb09

fb9e
fb9f
fba0
fba1

fc36
fc37
fc38
fc39

fcce
fccf
fcd0
fcd1

fd66
fd67
fd68
fd69

fdfe
fdff
fe00
fe01

fe96
fe97
fe98
fe99

ff2e
ff2f
ff30
ff31

ffc6
ffc7
ffc8
ffc9

005e
005f
0060
0061

00f6
00f7
00f8
00f9

018e
018f
0190
0191

0226
0227
0228
0229

02be
02bf
02c0
02c1

0356
0357
0358
0359

03ee
03ef
03f0
03f1

0486
0487
0488
0489

051e
051f
0520
0521

05b6
05b7
05b8
05b9

064f
0650
0651
0652

06e7
06e8
06e9
06ea

077f
0780
0781
0782

0817
0818
0819
081a

08af
08b0
08b1
08b2

0947
0948
0949
094a

09df
09e0
09e1
09e2

0a77
0a78
0a79
0a7a

0b0f
0b10
0b11
0b12

0ba7
0ba8
0ba9
0baa

0c3f
0c40
0c41
0c42

0cd7
0cd8
0cd9
0cda

0d6f
0d70
0d71
0d72

0e07
0e08
0e09
0e0a

4ea1
4ea2
4ea3
4ea4

4f39
4f3a
4f3b
4f3c

4fd1
4fd2
4fd3
4fd4

5069
506a
506b
506c

5101
5102
5103
5104

5199
519a
519b
519c

5231
5232
5233
5234

52c9
52ca
52cb
52cc

5361
5362
5363
5364

53f9
53fa
53fb
53fc

5491
5492
5493
5494

5529
552a
552b
552c

55c1
55c2
55c3
55c4

5659
565a
565b
565c

56f1
56f2
56f3
56f4

5789
578a
578b
578c

5821
5822
5823
5824

58b9
58ba
58bb
58bc

5951
5952
5953
5954

59e9
59ea
59eb
59ec

5a81
5a82
5a83
5a84

5b19
5b1a
5b1b
5b1c

5bb1
5bb2
5bb3
5bb4

5c49
5c4a
5c4b
5c4c

5ce1
5ce2
5ce3
5ce4

5d79
5d7a
5d7b
5d7c

5e11
5e12
5e13
5e14

5ea9
5eaa
5eab
5eac

5f41
5f42
5f43
5f44

5fd9
5fda
5fdb
5fdc

6071
6072
6073
6074

6109
610a
610b
610c

61a1
61a2
61a3
61a4

6239
623a
623b
623c

62d1
62d2
62d3
62d4

a36b
a36c
a36d
a36e

a403
a404
a405
a406

a49b
a49c
a49d
a49e

a533
a534
a535
a536

a5cb
a5cc
a5cd
a5ce

a663
a664
a665
a666

a6fb
a6fc
a6fd
a6fe

a793
a794
a795
a796

a82b
a82c
a82d
a82e

a8c3
a8c4
a8c5
a8c6

a95b
a95c
a95d
a95e

a9f3
a9f4
a9f5
a9f6

aa8b
aa8c
aa8d
aa8e

ab23
ab24
ab25
ab26

abbb
abbc
abbd
abbe

ac53
ac54
ac55
ac56

aceb
acec
aced
acee

ad83
ad84
ad85
ad86

ae1b
ae1c
ae1d
ae1e

aeb3
aeb4
aeb5
aeb6

af4b
af4c
af4d
af4e

afe3
afe4
afe5
afe6

b07b
b07c
b07d
b07e

b113
b114
b115
b116

b1ab
b1ac
b1ad
b1ae

b243
b244
b245
b246

b2db
b2dc
b2dd
b2de

b373
b374
b375
b376

b40b
b40c
b40d
b40e

b4a3
b4a4
b4a5
b4a6

b53b
b53c
b53d
b53e

b5d3
b5d4
b5d5
b5d6

b66b
b66c
b66d
b66e

b703
b704
b705
b706

b79b
b79c
b79d
f7a0

f835
f836
f837
f838

f8cd
f8ce
f8cf
f8d0

f965
f966
f967
f968

f9fd
f9fe
f9ff
fa00

fa95
fa96
fa97
fa98

fb2d
fb2e
fb2f
fb30

fbc5
fbc6
fbc7
fbc8

fc5d
fc5e
fc5f
fc60

fcf5
fcf6
fcf7
fcf8

fd8d
fd8e
fd8f
fd90

fe25
fe26
fe27
fe28

febd
febe
febf
fec0

ff55
ff56
ff57
ff58

ffed
ffee
ffef
fff0

0085
0086
0087
0088

011d
011e
011f
0120

01b5
01b6
01b7
01b8

024d
024e
024f
0250

02e5
02e6
02e7
02e8

037d
037e
037f
0380

0415
0416
0417
0418

04ad
04ae
04af
04b0

0545
0546
0547
0548

05e2
05e3
05e4
05e5

067a
067b
067c
067d

0712
0713
0714
0715

07aa
07ab
07ac
07ad

0842
0843
0844
0845

08da
08db
08dc
08dd

0972
0973
0974
0975

0a0a
0a0b
0a0c
0a0d

0aa2
0aa3
0aa4
0aa5

0b3a
0b3b
0b3c
0b3d

0bd2
0bd3
0bd4
0bd5

4c6b
4c6c
4c6d
4c6e

4d03
4d04
4d05
4d06

4d9b
4d9c
4d9d
4d9e

4e33
4e34
4e35
4e36

4ecb
4ecc
4ecd
4ece

4f63
4f64
4f65
4f66

4ffb
4ffc
4ffd
4ffe

5093
5094
5095
5096

512b
512c
512d
512e

51c3
51c4
51c5
51c6

525b
525c
525d
525e

52f3
52f4
52f5
52f6

538b
538c
538d
538e

5423
5424
5425
5426

54bb
54bc
54bd
54be

5553
5554
5555
5556

55eb
55ec
55ed
55ee

5683
5684
5685
5686

571b
571c
571d
571e

57b3
57b4
57b5
57b6

584b
584c
584d
584e

58e3
58e4
58e5
58e6

597b
597c
597d
597e

5a13
5a14
5a15
5a16

5aab
5aac
5aad
5aae

5b43
5b44
5b45
5b46

5bdb
5bdc
5bdd
5bde

5c73
5c74
5c75
5c76

5d0b
5d0c
5d0d
5d0e

5da3
5da4
5da5
5da6

5e3b
5e3c
5e3d
5e3e

5ed3
5ed4
5ed5
5ed6

5f6b
5f6c
5f6d
5f6e

6003
6004
6005
6006

609b
609c
609d
609e

a135
a136
a137
a138

a1cd
a1ce
a1cf
a1d0

a265
a266
a267
a268

a2fd
a2fe
a2ff
a300

a395
a396
a397
a398

a42d
a42e
a42f
a430

a4c5
a4c6
a4c7
a4c8

a55d
a55e
a55f
a560

a5f5
a5f6
a5f7
a5f8

a68d
a68e
a68f
a690

a725
a726
a727
a728

a7bd
a7be
a7bf
a7c0

a855
a856
a857
a858

a8ed
a8ee
a8ef
a8f0

a985
a986
a987
a988

aa1d
aa1e
aa1f
aa20

aab5
aab6
aab7
aab8

ab4d
ab4e
ab4f
ab50

abe5
abe6
abe7
abe8

ac7d
ac7e
ac7f
ac80

ad15
ad16
ad17
ad18

adad
adae
adaf
adb0

ae45
ae46
ae47
ae48

aedd
aede
aedf
aee0

af75
af76
af77
af78

b00d
b00e
b00f
b010

b0a5
b0a6
b0a7
b0a8

b13d
b13e
b13f
b140

b1d5
b1d6
b1d7
b1d8

b26d
b26e
b26f
b270

b305
b306
b307
b308

b39d
b39e
b39f
b3a0

b435
b436
b437
b438

b4cd
b4ce
b4cf
b4d0

f567
f568
f569
f56a

f5ff
f600
f601
f602

f697
f698
f699
f69a

f72f
f730
f731
f732

f7c7
f7c8
f7c9
f7ca

f85f
f860
f861
f862

f8f7
f8f8
f8f9
f8fa

f98f
f990
f991
f992

fa27
fa28
fa29
fa2a

fabf
fac0
fac1
fac2

fb57
fb58
fb59
fb5a

fbef
fbf0
fbf1
fbf2

fc87
fc88
fc89
fc8a

fd1f
fd20
fd21
fd22

fdb7
fdb8
fdb9
fdba

fe4f
fe50
fe51
fe52

fee7
fee8
fee9
feea

ff7f
ff80
ff81
ff82

0017
0018
0019
001a

00af
00b0
00b1
00b2

0147
0148
0149
014a

01df
01e0
01e1
01e2

0277
0278
0279
027a

030f
0310
0311
0312

03a7
03a8
03a9
03aa

043f
0440
0441
0442

04d7
04d8
04d9
04da

056f
0570
0571
0572

0609
060a
060b
060c

06a1
06a2
06a3
06a4

0739
073a
073b
073c

07d1
07d2
07d3
07d4

0869
086a
086b
086c

0901
0902
0903
0904

0999
099a
099b
099c

4a32
4a33
4a34
4a35

4aca
4acb
4acc
4acd

4b62
4b63
4b64
4b65

4bfa
4bfb
4bfc
4bfd

4c92
4c93
4c94
4c95

4d2a
4d2b
4d2c
4d2d

4dc2
4dc3
4dc4
4dc5

4e5a
4e5b
4e5c
4e5d

4ef2
4ef3
4ef4
4ef5

4f8a
4f8b
4f8c
4f8d

5022
5023
5024
5025

50ba
50bb
50bc
50bd

5152
5153
5154
5155

51ea
51eb
51ec
51ed

5282
5283
5284
5285

531a
531b
531c
531d

53b2
53b3
53b4
53b5

544a
544b
544c
544d

54e2
54e3
54e4
54e5

557a
557b
557c
557d

5612
5613
5614
5615

56aa
56ab
56ac
56ad

5742
5743
5744
5745

57da
57db
57dc
57dd

5872
5873
5874
5875

590a
590b
590c
590d

59a2
59a3
59a4
59a5

5a3a
5a3b
5a3c
5a3d

5ad2
5ad3
5ad4
5ad5

5b6a
5b6b
5b6c
5b6d

5c02
5c03
5c04
5c05

5c9a
5c9b
5c9c
5c9d

5d32
5d33
5d34
5d35

5dca
5dcb
5dcc
5dcd

5e62
5e63
5e64
5e65

9efc
9efd
9efe
9eff

9f94
9f95
9f96
9f97

a02c
a02d
a02e
a02f

a0c4
a0c5
a0c6
a0c7

a15c
a15d
a15e
a15f

a1f4
a1f5
a1f6
a1f7

a28c
a28d
a28e
a28f

a324
a325
a326
a327

a3bc
a3bd
a3be
a3bf

a454
a455
a456
a457

a4ec
a4ed
a4ee
a4ef

a584
a585
a586
a587

a61c
a61d
a61e
a61f

a6b4
a6b5
a6b6
a6b7

a74c
a74d
a74e
a74f

a7e4
a7e5
a7e6
a7e7

a87c
a87d
a87e
a87f

a914
a915
a916
a917

a9ac
a9ad
a9ae
a9af

aa44
aa45
aa46
aa47

aadc
aadd
aade
aadf

ab74
ab75
ab76
ab77

ac0c
ac0d
ac0e
ac0f

aca4
aca5
aca6
aca7

ad3c
ad3d
ad3e
ad3f

add4
add5
add6
add7

ae6c
ae6d
ae6e
ae6f

af04
af05
af06
af07

af9c
af9d
af9e
af9f

b034
b035
b036
b037

b0cc
b0cd
b0ce
b0cf

b164
b165
b166
b167

b1fc
b1fd
b1fe
b1ff

b294
b295
b296
b297

f32e
f32f
f330
f331

f3c6
f3c7
f3c8
f3c9

f45e
f45f
f460
f461

f4f6
f4f7
f4f8
f4f9

f58e
f58f
f590
f591

f626
f627
f628
f629

f6be
f6bf
f6c0
f6c1

f756
f757
f758
f759

f7ee
f7ef
f7f0
f7f1

f886
f887
f888
f889

f91e
f91f
f920
f921

f9b6
f9b7
f9b8
f9b9

fa4e
fa4f
fa50
fa51

fae6
fae7
fae8
fae9

fb7e
fb7f
fb80
fb81

fc16
fc17
fc18
fc19

fcae
fcaf
fcb0
fcb1

fd46
fd47
fd48
fd49

fdde
fddf
fde0
fde1

fe76
fe77
fe78
fe79

ff0e
ff0f
ff10
ff11

ffa6
ffa7
ffa8
ffa9

003e
003f
0040
0041

00d6
00d7
00d8
00d9

016e
016f
0170
0171

0206
0207
0208
0209

029e
029f
02a0
02a1

0336
0337
0338
0339

03ce
03cf
03d0
03d1

0466
0467
0468
0469

04fe
04ff
0500
0501

0596
0597
0598
0599

0630
0631
0632
0633

06c8
06c9
06ca
06cb

0760
0761
0762
0763

47f9
47fa
47fb
47fc

4891
4892
4893
4894

4929
492a
492b
492c

49c1
49c2
49c3
49c4

4a59
4a5a
4a5b
4a5c

4af1
4af2
4af3
4af4

4b89
4b8a
4b8b
4b8c

4c21
4c22
4c23
4c24

4cb9
4cba
4cbb
4cbc

4d51
4d52
4d53
4d54

4de9
4dea
4deb
4dec

4e81
4e82
4e83
4e84

4f19
4f1a
4f1b
4f1c

4fb1
4fb2
4fb3
4fb4

5049
504a
504b
504c

50e1
50e2
50e3
50e4

5179
517a
517b
517c

5211
5212
5213
5214

52a9
52aa
52ab
52ac

5341
5342
5343
5344

53d9
53da
53db
53dc

5471
5472
5473
5474

5509
550a
550b
550c

55a1
55a2
55a3
55a4

5639
563a
563b
563c

56d1
56d2
56d3
56d4

5769
576a
576b
576c

5801
5802
5803
5804

5899
589a
589b
589c

5931
5932
5933
5934

59c9
59ca
59cb
59cc

5a61
5a62
5a63
5a64

5af9
5afa
5afb
5afc

5b91
5b92
5b93
5b94

5c29
5c2a
5c2b
5c2c

9cc2
9cc3
9cc4
9cc5

9d5a
9d5b
9d5c
9d5d

9df2
9df3
9df4
9df5

9e8a
9e8b
9e8c
9e8d

9f22
9f23
9f24
9f25

9fba
9fbb
9fbc
9fbd

a052
a053
a054
a055

a0ea
a0eb
a0ec
a0ed

a182
a183
a184
a185

a21a
a21b
a21c
a21d

a2b2
a2b3
a2b4
a2b5

a34a
a34b
a34c
a34d

a3e2
a3e3
a3e4
a3e5

a47a
a47b
a47c
a47d

a512
a513
a514
a515

a5aa
a5ab
a5ac
a5ad

a642
a643
a644
a645

a6da
a6db
a6dc
a6dd

a772
a773
a774
a775

a80a
a80b
a80c
a80d

a8a2
a8a3
a8a4
a8a5

a93a
a93b
a93c
a93d

a9d2
a9d3
a9d4
a9d5

aa6a
aa6b
aa6c
aa6d

ab02
ab03
ab04
ab05

ab9a
ab9b
ab9c
ab9d

ac32
ac33
ac34
ac35

acca
accb
accc
accd

ad62
ad63
ad64
ad65

adfa
adfb
adfc
adfd

ae92
ae93
ae94
ae95

af2a
af2b
af2c
af2d

afc2
afc3
afc4
afc5

b05a
b05b
b05c
b05d

f0f4
f0f5
f0f6
f0f7

f18c
f18d
f18e
f18f

f224
f225
f226
f227

f2bc
f2bd
f2be
f2bf

f354
f355
f356
f357

f3ec
f3ed
f3ee
f3ef

f484
f485
f486
f487

f51c
f51d
f51e
f51f

f5b4
f5b5
f5b6
f5b7

f64c
f64d
f64e
f64f

f6e4
f6e5
f6e6
f6e7

f77c
f77d
f77e
f77f

f814
f815
f816
f817

f8ac
f8ad
f8ae
f8af

f944
f945
f946
f947

f9dc
f9dd
f9de
f9df

fa74
fa75
fa76
fa77

fb0c
fb0d
fb0e
fb0f

fba4
fba5
fba6
fba7

fc3c
fc3d
fc3e
fc3f

fcd4
fcd5
fcd6
fcd7

fd6c
fd6d
fd6e
fd6f

fe04
fe05
fe06
fe07

fe9c
fe9d
fe9e
fe9f

ff34
ff35
ff36
ff37

ffcc
ffcd
ffce
ffcf

0064
0065
0066
0067

00fc
00fd
00fe
00ff

0194
0195
0196
0197

022c
022d
022e
022f

02c4
02c5
02c6
02c7

035c
035d
035e
035f

03f4
03f5
03f6
03f7

048c
048d
048e
048f

0524
0525
0526
0527

45bf
45c0
45c1
45c2

4659
465a
465b
465c

46f1
46f2
46f3
46f4

4789
478a
478b
478c

4821
4822
4823
4824

48b9
48ba
48bb
48bc

4951
4952
4953
4954

49e9
49ea
49eb
49ec

4a81
4a82
4a83
4a84

4b19
4b1a
4b1b
4b1c

4bb1
4bb2
4bb3
4bb4

4c49
4c4a
4c4b
4c4c

4ce1
4ce2
4ce3
4ce4

4d79
4d7a
4d7b
4d7c

4e11
4e12
4e13
4e14

4ea9
4eaa
4eab
4eac

4f41
4f42
4f43
4f44

4fd9
4fda
4fdb
4fdc

5071
5072
5073
5074

5109
510a
510b
510c

51a1
51a2
51a3
51a4

5239
523a
523b
523c

52d1
52d2
52d3
52d4

5369
536a
536b
536c

5401
5402
5403
5404

5499
549a
549b
549c

5531
5532
5533
5534

55c9
55ca
55cb
55cc

5661
5662
5663
5664

56f9
56fa
56fb
56fc

5791
5792
5793
5794

5829
582a
582b
582c

58c1
58c2
58c3
58c4

5959
595a
595b
595c

59f1
59f2
59f3
59f4

9a8d
9a8e
9a8f
9a90

9b25
9b26
9b27
9b28

9bbd
9bbe
9bbf
9bc0

9c55
9c56
9c57
9c58

9ced
9cee
9cef
9cf0

9d85
9d86
9d87
9d88

9e1d
9e1e
9e1f
9e20

9eb5
9eb6
9eb7
9eb8

9f4d
9f4e
9f4f
9f50

9fe5
9fe6
9fe7
9fe8

a07d
a07e
a07f
a080

a115
a116
a117
a118

a1ad
a1ae
a1af
a1b0

a245
a246
a247
a248

a2dd
a2de
a2df
a2e0

a375
a376
a377
a378

a40d
a40e
a40f
a410

a4a5
a4a6
a4a7
a4a8

a53d
a53e
a53f
a540

a5d5
a5d6
a5d7
a5d8

a66d
a66e
a66f
a670

a705
a706
a707
a708

a79d
a79e
a79f
a7a0

a835
a836
a837
a838

a8cd
a8ce
a8cf
a8d0

a965
a966
a967
a968

a9fd
a9fe
a9ff
aa00

aa95
aa96
aa97
aa98

ab2d
ab2e
ab2f
ab30

abc5
abc6
abc7
abc8

ac5d
ac5e
ac5f
ac60

acf5
acf6
acf7
acf8

ad8d
ad8e
ad8f
ad90

ae25
ae26
ae27
ae28

eec2
eec3
eec4
eec5

ef5a
ef5b
ef5c
ef5d

eff2
eff3
eff4
eff5

f08a
f08b
f08c
f08d

f122
f123
f124
f125

f1ba
f1bb
f1bc
f1bd

f252
f253
f254
f255

f2ea
f2eb
f2ec
f2ed

f382
f383
f384
f385

f41a
f41b
f41c
f41d

f4b2
f4b3
f4b4
f4b5

f54a
f54b
f54c
f54d

f5e2
f5e3
f5e4
f5e5

f67a
f67b
f67c
f67d

f712
f713
f714
f715

f7aa
f7ab
f7ac
f7ad

f842
f843
f844
f845

f8da
f8db
f8dc
f8dd

f972
f973
f974
f975

fa0a
fa0b
fa0c
fa0d

faa2
faa3
faa4
faa5

fb3a
fb3b
fb3c
fb3d

fbd2
fbd3
fbd4
fbd5

fc6a
fc6b
fc6c
fc6d

fd02
fd03
fd04
fd05

fd9a
fd9b
fd9c
fd9d

fe32
fe33
fe34
fe35

feca
fecb
fecc
fecd

ff62
ff63
ff64
ff65

fffa
fffb
fffc
fffd

0092
0093
0094
0095

012a
012b
012c
012d

01c2
01c3
01c4
01c5

025a
025b
025c
025d

02f2
02f3
02f4
02f5

438b
438c
438d
438e

4423
4424
4425
4426

44bb
44bc
44bd
44be

4553
4554
4555
4556

45eb
45ec
45ed
45ee

4689
468a
468b
468c

4721
4722
4723
4724

47b9
47ba
47bb
47bc

4851
4852
4853
4854

48e9
48ea
48eb
48ec

4981
4982
4983
4984

4a19
4a1a
4a1b
4a1c

4ab1
4ab2
4ab3
4ab4

4b49
4b4a
4b4b
4b4c

4be1
4be2
4be3
4be4

4c79
4c7a
4c7b
4c7c

4d11
4d12
4d13
4d14

4da9
4daa
4dab
4dac

4e41
4e42
4e43
4e44

4ed9
4eda
4edb
4edc

4f71
4f72
4f73
4f74

5009
500a
500b
500c

50a1
50a2
50a3
50a4

5139
513a
513b
513c

51d1
51d2
51d3
51d4

5269
526a
526b
526c

5301
5302
5303
5304

5399
539a
539b
539c

5431
5432
5433
5434

54c9
54ca
54cb
54cc

5561
5562
5563
5564

55f9
55fa
55fb
55fc

5691
5692
5693
5694

5729
572a
572b
572c

57c1
57c2
57c3
57c4

985a
985b
985c
985d

98f2
98f3
98f4
98f5

998a
998b
998c
998d

9a22
9a23
9a24
9a25

9aba
9abb
9abc
9abd

9b52
9b53
9b54
9b55

9bea
9beb
9bec
9bed

9c82
9c83
9c84
9c85

9d1a
9d1b
9d1c
9d1d

9db2
9db3
9db4
9db5

9e4a
9e4b
9e4c
9e4d

9ee2
9ee3
9ee4
9ee5

9f7a
9f7b
9f7c
9f7d

a012
a013
a014
a015

a0aa
a0ab
a0ac
a0ad

a142
a143
a144
a145

a1da
a1db
a1dc
a1dd

a272
a273
a274
a275

a30a
a30b
a30c
a30d

a3a2
a3a3
a3a4
a3a5

a43a
a43b
a43c
a43d

a4d2
a4d3
a4d4
a4d5

a56a
a56b
a56c
a56d

a602
a603
a604
a605

a69a
a69b
a69c
a69d

a732
a733
a734
a735

a7ca
a7cb
a7cc
a7cd

a862
a863
a864
a865

a8fa
a8fb
a8fc
a8fd

a992
a993
a994
a995

aa2a
aa2b
aa2c
aa2d

aac2
aac3
aac4
aac5

ab5a
ab5b
ab5c
ab5d

abf2
abf3
abf4
abf5

ec8b
ec8c
ec8d
ec8e

ed23
ed24
ed25
ed26

edbb
edbc
edbd
edbe

ee53
ee54
ee55
ee56

eeeb
eeec
eeed
eeee

ef83
ef84
ef85
ef86

f01b
f01c
f01d
f01e

f0b3
f0b4
f0b5
f0b6

f14b
f14c
f14d
f14e

f1e3
f1e4
f1e5
f1e6

f27b
f27c
f27d
f27e

f313
f314
f315
f316

f3ab
f3ac
f3ad
f3ae

f443
f444
f445
f446

f4db
f4dc
f4dd
f4de

f573
f574
f575
f576

f60b
f60c
f60d
f60e

f6a3
f6a4
f6a5
f6a6

f73b
f73c
f73d
f73e

f7d3
f7d4
f7d5
f7d6

f86b
f86c
f86d
f86e

f903
f904
f905
f906

f99b
f99c
f99d
f99e

fa33
fa34
fa35
fa36

facb
facc
facd
face

fb63
fb64
fb65
fb66

fbfb
fbfc
fbfd
fbfe

fc93
fc94
fc95
fc96

fd2b
fd2c
fd2d
fd2e

fdc3
fdc4
fdc5
fdc6

fe5b
fe5c
fe5d
fe5e

fef3
fef4
fef5
fef6

ff8b
ff8c
ff8d
ff8e

0023
0024
0025
0026

00bb
00bc
00bd
00be

4156
4157
4158
4159

41ee
41ef
41f0
41f1

4286
4287
4288
4289

431e
431f
4320
4321

43b6
43b7
43b8
43b9

444e
444f
4450
4451

44e6
44e7
44e8
44e9

457e
457f
4580
4581

4618
4619
461a
461b

46b0
46b1
46b2
46b3

4748
4749
474a
474b

47e0
47e1
47e2
47e3

4878
4879
487a
487b

4910
4911
4912
4913

49a8
49a9
49aa
49ab

4a40
4a41
4a42
4a43

4ad8
4ad9
4ada
4adb

4b70
4b71
4b72
4b73

4c08
4c09
4c0a
4c0b

4ca0
4ca1
4ca2
4ca3

4d38
4d39
4d3a
4d3b

4dd0
4dd1
4dd2
4dd3

4e68
4e69
4e6a
4e6b

4f00
4f01
4f02
4f03

4f98
4f99
4f9a
4f9b

5030
5031
5032
5033

50c8
50c9
50ca
50cb

5160
5161
5162
5163

51f8
51f9
51fa
51fb

5290
5291
5292
5293

5328
5329
532a
532b

53c0
53c1
53c2
53c3

5458
5459
545a
545b

54f0
54f1
54f2
54f3

9589
958a
958b
958c

9621
9622
9623
9624

96b9
96ba
96bb
96bc

9751
9752
9753
9754

97e9
97ea
97eb
97ec

9881
9882
9883
9884

9919
991a
991b
991c

99b1
99b2
99b3
99b4

9a49
9a4a
9a4b
9a4c

9ae1
9ae2
9ae3
9ae4

9b79
9b7a
9b7b
9b7c

9c11
9c12
9c13
9c14

9ca9
9caa
9cab
9cac

9d41
9d42
9d43
9d44

9dd9
9dda
9ddb
9ddc

9e71
9e72
9e73
9e74

9f09
9f0a
9f0b
9f0c

9fa1
9fa2
9fa3
9fa4

a039
a03a
a03b
a03c

a0d1
a0d2
a0d3
a0d4

a169
a16a
a16b
a16c

a201
a202
a203
a204

a299
a29a
a29b
a29c

a331
a332
a333
a334

a3c9
a3ca
a3cb
a3cc

a461
a462
a463
a464

a4f9
a4fa
a4fb
a4fc

a591
a592
a593
a594

a629
a62a
a62b
a62c

a6c1
a6c2
a6c3
a6c4

a759
a75a
a75b
a75c

a7f1
a7f2
a7f3
a7f4

a889
a88a
a88b
a88c

a921
a922
a923
a924

a9b9
a9ba
a9bb
a9bc

ea56
ea57
ea58
ea59

eaee
eaef
eaf0
eaf1

eb86
eb87
eb88
eb89

ec1e
ec1f
ec20
ec21

ecb6
ecb7
ecb8
ecb9

ed4e
ed4f
ed50
ed51

ede6
ede7
ede8
ede9

ee7e
ee7f
ee80
ee81

ef16
ef17
ef18
ef19

efae
efaf
efb0
efb1

f046
f047
f048
f049

f0de
f0df
f0e0
f0e1

f176
f177
f178
f179

f20e
f20f
f210
f211

f2a6
f2a7
f2a8
f2a9

f33e
f33f
f340
f341

f3d6
f3d7
f3d8
f3d9

f46e
f46f
f470
f471

f506
f507
f508
f509

f59e
f59f
f5a0
f5a1

f636
f637
f638
f639

f6ce
f6cf
f6d0
f6d1

f766
f767
f768
f769

f7fe
f7ff
f800
f801

f896
f897
f898
f899

f92e
f92f
f930
f931

f9c6
f9c7
f9c8
f9c9

fa5e
fa5f
fa60
fa61

faf6
faf7
faf8
faf9

fb8e
fb8f
fb90
fb91

fc26
fc27
fc28
fc29

fcbe
fcbf
fcc0
fcc1

fd56
fd57
fd58
fd59

fdee
fdef
fdf0
fdf1

fe86
fe87
fe88
fe89

3f23
3f24
3f25
3f26

3fbb
3fbc
3fbd
3fbe

4053
4054
4055
4056

40eb
40ec
40ed
40ee

4183
4184
4185
4186

421b
421c
421d
421e

42b3
42b4
42b5
42b6

434b
434c
434d
434e

43e3
43e4
43e5
43e6

447b
447c
447d
447e

4513
4514
4515
4516

45ab
45ac
45ad
45ae

4645
4646
4647
4648

46dd
46de
46df
46e0

4775
4776
4777
4778

480d
480e
480f
4810

48a5
48a6
48a7
48a8

493d
493e
493f
4940

49d5
49d6
49d7
49d8

4a6d
4a6e
4a6f
4a70

4b05
4b06
4b07
4b08

4b9d
4b9e
4b9f
4ba0

4c35
4c36
4c37
4c38

4ccd
4cce
4ccf
4cd0

4d65
4d66
4d67
4d68

4dfd
4dfe
4dff
4e00

4e95
4e96
4e97
4e98

4f2d
4f2e
4f2f
4f30

4fc5
4fc6
4fc7
4fc8

505d
505e
505f
5060

50f5
50f6
50f7
50f8

518d
518e
518f
5190

5225
5226
5227
5228

52bd
52be
52bf
52c0

935a
935b
935c
935d

93f2
93f3
93f4
93f5

948a
948b
948c
948d

9522
9523
9524
9525

95ba
95bb
95bc
95bd

9652
9653
9654
9655

96ea
96eb
96ec
96ed

9782
9783
9784
9785

981a
981b
981c
981d

98b2
98b3
98b4
98b5

994a
994b
994c
994d

99e2
99e3
99e4
99e5

9a7a
9a7b
9a7c
9a7d

9b12
9b13
9b14
9b15

9baa
9bab
9bac
9bad

9c42
9c43
9c44
9c45

9cda
9cdb
9cdc
9cdd

9d72
9d73
9d74
9d75

9e0a
9e0b
9e0c
9e0d

9ea2
9ea3
9ea4
9ea5

9f3a
9f3b
9f3c
9f3d

9fd2
9fd3
9fd4
9fd5

a06a
a06b
a06c
a06d

a102
a103
a104
a105

a19a
a19b
a19c
a19d

a232
a233
a234
a235

a2ca
a2cb
a2cc
a2cd

a362
a363
a364
a365

a3fa
a3fb
a3fc
a3fd

a492
a493
a494
a495

a52a
a52b
a52c
a52d

a5c2
a5c3
a5c4
a5c5

a65a
a65b
a65c
a65d

a6f2
a6f3
a6f4
a6f5

a78a
a78b
a78c
a78d

e824
e825
e826
e827

e8bc
e8bd
e8be
e8bf

e954
e955
e956
e957

e9ec
e9ed
e9ee
e9ef

ea84
ea85
ea86
ea87

eb1c
eb1d
eb1e
eb1f

ebb4
ebb5
ebb6
ebb7

ec4c
ec4d
ec4e
ec4f

ece4
ece5
ece6
ece7

ed7c
ed7d
ed7e
ed7f

ee14
ee15
ee16
ee17

eeac
eead
eeae
eeaf

ef44
ef45
ef46
ef47

efdc
efdd
efde
efdf

f074
f075
f076
f077

f10c
f10d
f10e
f10f

f1a4
f1a5
f1a6
f1a7

f23c
f23d
f23e
f23f

f2d4
f2d5
f2d6
f2d7

f36c
f36d
f36e
f36f

f404
f405
f406
f407

f49c
f49d
f49e
f49f

f534
f535
f536
f537

f5cc
f5cd
f5ce
f5cf

f664
f665
f666
f667

f6fc
f6fd
f6fe
f6ff

f794
f795
f796
f797

f82c
f82d
f82e
f82f

f8c4
f8c5
f8c6
f8c7

f95c
f95d
f95e
f95f

f9f4
f9f5
f9f6
f9f7

fa8c
fa8d
fa8e
fa8f

fb24
fb25
fb26
fb27

fbbc
fbbd
fbbe
fbbf

fc54
fc55
fc56
fc57

3cec
3ced
3cee
3cef

3d84
3d85
3d86
3d87

3e1c
3e1d
3e1e
3e1f

3eb4
3eb5
3eb6
3eb7

3f4c
3f4d
3f4e
3f4f

3fe4
3fe5
3fe6
3fe7

407c
407d
407e
407f

4114
4115
4116
4117

41ac
41ad
41ae
41af

4244
4245
4246
4247

42dc
42dd
42de
42df

4374
4375
4376
4377

440c
440d
440e
440f

44a4
44a5
44a6
44a7

453c
453d
453e
453f

45d4
45d5
45d6
45d7

466c
466d
466e
466f

4704
4705
4706
4707

479c
479d
479e
479f

4834
4835
4836
4837

48cc
48cd
48ce
48cf

4964
4965
4966
4967

49fc
49fd
49fe
49ff

4a94
4a95
4a96
4a97

4b2c
4b2d
4b2e
4b2f

4bc4
4bc5
4bc6
4bc7

4c5c
4c5d
4c5e
4c5f

4cf4
4cf5
4cf6
4cf7

4d8c
4d8d
4d8e
4d8f

4e24
4e25
4e26
4e27

4ebc
4ebd
4ebe
4ebf

4f54
4f55
4f56
4f57

4fec
4fed
4fee
4fef

5084
5085
5086
5087

9121
9122
9123
9124

91b9
91ba
91bb
91bc

9251
9252
9253
9254

92e9
92ea
92eb
92ec

9381
9382
9383
9384

9419
941a
941b
941c

94b1
94b2
94b3
94b4

9549
954a
954b
954c

95e1
95e2
95e3
95e4

9679
967a
967b
967c

9711
9712
9713
9714

97a9
97aa
97ab
97ac

9841
9842
9843
9844

98d9
98da
98db
98dc

9971
9972
9973
9974

9a09
9a0a
9a0b
9a0c

9aa1
9aa2
9aa3
9aa4

9b39
9b3a
9b3b
9b3c

9bd1
9bd2
9bd3
9bd4

9c69
9c6a
9c6b
9c6c

9d01
9d02
9d03
9d04

9d99
9d9a
9d9b
9d9c

9e31
9e32
9e33
9e34

9ec9
9eca
9ecb
9ecc

9f61
9f62
9f63
9f64

9ff9
9ffa
9ffb
9ffc

a091
a092
a093
a094

a129
a12a
a12b
a12c

a1c1
a1c2
a1c3
a1c4

a259
a25a
a25b
a25c

a2f1
a2f2
a2f3
a2f4

a389
a38a
a38b
a38c

a421
a422
a423
a424

a4b9
a4ba
a4bb
a4bc

a551
a552
a553
a554

e5ea
e5eb
e5ec
e5ed

e682
e683
e684
e685

e71a
e71b
e71c
e71d

e7b2
e7b3
e7b4
e7b5

e84a
e84b
e84c
e84d

e8e2
e8e3
e8e4
e8e5

e97a
e97b
e97c
e97d

ea12
ea13
ea14
ea15

eaaa
eaab
eaac
eaad

eb42
eb43
eb44
eb45

ebda
ebdb
ebdc
ebdd

ec72
ec73
ec74
ec75

ed0a
ed0b
ed0c
ed0d

eda2
eda3
eda4
eda5

ee3a
ee3b
ee3c
ee3d

eed2
eed3
eed4
eed5

ef6a
ef6b
ef6c
ef6d

f002
f003
f004
f005

f09a
f09b
f09c
f09d

f132
f133
f134
f135

f1ca
f1cb
f1cc
f1cd

f262
f263
f264
f265

f2fa
f2fb
f2fc
f2fd

f392
f393
f394
f395

f42a
f42b
f42c
f42d

f4c2
f4c3
f4c4
f4c5

f55a
f55b
f55c
f55d

f5f2
f5f3
f5f4
f5f5

f68a
f68b
f68c
f68d

f722
f723
f724
f725

f7ba
f7bb
f7bc
f7bd

f852
f853
f854
f855

f8ea
f8eb
f8ec
f8ed

f982
f983
f984
f985

fa1a
fa1b
fa1c
fa1d

3ab8
3ab9
3aba
3abb

3b50
3b51
3b52
3b53

3be8
3be9
3bea
3beb

3c80
3c81
3c82
3c83

3d18
3d19
3d1a
3d1b

3db0
3db1
3db2
3db3

3e48
3e49
3e4a
3e4b

3ee0
3ee1
3ee2
3ee3

3f78
3f79
3f7a
3f7b

4010
4011
4012
4013

40a8
40a9
40aa
40ab

4140
4141
4142
4143

41d8
41d9
41da
41db

4270
4271
4272
4273

4308
4309
430a
430b

43a0
43a1
43a2
43a3

4438
4439
443a
443b

44d0
44d1
44d2
44d3

4568
4569
456a
456b

4600
4601
4602
4603

4698
4699
469a
469b

4730
4731
4732
4733

47c8
47c9
47ca
47cb

4860
4861
4862
4863

48f8
48f9
48fa
48fb

4990
4991
4992
4993

4a28
4a29
4a2a
4a2b

4ac0
4ac1
4ac2
4ac3

4b58
4b59
4b5a
4b5b

4bf0
4bf1
4bf2
4bf3

4c88
4c89
4c8a
4c8b

4d20
4d21
4d22
4d23

4db8
4db9
4dba
4dbb

4e50
4e51
4e52
4e53

8ee8
8ee9
8eea
8eeb

8f80
8f81
8f82
8f83

9018
9019
901a
901b

90b0
90b1
90b2
90b3

9148
9149
914a
914b

91e0
91e1
91e2
91e3

9278
9279
927a
927b

9310
9311
9312
9313

93a8
93a9
93aa
93ab

9440
9441
9442
9443

94d8
94d9
94da
94db

9570
9571
9572
9573

9608
9609
960a
960b

96a0
96a1
96a2
96a3

9738
9739
973a
973b

97d0
97d1
97d2
97d3

9868
9869
986a
986b

9900
9901
9902
9903

9998
9999
999a
999b

9a30
9a31
9a32
9a33

9ac8
9ac9
9aca
9acb

9b60
9b61
9b62
9b63

9bf8
9bf9
9bfa
9bfb

9c90
9c91
9c92
9c93

9d28
9d29
9d2a
9d2b

9dc0
9dc1
9dc2
9dc3

9e58
9e59
9e5a
9e5b

9ef0
9ef1
9ef2
9ef3

9f88
9f89
9f8a
9f8b

a020
a021
a022
a023

a0b8
a0b9
a0ba
a0bb

a150
a151
a152
a153

a1e8
a1e9
a1ea
a1eb

a280
a281
a282
a283

a318
a319
a31a
a31b

e3b1
e3b2
e3b3
e3b4

e449
e44a
e44b
e44c

e4e1
e4e2
e4e3
e4e4

e579
e57a
e57b
e57c

e611
e612
e613
e614

e6a9
e6aa
e6ab
e6ac

e741
e742
e743
e744

e7d9
e7da
e7db
e7dc

e871
e872
e873
e874

e909
e90a
e90b
e90c

e9a1
e9a2
e9a3
e9a4

ea39
ea3a
ea3b
ea3c

ead1
ead2
ead3
ead4

eb69
eb6a
eb6b
eb6c

ec01
ec02
ec03
ec04

ec99
ec9a
ec9b
ec9c

ed31
ed32
ed33
ed34

edc9
edca
edcb
edcc

ee61
ee62
ee63
ee64

eef9
eefa
eefb
eefc

ef91
ef92
ef93
ef94

f029
f02a
f02b
f02c

f0c1
f0c2
f0c3
f0c4

f159
f15a
f15b
f15c

f1f1
f1f2
f1f3
f1f4

f289
f28a
f28b
f28c

f321
f322
f323
f324

f3b9
f3ba
f3bb
f3bc

f451
f452
f453
f454

f4e9
f4ea
f4eb
f4ec

f581
f582
f583
f584

f619
f61a
f61b
f61c

f6b1
f6b2
f6b3
f6b4

f749
f74a
f74b
f74c

f7e1
f7e2
f7e3
f7e4

387f
3880
3881
3882

3917
3918
3919
391a

39af
39b0
39b1
39b2

3a47
3a48
3a49
3a4a

3adf
3ae0
3ae1
3ae2

3b77
3b78
3b79
3b7a

3c0f
3c10
3c11
3c12

3ca7
3ca8
3ca9
3caa

3d3f
3d40
3d41
3d42

3dd7
3dd8
3dd9
3dda

3e6f
3e70
3e71
3e72

3f07
3f08
3f09
3f0a

3f9f
3fa0
3fa1
3fa2

4037
4038
4039
403a

40cf
40d0
40d1
40d2

4167
4168
4169
416a

41ff
4200
4201
4202

4297
4298
4299
429a

432f
4330
4331
4332

43c7
43c8
43c9
43ca

445f
4460
4461
4462

44f7
44f8
44f9
44fa

458f
4590
4591
4592

4628
4629
462a
462b

46c0
46c1
46c2
46c3

4758
4759
475a
475b

47f0
47f1
47f2
47f3

4888
4889
488a
488b

4920
4921
4922
4923

49b8
49b9
49ba
49bb

4a50
4a51
4a52
4a53

4ae8
4ae9
4aea
4aeb

4b80
4b81
4b82
4b83

4c18
4c19
4c1a
4c1b

8cb1
8cb2
8cb3
8cb4

8d49
8d4a
8d4b
8d4c

8de1
8de2
8de3
8de4

8e79
8e7a
8e7b
8e7c

8f11
8f12
8f13
8f14

8fa9
8faa
8fab
8fac

9041
9042
9043
9044

90d9
90da
90db
90dc

9171
9172
9173
9174

9209
920a
920b
920c

92a1
92a2
92a3
92a4

9339
933a
933b
933c

93d1
93d2
93d3
93d4

9469
946a
946b
946c

9501
9502
9503
9504

9599
959a
959b
959c

9631
9632
9633
9634

96c9
96ca
96cb
96cc

9761
9762
9763
9764

97f9
97fa
97fb
97fc

9891
9892
9893
9894

9929
992a
992b
992c

99c1
99c2
99c3
99c4

9a59
9a5a
9a5b
9a5c

9af1
9af2
9af3
9af4

9b89
9b8a
9b8b
9b8c

9c21
9c22
9c23
9c24

9cb9
9cba
9cbb
9cbc

9d51
9d52
9d53
9d54

9de9
9dea
9deb
9dec

9e81
9e82
9e83
9e84

9f19
9f1a
9f1b
9f1c

9fb1
9fb2
9fb3
9fb4

a049
a04a
a04b
a04c

a0e1
a0e2
a0e3
a0e4

e17b
e17c
e17d
e17e

e213
e214
e215
e216

e2ab
e2ac
e2ad
e2ae

e343
e344
e345
e346

e3db
e3dc
e3dd
e3de

e473
e474
e475
e476

e50b
e50c
e50d
e50e

e5a3
e5a4
e5a5
e5a6

e63b
e63c
e63d
e63e

e6d3
e6d4
e6d5
e6d6

e76b
e76c
e76d
e76e

e803
e804
e805
e806

e89b
e89c
e89d
e89e

e933
e934
e935
e936

e9cb
e9cc
e9cd
e9ce

ea63
ea64
ea65
ea66

eafb
eafc
eafd
eafe

eb93
eb94
eb95
eb96

ec2b
ec2c
ec2d
ec2e

ecc3
ecc4
ecc5
ecc6

ed5b
ed5c
ed5d
ed5e

edf3
edf4
edf5
edf6

ee8b
ee8c
ee8d
ee8e

ef23
ef24
ef25
ef26

efbb
efbc
efbd
efbe

f053
f054
f055
f056

f0eb
f0ec
f0ed
f0ee

f183
f184
f185
f186

f21b
f21c
f21d
f21e

f2b3
f2b4
f2b5
f2b6

f34b
f34c
f34d
f34e

f3e3
f3e4
f3e5
f3e6

f47b
f47c
f47d
f47e

f513
f514
f515
f516

f5ab
f5ac
f5ad
f5ae

3646
3647
3648
3649

36de
36df
36e0
36e1

3776
3777
3778
3779

380e
380f
3810
3811

38a6
38a7
38a8
38a9

393e
393f
3940
3941

39d6
39d7
39d8
39d9

3a6e
3a6f
3a70
3a71

3b06
3b07
3b08
3b09

3b9e
3b9f
3ba0
3ba1

3c36
3c37
3c38
3c39

3cce
3ccf
3cd0
3cd1

3d66
3d67
3d68
3d69

3dfe
3dff
3e00
3e01

3e96
3e97
3e98
3e99

3f2e
3f2f
3f30
3f31

3fc6
3fc7
3fc8
3fc9

405e
405f
4060
4061

40f6
40f7
40f8
40f9

418e
418f
4190
4191

4226
4227
4228
4229

42be
42bf
42c0
42c1

4356
4357
4358
4359

43ee
43ef
43f0
43f1

4486
4487
4488
4489

451e
451f
4520
4521

45b6
45b7
45b8
45b9

464f
4650
4651
4652

46e7
46e8
46e9
46ea

477f
4780
4781
4782

4817
4818
4819
481a

48af
48b0
48b1
48b2

4947
4948
4949
494a

49df
49e0
49e1
49e2

8a77
8a78
8a79
8a7a

8b0f
8b10
8b11
8b12

8ba7
8ba8
8ba9
8baa

8c3f
8c40
8c41
8c42

8cd7
8cd8
8cd9
8cda

8d6f
8d70
8d71
8d72

8e07
8e08
8e09
8e0a

8e9f
8ea0
8ea1
8ea2

8f37
8f38
8f39
8f3a

8fcf
8fd0
8fd1
8fd2

9067
9068
9069
906a

90ff
9100
9101
9102

9197
9198
9199
919a

922f
9230
9231
9232

92c7
92c8
92c9
92ca

935f
9360
9361
9362

93f7
93f8
93f9
93fa

948f
9490
9491
9492

9527
9528
9529
952a

95bf
95c0
95c1
95c2

9657
9658
9659
965a

96ef
96f0
96f1
96f2

9787
9788
9789
978a

981f
9820
9821
9822

98b7
98b8
98b9
98ba

994f
9950
9951
9952

99e7
99e8
99e9
99ea

9a7f
9a80
9a81
9a82

9b17
9b18
9b19
9b1a

9baf
9bb0
9bb1
9bb2

9c47
9c48
9c49
9c4a

9cdf
9ce0
9ce1
9ce2

9d77
9d78
9d79
9d7a

9e0f
9e10
9e11
9e12

9ea7
9ea8
9ea9
9eaa

df3f
df40
df41
df42

dfd7
dfd8
dfd9
dfda

e06f
e070
e071
e072

e107
e108
e109
e10a

e19f
e1a0
e1a1
e1a2

e237
e238
e239
e23a

e2cf
e2d0
e2d1
e2d2

e367
e368
e369
e36a

e3ff
e400
e401
e402

e497
e498
e499
e49a

e52f
e530
e531
e532

e5c7
e5c8
e5c9
e5ca

e65f
e660
e661
e662

e6f7
e6f8
e6f9
e6fa

e78f
e790
e791
e792

e827
e828
e829
e82a

e8bf
e8c0
e8c1
e8c2

e957
e958
e959
e95a

e9ef
e9f0
e9f1
e9f2

ea87
ea88
ea89
ea8a

eb1f
eb20
eb21
eb22

ebb7
ebb8
ebb9
ebba

ec4f
ec50
ec51
ec52

ece7
ece8
ece9
ecea

ed7f
ed80
ed81
ed82

ee17
ee18
ee19
ee1a

eeaf
eeb0
eeb1
eeb2

ef47
ef48
ef49
ef4a

efdf
efe0
efe1
efe2

f077
f078
f079
f07a

f10f
f110
f111
f112

f1a7
f1a8
f1a9
f1aa

f23f
f240
f241
f242

f2d7
f2d8
f2d9
f2da

3374
3375
3376
3377

340c
340d
340e
340f

34a4
34a5
34a6
34a7

353c
353d
353e
353f

35d4
35d5
35d6
35d7

366c
366d
366e
366f

3704
3705
3706
3707

379c
379d
379e
379f

3834
3835
3836
3837

38cc
38cd
38ce
38cf

3964
3965
3966
3967

39fc
39fd
39fe
39ff

3a94
3a95
3a96
3a97

3b2c
3b2d
3b2e
3b2f

3bc4
3bc5
3bc6
3bc7

3c5c
3c5d
3c5e
3c5f

3cf4
3cf5
3cf6
3cf7

3d8c
3d8d
3d8e
3d8f

3e24
3e25
3e26
3e27

3ebc
3ebd
3ebe
3ebf

3f54
3f55
3f56
3f57

3fec
3fed
3fee
3fef

4084
4085
4086
4087

411c
411d
411e
411f

41b4
41b5
41b6
41b7

424c
424d
424e
424f

42e4
42e5
42e6
42e7

437c
437d
437e
437f

4414
4415
4416
4417

44ac
44ad
44ae
44af

4544
4545
4546
4547

45dc
45dd
45de
45df

4675
4676
4677
4678

470d
470e
470f
4710

47a5
47a6
47a7
47a8

8843
8844
8845
8846

88db
88dc
88dd
88de

8973
8974
8975
8976

8a0b
8a0c
8a0d
8a0e

8aa3
8aa4
8aa5
8aa6

8b3b
8b3c
8b3d
8b3e

8bd3
8bd4
8bd5
8bd6

8c6b
8c6c
8c6d
8c6e

8d03
8d04
8d05
8d06

8d9b
8d9c
8d9d
8d9e

8e33
8e34
8e35
8e36

8ecb
8ecc
8ecd
8ece

8f63
8f64
8f65
8f66

8ffb
8ffc
8ffd
8ffe

9093
9094
9095
9096

912b
912c
912d
912e

91c3
91c4
91c5
91c6

925b
925c
925d
925e

92f3
92f4
92f5
92f6

938b
938c
938d
938e

9423
9424
9425
9426

94bb
94bc
94bd
94be

9553
9554
9555
9556

95eb
95ec
95ed
95ee

9683
9684
9685
9686

971b
971c
971d
971e

97b3
97b4
97b5
97b6

984b
984c
984d
984e

98e3
98e4
98e5
98e6

997b
997c
997d
997e

9a13
9a14
9a15
9a16

9aab
9aac
9aad
9aae

9b43
9b44
9b45
9b46

9bdb
9bdc
9bdd
9bde

9c73
9c74
9c75
9c76

dd10
dd11
dd12
dd13

dda8
dda9
ddaa
ddab

de40
de41
de42
de43

ded8
ded9
deda
dedb

df70
df71
df72
df73

e008
e009
e00a
e00b

e0a0
e0a1
e0a2
e0a3

e138
e139
e13a
e13b

e1d0
e1d1
e1d2
e1d3

e268
e269
e26a
e26b

e300
e301
e302
e303

e398
e399
e39a
e39b

e430
e431
e432
e433

e4c8
e4c9
e4ca
e4cb

e560
e561
e562
e563

e5f8
e5f9
e5fa
e5fb

e690
e691
e692
e693

e728
e729
e72a
e72b

e7c0
e7c1
e7c2
e7c3

e858
e859
e85a
e85b

e8f0
e8f1
e8f2
e8f3

e988
e989
e98a
e98b

ea20
ea21
ea22
ea23

eab8
eab9
eaba
eabb

eb50
eb51
eb52
eb53

ebe8
ebe9
ebea
ebeb

ec80
ec81
ec82
ec83

ed18
ed19
ed1a
ed1b

edb0
edb1
edb2
edb3

ee48
ee49
ee4a
ee4b

eee0
eee1
eee2
eee3

ef78
ef79
ef7a
ef7b

f010
f011
f012
f013

f0a8
f0a9
f0aa
f0ab

3141
3142
3143
3144

31d9
31da
31db
31dc

3271
3272
3273
3274

3309
330a
330b
330c

33a1
33a2
33a3
33a4

3439
343a
343b
343c

34d1
34d2
34d3
34d4

3569
356a
356b
356c

3601
3602
3603
3604

3699
369a
369b
369c

3731
3732
3733
3734

37c9
37ca
37cb
37cc

3861
3862
3863
3864

38f9
38fa
38fb
38fc

3991
3992
3993
3994

3a29
3a2a
3a2b
3a2c

3ac1
3ac2
3ac3
3ac4

3b59
3b5a
3b5b
3b5c

3bf1
3bf2
3bf3
3bf4

3c89
3c8a
3c8b
3c8c

3d21
3d22
3d23
3d24

3db9
3dba
3dbb
3dbc

3e51
3e52
3e53
3e54

3ee9
3eea
3eeb
3eec

3f81
3f82
3f83
3f84

4019
401a
401b
401c

40b1
40b2
40b3
40b4

4149
414a
414b
414c

41e1
41e2
41e3
41e4

4279
427a
427b
427c

4311
4312
4313
4314

43a9
43aa
43ab
43ac

4441
4442
4443
4444

44d9
44da
44db
44dc

4571
4572
4573
4574

860e
860f
8610
8611

86a8
86a9
86aa
86ab

8740
8741
8742
8743

87d8
87d9
87da
87db

8870
8871
8872
8873

8908
8909
890a
890b

89a0
89a1
89a2
89a3

8a38
8a39
8a3a
8a3b

8ad0
8ad1
8ad2
8ad3

8b68
8b69
8b6a
8b6b

8c00
8c01
8c02
8c03

8c98
8c99
8c9a
8c9b

8d30
8d31
8d32
8d33

8dc8
8dc9
8dca
8dcb

8e60
8e61
8e62
8e63

8ef8
8ef9
8efa
8efb

8f90
8f91
8f92
8f93

9028
9029
902a
902b

90c0
90c1
90c2
90c3

9158
9159
915a
915b

91f0
91f1
91f2
91f3

9288
9289
928a
928b

9320
9321
9322
9323

93b8
93b9
93ba
93bb

9450
9451
9452
9453

94e8
94e9
94ea
94eb

9580
9581
9582
9583

9618
9619
961a
961b

96b0
96b1
96b2
96b3

9748
9749
974a
974b

97e0
97e1
97e2
97e3

9878
9879
987a
987b

9910
9911
9912
9913

99a8
99a9
99aa
99ab

9a40
9a41
9a42
9a43

dad9
dada
dadb
dadc

db71
db72
db73
db74

dc09
dc0a
dc0b
dc0c

dca1
dca2
dca3
dca4

dd39
dd3a
dd3b
dd3c

ddd1
ddd2
ddd3
ddd4

de69
de6a
de6b
de6c

df01
df02
df03
df04

df99
df9a
df9b
df9c

e031
e032
e033
e034

e0c9
e0ca
e0cb
e0cc

e161
e162
e163
e164

e1f9
e1fa
e1fb
e1fc

e291
e292
e293
e294

e329
e32a
e32b
e32c

e3c1
e3c2
e3c3
e3c4

e459
e45a
e45b
e45c

e4f1
e4f2
e4f3
e4f4

e589
e58a
e58b
e58c

e621
e622
e623
e624

e6b9
e6ba
e6bb
e6bc

e751
e752
e753
e754

e7e9
e7ea
e7eb
e7ec

e881
e882
e883
e884

e919
e91a
e91b
e91c

e9b1
e9b2
e9b3
e9b4

ea49
ea4a
ea4b
ea4c

eae1
eae2
eae3
eae4

eb79
eb7a
eb7b
eb7c

ec11
ec12
ec13
ec14

eca9
ecaa
ecab
ecac

ed41
ed42
ed43
ed44

edd9
edda
eddb
eddc

ee71
ee72
ee73
ee74

2f0b
2f0c
2f0d
2f0e

2fa3
2fa4
2fa5
2fa6

303b
303c
303d
303e

30d3
30d4
30d5
30d6

316b
316c
316d
316e

3203
3204
3205
3206

329b
329c
329d
329e

3333
3334
3335
3336

33cb
33cc
33cd
33ce

3463
3464
3465
3466

34fb
34fc
34fd
34fe

3593
3594
3595
3596

362b
362c
362d
362e

36c3
36c4
36c5
36c6

375b
375c
375d
375e

37f3
37f4
37f5
37f6

388b
388c
388d
388e

3923
3924
3925
3926

39bb
39bc
39bd
39be

3a53
3a54
3a55
3a56

3aeb
3aec
3aed
3aee

3b83
3b84
3b85
3b86

3c1b
3c1c
3c1d
3c1e

3cb3
3cb4
3cb5
3cb6

3d4b
3d4c
3d4d
3d4e

3de3
3de4
3de5
3de6

3e7b
3e7c
3e7d
3e7e

3f13
3f14
3f15
3f16

3fab
3fac
3fad
3fae

4043
4044
4045
4046

40db
40dc
40dd
40de

4173
4174
4175
4176

420b
420c
420d
420e

42a3
42a4
42a5
42a6

433b
433c
433d
433e

83d5
83d6
83d7
83d8

846d
846e
846f
8470

8505
8506
8507
8508

859d
859e
859f
85a0

8635
8636
8637
8638

86cf
86d0
86d1
86d2

8767
8768
8769
876a

87ff
8800
8801
8802

8897
8898
8899
889a

892f
8930
8931
8932

89c7
89c8
89c9
89ca

8a5f
8a60
8a61
8a62

8af7
8af8
8af9
8afa

8b8f
8b90
8b91
8b92

8c27
8c28
8c29
8c2a

8cbf
8cc0
8cc1
8cc2

8d57
8d58
8d59
8d5a

8def
8df0
8df1
8df2

8e87
8e88
8e89
8e8a

8f1f
8f20
8f21
8f22

8fb7
8fb8
8fb9
8fba

904f
9050
9051
9052

90e7
90e8
90e9
90ea

917f
9180
9181
9182

9217
9218
9219
921a

92af
92b0
92b1
92b2

9347
9348
9349
934a

93df
93e0
93e1
93e2

9477
9478
9479
947a

950f
9510
9511
9512

95a7
95a8
95a9
95aa

963f
9640
9641
9642

96d7
96d8
96d9
96da

976f
9770
9771
9772

9807
9808
9809
980a

d8a4
d8a5
d8a6
d8a7

d93c
d93d
d93e
d93f

d9d4
d9d5
d9d6
d9d7

da6c
da6d
da6e
da6f

db04
db05
db06
db07

db9c
db9d
db9e
db9f

dc34
dc35
dc36
dc37

dccc
dccd
dcce
dccf

dd64
dd65
dd66
dd67

ddfc
ddfd
ddfe
ddff

de94
de95
de96
de97

df2c
df2d
df2e
df2f

dfc4
dfc5
dfc6
dfc7

e05c
e05d
e05e
e05f

e0f4
e0f5
e0f6
e0f7

e18c
e18d
e18e
e18f

e224
e225
e226
e227

e2bc
e2bd
e2be
e2bf

e354
e355
e356
e357

e3ec
e3ed
e3ee
e3ef

e484
e485
e486
e487

e51c
e51d
e51e
e51f

e5b4
e5b5
e5b6
e5b7

e64c
e64d
e64e
e64f

e6e4
e6e5
e6e6
e6e7

e77c
e77d
e77e
e77f

e814
e815
e816
e817

e8ac
e8ad
e8ae
e8af

e944
e945
e946
e947

e9dc
e9dd
e9de
e9df

ea74
ea75
ea76
ea77

eb0c
eb0d
eb0e
eb0f

eba4
eba5
eba6
eba7

ec3c
ec3d
ec3e
ec3f

2cd9
2cda
2cdb
2cdc

2d71
2d72
2d73
2d74

2e09
2e0a
2e0b
2e0c

2ea1
2ea2
2ea3
2ea4

2f39
2f3a
2f3b
2f3c

2fd1
2fd2
2fd3
2fd4

3069
306a
306b
306c

3101
3102
3103
3104

3199
319a
319b
319c

3231
3232
3233
3234

32c9
32ca
32cb
32cc

3361
3362
3363
3364

33f9
33fa
33fb
33fc

3491
3492
3493
3494

3529
352a
352b
352c

35c1
35c2
35c3
35c4

3659
365a
365b
365c

36f1
36f2
36f3
36f4

3789
378a
378b
378c

3821
3822
3823
3824

38b9
38ba
38bb
38bc

3951
3952
3953
3954

39e9
39ea
39eb
39ec

3a81
3a82
3a83
3a84

3b19
3b1a
3b1b
3b1c

3bb1
3bb2
3bb3
3bb4

3c49
3c4a
3c4b
3c4c

3ce1
3ce2
3ce3
3ce4

3d79
3d7a
3d7b
3d7c

3e11
3e12
3e13
3e14

3ea9
3eaa
3eab
3eac

3f41
3f42
3f43
3f44

3fd9
3fda
3fdb
3fdc

4071
4072
4073
4074

4109
410a
410b
410c

81a2
81a3
81a4
81a5

823a
823b
823c
823d

82d2
82d3
82d4
82d5

836a
836b
836c
836d

8402
8403
8404
8405

849a
849b
849c
849d

8532
8533
8534
8535

85ca
85cb
85cc
85cd

8667
8668
8669
866a

86ff
8700
8701
8702

8797
8798
8799
879a

882f
8830
8831
8832

88c7
88c8
88c9
88ca

895f
8960
8961
8962

89f7
89f8
89f9
89fa

8a8f
8a90
8a91
8a92

8b27
8b28
8b29
8b2a

8bbf
8bc0
8bc1
8bc2

8c57
8c58
8c59
8c5a

8cef
8cf0
8cf1
8cf2

8d87
8d88
8d89
8d8a

8e1f
8e20
8e21
8e22

8eb7
8eb8
8eb9
8eba

8f4f
8f50
8f51
8f52

8fe7
8fe8
8fe9
8fea

907f
9080
9081
9082

9117
9118
9119
911a

91af
91b0
91b1
91b2

9247
9248
9249
924a

92df
92e0
92e1
92e2

9377
9378
9379
937a

940f
9410
9411
9412

94a7
94a8
94a9
94aa

953f
9540
9541
9542

95d7
95d8
95d9
95da

d671
d672
d673
d674

d709
d70a
d70b
d70c

d7a1
d7a2
d7a3
d7a4

d839
d83a
d83b
d83c

d8d1
d8d2
d8d3
d8d4

d969
d96a
d96b
d96c

da01
da02
da03
da04

da99
da9a
da9b
da9c

db31
db32
db33
db34

dbc9
dbca
dbcb
dbcc

dc61
dc62
dc63
dc64

dcf9
dcfa
dcfb
dcfc

dd91
dd92
dd93
dd94

de29
de2a
de2b
de2c

dec1
dec2
dec3
dec4

df59
df5a
df5b
df5c

dff1
dff2
dff3
dff4

e089
e08a
e08b
e08c

e121
e122
e123
e124

e1b9
e1ba
e1bb
e1bc

e251
e252
e253
e254

e2e9
e2ea
e2eb
e2ec

e381
e382
e383
e384

e419
e41a
e41b
e41c

e4b1
e4b2
e4b3
e4b4

e549
e54a
e54b
e54c

e5e1
e5e2
e5e3
e5e4

e679
e67a
e67b
e67c

e711
e712
e713
e714

e7a9
e7aa
e7ab
e7ac

e841
e842
e843
e844

e8d9
e8da
e8db
e8dc

e971
e972
e973
e974

ea09
ea0a
ea0b
ea0c

2aa2
2aa3
2aa4
2aa5

2b3a
2b3b
2b3c
2b3d

2bd2
2bd3
2bd4
2bd5

2c6a
2c6b
2c6c
2c6d

2d02
2d03
2d04
2d05

2d9a
2d9b
2d9c
2d9d

2e32
2e33
2e34
2e35

2eca
2ecb
2ecc
2ecd

2f62
2f63
2f64
2f65

2ffa
2ffb
2ffc
2ffd

3092
3093
3094
3095

312a
312b
312c
312d

31c2
31c3
31c4
31c5

325a
325b
325c
325d

32f2
32f3
32f4
32f5

338a
338b
338c
338d

3422
3423
3424
3425

34ba
34bb
34bc
34bd

3552
3553
3554
3555

35ea
35eb
35ec
35ed

3682
3683
3684
3685

371a
371b
371c
371d

37b2
37b3
37b4
37b5

384a
384b
384c
384d

38e2
38e3
38e4
38e5

397a
397b
397c
397d

3a12
3a13
3a14
3a15

3aaa
3aab
3aac
3aad

3b42
3b43
3b44
3b45

3bda
3bdb
3bdc
3bdd

3c72
3c73
3c74
3c75

3d0a
3d0b
3d0c
3d0d

3da2
3da3
3da4
3da5

3e3a
3e3b
3e3c
3e3d

3ed2
3ed3
3ed4
3ed5

7f6c
7f6d
7f6e
7f6f

8004
8005
8006
8007

809c
809d
809e
809f

8134
8135
8136
8137

81cc
81cd
81ce
81cf

8264
8265
8266
8267

82fc
82fd
82fe
82ff

8394
8395
8396
8397

842c
842d
842e
842f

84c4
84c5
84c6
84c7

855c
855d
855e
855f

85f4
85f5
85f6
85f7

868e
868f
8690
8691

8726
8727
8728
8729

87be
87bf
87c0
87c1

8856
8857
8858
8859

88ee
88ef
88f0
88f1

8986
8987
8988
8989

8a1e
8a1f
8a20
8a21

8ab6
8ab7
8ab8
8ab9

8b4e
8b4f
8b50
8b51

8be6
8be7
8be8
8be9

8c7e
8c7f
8c80
8c81

8d16
8d17
8d18
8d19

8dae
8daf
8db0
8db1

8e46
8e47
8e48
8e49

8ede
8edf
8ee0
8ee1

8f76
8f77
8f78
8f79

900e
900f
9010
9011

90a6
90a7
90a8
90a9

913e
913f
9140
9141

91d6
91d7
91d8
91d9

926e
926f
9270
9271

9306
9307
9308
9309

939e
939f
93a0
93a1

d438
d439
d43a
d43b

d4d0
d4d1
d4d2
d4d3

d568
d569
d56a
d56b

d600
d601
d602
d603

d698
d699
d69a
d69b

d730
d731
d732
d733

d7c8
d7c9
d7ca
d7cb

d860
d861
d862
d863

d8f8
d8f9
d8fa
d8fb

d990
d991
d992
d993

da28
da29
da2a
da2b

dac0
dac1
dac2
dac3

db58
db59
db5a
db5b

dbf0
dbf1
dbf2
dbf3

dc88
dc89
dc8a
dc8b

dd20
dd21
dd22
dd23

ddb8
ddb9
ddba
ddbb

de50
de51
de52
de53

dee8
dee9
deea
deeb

df80
df81
df82
df83

e018
e019
e01a
e01b

e0b0
e0b1
e0b2
e0b3

e148
e149
e14a
e14b

e1e0
e1e1
e1e2
e1e3

e278
e279
e27a
e27b

e310
e311
e312
e313

e3a8
e3a9
e3aa
e3ab

e440
e441
e442
e443

e4d8
e4d9
e4da
e4db

e570
e571
e572
e573

e608
e609
e60a
e60b

e6a0
e6a1
e6a2
e6a3

e738
e739
e73a
e73b

e7d0
e7d1
e7d2
e7d3

286d
286e
286f
2870

2905
2906
2907
2908

299d
299e
299f
29a0

2a35
2a36
2a37
2a38

2acd
2ace
2acf
2ad0

2b65
2b66
2b67
2b68

2bfd
2bfe
2bff
2c00

2c95
2c96
2c97
2c98

2d2d
2d2e
2d2f
2d30

2dc5
2dc6
2dc7
2dc8

2e5d
2e5e
2e5f
2e60

2ef5
2ef6
2ef7
2ef8

2f8d
2f8e
2f8f
2f90

3025
3026
3027
3028

30bd
30be
30bf
30c0

3155
3156
3157
3158

31ed
31ee
31ef
31f0

3285
3286
3287
3288

331d
331e
331f
3320

33b5
33b6
33b7
33b8

344d
344e
344f
3450

34e5
34e6
34e7
34e8

357d
357e
357f
3580

3615
3616
3617
3618

36ad
36ae
36af
36b0

3745
3746
3747
3748

37dd
37de
37df
37e0

3875
3876
3877
3878

390d
390e
390f
3910

39a5
39a6
39a7
39a8

3a3d
3a3e
3a3f
3a40

3ad5
3ad6
3ad7
3ad8

3b6d
3b6e
3b6f
3b70

3c05
3c06
3c07
3c08

3c9d
3c9e
3c9f
3ca0

7d36
7d37
7d38
7d39

7dce
7dcf
7dd0
7dd1

7e66
7e67
7e68
7e69

7efe
7eff
7f00
7f01

7f96
7f97
7f98
7f99

802e
802f
8030
8031

80c6
80c7
80c8
80c9

815e
815f
8160
8161

81f6
81f7
81f8
81f9

828e
828f
8290
8291

8326
8327
8328
8329

83be
83bf
83c0
83c1

8456
8457
8458
8459

84ee
84ef
84f0
84f1

8586
8587
8588
8589

861e
861f
8620
8621

86b8
86b9
86ba
86bb

8750
8751
8752
8753

87e8
87e9
87ea
87eb

8880
8881
8882
8883

8918
8919
891a
891b

89b0
89b1
89b2
89b3

8a48
8a49
8a4a
8a4b

8ae0
8ae1
8ae2
8ae3

8b78
8b79
8b7a
8b7b

8c10
8c11
8c12
8c13

8ca8
8ca9
8caa
8cab

8d40
8d41
8d42
8d43

8dd8
8dd9
8dda
8ddb

8e70
8e71
8e72
8e73

8f08
8f09
8f0a
8f0b

8fa0
8fa1
8fa2
8fa3

9038
9039
903a
903b

90d0
90d1
90d2
90d3

d16a
d16b
d16c
d16d

d202
d203
d204
d205

d29a
d29b
d29c
d29d

d332
d333
d334
d335

d3ca
d3cb
d3cc
d3cd

d462
d463
d464
d465

d4fa
d4fb
d4fc
d4fd

d592
d593
d594
d595

d62a
d62b
d62c
d62d

d6c2
d6c3
d6c4
d6c5

d75a
d75b
d75c
d75d

d7f2
d7f3
d7f4
d7f5

d88a
d88b
d88c
d88d

d922
d923
d924
d925

d9ba
d9bb
d9bc
d9bd

da52
da53
da54
da55

daea
daeb
daec
daed

db82
db83
db84
db85

dc1a
dc1b
dc1c
dc1d

dcb2
dcb3
dcb4
dcb5

dd4a
dd4b
dd4c
dd4d

dde2
dde3
dde4
dde5

de7a
de7b
de7c
de7d

df12
df13
df14
df15

dfaa
dfab
dfac
dfad

e042
e043
e044
e045

e0da
e0db
e0dc
e0dd

e172
e173
e174
e175

e20a
e20b
e20c
e20d

e2a2
e2a3
e2a4
e2a5

e33a
e33b
e33c
e33d

e3d2
e3d3
e3d4
e3d5

e46a
e46b
e46c
e46d

e502
e503
e504
e505

e59a
e59b
e59c
e59d

2634
2635
2636
2637

26cc
26cd
26ce
26cf

2764
2765
2766
2767

27fc
27fd
27fe
27ff

2894
2895
2896
2897

292c
292d
292e
292f

29c4
29c5
29c6
29c7

2a5c
2a5d
2a5e
2a5f

2af4
2af5
2af6
2af7

2b8c
2b8d
2b8e
2b8f

2c24
2c25
2c26
2c27

2cbc
2cbd
2cbe
2cbf

2d54
2d55
2d56
2d57

2dec
2ded
2dee
2def

2e84
2e85
2e86
2e87

2f1c
2f1d
2f1e
2f1f

2fb4
2fb5
2fb6
2fb7

304c
304d
304e
304f

30e4
30e5
30e6
30e7

317c
317d
317e
317f

3214
3215
3216
3217

32ac
32ad
32ae
32af

3344
3345
3346
3347

33dc
33dd
33de
33df

3474
3475
3476
3477

350c
350d
350e
350f

35a4
35a5
35a6
35a7

363c
363d
363e
363f

36d4
36d5
36d6
36d7

376c
376d
376e
376f

3804
3805
3806
3807

389c
389d
389e
389f

3934
3935
3936
3937

39cc
39cd
39ce
39cf

3a64
3a65
3a66
3a67

7afd
7afe
7aff
7b00

7b95
7b96
7b97
7b98

7c2d
7c2e
7c2f
7c30

7cc5
7cc6
7cc7
7cc8

7d5d
7d5e
7d5f
7d60

7df5
7df6
7df7
7df8

7e8d
7e8e
7e8f
7e90

7f25
7f26
7f27
7f28

7fbd
7fbe
7fbf
7fc0

8055
8056
8057
8058

80ed
80ee
80ef
80f0

8185
8186
8187
8188

821d
821e
821f
8220

82b5
82b6
82b7
82b8

834d
834e
834f
8350

83e5
83e6
83e7
83e8

847d
847e
847f
8480

8515
8516
8517
8518

85ad
85ae
85af
85b0

8645
8646
8647
8648

86df
86e0
86e1
86e2

8777
8778
8779
877a

880f
8810
8811
8812

88a7
88a8
88a9
88aa

893f
8940
8941
8942

89d7
89d8
89d9
89da

8a6f
8a70
8a71
8a72

8b07
8b08
8b09
8b0a

8b9f
8ba0
8ba1
8ba2

8c37
8c38
8c39
8c3a

8ccf
8cd0
8cd1
8cd2

8d67
8d68
8d69
8d6a

8dff
8e00
8e01
8e02

8e97
8e98
8e99
8e9a

cf31
cf32
cf33
cf34

cfc9
cfca
cfcb
cfcc

d061
d062
d063
d064

d0f9
d0fa
d0fb
d0fc

d191
d192
d193
d194

d229
d22a
d22b
d22c

d2c1
d2c2
d2c3
d2c4

d359
d35a
d35b
d35c

d3f1
d3f2
d3f3
d3f4

d489
d48a
d48b
d48c

d521
d522
d523
d524

d5b9
d5ba
d5bb
d5bc

d651
d652
d653
d654

d6e9
d6ea
d6eb
d6ec

d781
d782
d783
d784

d819
d81a
d81b
d81c

d8b1
d8b2
d8b3
d8b4

d949
d94a
d94b
d94c

d9e1
d9e2
d9e3
d9e4

da79
da7a
da7b
da7c

db11
db12
db13
db14

dba9
dbaa
dbab
dbac

dc41
dc42
dc43
dc44

dcd9
dcda
dcdb
dcdc

dd71
dd72
dd73
dd74

de09
de0a
de0b
de0c

dea1
dea2
dea3
dea4

df39
df3a
df3b
df3c

dfd1
dfd2
dfd3
dfd4

e069
e06a
e06b
e06c

e101
e102
e103
e104

e199
e19a
e19b
e19c

e231
e232
e233
e234

e2c9
e2ca
e2cb
e2cc

e361
e362
e363
e364

23fb
23fc
23fd
23fe

2493
2494
2495
2496

252b
252c
252d
252e

25c3
25c4
25c5
25c6

265b
265c
265d
265e

26f3
26f4
26f5
26f6

278b
278c
278d
278e

2823
2824
2825
2826

28bb
28bc
28bd
28be

2953
2954
2955
2956

29eb
29ec
29ed
29ee

2a83
2a84
2a85
2a86

2b1b
2b1c
2b1d
2b1e

2bb3
2bb4
2bb5
2bb6

2c4b
2c4c
2c4d
2c4e

2ce3
2ce4
2ce5
2ce6

2d7b
2d7c
2d7d
2d7e

2e13
2e14
2e15
2e16

2eab
2eac
2ead
2eae

2f43
2f44
2f45
2f46

2fdb
2fdc
2fdd
2fde

3073
3074
3075
3076

310b
310c
310d
310e

31a3
31a4
31a5
31a6

323b
323c
323d
323e

32d3
32d4
32d5
32d6

336b
336c
336d
336e

3403
3404
3405
3406

349b
349c
349d
349e

3533
3534
3535
3536

35cb
35cc
35cd
35ce

3663
3664
3665
3666

36fb
36fc
36fd
36fe

3793
3794
3795
3796

382b
382c
382d
382e

78c4
78c5
78c6
78c7

795c
795d
795e
795f

79f4
79f5
79f6
79f7

7a8c
7a8d
7a8e
7a8f

7b24
7b25
7b26
7b27

7bbc
7bbd
7bbe
7bbf

7c54
7c55
7c56
7c57

7cec
7ced
7cee
7cef

7d84
7d85
7d86
7d87

7e1c
7e1d
7e1e
7e1f

7eb4
7eb5
7eb6
7eb7

7f4c
7f4d
7f4e
7f4f

7fe4
7fe5
7fe6
7fe7

807c
807d
807e
807f

8114
8115
8116
8117

81ac
81ad
81ae
81af

8244
8245
8246
8247

82dc
82dd
82de
82df

8374
8375
8376
8377

840c
840d
840e
840f

84a4
84a5
84a6
84a7

853c
853d
853e
853f

85d4
85d5
85d6
85d7

866c
866d
866e
866f

8705
8706
8707
8708

879d
879e
879f
87a0

8835
8836
8837
8838

88cd
88ce
88cf
88d0

8965
8966
8967
8968

89fd
89fe
89ff
8a00

8a95
8a96
8a97
8a98

8b2d
8b2e
8b2f
8b30

8bc5
8bc6
8bc7
8bc8

8c5d
8c5e
8c5f
8c60

ccf7
ccf8
ccf9
ccfa

cd8f
cd90
cd91
cd92

ce27
ce28
ce29
ce2a

cebf
cec0
cec1
cec2

cf57
cf58
cf59
cf5a

cfef
cff0
cff1
cff2

d087
d088
d089
d08a

d11f
d120
d121
d122

d1b7
d1b8
d1b9
d1ba

d24f
d250
d251
d252

d2e7
d2e8
d2e9
d2ea

d37f
d380
d381
d382

d417
d418
d419
d41a

d4af
d4b0
d4b1
d4b2

d547
d548
d549
d54a

d5df
d5e0
d5e1
d5e2

d677
d678
d679
d67a

d70f
d710
d711
d712

d7a7
d7a8
d7a9
d7aa

d83f
d840
d841
d842

d8d7
d8d8
d8d9
d8da

d96f
d970
d971
d972

da07
da08
da09
da0a

da9f
daa0
daa1
daa2

db37
db38
db39
db3a

dbcf
dbd0
dbd1
dbd2

dc67
dc68
dc69
dc6a

dcff
dd00
dd01
dd02

dd97
dd98
dd99
dd9a

de2f
de30
de31
de32

dec7
dec8
dec9
deca

df5f
df60
df61
df62

dff7
dff8
dff9
dffa

e08f
e090
e091
e092

e127
e128
e129
e12a

21c2
21c3
21c4
21c5

225a
225b
225c
225d

22f2
22f3
22f4
22f5

238a
238b
238c
238d

2422
2423
2424
2425

24ba
24bb
24bc
24bd

2552
2553
2554
2555

25ea
25eb
25ec
25ed

2682
2683
2684
2685

271a
271b
271c
271d

27b2
27b3
27b4
27b5

284a
284b
284c
284d

28e2
28e3
28e4
28e5

297a
297b
297c
297d

2a12
2a13
2a14
2a15

2aaa
2aab
2aac
2aad

2b42
2b43
2b44
2b45

2bda
2bdb
2bdc
2bdd

2c72
2c73
2c74
2c75

2d0a
2d0b
2d0c
2d0d

2da2
2da3
2da4
2da5

2e3a
2e3b
2e3c
2e3d

2ed2
2ed3
2ed4
2ed5

2f6a
2f6b
2f6c
2f6d

3002
3003
3004
3005

309a
309b
309c
309d

3132
3133
3134
3135

31ca
31cb
31cc
31cd

3262
3263
3264
3265

32fa
32fb
32fc
32fd

3392
3393
3394
3395

342a
342b
342c
342d

34c2
34c3
34c4
34c5

355a
355b
355c
355d

35f2
35f3
35f4
35f5

768b
768c
768d
768e

7723
7724
7725
7726

77bb
77bc
77bd
77be

7853
7854
7855
7856

78eb
78ec
78ed
78ee

7983
7984
7985
7986

7a1b
7a1c
7a1d
7a1e

7ab3
7ab4
7ab5
7ab6

7b4b
7b4c
7b4d
7b4e

7be3
7be4
7be5
7be6

7c7b
7c7c
7c7d
7c7e

7d13
7d14
7d15
7d16

7dab
7dac
7dad
7dae

7e43
7e44
7e45
7e46

7edb
7edc
7edd
7ede

7f73
7f74
7f75
7f76

800b
800c
800d
800e

80a3
80a4
80a5
80a6

813b
813c
813d
813e

81d3
81d4
81d5
81d6

826b
826c
826d
826e

8303
8304
8305
8306

839b
839c
839d
839e

8433
8434
8435
8436

84cb
84cc
84cd
84ce

8563
8564
8565
8566

85fb
85fc
85fd
85fe

8698
8699
869a
869b

8730
8731
8732
8733

87c8
87c9
87ca
87cb

8860
8861
8862
8863

88f8
88f9
88fa
88fb

8990
8991
8992
8993

8a28
8a29
8a2a
8a2b

cac5
cac6
cac7
cac8

cb5d
cb5e
cb5f
cb60

cbf5
cbf6
cbf7
cbf8

cc8d
cc8e
cc8f
cc90

cd25
cd26
cd27
cd28

cdbd
cdbe
cdbf
cdc0

ce55
ce56
ce57
ce58

ceed
ceee
ceef
cef0

cf85
cf86
cf87
cf88

d01d
d01e
d01f
d020

d0b5
d0b6
d0b7
d0b8

d14d
d14e
d14f
d150

d1e5
d1e6
d1e7
d1e8

d27d
d27e
d27f
d280

d315
d316
d317
d318

d3ad
d3ae
d3af
d3b0

d445
d446
d447
d448

d4dd
d4de
d4df
d4e0

d575
d576
d577
d578

d60d
d60e
d60f
d610

d6a5
d6a6
d6a7
d6a8

d73d
d73e
d73f
d740

d7d5
d7d6
d7d7
d7d8

d86d
d86e
d86f
d870

d905
d906
d907
d908

d99d
d99e
d99f
d9a0

da35
da36
da37
da38

dacd
dace
dacf
dad0

db65
db66
db67
db68

dbfd
dbfe
dbff
dc00

dc95
dc96
dc97
dc98

dd2d
dd2e
dd2f
dd30

ddc5
ddc6
ddc7
ddc8

de5d
de5e
de5f
de60

def5
def6
def7
def8

1f8f
1f90
1f91
1f92

2027
2028
2029
202a

20bf
20c0
20c1
20c2

2157
2158
2159
215a

21ef
21f0
21f1
21f2

2287
2288
2289
228a

231f
2320
2321
2322

23b7
23b8
23b9
23ba

244f
2450
2451
2452

24e7
24e8
24e9
24ea

257f
2580
2581
2582

2617
2618
2619
261a

26af
26b0
26b1
26b2

2747
2748
2749
274a

27df
27e0
27e1
27e2

2877
2878
2879
287a

290f
2910
2911
2912

29a7
29a8
29a9
29aa

2a3f
2a40
2a41
2a42

2ad7
2ad8
2ad9
2ada

2b6f
2b70
2b71
2b72

2c07
2c08
2c09
2c0a

2c9f
2ca0
2ca1
2ca2

2d37
2d38
2d39
2d3a

2dcf
2dd0
2dd1
2dd2

2e67
2e68
2e69
2e6a

2eff
2f00
2f01
2f02

2f97
2f98
2f99
2f9a

302f
3030
3031
3032

30c7
30c8
30c9
30ca

315f
3160
3161
3162

31f7
31f8
31f9
31fa

328f
3290
3291
3292

3327
3328
3329
332a

33bf
33c0
33c1
33c2

745c
745d
745e
745f

74f4
74f5
74f6
74f7

758c
758d
758e
758f

7624
7625
7626
7627

76bc
76bd
76be
76bf

7754
7755
7756
7757

77ec
77ed
77ee
77ef

7884
7885
7886
7887

791c
791d
791e
791f

79b4
79b5
79b6
79b7

7a4c
7a4d
7a4e
7a4f

7ae4
7ae5
7ae6
7ae7

7b7c
7b7d
7b7e
7b7f

7c14
7c15
7c16
7c17

7cac
7cad
7cae
7caf

7d44
7d45
7d46
7d47

7ddc
7ddd
7dde
7ddf

7e74
7e75
7e76
7e77

7f0c
7f0d
7f0e
7f0f

7fa4
7fa5
7fa6
7fa7

803c
803d
803e
803f

80d4
80d5
80d6
80d7

816c
816d
816e
816f

8204
8205
8206
8207

829c
829d
829e
829f

8334
8335
8336
8337

83cc
83cd
83ce
83cf

8464
8465
8466
8467

84fc
84fd
84fe
84ff

8594
8595
8596
8597

862c
862d
862e
862f

86c6
86c7
86c8
86c9

875e
875f
8760
8761

87f6
87f7
87f8
87f9

c88e
c88f
c890
c891

c926
c927
c928
c929

c9be
c9bf
c9c0
c9c1

ca56
ca57
ca58
ca59

caee
caef
caf0
caf1

cb86
cb87
cb88
cb89

cc1e
cc1f
cc20
cc21

ccb6
ccb7
ccb8
ccb9

cd4e
cd4f
cd50
cd51

cde6
cde7
cde8
cde9

ce7e
ce7f
ce80
ce81

cf16
cf17
cf18
cf19

cfae
cfaf
cfb0
cfb1

d046
d047
d048
d049

d0de
d0df
d0e0
d0e1

d176
d177
d178
d179

d20e
d20f
d210
d211

d2a6
d2a7
d2a8
d2a9

d33e
d33f
d340
d341

d3d6
d3d7
d3d8
d3d9

d46e
d46f
d470
d471

d506
d507
d508
d509

d59e
d59f
d5a0
d5a1

d636
d637
d638
d639

d6ce
d6cf
d6d0
d6d1

d766
d767
d768
d769

d7fe
d7ff
d800
d801

d896
d897
d898
d899

d92e
d92f
d930
d931

d9c6
d9c7
d9c8
d9c9

da5e
da5f
da60
da61

daf6
daf7
daf8
daf9

db8e
db8f
db90
db91

dc26
dc27
dc28
dc29

dcbe
dcbf
dcc0
dcc1

1d56
1d57
1d58
1d59

1dee
1def
1df0
1df1

1e86
1e87
1e88
1e89

1f1e
1f1f
1f20
1f21

1fb6
1fb7
1fb8
1fb9

204e
204f
2050
2051

20e6
20e7
20e8
20e9

217e
217f
2180
2181

2216
2217
2218
2219

22ae
22af
22b0
22b1

2346
2347
2348
2349

23de
23df
23e0
23e1

2476
2477
2478
2479

250e
250f
2510
2511

25a6
25a7
25a8
25a9

263e
263f
2640
2641

26d6
26d7
26d8
26d9

276e
276f
2770
2771

2806
2807
2808
2809

289e
289f
28a0
28a1

2936
2937
2938
2939

29ce
29cf
29d0
29d1

2a66
2a67
2a68
2a69

2afe
2aff
2b00
2b01

2b96
2b97
2b98
2b99

2c2e
2c2f
2c30
2c31

2cc6
2cc7
2cc8
2cc9

2d5e
2d5f
2d60
2d61

2df6
2df7
2df8
2df9

2e8e
2e8f
2e90
2e91

2f26
2f27
2f28
2f29

2fbe
2fbf
2fc0
2fc1

3056
3057
3058
3059

30ee
30ef
30f0
30f1

3186
718c
718d
718e

7223
7224
7225
7226

72bb
72bc
72bd
72be

7353
7354
7355
7356

73eb
73ec
73ed
73ee

7483
7484
7485
7486

751b
751c
751d
751e

75b3
75b4
75b5
75b6

764b
764c
764d
764e

76e3
76e4
76e5
76e6

777b
777c
777d
777e

7813
7814
7815
7816

78ab
78ac
78ad
78ae

7943
7944
7945
7946

79db
79dc
79dd
79de

7a73
7a74
7a75
7a76

7b0b
7b0c
7b0d
7b0e

7ba3
7ba4
7ba5
7ba6

7c3b
7c3c
7c3d
7c3e

7cd3
7cd4
7cd5
7cd6

7d6b
7d6c
7d6d
7d6e

7e03
7e04
7e05
7e06

7e9b
7e9c
7e9d
7e9e

7f33
7f34
7f35
7f36

7fcb
7fcc
7fcd
7fce

8063
8064
8065
8066

80fb
80fc
80fd
80fe

8193
8194
8195
8196

822b
822c
822d
822e

82c3
82c4
82c5
82c6

835b
835c
835d
835e

83f3
83f4
83f5
83f6

848b
848c
848d
848e

8523
8524
8525
8526

85bb
85bc
85bd
85be

c654
c655
c656
c657

c6f2
c6f3
c6f4
c6f5

c78a
c78b
c78c
c78d

c822
c823
c824
c825

c8ba
c8bb
c8bc
c8bd

c952
c953
c954
c955

c9ea
c9eb
c9ec
c9ed

ca82
ca83
ca84
ca85

cb1a
cb1b
cb1c
cb1d

cbb2
cbb3
cbb4
cbb5

cc4a
cc4b
cc4c
cc4d

cce2
cce3
cce4
cce5

cd7a
cd7b
cd7c
cd7d

ce12
ce13
ce14
ce15

ceaa
ceab
ceac
cead

cf42
cf43
cf44
cf45

cfda
cfdb
cfdc
cfdd

d072
d073
d074
d075

d10a
d10b
d10c
d10d

d1a2
d1a3
d1a4
d1a5

d23a
d23b
d23c
d23d

d2d2
d2d3
d2d4
d2d5

d36a
d36b
d36c
d36d

d402
d403
d404
d405

d49a
d49b
d49c
d49d

d532
d533
d534
d535

d5ca
d5cb
d5cc
d5cd

d662
d663
d664
d665

d6fa
d6fb
d6fc
d6fd

d792
d793
d794
d795

d82a
d82b
d82c
d82d

d8c2
d8c3
d8c4
d8c5

d95a
d95b
d95c
d95d

d9f2
d9f3
d9f4
d9f5

da8a
da8b
da8c
da8d

1b26
1b27
1b28
1b29

1bbe
1bbf
1bc0
1bc1

1c56
1c57
1c58
1c59

1cee
1cef
1cf0
1cf1

1d86
1d87
1d88
1d89

1e1e
1e1f
1e20
1e21

1eb6
1eb7
1eb8
1eb9

1f4e
1f4f
1f50
1f51

1fe6
1fe7
1fe8
1fe9

207e
207f
2080
2081

2116
2117
2118
2119

21ae
21af
21b0
21b1

2246
2247
2248
2249

22de
22df
22e0
22e1

2376
2377
2378
2379

240e
240f
2410
2411

24a6
24a7
24a8
24a9

253e
253f
2540
2541

25d6
25d7
25d8
25d9

266e
266f
2670
2671

2706
2707
2708
2709

279e
279f
27a0
27a1

2836
2837
2838
2839

28ce
28cf
28d0
28d1

2966
2967
2968
2969

29fe
29ff
2a00
2a01

2a96
2a97
2a98
2a99

2b2e
2b2f
2b30
2b31

2bc6
2bc7
2bc8
2bc9

2c5e
2c5f
2c60
2c61

2cf6
2cf7
2cf8
2cf9

2d8e
2d8f
2d90
2d91

2e26
2e27
2e28
2e29

2ebe
2ebf
2ec0
2ec1

6f58
6f59
6f5a
6f5b

6ff0
6ff1
6ff2
6ff3

7088
7089
708a
708b

7120
7121
7122
7123

71b8
71b9
71ba
71bb

7250
7251
7252
7253

72e8
72e9
72ea
72eb

7380
7381
7382
7383

7418
7419
741a
741b

74b0
74b1
74b2
74b3

7548
7549
754a
754b

75e0
75e1
75e2
75e3

7678
7679
767a
767b

7710
7711
7712
7713

77a8
77a9
77aa
77ab

7840
7841
7842
7843

78d8
78d9
78da
78db

7970
7971
7972
7973

7a08
7a09
7a0a
7a0b

7aa0
7aa1
7aa2
7aa3

7b38
7b39
7b3a
7b3b

7bd0
7bd1
7bd2
7bd3

7c68
7c69
7c6a
7c6b

7d00
7d01
7d02
7d03

7d98
7d99
7d9a
7d9b

7e30
7e31
7e32
7e33

7ec8
7ec9
7eca
7ecb

7f60
7f61
7f62
7f63

7ff8
7ff9
7ffa
7ffb

8090
8091
8092
8093

8128
8129
812a
812b

81c0
81c1
81c2
81c3

8258
8259
825a
825b

82f0
82f1
82f2
82f3

8388
8389
838a
838b

c425
c426
c427
c428

c4bd
c4be
c4bf
c4c0

c555
c556
c557
c558

c5ed
c5ee
c5ef
c5f0

c685
c686
c687
c688

c71f
c720
c721
c722

c7b7
c7b8
c7b9
c7ba

c84f
c850
c851
c852

c8e7
c8e8
c8e9
c8ea

c97f
c980
c981
c982

ca17
ca18
ca19
ca1a

caaf
cab0
cab1
cab2

cb47
cb48
cb49
cb4a

cbdf
cbe0
cbe1
cbe2

cc77
cc78
cc79
cc7a

cd0f
cd10
cd11
cd12

cda7
cda8
cda9
cdaa

ce3f
ce40
ce41
ce42

ced7
ced8
ced9
ceda

cf6f
cf70
cf71
cf72

d007
d008
d009
d00a

d09f
d0a0
d0a1
d0a2

d137
d138
d139
d13a

d1cf
d1d0
d1d1
d1d2

d267
d268
d269
d26a

d2ff
d300
d301
d302

d397
d398
d399
d39a

d42f
d430
d431
d432

d4c7
d4c8
d4c9
d4ca

d55f
d560
d561
d562

d5f7
d5f8
d5f9
d5fa

d68f
d690
d691
d692

d727
d728
d729
d72a

d7bf
d7c0
d7c1
d7c2

d857
d858
d859
d85a

18ef
18f0
18f1
18f2

1987
1988
1989
198a

1a1f
1a20
1a21
1a22

1ab7
1ab8
1ab9
1aba

1b4f
1b50
1b51
1b52

1be7
1be8
1be9
1bea

1c7f
1c80
1c81
1c82

1d17
1d18
1d19
1d1a

1daf
1db0
1db1
1db2

1e47
1e48
1e49
1e4a

1edf
1ee0
1ee1
1ee2

1f77
1f78
1f79
1f7a

200f
2010
2011
2012

20a7
20a8
20a9
20aa

213f
2140
2141
2142

21d7
21d8
21d9
21da

226f
2270
2271
2272

2307
2308
2309
230a

239f
23a0
23a1
23a2

2437
2438
2439
243a

24cf
24d0
24d1
24d2

2567
2568
2569
256a

25ff
2600
2601
2602

2697
2698
2699
269a

272f
2730
2731
2732

27c7
27c8
27c9
27ca

285f
2860
2861
2862

28f7
28f8
28f9
28fa

298f
2990
2991
2992

2a27
2a28
2a29
2a2a

2abf
2ac0
2ac1
2ac2

2b57
2b58
2b59
2b5a

2bef
2bf0
2bf1
2bf2

2c87
2c88
2c89
2c8a

6d21
6d22
6d23
6d24

6db9
6dba
6dbb
6dbc

6e51
6e52
6e53
6e54

6ee9
6eea
6eeb
6eec

6f81
6f82
6f83
6f84

7019
701a
701b
701c

70b1
70b2
70b3
70b4

7149
714a
714b
714c

71e1
71e2
71e3
71e4

7279
727a
727b
727c

7311
7312
7313
7314

73a9
73aa
73ab
73ac

7441
7442
7443
7444

74d9
74da
74db
74dc

7571
7572
7573
7574

7609
760a
760b
760c

76a1
76a2
76a3
76a4

7739
773a
773b
773c

77d1
77d2
77d3
77d4

7869
786a
786b
786c

7901
7902
7903
7904

7999
799a
799b
799c

7a31
7a32
7a33
7a34

7ac9
7aca
7acb
7acc

7b61
7b62
7b63
7b64

7bf9
7bfa
7bfb
7bfc

7c91
7c92
7c93
7c94

7d29
7d2a
7d2b
7d2c

7dc1
7dc2
7dc3
7dc4

7e59
7e5a
7e5b
7e5c

7ef1
7ef2
7ef3
7ef4

7f89
7f8a
7f8b
7f8c

8021
8022
8023
8024

80b9
80ba
80bb
80bc

8151
8152
8153
8154

c1ec
c1ed
c1ee
c1ef

c284
c285
c286
c287

c31c
c31d
c31e
c31f

c3b4
c3b5
c3b6
c3b7

c44c
c44d
c44e
c44f

c4e4
c4e5
c4e6
c4e7

c57c
c57d
c57e
c57f

c614
c615
c616
c617

c6ac
c6ad
c6ae
c6af

c745
c746
c747
c748

c7dd
c7de
c7df
c7e0

c875
c876
c877
c878

c90d
c90e
c90f
c910

c9a5
c9a6
c9a7
c9a8

ca3d
ca3e
ca3f
ca40

cad5
cad6
cad7
cad8

cb6d
cb6e
cb6f
cb70

cc05
cc06
cc07
cc08

cc9d
cc9e
cc9f
cca0

cd35
cd36
cd37
cd38

cdcd
cdce
cdcf
cdd0

ce65
ce66
ce67
ce68

cefd
cefe
ceff
cf00

cf95
cf96
cf97
cf98

d02d
d02e
d02f
d030

d0c5
d0c6
d0c7
d0c8

d15d
d15e
d15f
d160

d1f5
d1f6
d1f7
d1f8

d28d
d28e
d28f
d290

d325
d326
d327
d328

d3bd
d3be
d3bf
d3c0

d455
d456
d457
d458

d4ed
d4ee
d4ef
d4f0

d585
d586
d587
d588

d61d
d61e
d61f
d620

16bb
16bc
16bd
16be

1753
1754
1755
1756

17eb
17ec
17ed
17ee

1883
1884
1885
1886

191b
191c
191d
191e

19b3
19b4
19b5
19b6

1a4b
1a4c
1a4d
1a4e

1ae3
1ae4
1ae5
1ae6

1b7b
1b7c
1b7d
1b7e

1c13
1c14
1c15
1c16

1cab
1cac
1cad
1cae

1d43
1d44
1d45
1d46

1ddb
1ddc
1ddd
1dde

1e73
1e74
1e75
1e76

1f0b
1f0c
1f0d
1f0e

1fa3
1fa4
1fa5
1fa6

203b
203c
203d
203e

20d3
20d4
20d5
20d6

216b
216c
216d
216e

2203
2204
2205
2206

229b
229c
229d
229e

2333
2334
2335
2336

23cb
23cc
23cd
23ce

2463
2464
2465
2466

24fb
24fc
24fd
24fe

2593
2594
2595
2596

262b
262c
262d
262e

26c3
26c4
26c5
26c6

275b
275c
275d
275e

27f3
27f4
27f5
27f6

288b
288c
288d
288e

2923
2924
2925
2926

29bb
29bc
29bd
29be

2a53
2a54
2a55
2a56

6aec
6aed
6aee
6aef

6b84
6b85
6b86
6b87

6c1c
6c1d
6c1e
6c1f

6cb4
6cb5
6cb6
6cb7

6d4c
6d4d
6d4e
6d4f

6de4
6de5
6de6
6de7

6e7c
6e7d
6e7e
6e7f

6f14
6f15
6f16
6f17

6fac
6fad
6fae
6faf

7044
7045
7046
7047

70dc
70dd
70de
70df

7174
7175
7176
7177

720c
720d
720e
720f

72a4
72a5
72a6
72a7

733c
733d
733e
733f

73d4
73d5
73d6
73d7

746c
746d
746e
746f

7504
7505
7506
7507

759c
759d
759e
759f

7634
7635
7636
7637

76cc
76cd
76ce
76cf

7764
7765
7766
7767

77fc
77fd
77fe
77ff

7894
7895
7896
7897

792c
792d
792e
792f

79c4
79c5
79c6
79c7

7a5c
7a5d
7a5e
7a5f

7af4
7af5
7af6
7af7

7b8c
7b8d
7b8e
7b8f

7c24
7c25
7c26
7c27

7cbc
7cbd
7cbe
7cbf

7d54
7d55
7d56
7d57

7dec
7ded
7dee
7def

7e84
7e85
7e86
7e87

7f1c
7f1d
7f1e
7f1f

bfb6
bfb7
bfb8
bfb9

c04e
c04f
c050
c051

c0e6
c0e7
c0e8
c0e9

c17e
c17f
c180
c181

c216
c217
c218
c219

c2ae
c2af
c2b0
c2b1

c346
c347
c348
c349

c3de
c3df
c3e0
c3e1

c476
c477
c478
c479

c50e
c50f
c510
c511

c5a6
c5a7
c5a8
c5a9

c63e
c63f
c640
c641

c6d7
c6d8
c6d9
c6da

c76f
c770
c771
c772

c807
c808
c809
c80a

c89f
c8a0
c8a1
c8a2

c937
c938
c939
c93a

c9cf
c9d0
c9d1
c9d2

ca67
ca68
ca69
ca6a

caff
cb00
cb01
cb02

cb97
cb98
cb99
cb9a

cc2f
cc30
cc31
cc32

ccc7
ccc8
ccc9
ccca

cd5f
cd60
cd61
cd62

cdf7
cdf8
cdf9
cdfa

ce8f
ce90
ce91
ce92

cf27
cf28
cf29
cf2a

cfbf
cfc0
cfc1
cfc2

d057
d058
d059
d05a

d0ef
d0f0
d0f1
d0f2

d187
d188
d189
d18a

d21f
d220
d221
d222

d2b7
d2b8
d2b9
d2ba

d34f
d350
d351
d352

d3e7
d3e8
d3e9
d3ea

1481
1482
1483
1484

1519
151a
151b
151c

15b1
15b2
15b3
15b4

1649
164a
164b
164c

16e1
16e2
16e3
16e4

1779
177a
177b
177c

1811
1812
1813
1814

18a9
18aa
18ab
18ac

1941
1942
1943
1944

19d9
19da
19db
19dc

1a71
1a72
1a73
1a74

1b09
1b0a
1b0b
1b0c

1ba1
1ba2
1ba3
1ba4

1c39
1c3a
1c3b
1c3c

1cd1
1cd2
1cd3
1cd4

1d69
1d6a
1d6b
1d6c

1e01
1e02
1e03
1e04

1e99
1e9a
1e9b
1e9c

1f31
1f32
1f33
1f34

1fc9
1fca
1fcb
1fcc

2061
2062
2063
2064

20f9
20fa
20fb
20fc

2191
2192
2193
2194

2229
222a
222b
222c

22c1
22c2
22c3
22c4

2359
235a
235b
235c

23f1
23f2
23f3
23f4

2489
248a
248b
248c

2521
2522
2523
2524

25b9
25ba
25bb
25bc

2651
2652
2653
2654

26e9
26ea
26eb
26ec

2781
2782
2783
2784

2819
281a
281b
281c

68b3
68b4
68b5
68b6

694b
694c
694d
694e

69e3
69e4
69e5
69e6

6a7b
6a7c
6a7d
6a7e

6b13
6b14
6b15
6b16

6bab
6bac
6bad
6bae

6c43
6c44
6c45
6c46

6cdb
6cdc
6cdd
6cde

6d73
6d74
6d75
6d76

6e0b
6e0c
6e0d
6e0e

6ea3
6ea4
6ea5
6ea6

6f3b
6f3c
6f3d
6f3e

6fd3
6fd4
6fd5
6fd6

706b
706c
706d
706e

7103
7104
7105
7106

719b
719c
719d
719e

7233
7234
7235
7236

72cb
72cc
72cd
72ce

7363
7364
7365
7366

73fb
73fc
73fd
73fe

7493
7494
7495
7496

752b
752c
752d
752e

75c3
75c4
75c5
75c6

765b
765c
765d
765e

76f3
76f4
76f5
76f6

778b
778c
778d
778e

7823
7824
7825
7826

78bb
78bc
78bd
78be

7953
7954
7955
7956

79eb
79ec
79ed
79ee

7a83
7a84
7a85
7a86

7b1b
7b1c
7b1d
7b1e

7bb3
7bb4
7bb5
7bb6

7c4b
7c4c
7c4d
7c4e

7ce3
7ce4
7ce5
7ce6

bd7d
bd7e
bd7f
bd80

be15
be16
be17
be18

bead
beae
beaf
beb0

bf45
bf46
bf47
bf48

bfdd
bfde
bfdf
bfe0

c075
c076
c077
c078

c10d
c10e
c10f
c110

c1a5
c1a6
c1a7
c1a8

c23d
c23e
c23f
c240

c2d5
c2d6
c2d7
c2d8

c36d
c36e
c36f
c370

c405
c406
c407
c408

c49d
c49e
c49f
c4a0

c535
c536
c537
c538

c5cd
c5ce
c5cf
c5d0

c665
c666
c667
c668

c6fe
c6ff
c700
c701

c796
c797
c798
c799

c82e
c82f
c830
c831

c8c6
c8c7
c8c8
c8c9

c95e
c95f
c960
c961

c9f6
c9f7
c9f8
c9f9

ca8e
ca8f
ca90
ca91

cb26
cb27
cb28
cb29

cbbe
cbbf
cbc0
cbc1

cc56
cc57
cc58
cc59

ccee
ccef
ccf0
ccf1

cd86
cd87
cd88
cd89

ce1e
ce1f
ce20
ce21

ceb6
ceb7
ceb8
ceb9

cf4e
cf4f
cf50
cf51

cfe6
cfe7
cfe8
cfe9

d07e
d07f
d080
d081

d116
d117
d118
d119

d1ae
d1af
d1b0
d1b1

1249
124a
124b
124c

12e1
12e2
12e3
12e4

1379
137a
137b
137c

1411
1412
1413
1414

14a9
14aa
14ab
14ac

1541
1542
1543
1544

15d9
15da
15db
15dc

1671
1672
1673
1674

1709
170a
170b
170c

17a1
17a2
17a3
17a4

1839
183a
183b
183c

18d1
18d2
18d3
18d4

1969
196a
196b
196c

1a01
1a02
1a03
1a04

1a99
1a9a
1a9b
1a9c

1b31
1b32
1b33
1b34

1bc9
1bca
1bcb
1bcc

1c61
1c62
1c63
1c64

1cf9
1cfa
1cfb
1cfc

1d91
1d92
1d93
1d94

1e29
1e2a
1e2b
1e2c

1ec1
1ec2
1ec3
1ec4

1f59
1f5a
1f5b
1f5c

1ff1
1ff2
1ff3
1ff4

2089
208a
208b
208c

2121
2122
2123
2124

21b9
21ba
21bb
21bc

2251
2252
2253
2254

22e9
22ea
22eb
22ec

2381
2382
2383
2384

2419
241a
241b
241c

24b1
24b2
24b3
24b4

2549
254a
254b
254c

25e1
25e2
25e3
25e4

667a
667b
667c
667d

6712
6713
6714
6715

67aa
67ab
67ac
67ad

6842
6843
6844
6845

68da
68db
68dc
68dd

6972
6973
6974
6975

6a0a
6a0b
6a0c
6a0d

6aa2
6aa3
6aa4
6aa5

6b3a
6b3b
6b3c
6b3d

6bd2
6bd3
6bd4
6bd5

6c6a
6c6b
6c6c
6c6d

6d02
6d03
6d04
6d05

6d9a
6d9b
6d9c
6d9d

6e32
6e33
6e34
6e35

6eca
6ecb
6ecc
6ecd

6f62
6f63
6f64
6f65

6ffa
6ffb
6ffc
6ffd

7092
7093
7094
7095

712a
712b
712c
712d

71c2
71c3
71c4
71c5

725a
725b
725c
725d

72f2
72f3
72f4
72f5

738a
738b
738c
738d

7422
7423
7424
7425

74ba
74bb
74bc
74bd

7552
7553
7554
7555

75ea
75eb
75ec
75ed

7682
7683
7684
7685

771a
771b
771c
771d

77b2
77b3
77b4
77b5

784a
784b
784c
784d

78e2
78e3
78e4
78e5

797a
797b
797c
797d

7a12
7a13
7a14
7a15

7aaa
7aab
7aac
7aad

bb43
bb44
bb45
bb46

bbdb
bbdc
bbdd
bbde

bc73
bc74
bc75
bc76

bd0b
bd0c
bd0d
bd0e

bda3
bda4
bda5
bda6

be3b
be3c
be3d
be3e

bed3
bed4
bed5
bed6

bf6b
bf6c
bf6d
bf6e

c003
c004
c005
c006

c09b
c09c
c09d
c09e

c133
c134
c135
c136

c1cb
c1cc
c1cd
c1ce

c263
c264
c265
c266

c2fb
c2fc
c2fd
c2fe

c393
c394
c395
c396

c42b
c42c
c42d
c42e

c4c3
c4c4
c4c5
c4c6

c55b
c55c
c55d
c55e

c5f3
c5f4
c5f5
c5f6

c68b
c68c
c68d
c68e

c725
c726
c727
c728

c7bd
c7be
c7bf
c7c0

c855
c856
c857
c858

c8ed
c8ee
c8ef
c8f0

c985
c986
c987
c988

ca1d
ca1e
ca1f
ca20

cab5
cab6
cab7
cab8

cb4d
cb4e
cb4f
cb50

cbe5
cbe6
cbe7
cbe8

cc7d
cc7e
cc7f
cc80

cd15
cd16
cd17
cd18

cdad
cdae
cdaf
cdb0

ce45
ce46
ce47
ce48

cedd
cede
cedf
cee0

0f77
0f78
0f79
0f7a

100f
1010
1011
1012

10a7
10a8
10a9
10aa

113f
1140
1141
1142

11d7
11d8
11d9
11da

126f
1270
1271
1272

1307
1308
1309
130a

139f
13a0
13a1
13a2

1437
1438
1439
143a

14cf
14d0
14d1
14d2

1567
1568
1569
156a

15ff
1600
1601
1602

1697
1698
1699
169a

172f
1730
1731
1732

17c7
17c8
17c9
17ca

185f
1860
1861
1862

18f7
18f8
18f9
18fa

198f
1990
1991
1992

1a27
1a28
1a29
1a2a

1abf
1ac0
1ac1
1ac2

1b57
1b58
1b59
1b5a

1bef
1bf0
1bf1
1bf2

1c87
1c88
1c89
1c8a

1d1f
1d20
1d21
1d22

1db7
1db8
1db9
1dba

1e4f
1e50
1e51
1e52

1ee7
1ee8
1ee9
1eea

1f7f
1f80
1f81
1f82

2017
2018
2019
201a

20af
20b0
20b1
20b2

2147
2148
2149
214a

21df
21e0
21e1
21e2

2277
2278
2279
227a

230f
2310
2311
2312

23a7
23a8
23a9
23aa

6441
6442
6443
6444

64d9
64da
64db
64dc

6571
6572
6573
6574

6609
660a
660b
660c

66a1
66a2
66a3
66a4

6739
673a
673b
673c

67d1
67d2
67d3
67d4

6869
686a
686b
686c

6901
6902
6903
6904

6999
699a
699b
699c

6a31
6a32
6a33
6a34

6ac9
6aca
6acb
6acc

6b61
6b62
6b63
6b64

6bf9
6bfa
6bfb
6bfc

6c91
6c92
6c93
6c94

6d29
6d2a
6d2b
6d2c

6dc1
6dc2
6dc3
6dc4

6e59
6e5a
6e5b
6e5c

6ef1
6ef2
6ef3
6ef4

6f89
6f8a
6f8b
6f8c

7021
7022
7023
7024

70b9
70ba
70bb
70bc

7151
7152
7153
7154

71e9
71ea
71eb
71ec

7281
7282
7283
7284

7319
731a
731b
731c

73b1
73b2
73b3
73b4

7449
744a
744b
744c

74e1
74e2
74e3
74e4

7579
757a
757b
757c

7611
7612
7613
7614

76a9
76aa
76ab
76ac

7741
7742
7743
7744

77d9
77da
77db
77dc

7871
7872
7873
7874

b90e
b90f
b910
b911

b9a6
b9a7
b9a8
b9a9

ba3e
ba3f
ba40
ba41

bad6
bad7
bad8
bad9

bb6e
bb6f
bb70
bb71

bc06
bc07
bc08
bc09

bc9e
bc9f
bca0
bca1

bd36
bd37
bd38
bd39

bdce
bdcf
bdd0
bdd1

be66
be67
be68
be69

befe
beff
bf00
bf01

bf96
bf97
bf98
bf99

c02e
c02f
c030
c031

c0c6
c0c7
c0c8
c0c9

c15e
c15f
c160
c161

c1f6
c1f7
c1f8
c1f9

c28e
c28f
c290
c291

c326
c327
c328
c329

c3be
c3bf
c3c0
c3c1

c456
c457
c458
c459

c4ee
c4ef
c4f0
c4f1

c586
c587
c588
c589

c61e
c61f
c620
c621

c6b6
c6b7
c6b8
c6b9

c753
c754
c755
c756

c7eb
c7ec
c7ed
c7ee

c883
c884
c885
c886

c91b
c91c
c91d
c91e

c9b3
c9b4
c9b5
c9b6

ca4b
ca4c
ca4d
ca4e

cae3
cae4
cae5
cae6

cb7b
cb7c
cb7d
cb7e

cc13
cc14
cc15
cc16

ccab
ccac
ccad
ccae

0d44
0d45
0d46
0d47

0ddc
0ddd
0dde
0ddf

0e74
0e75
0e76
0e77

0f0c
0f0d
0f0e
0f0f

0fa4
0fa5
0fa6
0fa7

103c
103d
103e
103f

10d4
10d5
10d6
10d7

116c
116d
116e
116f

1204
1205
1206
1207

129c
129d
129e
129f

1334
1335
1336
1337

13cc
13cd
13ce
13cf

1464
1465
1466
1467

14fc
14fd
14fe
14ff

1594
1595
1596
1597

162c
162d
162e
162f

16c4
16c5
16c6
16c7

175c
175d
175e
175f

17f4
17f5
17f6
17f7

188c
188d
188e
188f

1924
1925
1926
1927

19bc
19bd
19be
19bf

1a54
1a55
1a56
1a57

1aec
1aed
1aee
1aef

1b84
1b85
1b86
1b87

1c1c
1c1d
1c1e
1c1f

1cb4
1cb5
1cb6
1cb7

1d4c
1d4d
1d4e
1d4f

1de4
1de5
1de6
1de7

1e7c
1e7d
1e7e
1e7f

1f14
1f15
1f16
1f17

1fac
1fad
1fae
1faf

2044
2045
2046
2047

20dc
20dd
20de
20df

2174
2175
2176
2177

6211
6212
6213
6214

62a9
62aa
62ab
62ac

6341
6342
6343
6344

63d9
63da
63db
63dc

6471
6472
6473
6474

6509
650a
650b
650c

65a1
65a2
65a3
65a4

6639
663a
663b
663c

66d1
66d2
66d3
66d4

6769
676a
676b
676c

6801
6802
6803
6804

6899
689a
689b
689c

6931
6932
6933
6934

69c9
69ca
69cb
69cc

6a61
6a62
6a63
6a64

6af9
6afa
6afb
6afc

6b91
6b92
6b93
6b94

6c29
6c2a
6c2b
6c2c

6cc1
6cc2
6cc3
6cc4

6d59
6d5a
6d5b
6d5c

6df1
6df2
6df3
6df4

6e89
6e8a
6e8b
6e8c

6f21
6f22
6f23
6f24

6fb9
6fba
6fbb
6fbc

7051
7052
7053
7054

70e9
70ea
70eb
70ec

7181
7182
7183
7184

7219
721a
721b
721c

72b1
72b2
72b3
72b4

7349
734a
734b
734c

73e1
73e2
73e3
73e4

7479
747a
747b
747c

7511
7512
7513
7514

75a9
75aa
75ab
75ac

7641
7642
7643
7644

b6db
b6dc
b6dd
b6de

b773
b774
b775
b776

b80b
b80c
b80d
b80e

b8a3
b8a4
b8a5
b8a6

b93b
b93c
b93d
b93e

b9d3
b9d4
b9d5
b9d6

ba6b
ba6c
ba6d
ba6e

bb03
bb04
bb05
bb06

bb9b
bb9c
bb9d
bb9e

bc33
bc34
bc35
bc36

bccb
bccc
bccd
bcce

bd63
bd64
bd65
bd66

bdfb
bdfc
bdfd
bdfe

be93
be94
be95
be96

bf2b
bf2c
bf2d
bf2e

bfc3
bfc4
bfc5
bfc6

c05b
c05c
c05d
c05e

c0f3
c0f4
c0f5
c0f6

c18b
c18c
c18d
c18e

c223
c224
c225
c226

c2bb
c2bc
c2bd
c2be

c353
c354
c355
c356

c3eb
c3ec
c3ed
c3ee

c483
c484
c485
c486

c51b
c51c
c51d
c51e

c5b3
c5b4
c5b5
c5b6

c64b
c64c
c64d
c64e

c6e4
c6e5
c6e6
c6e7

c77c
c77d
c77e
c77f

c814
c815
c816
c817

