0000
0000
0000
0000

0000
0000
0000
0000

0000
0002
0004
0006

0008
000a
000c
000e

0010
0012
0014
0016

0018
001a
001c
001e

0020
0022
0024
0026

0028
002a
002c
002e

0030
0032
0034
0036

0038
003a
003c
003e

0040
0042
0044
0046

0048
004a
004c
004e

0050
0052
0054
0056

0058
005a
005c
005e

0060
0062
0064
0066

0068
006a
006c
006e

0070
0072
0074
0076

0078
007a
007c
007e

0080
0082
0084
0086

0088
008a
008c
008e

0090
0092
0094
0096

0098
009a
009c
009e

00a0
00a2
00a4
00a6

00a8
00aa
00ac
00ae

00b0
00b2
00b4
00b6

00b8
00ba
00bc
00be

00c0
00c2
00c4
00c6

00c8
00ca
00cc
00ce

00d0
00d2
00d4
00d6

00d8
00da
00dc
00de

00e0
00e2
00e4
00e6

00e8
00ea
00ec
00ee

00f0
00f2
00f4
00f6

00f8
00fa
00fc
00fe

0100
0102
0104
0106

0108
010a
010c
010e

0110
0112
0114
0116

0118
011a
011c
011e

0120
0122
0124
0126

0128
012a
012c
012e

0130
0132
0134
0136

0138
013a
013c
013e

0140
0142
0144
0146

0148
014a
014c
014e

0150
0152
0154
0156

0158
015a
015c
015e

0160
0162
0164
0166

0168
016a
016c
016e

0170
0172
0174
0176

0178
017a
017c
017e

0180
0182
0184
0186

0188
018a
018c
018e

0190
0192
0194
0196

0198
019a
019c
019e

01a0
01a2
01a4
01a6

01a8
01aa
01ac
01ae

01b0
81b2
81b4
81b6

81b8
81ba
81bc
81be

81c0
81c2
81c4
81c6

81c8
81ca
81cc
81ce

81d0
81d2
81d4
81d6

81d8
81da
81dc
81de

81e0
81e2
81e4
81e6

81e8
81ea
81ec
81ee

81f0
81f2
81f4
81f6

81f8
81fa
81fc
81fe

8200
8202
8204
8206

8208
820a
820c
820e

8210
8212
8214
8216

8218
821a
821c
821e

8220
8222
8224
8226

8228
822a
822c
822e

8230
8232
8234
8236

8238
823a
823c
823e

8240
8242
8244
8246

8248
824a
824c
824e

8250
8252
8254
8256

8258
825a
825c
825e

8260
8262
8264
8266

8268
826a
826c
826e

8270
8272
8274
8276

8278
827a
827c
827e

8280
8282
8284
8286

8288
828a
828c
828e

8290
8292
8294
8296

8298
829a
829c
829e

82a0
82a2
82a4
82a6

82a8
82aa
82ac
82ae

82b0
82b2
82b4
82b6

82b8
82ba
82bc
82be

82c0
82c2
82c4
82c6

82c8
82ca
82cc
82ce

82d0
82d2
82d4
82d6

82d8
82da
82dc
82de

82e0
82e2
82e4
82e6

82e8
82ea
82ec
82ee

82f0
82f2
82f4
82f6

82f8
82fa
82fc
82fe

8300
8302
8304
8306

8308
830a
830c
830e

8310
8312
8314
8316

8318
831a
831c
831e

8320
8322
8324
8326

8328
832a
832c
832e

8330
8332
8334
8336

8338
833a
833c
833e

8340
8342
8344
8346

8348
834a
834c
834e

8350
8352
8354
8356

8358
835a
835c
835e

8360
0362
0364
0366

0368
036a
036c
036e

0370
0372
0374
0376

0378
037a
037c
037e

0380
0382
0384
0386

0388
038a
038c
038e

0390
0392
0394
0396

0398
039a
039c
039e

03a0
03a2
03a4
03a6

03a8
03aa
03ac
03ae

03b0
03b2
03b4
03b6

03b8
03ba
03bc
03be

03c0
03c2
03c4
03c6

03c8
03ca
03cc
03ce

03d0
03d2
03d4
03d6

03d8
03da
03dc
03de

03e0
03e2
03e4
03e6

03e8
03ea
03ec
03ee

03f0
03f2
03f4
03f6

03f8
03fa
03fc
03fe

0400
0402
0404
0406

0408
040a
040c
040e

0410
0412
0414
0416

0418
041a
041c
041e

0420
0422
0424
0426

0428
042a
042c
042e

0430
0432
0434
0436

0438
043a
043c
043e

0440
0442
0444
0446

0448
044a
044c
044e

0450
0452
0454
0456

0458
045a
045c
045e

0460
0462
0464
0466

0468
046a
046c
046e

0470
0472
0474
0476

0478
047a
047c
047e

0480
0482
0484
0486

0488
048a
048c
048e

0490
0492
0494
0496

0498
049a
049c
049e

04a0
04a2
04a4
04a6

04a8
04aa
04ac
04ae

04b0
04b2
04b4
04b6

04b8
04ba
04bc
04be

04c0
04c2
04c4
04c6

04c8
04ca
04cc
04ce

04d0
04d2
04d4
04d6

04d8
04da
04dc
04de

04e0
04e2
04e4
04e6

04e8
04ea
04ec
04ee

04f0
04f2
04f4
04f6

04f8
04fa
04fc
04fe

0500
0502
0504
0506

0508
050a
850c
850e

8510
8512
8514
8516

8518
851a
851c
851e

8520
8522
8524
8526

8528
852a
852c
852e

8530
8532
8534
8536

8538
853a
853c
853e

8540
8542
8544
8546

8548
854a
854c
854e

8550
8552
8554
8556

8558
855a
855c
855e

8560
8562
8564
8566

8568
856a
856c
856e

8570
8572
8574
8576

8578
857a
857c
857e

8580
8582
8584
8586

8588
858a
858c
858e

8590
8592
8594
8596

8598
859a
859c
859e

85a0
85a2
85a4
85a6

85a8
85aa
85ac
85ae

85b0
85b2
85b4
85b6

85b8
85ba
85bc
85be

85c0
85c2
85c4
85c6

85c8
85ca
85cc
85ce

85d0
85d2
85d4
85d6

85d8
85da
85dc
85de

85e0
85e2
85e4
85e6

85e8
85ea
85ec
85ee

85f0
85f2
85f4
85f6

85f8
85fa
85fc
85fe

8600
8602
8604
8606

8608
860a
860c
860e

8610
8612
8614
8616

8618
861a
861c
861e

8620
8622
8624
8626

8628
862a
862c
862e

8630
8632
8634
8636

8638
863a
863c
863e

8640
8642
8644
8646

8648
864a
864c
864e

8650
8652
8654
8656

8658
865a
865c
865e

8660
8662
8664
8666

8668
866a
866c
866e

8670
8672
8674
8676

8678
867a
867c
867e

8680
8682
8684
8686

8688
868a
868c
868e

8690
8692
8694
8696

8698
869a
869c
869e

86a0
86a2
86a4
86a6

86a8
86aa
86ac
86ae

86b0
86b2
86b4
86b6

86b8
06ba
06bc
06be

06c0
06c2
06c4
06c6

06c8
06ca
06cc
06ce

06d0
06d2
06d4
06d6

06d8
06da
06dc
06de

06e0
06e2
06e4
06e6

06e8
06ea
06ec
06ee

06f0
06f2
06f4
06f6

06f8
06fa
06fc
06fe

0700
0702
0704
0706

0708
070a
070c
070e

0710
0712
0714
0716

0718
071a
071c
071e

0720
0722
0724
0726

0728
072a
072c
072e

0730
0732
0734
0736

0738
073a
073c
073e

0740
0742
0744
0746

0748
074a
074c
074e

0750
0752
0754
0756

0758
075a
075c
075e

0760
0762
0764
0766

0768
076a
076c
076e

0770
0772
0774
0776

0778
077a
077c
077e

0780
0782
0784
0786

0788
078a
078c
078e

0790
0792
0794
0796

0798
079a
079c
079e

07a0
07a2
07a4
07a6

07a8
07aa
07ac
07ae

07b0
07b2
07b4
07b6

07b8
07ba
07bc
07be

07c0
07c2
07c4
07c6

07c8
07ca
07cc
07ce

07d0
07d2
07d4
07d6

07d8
07da
07dc
07de

07e0
07e2
07e4
07e6

07e8
07ea
07ec
07ee

07f0
07f2
07f4
07f6

07f8
07fa
07fc
07fe

0800
0802
0804
0806

0808
080a
080c
080e

0810
0812
0814
0816

0818
081a
081c
081e

0820
0822
0824
0826

0828
082a
082c
082e

0830
0832
0834
0836

0838
083a
083c
083e

0840
0842
0844
0846

0848
084a
084c
084e

0850
0852
0854
0856

0858
085a
085c
085e

0860
0862
0864
0866

0868
886a
886c
886e

8870
8872
8874
8876

8878
887a
887c
887e

8880
8882
8884
8886

8888
888a
888c
888e

8890
8892
8894
8896

8898
889a
889c
889e

88a0
88a2
88a4
88a6

88a8
88aa
88ac
88ae

88b0
88b2
88b4
88b6

88b8
88ba
88bc
88be

88c0
88c2
88c4
88c6

88c8
88ca
88cc
88ce

88d0
88d2
88d4
88d6

88d8
88da
88dc
88de

88e0
88e2
88e4
88e6

88e8
88ea
88ec
88ee

88f0
88f2
88f4
88f6

88f8
88fa
88fc
88fe

8900
8902
8904
8906

8908
890a
890c
890e

8910
8912
8914
8916

8918
891a
891c
891e

8920
8922
8924
8926

8928
892a
892c
892e

8930
8932
8934
8936

8938
893a
893c
893e

8940
8942
8944
8946

8948
894a
894c
894e

8950
8952
8954
8956

8958
895a
895c
895e

8960
8962
8964
8966

8968
896a
896c
896e

8970
8972
8974
8976

8978
897a
897c
897e

8980
8982
8984
8986

8988
898a
898c
898e

8990
8992
8994
8996

8998
899a
899c
899e

89a0
89a2
89a4
89a6

89a8
89aa
89ac
89ae

89b0
89b2
89b4
89b6

89b8
89ba
89bc
89be

89c0
89c2
89c4
89c6

89c8
89ca
89cc
89ce

89d0
89d2
89d4
89d6

89d8
89da
89dc
89de

89e0
89e2
89e4
89e6

89e8
89ea
89ec
89ee

89f0
89f2
89f4
89f6

89f8
89fa
89fc
89fe

8a00
8a02
8a04
8a06

8a08
8a0a
8a0c
8a0e

8a10
8a12
8a14
0a18

0a1a
0a1c
0a1e
0a20

0a22
0a24
0a26
0a28

0a2a
0a2c
0a2e
0a30

0a32
0a34
0a36
0a38

0a3a
0a3c
0a3e
0a40

0a42
0a44
0a46
0a48

0a4a
0a4c
0a4e
0a50

0a52
0a54
0a56
0a58

0a5a
0a5c
0a5e
0a60

0a62
0a64
0a66
0a68

0a6a
0a6c
0a6e
0a70

0a72
0a74
0a76
0a78

0a7a
0a7c
0a7e
0a80

0a82
0a84
0a86
0a88

0a8a
0a8c
0a8e
0a90

0a92
0a94
0a96
0a98

0a9a
0a9c
0a9e
0aa0

0aa2
0aa4
0aa6
0aa8

0aaa
0aac
0aae
0ab0

0ab2
0ab4
0ab6
0ab8

0aba
0abc
0abe
0ac0

0ac2
0ac4
0ac6
0ac8

0aca
0acc
0ace
0ad0

0ad2
0ad4
0ad6
0ad8

0ada
0adc
0ade
0ae0

0ae2
0ae4
0ae6
0ae8

0aea
0aec
0aee
0af0

0af2
0af4
0af6
0af8

0afa
0afc
0afe
0b00

0b02
0b04
0b06
0b08

0b0a
0b0c
0b0e
0b10

0b12
0b14
0b16
0b18

0b1a
0b1c
0b1e
0b20

0b22
0b24
0b26
0b28

0b2a
0b2c
0b2e
0b30

0b32
0b34
0b36
0b38

0b3a
0b3c
0b3e
0b40

0b42
0b44
0b46
0b48

0b4a
0b4c
0b4e
0b50

0b52
0b54
0b56
0b58

0b5a
0b5c
0b5e
0b60

0b62
0b64
0b66
0b68

0b6a
0b6c
0b6e
0b70

0b72
0b74
0b76
0b78

0b7a
0b7c
0b7e
0b80

0b82
0b84
0b86
0b88

0b8a
0b8c
0b8e
0b90

0b92
0b94
0b96
0b98

0b9a
0b9c
0b9e
0ba0

0ba2
0ba4
0ba6
0ba8

0baa
0bac
0bae
0bb0

0bb2
0bb4
0bb6
0bb8

0bba
0bbc
0bbe
0bc0

0bc2
8bc4
8bc6
8bc8

8bca
8bcc
8bce
8bd0

8bd2
8bd4
8bd6
8bd8

8bda
8bdc
8bde
8be0

8be2
8be4
8be6
8be8

8bea
8bec
8bee
8bf0

8bf2
8bf4
8bf6
8bf8

8bfa
8bfc
8bfe
8c00

8c02
8c04
8c06
8c08

8c0a
8c0c
8c0e
8c10

8c12
8c14
8c16
8c18

8c1a
8c1c
8c1e
8c20

8c22
8c24
8c26
8c28

8c2a
8c2c
8c2e
8c30

8c32
8c34
8c36
8c38

8c3a
8c3c
8c3e
8c40

8c42
8c44
8c46
8c48

8c4a
8c4c
8c4e
8c50

8c52
8c54
8c56
8c58

8c5a
8c5c
8c5e
8c60

8c62
8c64
8c66
8c68

8c6a
8c6c
8c6e
8c70

8c72
8c74
8c76
8c78

8c7a
8c7c
8c7e
8c80

8c82
8c84
8c86
8c88

8c8a
8c8c
8c8e
8c90

8c92
8c94
8c96
8c98

8c9a
8c9c
8c9e
8ca0

8ca2
8ca4
8ca6
8ca8

8caa
8cac
8cae
8cb0

8cb2
8cb4
8cb6
8cb8

8cba
8cbc
8cbe
8cc0

8cc2
8cc4
8cc6
8cc8

8cca
8ccc
8cce
8cd0

8cd2
8cd4
8cd6
8cd8

8cda
8cdc
8cde
8ce0

8ce2
8ce4
8ce6
8ce8

8cea
8cec
8cee
8cf0

8cf2
8cf4
8cf6
8cf8

8cfa
8cfc
8cfe
8d00

8d02
8d04
8d06
8d08

8d0a
8d0c
8d0e
8d10

8d12
8d14
8d16
8d18

8d1a
8d1c
8d1e
8d20

8d22
8d24
8d26
8d28

8d2a
8d2c
8d2e
8d30

8d32
8d34
8d36
8d38

8d3a
8d3c
8d3e
8d40

8d42
8d44
8d46
8d48

8d4a
8d4c
8d4e
8d50

8d52
8d54
8d56
8d58

8d5a
8d5c
8d5e
8d60

8d62
8d64
8d66
8d68

8d6a
8d6c
8d6e
8d70

8d72
0d74
0d76
0d78

0d7a
0d7c
0d7e
0d80

0d82
0d84
0d86
0d88

0d8a
0d8c
0d8e
0d90

0d92
0d94
0d96
0d98

0d9a
0d9c
0d9e
0da0

0da2
0da4
0da6
0da8

0daa
0dac
0dae
0db0

0db2
0db4
0db6
0db8

0dba
0dbc
0dbe
0dc0

0dc2
0dc4
0dc6
0dc8

0dca
0dcc
0dce
0dd0

0dd2
0dd4
0dd6
0dd8

0dda
0ddc
0dde
0de0

0de2
0de4
0de6
0de8

0dea
0dec
0dee
0df0

0df2
0df4
0df6
0df8

0dfa
0dfc
0dfe
0e00

0e02
0e04
0e06
0e08

0e0a
0e0c
0e0e
0e10

0e12
0e14
0e16
0e18

0e1a
0e1c
0e1e
0e20

0e22
0e24
0e26
0e28

0e2a
0e2c
0e2e
0e30

0e32
0e34
0e36
0e38

0e3a
0e3c
0e3e
0e40

0e42
0e44
0e46
0e48

0e4a
0e4c
0e4e
0e50

0e52
0e54
0e56
0e58

0e5a
0e5c
0e5e
0e60

0e62
0e64
0e66
0e68

0e6a
0e6c
0e6e
0e70

0e72
0e74
0e76
0e78

0e7a
0e7c
0e7e
0e80

0e82
0e84
0e86
0e88

0e8a
0e8c
0e8e
0e90

0e92
0e94
0e96
0e98

0e9a
0e9c
0e9e
0ea0

0ea2
0ea4
0ea6
0ea8

0eaa
0eac
0eae
0eb0

0eb2
0eb4
0eb6
0eb8

0eba
0ebc
0ebe
0ec0

0ec2
0ec4
0ec6
0ec8

0eca
0ecc
0ece
0ed0

0ed2
0ed4
0ed6
0ed8

0eda
0edc
0ede
0ee0

0ee2
0ee4
0ee6
0ee8

0eea
0eec
0eee
0ef0

0ef2
0ef4
0ef6
0ef8

0efa
0efc
0efe
0f00

0f02
0f04
0f06
0f08

0f0a
0f0c
0f0e
0f10

0f12
0f14
0f16
0f18

0f1a
0f1c
0f1e
0f20

8f22
8f24
8f26
8f28

8f2a
8f2c
8f2e
8f30

8f32
8f34
8f36
8f38

8f3a
8f3c
8f3e
8f40

8f42
8f44
8f46
8f48

8f4a
8f4c
8f4e
8f50

8f52
8f54
8f56
8f58

8f5a
8f5c
8f5e
8f60

8f62
8f64
8f66
8f68

8f6a
8f6c
8f6e
8f70

8f72
8f74
8f76
8f78

8f7a
8f7c
8f7e
8f80

8f82
8f84
8f86
8f88

8f8a
8f8c
8f8e
8f90

8f92
8f94
8f96
8f98

8f9a
8f9c
8f9e
8fa0

8fa2
8fa4
8fa6
8fa8

8faa
8fac
8fae
8fb0

8fb2
8fb4
8fb6
8fb8

8fba
8fbc
8fbe
8fc0

8fc2
8fc4
8fc6
8fc8

8fca
8fcc
8fce
8fd0

8fd2
8fd4
8fd6
8fd8

8fda
8fdc
8fde
8fe0

8fe2
8fe4
8fe6
8fe8

8fea
8fec
8fee
8ff0

8ff2
8ff4
8ff6
8ff8

8ffa
8ffc
8ffe
9000

9002
9004
9006
9008

900a
900c
900e
9010

9012
9014
9016
9018

901a
901c
901e
9020

9022
9024
9026
9028

902a
902c
902e
9030

9032
9034
9036
9038

903a
903c
903e
9040

9042
9044
9046
9048

904a
904c
904e
9050

9052
9054
9056
9058

905a
905c
905e
9060

9062
9064
9066
9068

906a
906c
906e
9070

9072
9074
9076
9078

907a
907c
907e
9080

9082
9084
9086
9088

908a
908c
908e
9090

9092
9094
9096
9098

909a
909c
909e
90a0

90a2
90a4
90a6
90a8

90aa
90ac
90ae
90b0

90b2
90b4
90b6
90b8

90ba
90bc
90be
90c0

90c2
90c4
90c6
90c8

90ca
10ce
10d0
10d2

10d4
10d6
10d8
10da

10dc
10de
10e0
10e2

10e4
10e6
10e8
10ea

10ec
10ee
10f0
10f2

10f4
10f6
10f8
10fa

10fc
10fe
1100
1102

1104
1106
1108
110a

110c
110e
1110
1112

1114
1116
1118
111a

111c
111e
1120
1122

1124
1126
1128
112a

112c
112e
1130
1132

1134
1136
1138
113a

113c
113e
1140
1142

1144
1146
1148
114a

114c
114e
1150
1152

1154
1156
1158
115a

115c
115e
1160
1162

1164
1166
1168
116a

116c
116e
1170
1172

1174
1176
1178
117a

117c
117e
1180
1182

1184
1186
1188
118a

118c
118e
1190
1192

1194
1196
1198
119a

119c
119e
11a0
11a2

11a4
11a6
11a8
11aa

11ac
11ae
11b0
11b2

11b4
11b6
11b8
11ba

11bc
11be
11c0
11c2

11c4
11c6
11c8
11ca

11cc
11ce
11d0
11d2

11d4
11d6
11d8
11da

11dc
11de
11e0
11e2

11e4
11e6
11e8
11ea

11ec
11ee
11f0
11f2

11f4
11f6
11f8
11fa

11fc
11fe
1200
1202

1204
1206
1208
120a

120c
120e
1210
1212

1214
1216
1218
121a

121c
121e
1220
1222

1224
1226
1228
122a

122c
122e
1230
1232

1234
1236
1238
123a

123c
123e
1240
1242

1244
1246
1248
124a

124c
124e
1250
1252

1254
1256
1258
125a

125c
125e
1260
1262

1264
1266
1268
126a

126c
126e
1270
1272

1274
1276
1278
127a

127c
927e
9280
9282

9284
9286
9288
928a

928c
928e
9290
9292

9294
9296
9298
929a

929c
929e
92a0
92a2

92a4
92a6
92a8
92aa

92ac
92ae
92b0
92b2

92b4
92b6
92b8
92ba

92bc
92be
92c0
92c2

92c4
92c6
92c8
92ca

92cc
92ce
92d0
92d2

92d4
92d6
92d8
92da

92dc
92de
92e0
92e2

92e4
92e6
92e8
92ea

92ec
92ee
92f0
92f2

92f4
92f6
92f8
92fa

92fc
92fe
9300
9302

9304
9306
9308
930a

930c
930e
9310
9312

9314
9316
9318
931a

931c
931e
9320
9322

9324
9326
9328
932a

932c
932e
9330
9332

9334
9336
9338
933a

933c
933e
9340
9342

9344
9346
9348
934a

934c
934e
9350
9352

9354
9356
9358
935a

935c
935e
9360
9362

9364
9366
9368
936a

936c
936e
9370
9372

9374
9376
9378
937a

937c
937e
9380
9382

9384
9386
9388
938a

938c
938e
9390
9392

9394
9396
9398
939a

939c
939e
93a0
93a2

93a4
93a6
93a8
93aa

93ac
93ae
93b0
93b2

93b4
93b6
93b8
93ba

93bc
93be
93c0
93c2

93c4
93c6
93c8
93ca

93cc
93ce
93d0
93d2

93d4
93d6
93d8
93da

93dc
93de
93e0
93e2

93e4
93e6
93e8
93ea

93ec
93ee
93f0
93f2

93f4
93f6
93f8
93fa

93fc
93fe
9400
9402

9404
9406
9408
940a

940c
940e
9410
9412

9414
9416
9418
941a

941c
941e
9420
9422

9424
9426
9428
942a

942c
142e
1430
1432

1434
1436
1438
143a

143c
143e
1440
1442

1444
1446
1448
144a

144c
144e
1450
1452

1454
1456
1458
145a

145c
145e
1460
1462

1464
1466
1468
146a

146c
146e
1470
1472

1474
1476
1478
147a

147c
147e
1480
1482

1484
1486
1488
148a

148c
148e
1490
1492

1494
1496
1498
149a

149c
149e
14a0
14a2

14a4
14a6
14a8
14aa

14ac
14ae
14b0
14b2

14b4
14b6
14b8
14ba

14bc
14be
14c0
14c2

14c4
14c6
14c8
14ca

14cc
14ce
14d0
14d2

14d4
14d6
14d8
14da

14dc
14de
14e0
14e2

14e4
14e6
14e8
14ea

14ec
14ee
14f0
14f2

14f4
14f6
14f8
14fa

14fc
14fe
1500
1502

1504
1506
1508
150a

150c
150e
1510
1512

1514
1516
1518
151a

151c
151e
1520
1522

1524
1526
1528
152a

152c
152e
1530
1532

1534
1536
1538
153a

153c
153e
1540
1542

1544
1546
1548
154a

154c
154e
1550
1552

1554
1556
1558
155a

155c
155e
1560
1562

1564
1566
1568
156a

156c
156e
1570
1572

1574
1576
1578
157a

157c
157e
1580
1582

1584
1586
1588
158a

158c
158e
1590
1592

1594
1596
1598
159a

159c
159e
15a0
15a2

15a4
15a6
15a8
15aa

15ac
15ae
15b0
15b2

15b4
15b6
15b8
15ba

15bc
15be
15c0
15c2

15c4
15c6
15c8
15ca

15cc
15ce
15d0
15d2

15d4
95d6
95d8
95da

95dc
95de
95e0
95e2

95e4
95e6
95e8
95ea

95ec
95ee
95f0
95f2

95f4
95f6
95f8
95fa

95fc
95fe
9600
9602

9604
9606
9608
960a

960c
960e
9610
9612

9614
9616
9618
961a

961c
961e
9620
9622

9624
9626
9628
962a

962c
962e
9630
9632

9634
9636
9638
963a

963c
963e
9640
9642

9644
9646
9648
964a

964c
964e
9650
9652

9654
9656
9658
965a

965c
965e
9660
9662

9664
9666
9668
966a

966c
966e
9670
9672

9674
9676
9678
967a

967c
967e
9680
9682

9684
9686
9688
968a

968c
968e
9690
9692

9694
9696
9698
969a

969c
969e
96a0
96a2

96a4
96a6
96a8
96aa

96ac
96ae
96b0
96b2

96b4
96b6
96b8
96ba

96bc
96be
96c0
96c2

96c4
96c6
96c8
96ca

96cc
96ce
96d0
96d2

96d4
96d6
96d8
96da

96dc
96de
96e0
96e2

96e4
96e6
96e8
96ea

96ec
96ee
96f0
96f2

96f4
96f6
96f8
96fa

96fc
96fe
9700
9702

9704
9706
9708
970a

970c
970e
9710
9712

9714
9716
9718
971a

971c
971e
9720
9722

9724
9726
9728
972a

972c
972e
9730
9732

9734
9736
9738
973a

973c
973e
9740
9742

9744
9746
9748
974a

974c
974e
9750
9752

9754
9756
9758
975a

975c
975e
9760
9762

9764
9766
9768
976a

976c
976e
9770
9772

9774
9776
9778
977a

977c
977e
9780
9782

9784
1788
178a
178c

178e
1790
1792
1794

1796
1798
179a
179c

179e
17a0
17a2
17a4

17a6
17a8
17aa
17ac

17ae
17b0
17b2
17b4

17b6
17b8
17ba
17bc

17be
17c0
17c2
17c4

17c6
17c8
17ca
17cc

17ce
17d0
17d2
17d4

17d6
17d8
17da
17dc

17de
17e0
17e2
17e4

17e6
17e8
17ea
17ec

17ee
17f0
17f2
17f4

17f6
17f8
17fa
17fc

17fe
1800
1802
1804

1806
1808
180a
180c

180e
1810
1812
1814

1816
1818
181a
181c

181e
1820
1822
1824

1826
1828
182a
182c

182e
1830
1832
1834

1836
1838
183a
183c

183e
1840
1842
1844

1846
1848
184a
184c

184e
1850
1852
1854

1856
1858
185a
185c

185e
1860
1862
1864

1866
1868
186a
186c

186e
1870
1872
1874

1876
1878
187a
187c

187e
1880
1882
1884

1886
1888
188a
188c

188e
1890
1892
1894

1896
1898
189a
189c

189e
18a0
18a2
18a4

18a6
18a8
18aa
18ac

18ae
18b0
18b2
18b4

18b6
18b8
18ba
18bc

18be
18c0
18c2
18c4

18c6
18c8
18ca
18cc

18ce
18d0
18d2
18d4

18d6
18d8
18da
18dc

18de
18e0
18e2
18e4

18e6
18e8
18ea
18ec

18ee
18f0
18f2
18f4

18f6
18f8
18fa
18fc

18fe
1900
1902
1904

1906
1908
190a
190c

190e
1910
1912
1914

1916
1918
191a
191c

191e
1920
1922
1924

1926
1928
192a
192c

192e
1930
1932
1934

1936
9938
993a
993c

993e
9940
9942
9944

9946
9948
994a
994c

994e
9950
9952
9954

9956
9958
995a
995c

995e
9960
9962
9964

9966
9968
996a
996c

996e
9970
9972
9974

9976
9978
997a
997c

997e
9980
9982
9984

9986
9988
998a
998c

998e
9990
9992
9994

9996
9998
999a
999c

999e
99a0
99a2
99a4

99a6
99a8
99aa
99ac

99ae
99b0
99b2
99b4

99b6
99b8
99ba
99bc

99be
99c0
99c2
99c4

99c6
99c8
99ca
99cc

99ce
99d0
99d2
99d4

99d6
99d8
99da
99dc

99de
99e0
99e2
99e4

99e6
99e8
99ea
99ec

99ee
99f0
99f2
99f4

99f6
99f8
99fa
99fc

99fe
9a00
9a02
9a04

9a06
9a08
9a0a
9a0c

9a0e
9a10
9a12
9a14

9a16
9a18
9a1a
9a1c

9a1e
9a20
9a22
9a24

9a26
9a28
9a2a
9a2c

9a2e
9a30
9a32
9a34

9a36
9a38
9a3a
9a3c

9a3e
9a40
9a42
9a44

9a46
9a48
9a4a
9a4c

9a4e
9a50
9a52
9a54

9a56
9a58
9a5a
9a5c

9a5e
9a60
9a62
9a64

9a66
9a68
9a6a
9a6c

9a6e
9a70
9a72
9a74

9a76
9a78
9a7a
9a7c

9a7e
9a80
9a82
9a84

9a86
9a88
9a8a
9a8c

9a8e
9a90
9a92
9a94

9a96
9a98
9a9a
9a9c

9a9e
9aa0
9aa2
9aa4

9aa6
9aa8
9aaa
9aac

9aae
9ab0
9ab2
9ab4

9ab6
9ab8
9aba
9abc

9abe
9ac0
9ac2
9ac4

9ac6
9ac8
9aca
9acc

9ace
9ad0
9ad2
9ad4

9ad6
9ad8
9ada
9adc

9ade
9ae0
1ae2
1ae4

1ae6
1ae8
1aea
1aec

1aee
1af0
1af2
1af4

1af6
1af8
1afa
1afc

1afe
1b00
1b02
1b04

1b06
1b08
1b0a
1b0c

1b0e
1b10
1b12
1b14

1b16
1b18
1b1a
1b1c

1b1e
1b20
1b22
1b24

1b26
1b28
1b2a
1b2c

1b2e
1b30
1b32
1b34

1b36
1b38
1b3a
1b3c

1b3e
1b40
1b42
1b44

1b46
1b48
1b4a
1b4c

1b4e
1b50
1b52
1b54

1b56
1b58
1b5a
1b5c

1b5e
1b60
1b62
1b64

1b66
1b68
1b6a
1b6c

1b6e
1b70
1b72
1b74

1b76
1b78
1b7a
1b7c

1b7e
1b80
1b82
1b84

1b86
1b88
1b8a
1b8c

1b8e
1b90
1b92
1b94

1b96
1b98
1b9a
1b9c

1b9e
1ba0
1ba2
1ba4

1ba6
1ba8
1baa
1bac

1bae
1bb0
1bb2
1bb4

1bb6
1bb8
1bba
1bbc

1bbe
1bc0
1bc2
1bc4

1bc6
1bc8
1bca
1bcc

1bce
1bd0
1bd2
1bd4

1bd6
1bd8
1bda
1bdc

1bde
1be0
1be2
1be4

1be6
1be8
1bea
1bec

1bee
1bf0
1bf2
1bf4

1bf6
1bf8
1bfa
1bfc

1bfe
1c00
1c02
1c04

1c06
1c08
1c0a
1c0c

1c0e
1c10
1c12
1c14

1c16
1c18
1c1a
1c1c

1c1e
1c20
1c22
1c24

1c26
1c28
1c2a
1c2c

1c2e
1c30
1c32
1c34

1c36
1c38
1c3a
1c3c

1c3e
1c40
1c42
1c44

1c46
1c48
1c4a
1c4c

1c4e
1c50
1c52
1c54

1c56
1c58
1c5a
1c5c

1c5e
1c60
1c62
1c64

1c66
1c68
1c6a
1c6c

1c6e
1c70
1c72
1c74

1c76
1c78
1c7a
1c7c

1c7e
1c80
1c82
1c84

1c86
1c88
1c8a
1c8c

1c8e
9c90
9c92
9c94

9c96
9c98
9c9a
9c9c

9c9e
9ca0
9ca2
9ca4

9ca6
9ca8
9caa
9cac

9cae
9cb0
9cb2
9cb4

9cb6
9cb8
9cba
9cbc

9cbe
9cc0
9cc2
9cc4

9cc6
9cc8
9cca
9ccc

9cce
9cd0
9cd2
9cd4

9cd6
9cd8
9cda
9cdc

9cde
9ce0
9ce2
9ce4

9ce6
9ce8
9cea
9cec

9cee
9cf0
9cf2
9cf4

9cf6
9cf8
9cfa
9cfc

9cfe
9d00
9d02
9d04

9d06
9d08
9d0a
9d0c

9d0e
9d10
9d12
9d14

9d16
9d18
9d1a
9d1c

9d1e
9d20
9d22
9d24

9d26
9d28
9d2a
9d2c

9d2e
9d30
9d32
9d34

9d36
9d38
9d3a
9d3c

9d3e
9d40
9d42
9d44

9d46
9d48
9d4a
9d4c

9d4e
9d50
9d52
9d54

9d56
9d58
9d5a
9d5c

9d5e
9d60
9d62
9d64

9d66
9d68
9d6a
9d6c

9d6e
9d70
9d72
9d74

9d76
9d78
9d7a
9d7c

9d7e
9d80
9d82
9d84

9d86
9d88
9d8a
9d8c

9d8e
9d90
9d92
9d94

9d96
9d98
9d9a
9d9c

9d9e
9da0
9da2
9da4

9da6
9da8
9daa
9dac

9dae
9db0
9db2
9db4

9db6
9db8
9dba
9dbc

9dbe
9dc0
9dc2
9dc4

9dc6
9dc8
9dca
9dcc

9dce
9dd0
9dd2
9dd4

9dd6
9dd8
9dda
9ddc

9dde
9de0
9de2
9de4

9de6
9de8
9dea
9dec

9dee
9df0
9df2
9df4

9df6
9df8
9dfa
9dfc

9dfe
9e00
9e02
9e04

9e06
9e08
9e0a
9e0c

9e0e
9e10
9e12
9e14

9e16
9e18
9e1a
9e1c

9e1e
9e20
9e22
9e24

9e26
9e28
9e2a
9e2c

9e2e
9e30
9e32
9e34

9e36
9e38
9e3a
9e3c

9e3e
1e40
1e42
1e44

1e46
1e48
1e4a
1e4c

1e4e
1e50
1e52
1e54

1e56
1e58
1e5a
1e5c

1e5e
1e60
1e62
1e64

1e66
1e68
1e6a
1e6c

1e6e
1e70
1e72
1e74

1e76
1e78
1e7a
1e7c

1e7e
1e80
1e82
1e84

1e86
1e88
1e8a
1e8c

1e8e
1e90
1e92
1e94

1e96
1e98
1e9a
1e9c

1e9e
1ea0
1ea2
1ea4

1ea6
1ea8
1eaa
1eac

1eae
1eb0
1eb2
1eb4

1eb6
1eb8
1eba
1ebc

1ebe
1ec0
1ec2
1ec4

1ec6
1ec8
1eca
1ecc

1ece
1ed0
1ed2
1ed4

1ed6
1ed8
1eda
1edc

1ede
1ee0
1ee2
1ee4

1ee6
1ee8
1eea
1eec

1eee
1ef0
1ef2
1ef4

1ef6
1ef8
1efa
1efc

1efe
1f00
1f02
1f04

1f06
1f08
1f0a
1f0c

1f0e
1f10
1f12
1f14

1f16
1f18
1f1a
1f1c

1f1e
1f20
1f22
1f24

1f26
1f28
1f2a
1f2c

1f2e
1f30
1f32
1f34

1f36
1f38
1f3a
1f3c

1f3e
1f40
1f42
1f44

1f46
1f48
1f4a
1f4c

1f4e
1f50
1f52
1f54

1f56
1f58
1f5a
1f5c

1f5e
1f60
1f62
1f64

1f66
1f68
1f6a
1f6c

1f6e
1f70
1f72
1f74

1f76
1f78
1f7a
1f7c

1f7e
1f80
1f82
1f84

1f86
1f88
1f8a
1f8c

1f8e
1f90
1f92
1f94

1f96
1f98
1f9a
1f9c

1f9e
1fa0
1fa2
1fa4

1fa6
1fa8
1faa
1fac

1fae
1fb0
1fb2
1fb4

1fb6
1fb8
1fba
1fbc

1fbe
1fc0
1fc2
1fc4

1fc6
1fc8
1fca
1fcc

1fce
1fd0
1fd2
1fd4

1fd6
1fd8
1fda
1fdc

1fde
1fe0
1fe2
1fe4

1fe6
1fe8
9fea
9fec

9fee
9ff0
9ff2
9ff4

9ff6
9ff8
9ffa
9ffc

9ffe
a000
a002
a004

a006
a008
a00a
a00c

a00e
a010
a012
a014

a016
a018
a01a
a01c

a01e
a020
a022
a024

a026
a028
a02a
a02c

a02e
a030
a032
a034

a036
a038
a03a
a03c

a03e
a040
a042
a044

a046
a048
a04a
a04c

a04e
a050
a052
a054

a056
a058
a05a
a05c

a05e
a060
a062
a064

a066
a068
a06a
a06c

a06e
a070
a072
a074

a076
a078
a07a
a07c

a07e
a080
a082
a084

a086
a088
a08a
a08c

a08e
a090
a092
a094

a096
a098
a09a
a09c

a09e
a0a0
a0a2
a0a4

a0a6
a0a8
a0aa
a0ac

a0ae
a0b0
a0b2
a0b4

a0b6
a0b8
a0ba
a0bc

a0be
a0c0
a0c2
a0c4

a0c6
a0c8
a0ca
a0cc

a0ce
a0d0
a0d2
a0d4

a0d6
a0d8
a0da
a0dc

a0de
a0e0
a0e2
a0e4

a0e6
a0e8
a0ea
a0ec

a0ee
a0f0
a0f2
a0f4

a0f6
a0f8
a0fa
a0fc

a0fe
a100
a102
a104

a106
a108
a10a
a10c

a10e
a110
a112
a114

a116
a118
a11a
a11c

a11e
a120
a122
a124

a126
a128
a12a
a12c

a12e
a130
a132
a134

a136
a138
a13a
a13c

a13e
a140
a142
a144

a146
a148
a14a
a14c

a14e
a150
a152
a154

a156
a158
a15a
a15c

a15e
a160
a162
a164

a166
a168
a16a
a16c

a16e
a170
a172
a174

a176
a178
a17a
a17c

a17e
a180
a182
a184

a186
a188
a18a
a18c

a18e
a190
a192
a194

a196
2198
219a
219c

219e
21a0
21a2
21a4

21a6
21a8
21aa
21ac

21ae
21b0
21b2
21b4

21b6
21b8
21ba
21bc

21be
21c0
21c2
21c4

21c6
21c8
21ca
21cc

21ce
21d0
21d2
21d4

21d6
21d8
21da
21dc

21de
21e0
21e2
21e4

21e6
21e8
21ea
21ec

21ee
21f0
21f2
21f4

21f6
21f8
21fa
21fc

21fe
2200
2202
2204

2206
2208
220a
220c

220e
2210
2212
2214

2216
2218
221a
221c

221e
2220
2222
2224

2226
2228
222a
222c

222e
2230
2232
2234

2236
2238
223a
223c

223e
2240
2242
2244

2246
2248
224a
224c

224e
2250
2252
2254

2256
2258
225a
225c

225e
2260
2262
2264

2266
2268
226a
226c

226e
2270
2272
2274

2276
2278
227a
227c

227e
2280
2282
2284

2286
2288
228a
228c

228e
2290
2292
2294

2296
2298
229a
229c

229e
22a0
22a2
22a4

22a6
22a8
22aa
22ac

22ae
22b0
22b2
22b4

22b6
22b8
22ba
22bc

22be
22c0
22c2
22c4

22c6
22c8
22ca
22cc

22ce
22d0
22d2
22d4

22d6
22d8
22da
22dc

22de
22e0
22e2
22e4

22e6
22e8
22ea
22ec

22ee
22f0
22f2
22f4

22f6
22f8
22fa
22fc

22fe
2300
2302
2304

2306
2308
230a
230c

230e
2310
2312
2314

2316
2318
231a
231c

231e
2320
2322
2324

2326
2328
232a
232c

232e
2330
2332
2334

2336
2338
233a
233c

233e
2340
2342
2344

2346
a34a
a34c
a34e

a350
a352
a354
a356

a358
a35a
a35c
a35e

a360
a362
a364
a366

a368
a36a
a36c
a36e

a370
a372
a374
a376

a378
a37a
a37c
a37e

a380
a382
a384
a386

a388
a38a
a38c
a38e

a390
a392
a394
a396

a398
a39a
a39c
a39e

a3a0
a3a2
a3a4
a3a6

a3a8
a3aa
a3ac
a3ae

a3b0
a3b2
a3b4
a3b6

a3b8
a3ba
a3bc
a3be

a3c0
a3c2
a3c4
a3c6

a3c8
a3ca
a3cc
a3ce

a3d0
a3d2
a3d4
a3d6

a3d8
a3da
a3dc
a3de

a3e0
a3e2
a3e4
a3e6

a3e8
a3ea
a3ec
a3ee

a3f0
a3f2
a3f4
a3f6

a3f8
a3fa
a3fc
a3fe

a400
a402
a404
a406

a408
a40a
a40c
a40e

a410
a412
a414
a416

a418
a41a
a41c
a41e

a420
a422
a424
a426

a428
a42a
a42c
a42e

a430
a432
a434
a436

a438
a43a
a43c
a43e

a440
a442
a444
a446

a448
a44a
a44c
a44e

a450
a452
a454
a456

a458
a45a
a45c
a45e

a460
a462
a464
a466

a468
a46a
a46c
a46e

a470
a472
a474
a476

a478
a47a
a47c
a47e

a480
a482
a484
a486

a488
a48a
a48c
a48e

a490
a492
a494
a496

a498
a49a
a49c
a49e

a4a0
a4a2
a4a4
a4a6

a4a8
a4aa
a4ac
a4ae

a4b0
a4b2
a4b4
a4b6

a4b8
a4ba
a4bc
a4be

a4c0
a4c2
a4c4
a4c6

a4c8
a4ca
a4cc
a4ce

a4d0
a4d2
a4d4
a4d6

a4d8
a4da
a4dc
a4de

a4e0
a4e2
a4e4
a4e6

a4e8
a4ea
a4ec
a4ee

a4f0
a4f2
a4f4
24f6

24f8
24fa
24fc
24fe

2500
2502
2504
2506

2508
250a
250c
250e

2510
2512
2514
2516

2518
251a
251c
251e

2520
2522
2524
2526

2528
252a
252c
252e

2530
2532
2534
2536

2538
253a
253c
253e

2540
2542
2544
2546

2548
254a
254c
254e

2550
2552
2554
2556

2558
255a
255c
255e

2560
2562
2564
2566

2568
256a
256c
256e

2570
2572
2574
2576

2578
257a
257c
257e

2580
2582
2584
2586

2588
258a
258c
258e

2590
2592
2594
2596

2598
259a
259c
259e

25a0
25a2
25a4
25a6

25a8
25aa
25ac
25ae

25b0
25b2
25b4
25b6

25b8
25ba
25bc
25be

25c0
25c2
25c4
25c6

25c8
25ca
25cc
25ce

25d0
25d2
25d4
25d6

25d8
25da
25dc
25de

25e0
25e2
25e4
25e6

25e8
25ea
25ec
25ee

25f0
25f2
25f4
25f6

25f8
25fa
25fc
25fe

2600
2602
2604
2606

2608
260a
260c
260e

2610
2612
2614
2616

2618
261a
261c
261e

2620
2622
2624
2626

2628
262a
262c
262e

2630
2632
2634
2636

2638
263a
263c
263e

2640
2642
2644
2646

2648
264a
264c
264e

2650
2652
2654
2656

2658
265a
265c
265e

2660
2662
2664
2666

2668
266a
266c
266e

2670
2672
2674
2676

2678
267a
267c
267e

2680
2682
2684
2686

2688
268a
268c
268e

2690
2692
2694
2696

2698
269a
269c
269e

26a0
a6a2
a6a4
a6a6

a6a8
a6aa
a6ac
a6ae

a6b0
a6b2
a6b4
a6b6

a6b8
a6ba
a6bc
a6be

a6c0
a6c2
a6c4
a6c6

a6c8
a6ca
a6cc
a6ce

a6d0
a6d2
a6d4
a6d6

a6d8
a6da
a6dc
a6de

a6e0
a6e2
a6e4
a6e6

a6e8
a6ea
a6ec
a6ee

a6f0
a6f2
a6f4
a6f6

a6f8
a6fa
a6fc
a6fe

a700
a702
a704
a706

a708
a70a
a70c
a70e

a710
a712
a714
a716

a718
a71a
a71c
a71e

a720
a722
a724
a726

a728
a72a
a72c
a72e

a730
a732
a734
a736

a738
a73a
a73c
a73e

a740
a742
a744
a746

a748
a74a
a74c
a74e

a750
a752
a754
a756

a758
a75a
a75c
a75e

a760
a762
a764
a766

a768
a76a
a76c
a76e

a770
a772
a774
a776

a778
a77a
a77c
a77e

a780
a782
a784
a786

a788
a78a
a78c
a78e

a790
a792
a794
a796

a798
a79a
a79c
a79e

a7a0
a7a2
a7a4
a7a6

a7a8
a7aa
a7ac
a7ae

a7b0
a7b2
a7b4
a7b6

a7b8
a7ba
a7bc
a7be

a7c0
a7c2
a7c4
a7c6

a7c8
a7ca
a7cc
a7ce

a7d0
a7d2
a7d4
a7d6

a7d8
a7da
a7dc
a7de

a7e0
a7e2
a7e4
a7e6

a7e8
a7ea
a7ec
a7ee

a7f0
a7f2
a7f4
a7f6

a7f8
a7fa
a7fc
a7fe

a800
a802
a804
a806

a808
a80a
a80c
a80e

a810
a812
a814
a816

a818
a81a
a81c
a81e

a820
a822
a824
a826

a828
a82a
a82c
a82e

a830
a832
a834
a836

a838
a83a
a83c
a83e

a840
a842
a844
a846

a848
a84a
a84c
a84e

a850
2852
2854
2856

2858
285a
285c
285e

2860
2862
2864
2866

2868
286a
286c
286e

2870
2872
2874
2876

2878
287a
287c
287e

2880
2882
2884
2886

2888
288a
288c
288e

2890
2892
2894
2896

2898
289a
289c
289e

28a0
28a2
28a4
28a6

28a8
28aa
28ac
28ae

28b0
28b2
28b4
28b6

28b8
28ba
28bc
28be

28c0
28c2
28c4
28c6

28c8
28ca
28cc
28ce

28d0
28d2
28d4
28d6

28d8
28da
28dc
28de

28e0
28e2
28e4
28e6

28e8
28ea
28ec
28ee

28f0
28f2
28f4
28f6

28f8
28fa
28fc
28fe

2900
2902
2904
2906

2908
290a
290c
290e

2910
2912
2914
2916

2918
291a
291c
291e

2920
2922
2924
2926

2928
292a
292c
292e

2930
2932
2934
2936

2938
293a
293c
293e

2940
2942
2944
2946

2948
294a
294c
294e

2950
2952
2954
2956

2958
295a
295c
295e

2960
2962
2964
2966

2968
296a
296c
296e

2970
2972
2974
2976

2978
297a
297c
297e

2980
2982
2984
2986

2988
298a
298c
298e

2990
2992
2994
2996

2998
299a
299c
299e

29a0
29a2
29a4
29a6

29a8
29aa
29ac
29ae

29b0
29b2
29b4
29b6

29b8
29ba
29bc
29be

29c0
29c2
29c4
29c6

29c8
29ca
29cc
29ce

29d0
29d2
29d4
29d6

29d8
29da
29dc
29de

29e0
29e2
29e4
29e6

29e8
29ea
29ec
29ee

29f0
29f2
29f4
29f6

29f8
29fa
29fc
29fe

aa00
aa02
aa04
aa06

aa08
aa0a
aa0c
aa0e

aa10
aa12
aa14
aa16

aa18
aa1a
aa1c
aa1e

aa20
aa22
aa24
aa26

aa28
aa2a
aa2c
aa2e

aa30
aa32
aa34
aa36

aa38
aa3a
aa3c
aa3e

aa40
aa42
aa44
aa46

aa48
aa4a
aa4c
aa4e

aa50
aa52
aa54
aa56

aa58
aa5a
aa5c
aa5e

aa60
aa62
aa64
aa66

aa68
aa6a
aa6c
aa6e

aa70
aa72
aa74
aa76

aa78
aa7a
aa7c
aa7e

aa80
aa82
aa84
aa86

aa88
aa8a
aa8c
aa8e

aa90
aa92
aa94
aa96

aa98
aa9a
aa9c
aa9e

aaa0
aaa2
aaa4
aaa6

aaa8
aaaa
aaac
aaae

aab0
aab2
aab4
aab6

aab8
aaba
aabc
aabe

aac0
aac2
aac4
aac6

aac8
aaca
aacc
aace

aad0
aad2
aad4
aad6

aad8
aada
aadc
aade

aae0
aae2
aae4
aae6

aae8
aaea
aaec
aaee

aaf0
aaf2
aaf4
aaf6

aaf8
aafa
aafc
aafe

ab00
ab02
ab04
ab06

ab08
ab0a
ab0c
ab0e

ab10
ab12
ab14
ab16

ab18
ab1a
ab1c
ab1e

ab20
ab22
ab24
ab26

ab28
ab2a
ab2c
ab2e

ab30
ab32
ab34
ab36

ab38
ab3a
ab3c
ab3e

ab40
ab42
ab44
ab46

ab48
ab4a
ab4c
ab4e

ab50
ab52
ab54
ab56

ab58
ab5a
ab5c
ab5e

ab60
ab62
ab64
ab66

ab68
ab6a
ab6c
ab6e

ab70
ab72
ab74
ab76

ab78
ab7a
ab7c
ab7e

ab80
ab82
ab84
ab86

ab88
ab8a
ab8c
ab8e

ab90
ab92
ab94
ab96

ab98
ab9a
ab9c
ab9e

aba0
aba2
aba4
aba6

aba8
2baa
2bac
2bae

2bb0
2bb2
2bb4
2bb6

2bb8
2bba
2bbc
2bbe

2bc0
2bc2
2bc4
2bc6

2bc8
2bca
2bcc
2bce

2bd0
2bd2
2bd4
2bd6

2bd8
2bda
2bdc
2bde

2be0
2be2
2be4
2be6

2be8
2bea
2bec
2bee

2bf0
2bf2
2bf4
2bf6

2bf8
2bfa
2bfc
2bfe

2c00
2c02
2c04
2c06

2c08
2c0a
2c0c
2c0e

2c10
2c12
2c14
2c16

2c18
2c1a
2c1c
2c1e

2c20
2c22
2c24
2c26

2c28
2c2a
2c2c
2c2e

2c30
2c32
2c34
2c36

2c38
2c3a
2c3c
2c3e

2c40
2c42
2c44
2c46

2c48
2c4a
2c4c
2c4e

2c50
2c52
2c54
2c56

2c58
2c5a
2c5c
2c5e

2c60
2c62
2c64
2c66

2c68
2c6a
2c6c
2c6e

2c70
2c72
2c74
2c76

2c78
2c7a
2c7c
2c7e

2c80
2c82
2c84
2c86

2c88
2c8a
2c8c
2c8e

2c90
2c92
2c94
2c96

2c98
2c9a
2c9c
2c9e

2ca0
2ca2
2ca4
2ca6

2ca8
2caa
2cac
2cae

2cb0
2cb2
2cb4
2cb6

2cb8
2cba
2cbc
2cbe

2cc0
2cc2
2cc4
2cc6

2cc8
2cca
2ccc
2cce

2cd0
2cd2
2cd4
2cd6

2cd8
2cda
2cdc
2cde

2ce0
2ce2
2ce4
2ce6

2ce8
2cea
2cec
2cee

2cf0
2cf2
2cf4
2cf6

2cf8
2cfa
2cfc
2cfe

2d00
2d02
2d04
2d06

2d08
2d0a
2d0c
2d0e

2d10
2d12
2d14
2d16

2d18
2d1a
2d1c
2d1e

2d20
2d22
2d24
2d26

2d28
2d2a
2d2c
2d2e

2d30
2d32
2d34
2d36

2d38
2d3a
2d3c
2d3e

2d40
2d42
2d44
2d46

2d48
2d4a
2d4c
2d4e

2d50
2d52
2d54
2d56

2d58
ad5a
ad5c
ad5e

ad60
ad62
ad64
ad66

ad68
ad6a
ad6c
ad6e

ad70
ad72
ad74
ad76

ad78
ad7a
ad7c
ad7e

ad80
ad82
ad84
ad86

ad88
ad8a
ad8c
ad8e

ad90
ad92
ad94
ad96

ad98
ad9a
ad9c
ad9e

ada0
ada2
ada4
ada6

ada8
adaa
adac
adae

adb0
adb2
adb4
adb6

adb8
adba
adbc
adbe

adc0
adc2
adc4
adc6

adc8
adca
adcc
adce

add0
add2
add4
add6

add8
adda
addc
adde

ade0
ade2
ade4
ade6

ade8
adea
adec
adee

adf0
adf2
adf4
adf6

adf8
adfa
adfc
adfe

ae00
ae02
ae04
ae06

ae08
ae0a
ae0c
ae0e

ae10
ae12
ae14
ae16

ae18
ae1a
ae1c
ae1e

ae20
ae22
ae24
ae26

ae28
ae2a
ae2c
ae2e

ae30
ae32
ae34
ae36

ae38
ae3a
ae3c
ae3e

ae40
ae42
ae44
ae46

ae48
ae4a
ae4c
ae4e

ae50
ae52
ae54
ae56

ae58
ae5a
ae5c
ae5e

ae60
ae62
ae64
ae66

ae68
ae6a
ae6c
ae6e

ae70
ae72
ae74
ae76

ae78
ae7a
ae7c
ae7e

ae80
ae82
ae84
ae86

ae88
ae8a
ae8c
ae8e

ae90
ae92
ae94
ae96

ae98
ae9a
ae9c
ae9e

aea0
aea2
aea4
aea6

aea8
aeaa
aeac
aeae

aeb0
aeb2
aeb4
aeb6

aeb8
aeba
aebc
aebe

aec0
aec2
aec4
aec6

aec8
aeca
aecc
aece

aed0
aed2
aed4
aed6

aed8
aeda
aedc
aede

aee0
aee2
aee4
aee6

aee8
aeea
aeec
aeee

aef0
aef2
aef4
aef6

aef8
aefa
aefc
aefe

af00
af02
af04
af06

2f08
2f0a
2f0c
2f0e

2f10
2f12
2f14
2f16

2f18
2f1a
2f1c
2f1e

2f20
2f22
2f24
2f26

2f28
2f2a
2f2c
2f2e

2f30
2f32
2f34
2f36

2f38
2f3a
2f3c
2f3e

2f40
2f42
2f44
2f46

2f48
2f4a
2f4c
2f4e

2f50
2f52
2f54
2f56

2f58
2f5a
2f5c
2f5e

2f60
2f62
2f64
2f66

2f68
2f6a
2f6c
2f6e

2f70
2f72
2f74
2f76

2f78
2f7a
2f7c
2f7e

2f80
2f82
2f84
2f86

2f88
2f8a
2f8c
2f8e

2f90
2f92
2f94
2f96

2f98
2f9a
2f9c
2f9e

2fa0
2fa2
2fa4
2fa6

2fa8
2faa
2fac
2fae

2fb0
2fb2
2fb4
2fb6

2fb8
2fba
2fbc
2fbe

2fc0
2fc2
2fc4
2fc6

2fc8
2fca
2fcc
2fce

2fd0
2fd2
2fd4
2fd6

2fd8
2fda
2fdc
2fde

2fe0
2fe2
2fe4
2fe6

2fe8
2fea
2fec
2fee

2ff0
2ff2
2ff4
2ff6

2ff8
2ffa
2ffc
2ffe

3000
3002
3004
3006

3008
300a
300c
300e

3010
3012
3014
3016

3018
301a
301c
301e

3020
3022
3024
3026

3028
302a
302c
302e

3030
3032
3034
3036

3038
303a
303c
303e

3040
3042
3044
3046

3048
304a
304c
304e

3050
3052
3054
3056

3058
305a
305c
305e

3060
3062
3064
3066

3068
306a
306c
306e

3070
3072
3074
3076

3078
307a
307c
307e

3080
3082
3084
3086

3088
308a
308c
308e

3090
3092
3094
3096

3098
309a
309c
309e

30a0
30a2
30a4
30a6

30a8
30aa
30ac
30ae

30b0
b0b4
b0b6
b0b8

b0ba
b0bc
b0be
b0c0

b0c2
b0c4
b0c6
b0c8

b0ca
b0cc
b0ce
b0d0

b0d2
b0d4
b0d6
b0d8

b0da
b0dc
b0de
b0e0

b0e2
b0e4
b0e6
b0e8

b0ea
b0ec
b0ee
b0f0

b0f2
b0f4
b0f6
b0f8

b0fa
b0fc
b0fe
b100

b102
b104
b106
b108

b10a
b10c
b10e
b110

b112
b114
b116
b118

b11a
b11c
b11e
b120

b122
b124
b126
b128

b12a
b12c
b12e
b130

b132
b134
b136
b138

b13a
b13c
b13e
b140

b142
b144
b146
b148

b14a
b14c
b14e
b150

b152
b154
b156
b158

b15a
b15c
b15e
b160

b162
b164
b166
b168

b16a
b16c
b16e
b170

b172
b174
b176
b178

b17a
b17c
b17e
b180

b182
b184
b186
b188

b18a
b18c
b18e
b190

b192
b194
b196
b198

b19a
b19c
b19e
b1a0

b1a2
b1a4
b1a6
b1a8

b1aa
b1ac
b1ae
b1b0

b1b2
b1b4
b1b6
b1b8

b1ba
b1bc
b1be
b1c0

b1c2
b1c4
b1c6
b1c8

b1ca
b1cc
b1ce
b1d0

b1d2
b1d4
b1d6
b1d8

b1da
b1dc
b1de
b1e0

b1e2
b1e4
b1e6
b1e8

b1ea
b1ec
b1ee
b1f0

b1f2
b1f4
b1f6
b1f8

b1fa
b1fc
b1fe
b200

b202
b204
b206
b208

b20a
b20c
b20e
b210

b212
b214
b216
b218

b21a
b21c
b21e
b220

b222
b224
b226
b228

b22a
b22c
b22e
b230

b232
b234
b236
b238

b23a
b23c
b23e
b240

b242
b244
b246
b248

b24a
b24c
b24e
b250

b252
b254
b256
b258

b25a
b25c
b25e
b260

b262
3266
3268
326a

326c
326e
3270
3272

3274
3276
3278
327a

327c
327e
3280
3282

3284
3286
3288
328a

328c
328e
3290
3292

3294
3296
3298
329a

329c
329e
32a0
32a2

32a4
32a6
32a8
32aa

32ac
32ae
32b0
32b2

32b4
32b6
32b8
32ba

32bc
32be
32c0
32c2

32c4
32c6
32c8
32ca

32cc
32ce
32d0
32d2

32d4
32d6
32d8
32da

32dc
32de
32e0
32e2

32e4
32e6
32e8
32ea

32ec
32ee
32f0
32f2

32f4
32f6
32f8
32fa

32fc
32fe
3300
3302

3304
3306
3308
330a

330c
330e
3310
3312

3314
3316
3318
331a

331c
331e
3320
3322

3324
3326
3328
332a

332c
332e
3330
3332

3334
3336
3338
333a

333c
333e
3340
3342

3344
3346
3348
334a

334c
334e
3350
3352

3354
3356
3358
335a

335c
335e
3360
3362

3364
3366
3368
336a

336c
336e
3370
3372

3374
3376
3378
337a

337c
337e
3380
3382

3384
3386
3388
338a

338c
338e
3390
3392

3394
3396
3398
339a

339c
339e
33a0
33a2

33a4
33a6
33a8
33aa

33ac
33ae
33b0
33b2

33b4
33b6
33b8
33ba

33bc
33be
33c0
33c2

33c4
33c6
33c8
33ca

33cc
33ce
33d0
33d2

33d4
33d6
33d8
33da

33dc
33de
33e0
33e2

33e4
33e6
33e8
33ea

33ec
33ee
33f0
33f2

33f4
33f6
33f8
33fa

33fc
33fe
3400
3402

3404
3406
3408
340a

340c
340e
3410
3412

3414
b418
b41a
b41c

b41e
b420
b422
b424

b426
b428
b42a
b42c

b42e
b430
b432
b434

b436
b438
b43a
b43c

b43e
b440
b442
b444

b446
b448
b44a
b44c

b44e
b450
b452
b454

b456
b458
b45a
b45c

b45e
b460
b462
b464

b466
b468
b46a
b46c

b46e
b470
b472
b474

b476
b478
b47a
b47c

b47e
b480
b482
b484

b486
b488
b48a
b48c

b48e
b490
b492
b494

b496
b498
b49a
b49c

b49e
b4a0
b4a2
b4a4

b4a6
b4a8
b4aa
b4ac

b4ae
b4b0
b4b2
b4b4

b4b6
b4b8
b4ba
b4bc

b4be
b4c0
b4c2
b4c4

b4c6
b4c8
b4ca
b4cc

b4ce
b4d0
b4d2
b4d4

b4d6
b4d8
b4da
b4dc

b4de
b4e0
b4e2
b4e4

b4e6
b4e8
b4ea
b4ec

b4ee
b4f0
b4f2
b4f4

b4f6
b4f8
b4fa
b4fc

b4fe
b500
b502
b504

b506
b508
b50a
b50c

b50e
b510
b512
b514

b516
b518
b51a
b51c

b51e
b520
b522
b524

b526
b528
b52a
b52c

b52e
b530
b532
b534

b536
b538
b53a
b53c

b53e
b540
b542
b544

b546
b548
b54a
b54c

b54e
b550
b552
b554

b556
b558
b55a
b55c

b55e
b560
b562
b564

b566
b568
b56a
b56c

b56e
b570
b572
b574

b576
b578
b57a
b57c

b57e
b580
b582
b584

b586
b588
b58a
b58c

b58e
b590
b592
b594

b596
b598
b59a
b59c

b59e
b5a0
b5a2
b5a4

b5a6
b5a8
b5aa
b5ac

b5ae
b5b0
b5b2
b5b4

b5b6
b5b8
b5ba
b5bc

b5be
b5c0
35c2
35c4

35c6
35c8
35ca
35cc

35ce
35d0
35d2
35d4

35d6
35d8
35da
35dc

35de
35e0
35e2
35e4

35e6
35e8
35ea
35ec

35ee
35f0
35f2
35f4

35f6
35f8
35fa
35fc

35fe
3600
3602
3604

3606
3608
360a
360c

360e
3610
3612
3614

3616
3618
361a
361c

361e
3620
3622
3624

3626
3628
362a
362c

362e
3630
3632
3634

3636
3638
363a
363c

363e
3640
3642
3644

3646
3648
364a
364c

364e
3650
3652
3654

3656
3658
365a
365c

365e
3660
3662
3664

3666
3668
366a
366c

366e
3670
3672
3674

3676
3678
367a
367c

367e
3680
3682
3684

3686
3688
368a
368c

368e
3690
3692
3694

3696
3698
369a
369c

369e
36a0
36a2
36a4

36a6
36a8
36aa
36ac

36ae
36b0
36b2
36b4

36b6
36b8
36ba
36bc

36be
36c0
36c2
36c4

36c6
36c8
36ca
36cc

36ce
36d0
36d2
36d4

36d6
36d8
36da
36dc

36de
36e0
36e2
36e4

36e6
36e8
36ea
36ec

36ee
36f0
36f2
36f4

36f6
36f8
36fa
36fc

36fe
3700
3702
3704

3706
3708
370a
370c

370e
3710
3712
3714

3716
3718
371a
371c

371e
3720
3722
3724

3726
3728
372a
372c

372e
3730
3732
3734

3736
3738
373a
373c

373e
3740
3742
3744

3746
3748
374a
374c

374e
3750
3752
3754

3756
3758
375a
375c

375e
3760
3762
3764

3766
3768
376a
376c

376e
b772
b774
b776

b778
b77a
b77c
b77e

b780
b782
b784
b786

b788
b78a
b78c
b78e

b790
b792
b794
b796

b798
b79a
b79c
b79e

b7a0
b7a2
b7a4
b7a6

b7a8
b7aa
b7ac
b7ae

b7b0
b7b2
b7b4
b7b6

b7b8
b7ba
b7bc
b7be

b7c0
b7c2
b7c4
b7c6

b7c8
b7ca
b7cc
b7ce

b7d0
b7d2
b7d4
b7d6

b7d8
b7da
b7dc
b7de

b7e0
b7e2
b7e4
b7e6

b7e8
b7ea
b7ec
b7ee

b7f0
b7f2
b7f4
b7f6

b7f8
b7fa
b7fc
b7fe

b800
b802
b804
b806

b808
b80a
b80c
b80e

b810
b812
b814
b816

b818
b81a
b81c
b81e

b820
b822
b824
b826

b828
b82a
b82c
b82e

b830
b832
b834
b836

b838
b83a
b83c
b83e

b840
b842
b844
b846

b848
b84a
b84c
b84e

b850
b852
b854
b856

b858
b85a
b85c
b85e

b860
b862
b864
b866

b868
b86a
b86c
b86e

b870
b872
b874
b876

b878
b87a
b87c
b87e

b880
b882
b884
b886

b888
b88a
b88c
b88e

b890
b892
b894
b896

b898
b89a
b89c
b89e

b8a0
b8a2
b8a4
b8a6

b8a8
b8aa
b8ac
b8ae

b8b0
b8b2
b8b4
b8b6

b8b8
b8ba
b8bc
b8be

b8c0
b8c2
b8c4
b8c6

b8c8
b8ca
b8cc
b8ce

b8d0
b8d2
b8d4
b8d6

b8d8
b8da
b8dc
b8de

b8e0
b8e2
b8e4
b8e6

b8e8
b8ea
b8ec
b8ee

b8f0
b8f2
b8f4
b8f6

b8f8
b8fa
b8fc
b8fe

b900
b902
b904
b906

b908
b90a
b90c
b90e

b910
b912
b914
b916

b918
b91a
b91c
b91e

b920
3922
3924
3926

3928
392a
392c
392e

3930
3932
3934
3936

3938
393a
393c
393e

3940
3942
3944
3946

3948
394a
394c
394e

3950
3952
3954
3956

3958
395a
395c
395e

3960
3962
3964
3966

3968
396a
396c
396e

3970
3972
3974
3976

3978
397a
397c
397e

3980
3982
3984
3986

3988
398a
398c
398e

3990
3992
3994
3996

3998
399a
399c
399e

39a0
39a2
39a4
39a6

39a8
39aa
39ac
39ae

39b0
39b2
39b4
39b6

39b8
39ba
39bc
39be

39c0
39c2
39c4
39c6

39c8
39ca
39cc
39ce

39d0
39d2
39d4
39d6

39d8
39da
39dc
39de

39e0
39e2
39e4
39e6

39e8
39ea
39ec
39ee

39f0
39f2
39f4
39f6

39f8
39fa
39fc
39fe

3a00
3a02
3a04
3a06

3a08
3a0a
3a0c
3a0e

3a10
3a12
3a14
3a16

3a18
3a1a
3a1c
3a1e

3a20
3a22
3a24
3a26

3a28
3a2a
3a2c
3a2e

3a30
3a32
3a34
3a36

3a38
3a3a
3a3c
3a3e

3a40
3a42
3a44
3a46

3a48
3a4a
3a4c
3a4e

3a50
3a52
3a54
3a56

3a58
3a5a
3a5c
3a5e

3a60
3a62
3a64
3a66

3a68
3a6a
3a6c
3a6e

3a70
3a72
3a74
3a76

3a78
3a7a
3a7c
3a7e

3a80
3a82
3a84
3a86

3a88
3a8a
3a8c
3a8e

3a90
3a92
3a94
3a96

3a98
3a9a
3a9c
3a9e

3aa0
3aa2
3aa4
3aa6

3aa8
3aaa
3aac
3aae

3ab0
3ab2
3ab4
3ab6

3ab8
3aba
3abc
3abe

3ac0
3ac2
3ac4
3ac6

3ac8
3aca
bacc
bace

bad0
bad2
bad4
bad6

bad8
bada
badc
bade

bae0
bae2
bae4
bae6

bae8
baea
baec
baee

baf0
baf2
baf4
baf6

baf8
bafa
bafc
bafe

bb00
bb02
bb04
bb06

bb08
bb0a
bb0c
bb0e

bb10
bb12
bb14
bb16

bb18
bb1a
bb1c
bb1e

bb20
bb22
bb24
bb26

bb28
bb2a
bb2c
bb2e

bb30
bb32
bb34
bb36

bb38
bb3a
bb3c
bb3e

bb40
bb42
bb44
bb46

bb48
bb4a
bb4c
bb4e

bb50
bb52
bb54
bb56

bb58
bb5a
bb5c
bb5e

bb60
bb62
bb64
bb66

bb68
bb6a
bb6c
bb6e

bb70
bb72
bb74
bb76

bb78
bb7a
bb7c
bb7e

bb80
bb82
bb84
bb86

bb88
bb8a
bb8c
bb8e

bb90
bb92
bb94
bb96

bb98
bb9a
bb9c
bb9e

bba0
bba2
bba4
bba6

bba8
bbaa
bbac
bbae

bbb0
bbb2
bbb4
bbb6

bbb8
bbba
bbbc
bbbe

bbc0
bbc2
bbc4
bbc6

bbc8
bbca
bbcc
bbce

bbd0
bbd2
bbd4
bbd6

bbd8
bbda
bbdc
bbde

bbe0
bbe2
bbe4
bbe6

bbe8
bbea
bbec
bbee

bbf0
bbf2
bbf4
bbf6

bbf8
bbfa
bbfc
bbfe

bc00
bc02
bc04
bc06

bc08
bc0a
bc0c
bc0e

bc10
bc12
bc14
bc16

bc18
bc1a
bc1c
bc1e

bc20
bc22
bc24
bc26

bc28
bc2a
bc2c
bc2e

bc30
bc32
bc34
bc36

bc38
bc3a
bc3c
bc3e

bc40
bc42
bc44
bc46

bc48
bc4a
bc4c
bc4e

bc50
bc52
bc54
bc56

bc58
bc5a
bc5c
bc5e

bc60
bc62
bc64
bc66

bc68
bc6a
bc6c
bc6e

bc70
bc72
bc74
bc76

bc78
3c7a
3c7c
3c7e

3c80
3c82
3c84
3c86

3c88
3c8a
3c8c
3c8e

3c90
3c92
3c94
3c96

3c98
3c9a
3c9c
3c9e

3ca0
3ca2
3ca4
3ca6

3ca8
3caa
3cac
3cae

3cb0
3cb2
3cb4
3cb6

3cb8
3cba
3cbc
3cbe

3cc0
3cc2
3cc4
3cc6

3cc8
3cca
3ccc
3cce

3cd0
3cd2
3cd4
3cd6

3cd8
3cda
3cdc
3cde

3ce0
3ce2
3ce4
3ce6

3ce8
3cea
3cec
3cee

3cf0
3cf2
3cf4
3cf6

3cf8
3cfa
3cfc
3cfe

3d00
3d02
3d04
3d06

3d08
3d0a
3d0c
3d0e

3d10
3d12
3d14
3d16

3d18
3d1a
3d1c
3d1e

3d20
3d22
3d24
3d26

3d28
3d2a
3d2c
3d2e

3d30
3d32
3d34
3d36

3d38
3d3a
3d3c
3d3e

3d40
3d42
3d44
3d46

3d48
3d4a
3d4c
3d4e

3d50
3d52
3d54
3d56

3d58
3d5a
3d5c
3d5e

3d60
3d62
3d64
3d66

3d68
3d6a
3d6c
3d6e

3d70
3d72
3d74
3d76

3d78
3d7a
3d7c
3d7e

3d80
3d82
3d84
3d86

3d88
3d8a
3d8c
3d8e

3d90
3d92
3d94
3d96

3d98
3d9a
3d9c
3d9e

3da0
3da2
3da4
3da6

3da8
3daa
3dac
3dae

3db0
3db2
3db4
3db6

3db8
3dba
3dbc
3dbe

3dc0
3dc2
3dc4
3dc6

3dc8
3dca
3dcc
3dce

3dd0
3dd2
3dd4
3dd6

3dd8
3dda
3ddc
3dde

3de0
3de2
3de4
3de6

3de8
3dea
3dec
3dee

3df0
3df2
3df4
3df6

3df8
3dfa
3dfc
3dfe

3e00
3e02
3e04
3e06

3e08
3e0a
3e0c
3e0e

3e10
3e12
3e14
3e16

3e18
3e1a
3e1c
3e1e

3e20
3e22
3e24
3e26

3e28
be2c
be2e
be30

be32
be34
be36
be38

be3a
be3c
be3e
be40

be42
be44
be46
be48

be4a
be4c
be4e
be50

be52
be54
be56
be58

be5a
be5c
be5e
be60

be62
be64
be66
be68

be6a
be6c
be6e
be70

be72
be74
be76
be78

be7a
be7c
be7e
be80

be82
be84
be86
be88

be8a
be8c
be8e
be90

be92
be94
be96
be98

be9a
be9c
be9e
bea0

bea2
bea4
bea6
bea8

beaa
beac
beae
beb0

beb2
beb4
beb6
beb8

beba
bebc
bebe
bec0

bec2
bec4
bec6
bec8

beca
becc
bece
bed0

bed2
bed4
bed6
bed8

beda
bedc
bede
bee0

bee2
bee4
bee6
bee8

beea
beec
beee
bef0

bef2
bef4
bef6
bef8

befa
befc
befe
bf00

bf02
bf04
bf06
bf08

bf0a
bf0c
bf0e
bf10

bf12
bf14
bf16
bf18

bf1a
bf1c
bf1e
bf20

bf22
bf24
bf26
bf28

bf2a
bf2c
bf2e
bf30

bf32
bf34
bf36
bf38

bf3a
bf3c
bf3e
bf40

bf42
bf44
bf46
bf48

bf4a
bf4c
bf4e
bf50

bf52
bf54
bf56
bf58

bf5a
bf5c
bf5e
bf60

bf62
bf64
bf66
bf68

bf6a
bf6c
bf6e
bf70

bf72
bf74
bf76
bf78

bf7a
bf7c
bf7e
bf80

bf82
bf84
bf86
bf88

bf8a
bf8c
bf8e
bf90

bf92
bf94
bf96
bf98

bf9a
bf9c
bf9e
bfa0

bfa2
bfa4
bfa6
bfa8

bfaa
bfac
bfae
bfb0

bfb2
bfb4
bfb6
bfb8

bfba
bfbc
bfbe
bfc0

bfc2
bfc4
bfc6
bfc8

bfca
bfcc
bfce
bfd0

bfd2
bfd4
bfd6
bfd8

bfda
bfdc
bfde
bfe0

bfe2
bfe4
bfe6
bfe8

bfea
bfec
bfee
bff0

bff2
bff4
bff6
bff8

bffa
bffc
bffe
c000

c002
c004
c006
c008

c00a
c00c
c00e
c010

c012
c014
c016
c018

c01a
c01c
c01e
c020

c022
c024
c026
c028

c02a
c02c
c02e
c030

c032
c034
c036
c038

c03a
c03c
c03e
c040

c042
c044
c046
c048

c04a
c04c
c04e
c050

c052
c054
c056
c058

c05a
c05c
c05e
c060

c062
c064
c066
c068

c06a
c06c
c06e
c070

c072
c074
c076
c078

c07a
c07c
c07e
c080

c082
c084
c086
c088

c08a
c08c
c08e
c090

c092
c094
c096
c098

c09a
c09c
c09e
c0a0

c0a2
c0a4
c0a6
c0a8

c0aa
c0ac
c0ae
c0b0

c0b2
c0b4
c0b6
c0b8

c0ba
c0bc
c0be
c0c0

c0c2
c0c4
c0c6
c0c8

c0ca
c0cc
c0ce
c0d0

c0d2
c0d4
c0d6
c0d8

c0da
c0dc
c0de
c0e0

c0e2
c0e4
c0e6
c0e8

c0ea
c0ec
c0ee
c0f0

c0f2
c0f4
c0f6
c0f8

c0fa
c0fc
c0fe
c100

c102
c104
c106
c108

c10a
c10c
c10e
c110

c112
c114
c116
c118

c11a
c11c
c11e
c120

c122
c124
c126
c128

c12a
c12c
c12e
c130

c132
c134
c136
c138

c13a
c13c
c13e
c140

c142
c144
c146
c148

c14a
c14c
c14e
c150

c152
c154
c156
c158

c15a
c15c
c15e
c160

c162
c164
c166
c168

c16a
c16c
c16e
c170

c172
c174
c176
c178

c17a
c17c
c17e
c180

c182
c184
c186
c188

c18a
c18c
c18e
c190

c192
c194
c196
c198

c19a
c19c
c19e
c1a0

c1a2
c1a4
c1a6
c1a8

c1aa
c1ac
c1ae
c1b0

c1b2
c1b4
c1b6
c1b8

c1ba
c1bc
c1be
c1c0

c1c2
c1c4
c1c6
c1c8

c1ca
c1cc
c1ce
c1d0

c1d2
c1d4
c1d6
c1d8

c1da
c1dc
c1de
c1e0

c1e2
c1e4
c1e6
c1e8

c1ea
c1ec
c1ee
c1f0

c1f2
c1f4
c1f6
c1f8

c1fa
c1fc
c1fe
c200

c202
c204
c206
c208

c20a
c20c
c20e
c210

c212
c214
c216
c218

c21a
c21c
c21e
c220

c222
c224
c226
c228

c22a
c22c
c22e
c230

c232
c234
c236
c238

c23a
c23c
c23e
c240

c242
c244
c246
c248

c24a
c24c
c24e
c250

c252
c254
c256
c258

c25a
c25c
c25e
c260

c262
c264
c266
c268

c26a
c26c
c26e
c270

c272
c274
c276
c278

c27a
c27c
c27e
c280

c282
c284
c286
c288

c28a
c28c
c28e
c290

c292
c294
c296
c298

c29a
c29c
c29e
c2a0

c2a2
c2a4
c2a6
c2a8

c2aa
c2ac
c2ae
c2b0

c2b2
c2b4
c2b6
c2b8

c2ba
c2bc
c2be
c2c0

c2c2
c2c4
c2c6
c2c8

c2ca
c2cc
c2ce
c2d0

c2d2
c2d4
c2d6
c2d8

c2da
c2dc
c2de
c2e0

c2e2
c2e4
c2e6
c2e8

c2ea
c2ec
c2ee
c2f0

c2f2
c2f4
c2f6
c2f8

c2fa
c2fc
c2fe
c300

c302
c304
c306
c308

c30a
c30c
c30e
c310

c312
c314
c316
c318

c31a
c31c
c31e
c320

c322
c324
c326
c328

c32a
c32c
c32e
c330

c332
c334
c336
c338

c33a
c33c
c33e
c340

c342
c344
c346
c348

c34a
c34c
c34e
c350

c352
c354
c356
c358

c35a
c35c
c35e
c360

c362
c364
c366
c368

c36a
c36c
c36e
c370

c372
c374
c376
c378

c37a
c37c
c37e
c380

c382
c384
c386
c388

c38a
c38c
c38e
c390

c392
c394
c396
c398

c39a
c39c
c39e
c3a0

c3a2
c3a4
c3a6
c3a8

c3aa
c3ac
c3ae
c3b0

c3b2
c3b4
c3b6
c3b8

c3ba
c3bc
c3be
c3c0

c3c2
c3c4
c3c6
c3c8

c3ca
c3cc
c3ce
c3d0

c3d2
c3d4
c3d6
c3d8

c3da
c3dc
c3de
c3e0

c3e2
c3e4
c3e6
c3e8

c3ea
c3ec
c3ee
c3f0

c3f2
c3f4
c3f6
c3f8

c3fa
c3fc
c3fe
c400

c402
c404
c406
c408

c40a
c40c
c40e
c410

c412
c414
c416
c418

c41a
c41c
c41e
c420

c422
c424
c426
c428

c42a
c42c
c42e
c430

c432
c434
c436
c438

c43a
c43c
c43e
c440

c442
c444
c446
c448

c44a
c44c
c44e
c450

c452
c454
c456
c458

c45a
c45c
c45e
c460

c462
c464
c466
c468

c46a
c46c
c46e
c470

c472
c474
c476
c478

c47a
c47c
c47e
c480

c482
c484
c486
c488

c48a
c48c
c48e
c490

c492
c494
c496
c498

c49a
c49c
c49e
c4a0

c4a2
c4a4
c4a6
c4a8

c4aa
c4ac
c4ae
c4b0

c4b2
c4b4
c4b6
c4b8

c4ba
c4bc
c4be
c4c0

c4c2
c4c4
c4c6
c4c8

c4ca
c4cc
c4ce
c4d0

c4d2
c4d4
c4d6
c4d8

c4da
c4dc
c4de
c4e0

c4e2
c4e4
c4e6
c4e8

c4ea
c4ec
c4ee
c4f0

c4f2
c4f4
c4f6
c4f8

c4fa
c4fc
c4fe
c500

c502
c504
c506
c508

c50a
c50c
c50e
c510

c512
c514
c516
c518

c51a
c51c
c51e
c520

c522
c524
c526
c528

c52a
c52c
c52e
c530

c532
c534
c536
c538

c53a
c53c
c53e
c540

c542
c544
c546
c548

c54a
c54c
c54e
c550

c552
c554
c556
c558

c55a
c55c
c55e
c560

c562
c564
c566
c568

c56a
c56c
c56e
c570

c572
c574
c576
c578

c57a
c57c
c57e
c580

c582
c584
c586
c588

c58a
c58c
c58e
c590

c592
c594
c596
c598

c59a
c59c
c59e
c5a0

c5a2
c5a4
c5a6
c5a8

c5aa
c5ac
c5ae
c5b0

c5b2
c5b4
c5b6
c5b8

c5ba
c5bc
c5be
c5c0

c5c2
c5c4
c5c6
c5c8

c5ca
c5cc
c5ce
c5d0

c5d2
c5d4
c5d6
c5d8

c5da
c5dc
c5de
c5e0

c5e2
c5e4
c5e6
c5e8

c5ea
c5ec
c5ee
c5f0

c5f2
c5f4
c5f6
c5f8

c5fa
c5fc
c5fe
c600

c602
c604
c606
c608

c60a
c60c
c60e
c610

c612
c614
c616
c618

c61a
c61c
c61e
c620

c622
c624
c626
c628

c62a
c62c
c62e
c630

c632
c634
c636
c638

c63a
c63c
c63e
c640

c642
c644
c646
c648

c64a
c64c
c64e
c650

c652
c654
c656
c658

c65a
c65c
c65e
c660

c662
c664
c666
c668

c66a
c66c
c66e
c670

c672
c674
c676
c678

c67a
c67c
c67e
c680

c682
c684
c686
c688

c68a
c68c
c68e
c690

c692
c694
c696
c698

c69a
c69c
c69e
c6a0

c6a2
c6a4
c6a6
c6a8

c6aa
c6ac
c6ae
c6b0

c6b2
c6b4
c6b6
c6b8

c6ba
c6bc
c6be
c6c0

c6c2
c6c4
c6c6
c6c8

c6ca
c6cc
c6ce
c6d0

c6d2
c6d4
c6d6
c6d8

c6da
c6dc
c6de
c6e0

c6e2
c6e4
c6e6
c6e8

c6ea
c6ec
c6ee
c6f0

c6f2
c6f4
c6f6
c6f8

c6fa
c6fc
c6fe
c700

c702
c704
c706
c708

c70a
c70c
c70e
c710

c712
c714
c716
c718

c71a
c71c
c71e
c720

c722
c724
c726
c728

c72a
c72c
c72e
c730

c732
c734
c736
c738

c73a
c73c
c73e
c740

c742
c744
c746
c748

c74a
c74c
c74e
c750

c752
c754
c756
c758

c75a
c75c
c75e
c760

c762
c764
c766
c768

c76a
c76c
c76e
c770

c772
c774
c776
c778

c77a
c77c
c77e
c780

c782
c784
c786
c788

c78a
c78c
c78e
c790

c792
c794
c796
c798

c79a
c79c
c79e
c7a0

c7a2
c7a4
c7a6
c7a8

c7aa
c7ac
c7ae
c7b0

c7b2
c7b4
c7b6
c7b8

c7ba
c7bc
c7be
c7c0

c7c2
c7c4
c7c6
c7c8

c7ca
c7cc
c7ce
c7d0

c7d2
c7d4
c7d6
c7d8

c7da
c7dc
c7de
c7e0

c7e2
c7e4
c7e6
c7e8

c7ea
c7ec
c7ee
c7f0

c7f2
c7f4
c7f6
c7f8

c7fa
c7fc
c7fe
c800

c802
c804
c806
c808

c80a
c80c
c80e
c810

c812
c814
c816
c818

c81a
c81c
c81e
c820

c822
c824
c826
c828

c82a
c82c
c82e
c830

c832
c834
c836
c838

c83a
c83c
c83e
c840

c842
c844
c846
c848

c84a
c84c
c84e
c850

c852
c854
c856
c858

c85a
c85c
c85e
c860

c862
c864
c866
c868

c86a
c86c
c86e
c870

c872
c874
c876
c878

c87a
c87c
c87e
c880

c882
c884
c886
c888

c88a
c88c
c88e
c890

c892
c894
c896
c898

c89a
c89c
c89e
c8a0

c8a2
c8a4
c8a6
c8a8

c8aa
c8ac
c8ae
c8b0

c8b2
c8b4
c8b6
c8b8

c8ba
c8bc
c8be
c8c0

c8c2
c8c4
c8c6
c8c8

c8ca
c8cc
c8ce
c8d0

c8d2
c8d4
c8d6
c8d8

c8da
c8dc
c8de
c8e0

c8e2
c8e4
c8e6
c8e8

c8ea
c8ec
c8ee
c8f0

c8f2
c8f4
c8f6
c8f8

c8fa
c8fc
c8fe
c900

c902
c904
c906
c908

c90a
c90c
c90e
c910

c912
c914
c916
c918

c91a
c91c
c91e
c920

c922
c924
c926
c928

c92a
c92c
c92e
c930

c932
c934
c936
c938

c93a
c93c
c93e
c940

c942
c944
c946
c948

c94a
c94c
c94e
c950

c952
c954
c956
c958

c95a
c95c
c95e
c960

c962
c964
c966
c968

c96a
c96c
c96e
c970

c972
c974
c976
c978

c97a
c97c
c97e
c980

c982
c984
c986
c988

c98a
c98c
c98e
c990

c992
c994
c996
c998

c99a
c99c
c99e
c9a0

c9a2
c9a4
c9a6
c9a8

c9aa
c9ac
c9ae
c9b0

c9b2
c9b4
c9b6
c9b8

c9ba
c9bc
c9be
c9c0

c9c2
c9c4
c9c6
c9c8

c9ca
c9cc
c9ce
c9d0

c9d2
c9d4
c9d6
c9d8

c9da
c9dc
c9de
c9e0

c9e2
c9e4
c9e6
c9e8

c9ea
c9ec
c9ee
c9f0

c9f2
c9f4
c9f6
c9f8

c9fa
c9fc
c9fe
ca00

ca02
ca04
ca06
ca08

ca0a
ca0c
ca0e
ca10

ca12
ca14
ca16
ca18

ca1a
ca1c
ca1e
ca20

ca22
ca24
ca26
ca28

ca2a
ca2c
ca2e
ca30

ca32
ca34
ca36
ca38

ca3a
ca3c
ca3e
ca40

ca42
ca44
ca46
ca48

ca4a
ca4c
ca4e
ca50

ca52
ca54
ca56
ca58

ca5a
ca5c
ca5e
ca60

ca62
ca64
ca66
ca68

ca6a
ca6c
ca6e
ca70

ca72
ca74
ca76
ca78

ca7a
ca7c
ca7e
ca80

ca82
ca84
ca86
ca88

ca8a
ca8c
ca8e
ca90

ca92
ca94
ca96
ca98

ca9a
ca9c
ca9e
caa0

caa2
caa4
caa6
caa8

caaa
caac
caae
cab0

cab2
cab4
cab6
cab8

caba
cabc
cabe
cac0

cac2
cac4
cac6
cac8

caca
cacc
cace
cad0

cad2
cad4
cad6
cad8

cada
cadc
cade
cae0

cae2
cae4
cae6
cae8

caea
caec
caee
caf0

caf2
caf4
caf6
caf8

cafa
cafc
cafe
cb00

cb02
cb04
cb06
cb08

cb0a
cb0c
cb0e
cb10

cb12
cb14
cb16
cb18

cb1a
cb1c
cb1e
cb20

cb22
cb24
cb26
cb28

cb2a
cb2c
cb2e
cb30

cb32
cb34
cb36
cb38

cb3a
cb3c
cb3e
cb40

cb42
cb44
cb46
cb48

cb4a
cb4c
cb4e
cb50

cb52
cb54
cb56
cb58

cb5a
cb5c
cb5e
cb60

cb62
cb64
cb66
cb68

cb6a
cb6c
cb6e
cb70

cb72
cb74
cb76
cb78

cb7a
cb7c
cb7e
cb80

cb82
cb84
cb86
cb88

cb8a
cb8c
cb8e
cb90

cb92
cb94
cb96
cb98

cb9a
cb9c
cb9e
cba0

cba2
cba4
cba6
cba8

cbaa
cbac
cbae
cbb0

cbb2
cbb4
cbb6
cbb8

cbba
cbbc
cbbe
cbc0

cbc2
cbc4
cbc6
cbc8

cbca
cbcc
cbce
cbd0

cbd2
cbd4
cbd6
cbd8

cbda
cbdc
cbde
cbe0

cbe2
cbe4
cbe6
cbe8

cbea
cbec
cbee
cbf0

cbf2
cbf4
cbf6
cbf8

cbfa
cbfc
cbfe
cc00

cc02
cc04
cc06
cc08

cc0a
cc0c
cc0e
cc10

cc12
cc14
cc16
cc18

cc1a
cc1c
cc1e
cc20

cc22
cc24
cc26
cc28

cc2a
cc2c
cc2e
cc30

cc32
cc34
cc36
cc38

cc3a
cc3c
cc3e
cc40

cc42
cc44
cc46
cc48

cc4a
cc4c
cc4e
cc50

cc52
cc54
cc56
cc58

cc5a
cc5c
cc5e
cc60

cc62
cc64
cc66
cc68

cc6a
cc6c
cc6e
cc70

cc72
cc74
cc76
cc78

cc7a
cc7c
cc7e
cc80

cc82
cc84
cc86
cc88

cc8a
cc8c
cc8e
cc90

cc92
cc94
cc96
cc98

cc9a
cc9c
cc9e
cca0

cca2
cca4
cca6
cca8

ccaa
ccac
ccae
ccb0

ccb2
ccb4
ccb6
ccb8

ccba
ccbc
ccbe
ccc0

ccc2
ccc4
ccc6
ccc8

ccca
cccc
ccce
ccd0

ccd2
ccd4
ccd6
ccd8

ccda
ccdc
ccde
cce0

cce2
cce4
cce6
cce8

ccea
ccec
ccee
ccf0

ccf2
ccf4
ccf6
ccf8

ccfa
ccfc
ccfe
cd00

cd02
cd04
cd06
cd08

cd0a
cd0c
cd0e
cd10

cd12
cd14
cd16
cd18

cd1a
cd1c
cd1e
cd20

cd22
cd24
cd26
cd28

cd2a
cd2c
cd2e
cd30

cd32
cd34
cd36
cd38

cd3a
cd3c
cd3e
cd40

cd42
cd44
cd46
cd48

cd4a
cd4c
cd4e
cd50

cd52
cd54
cd56
cd58

cd5a
cd5c
cd5e
cd60

cd62
cd64
cd66
cd68

cd6a
cd6c
cd6e
cd70

cd72
cd74
cd76
cd78

cd7a
cd7c
cd7e
cd80

cd82
cd84
cd86
cd88

cd8a
cd8c
cd8e
cd90

cd92
cd94
cd96
cd98

cd9a
cd9c
cd9e
cda0

cda2
cda4
cda6
cda8

cdaa
cdac
cdae
cdb0

cdb2
cdb4
cdb6
cdb8

cdba
cdbc
cdbe
cdc0

cdc2
cdc4
cdc6
cdc8

cdca
cdcc
cdce
cdd0

cdd2
cdd4
cdd6
cdd8

cdda
cddc
cdde
cde0

cde2
cde4
cde6
cde8

cdea
cdec
cdee
cdf0

cdf2
cdf4
cdf6
cdf8

cdfa
cdfc
cdfe
ce00

ce02
ce04
ce06
ce08

ce0a
ce0c
ce0e
ce10

ce12
ce14
ce16
ce18

ce1a
ce1c
ce1e
ce20

ce22
ce24
ce26
ce28

ce2a
ce2c
ce2e
ce30

ce32
ce34
ce36
ce38

ce3a
ce3c
ce3e
ce40

ce42
ce44
ce46
ce48

ce4a
ce4c
ce4e
ce50

ce52
ce54
ce56
ce58

ce5a
ce5c
ce5e
ce60

ce62
ce64
ce66
ce68

ce6a
ce6c
ce6e
ce70

ce72
ce74
ce76
ce78

ce7a
ce7c
ce7e
ce80

ce82
ce84
ce86
ce88

ce8a
ce8c
ce8e
ce90

ce92
ce94
ce96
ce98

ce9a
ce9c
ce9e
cea0

cea2
cea4
cea6
cea8

ceaa
ceac
ceae
ceb0

ceb2
ceb4
ceb6
ceb8

ceba
cebc
cebe
cec0

cec2
cec4
cec6
cec8

ceca
cecc
cece
ced0

ced2
ced4
ced6
ced8

ceda
cedc
cede
cee0

cee2
cee4
cee6
cee8

ceea
ceec
ceee
cef0

cef2
cef4
cef6
cef8

cefa
cefc
cefe
cf00

cf02
cf04
cf06
cf08

cf0a
cf0c
cf0e
cf10

cf12
cf14
cf16
cf18

cf1a
cf1c
cf1e
cf20

cf22
cf24
cf26
cf28

cf2a
cf2c
cf2e
cf30

cf32
cf34
cf36
cf38

cf3a
cf3c
cf3e
cf40

cf42
cf44
cf46
cf48

cf4a
cf4c
cf4e
cf50

cf52
cf54
cf56
cf58

cf5a
cf5c
cf5e
cf60

cf62
cf64
cf66
cf68

cf6a
cf6c
cf6e
cf70

cf72
cf74
cf76
cf78

cf7a
cf7c
cf7e
cf80

cf82
cf84
cf86
cf88

cf8a
cf8c
cf8e
cf90

cf92
cf94
cf96
cf98

cf9a
cf9c
cf9e
cfa0

cfa2
cfa4
cfa6
cfa8

cfaa
cfac
cfae
cfb0

cfb2
cfb4
cfb6
cfb8

cfba
cfbc
cfbe
cfc0

cfc2
cfc4
cfc6
cfc8

cfca
cfcc
cfce
cfd0

cfd2
cfd4
cfd6
cfd8

cfda
cfdc
cfde
cfe0

cfe2
cfe4
cfe6
cfe8

cfea
cfec
cfee
cff0

cff2
cff4
cff6
cff8

cffa
cffc
cffe
d000

d002
d004
d006
d008

d00a
d00c
d00e
d010

d012
d014
d016
d018

d01a
d01c
d01e
d020

d022
d024
d026
d028

d02a
d02c
d02e
d030

d032
d034
d036
d038

d03a
d03c
d03e
d040

d042
d044
d046
d048

d04a
d04c
d04e
d050

d052
d054
d056
d058

d05a
d05c
d05e
d060

d062
d064
d066
d068

d06a
d06c
d06e
d070

d072
d074
d076
d078

d07a
d07c
d07e
d080

d082
d084
d086
d088

d08a
d08c
d08e
d090

d092
d094
d096
d098

d09a
d09c
d09e
d0a0

d0a2
d0a4
d0a6
d0a8

d0aa
d0ac
d0ae
d0b0

d0b2
d0b4
d0b6
d0b8

d0ba
d0bc
d0be
d0c0

d0c2
d0c4
d0c6
d0c8

d0ca
d0cc
d0ce
d0d0

d0d2
d0d4
d0d6
d0d8

d0da
d0dc
d0de
d0e0

d0e2
d0e4
d0e6
d0e8

d0ea
d0ec
d0ee
d0f0

d0f2
d0f4
d0f6
d0f8

d0fa
d0fc
d0fe
d100

d102
d104
d106
d108

d10a
d10c
d10e
d110

d112
d114
d116
d118

d11a
d11c
d11e
d120

d122
d124
d126
d128

d12a
d12c
d12e
d130

d132
d134
d136
d138

d13a
d13c
d13e
d140

d142
d144
d146
d148

d14a
d14c
d14e
d150

d152
d154
d156
d158

d15a
d15c
d15e
d160

d162
d164
d166
d168

d16a
d16c
d16e
d170

d172
d174
d176
d178

d17a
d17c
d17e
d180

d182
d184
d186
d188

d18a
d18c
d18e
d190

d192
d194
d196
d198

d19a
d19c
d19e
d1a0

d1a2
d1a4
d1a6
d1a8

d1aa
d1ac
d1ae
d1b0

d1b2
d1b4
d1b6
d1b8

d1ba
d1bc
d1be
d1c0

d1c2
d1c4
d1c6
d1c8

d1ca
d1cc
d1ce
d1d0

d1d2
d1d4
d1d6
d1d8

d1da
d1dc
d1de
d1e0

d1e2
d1e4
d1e6
d1e8

d1ea
d1ec
d1ee
d1f0

d1f2
d1f4
d1f6
d1f8

d1fa
d1fc
d1fe
d200

d202
d204
d206
d208

d20a
d20c
d20e
d210

d212
d214
d216
d218

d21a
d21c
d21e
d220

d222
d224
d226
d228

d22a
d22c
d22e
d230

d232
d234
d236
d238

d23a
d23c
d23e
d240

d242
d244
d246
d248

d24a
d24c
d24e
d250

d252
d254
d256
d258

d25a
d25c
d25e
d260

d262
d264
d266
d268

d26a
d26c
d26e
d270

d272
d274
d276
d278

d27a
d27c
d27e
d280

d282
d284
d286
d288

d28a
d28c
d28e
d290

d292
d294
d296
d298

d29a
d29c
d29e
d2a0

d2a2
d2a4
d2a6
d2a8

d2aa
d2ac
d2ae
d2b0

d2b2
d2b4
d2b6
d2b8

d2ba
d2bc
d2be
d2c0

d2c2
d2c4
d2c6
d2c8

d2ca
d2cc
d2ce
d2d0

d2d2
d2d4
d2d6
d2d8

d2da
d2dc
d2de
d2e0

d2e2
d2e4
d2e6
d2e8

d2ea
d2ec
d2ee
d2f0

d2f2
d2f4
d2f6
d2f8

d2fa
d2fc
d2fe
d300

d302
d304
d306
d308

d30a
d30c
d30e
d310

d312
d314
d316
d318

d31a
d31c
d31e
d320

d322
d324
d326
d328

d32a
d32c
d32e
d330

d332
d334
d336
d338

d33a
d33c
d33e
d340

d342
d344
d346
d348

d34a
d34c
d34e
d350

d352
d354
d356
d358

d35a
d35c
d35e
d360

d362
d364
d366
d368

d36a
d36c
d36e
d370

d372
d374
d376
d378

d37a
d37c
d37e
d380

d382
d384
d386
d388

d38a
d38c
d38e
d390

d392
d394
d396
d398

d39a
d39c
d39e
d3a0

d3a2
d3a4
d3a6
d3a8

d3aa
d3ac
d3ae
d3b0

d3b2
d3b4
d3b6
d3b8

d3ba
d3bc
d3be
d3c0

d3c2
d3c4
d3c6
d3c8

d3ca
d3cc
d3ce
d3d0

d3d2
d3d4
d3d6
d3d8

d3da
d3dc
d3de
d3e0

d3e2
d3e4
d3e6
d3e8

d3ea
d3ec
d3ee
d3f0

d3f2
d3f4
d3f6
d3f8

d3fa
d3fc
d3fe
d400

d402
d404
d406
d408

d40a
d40c
d40e
d410

d412
d414
d416
d418

d41a
d41c
d41e
d420

d422
d424
d426
d428

d42a
d42c
d42e
d430

d432
d434
d436
d438

d43a
d43c
d43e
d440

d442
d444
d446
d448

d44a
d44c
d44e
d450

d452
d454
d456
d458

d45a
d45c
d45e
d460

d462
d464
d466
d468

d46a
d46c
d46e
d470

d472
d474
d476
d478

d47a
d47c
d47e
d480

d482
d484
d486
d488

d48a
d48c
d48e
d490

d492
d494
d496
d498

d49a
d49c
d49e
d4a0

d4a2
d4a4
d4a6
d4a8

d4aa
d4ac
d4ae
d4b0

d4b2
d4b4
d4b6
d4b8

d4ba
d4bc
d4be
d4c0

d4c2
d4c4
d4c6
d4c8

d4ca
d4cc
d4ce
d4d0

d4d2
d4d4
d4d6
d4d8

d4da
d4dc
d4de
d4e0

d4e2
d4e4
d4e6
d4e8

d4ea
d4ec
d4ee
d4f0

d4f2
d4f4
d4f6
d4f8

d4fa
d4fc
d4fe
d500

d502
d504
d506
d508

d50a
d50c
d50e
d510

d512
d514
d516
d518

d51a
d51c
d51e
d520

d522
d524
d526
d528

d52a
d52c
d52e
d530

d532
d534
d536
d538

d53a
d53c
d53e
d540

d542
d544
d546
d548

d54a
d54c
d54e
d550

d552
d554
d556
d558

d55a
d55c
d55e
d560

d562
d564
d566
d568

d56a
d56c
d56e
d570

d572
d574
d576
d578

d57a
d57c
d57e
d580

d582
d584
d586
d588

d58a
d58c
d58e
d590

d592
d594
d596
d598

d59a
d59c
d59e
d5a0

d5a2
d5a4
d5a6
d5a8

d5aa
d5ac
d5ae
d5b0

d5b2
d5b4
d5b6
d5b8

d5ba
d5bc
d5be
d5c0

d5c2
d5c4
d5c6
d5c8

d5ca
d5cc
d5ce
d5d0

d5d2
d5d4
d5d6
d5d8

d5da
d5dc
d5de
d5e0

d5e2
d5e4
d5e6
d5e8

d5ea
d5ec
d5ee
d5f0

d5f2
d5f4
d5f6
d5f8

d5fa
d5fc
d5fe
d600

d602
d604
d606
d608

d60a
d60c
d60e
d610

d612
d614
d616
d618

d61a
d61c
d61e
d620

d622
d624
d626
d628

d62a
d62c
d62e
d630

d632
d634
d636
d638

d63a
d63c
d63e
d640

d642
d644
d646
d648

d64a
d64c
d64e
d650

d652
d654
d656
d658

d65a
d65c
d65e
d660

d662
d664
d666
d668

d66a
d66c
d66e
d670

d672
d674
d676
d678

d67a
d67c
d67e
d680

d682
d684
d686
d688

d68a
d68c
d68e
d690

d692
d694
d696
d698

d69a
d69c
d69e
d6a0

d6a2
d6a4
d6a6
d6a8

d6aa
d6ac
d6ae
d6b0

d6b2
d6b4
d6b6
d6b8

d6ba
d6bc
d6be
d6c0

d6c2
d6c4
d6c6
d6c8

d6ca
d6cc
d6ce
d6d0

d6d2
d6d4
d6d6
d6d8

d6da
d6dc
d6de
d6e0

d6e2
d6e4
d6e6
d6e8

d6ea
d6ec
d6ee
d6f0

d6f2
d6f4
d6f6
d6f8

d6fa
d6fc
d6fe
d700

d702
d704
d706
d708

d70a
d70c
d70e
d710

d712
d714
d716
d718

d71a
d71c
d71e
d720

d722
d724
d726
d728

d72a
d72c
d72e
d730

d732
d734
d736
d738

d73a
d73c
d73e
d740

d742
d744
d746
d748

d74a
d74c
d74e
d750

d752
d754
d756
d758

d75a
d75c
d75e
d760

d762
d764
d766
d768

d76a
d76c
d76e
d770

d772
d774
d776
d778

d77a
d77c
d77e
d780

d782
d784
d786
d788

d78a
d78c
d78e
d790

d792
d794
d796
d798

d79a
d79c
d79e
d7a0

d7a2
d7a4
d7a6
d7a8

d7aa
d7ac
d7ae
d7b0

d7b2
d7b4
d7b6
d7b8

d7ba
d7bc
d7be
d7c0

d7c2
d7c4
d7c6
d7c8

d7ca
d7cc
d7ce
d7d0

d7d2
d7d4
d7d6
d7d8

d7da
d7dc
d7de
d7e0

d7e2
d7e4
d7e6
d7e8

d7ea
d7ec
d7ee
d7f0

d7f2
d7f4
d7f6
d7f8

d7fa
d7fc
d7fe
d800

d802
d804
d806
d808

d80a
d80c
d80e
d810

d812
d814
d816
d818

d81a
d81c
d81e
d820

d822
d824
d826
d828

d82a
d82c
d82e
d830

d832
d834
d836
d838

d83a
d83c
d83e
d840

d842
d844
d846
d848

d84a
d84c
d84e
d850

d852
d854
d856
d858

d85a
d85c
d85e
d860

d862
d864
d866
d868

d86a
d86c
d86e
d870

d872
d874
d876
d878

d87a
d87c
d87e
d880

d882
d884
d886
d888

d88a
d88c
d88e
d890

d892
d894
d896
d898

d89a
d89c
d89e
d8a0

d8a2
d8a4
d8a6
d8a8

d8aa
d8ac
d8ae
d8b0

d8b2
d8b4
d8b6
d8b8

d8ba
d8bc
d8be
d8c0

d8c2
d8c4
d8c6
d8c8

d8ca
d8cc
d8ce
d8d0

d8d2
d8d4
d8d6
d8d8

d8da
d8dc
d8de
d8e0

d8e2
d8e4
d8e6
d8e8

d8ea
d8ec
d8ee
d8f0

d8f2
d8f4
d8f6
d8f8

d8fa
d8fc
d8fe
d900

d902
d904
d906
d908

d90a
d90c
d90e
d910

d912
d914
d916
d918

d91a
d91c
d91e
d920

d922
d924
d926
d928

d92a
d92c
d92e
d930

d932
d934
d936
d938

d93a
d93c
d93e
d940

d942
d944
d946
d948

d94a
d94c
d94e
d950

d952
d954
d956
d958

d95a
d95c
d95e
d960

d962
d964
d966
d968

d96a
d96c
d96e
d970

d972
d974
d976
d978

d97a
d97c
d97e
d980

d982
d984
d986
d988

d98a
d98c
d98e
d990

d992
d994
d996
d998

d99a
d99c
d99e
d9a0

d9a2
d9a4
d9a6
d9a8

d9aa
d9ac
d9ae
d9b0

d9b2
d9b4
d9b6
d9b8

d9ba
d9bc
d9be
d9c0

d9c2
d9c4
d9c6
d9c8

d9ca
d9cc
d9ce
d9d0

d9d2
d9d4
d9d6
d9d8

d9da
d9dc
d9de
d9e0

d9e2
d9e4
d9e6
d9e8

d9ea
d9ec
d9ee
d9f0

d9f2
d9f4
d9f6
d9f8

d9fa
d9fc
d9fe
da00

da02
da04
da06
da08

da0a
da0c
da0e
da10

da12
da14
da16
da18

da1a
da1c
da1e
da20

da22
da24
da26
da28

da2a
da2c
da2e
da30

da32
da34
da36
da38

da3a
da3c
da3e
da40

da42
da44
da46
da48

da4a
da4c
da4e
da50

da52
da54
da56
da58

da5a
da5c
da5e
da60

da62
da64
da66
da68

da6a
da6c
da6e
da70

da72
da74
da76
da78

da7a
da7c
da7e
da80

da82
da84
da86
da88

da8a
da8c
da8e
da90

da92
da94
da96
da98

da9a
da9c
da9e
daa0

daa2
daa4
daa6
daa8

daaa
daac
daae
dab0

dab2
dab4
dab6
dab8

daba
dabc
dabe
dac0

dac2
dac4
dac6
dac8

daca
dacc
dace
dad0

dad2
dad4
dad6
dad8

dada
dadc
dade
dae0

dae2
dae4
dae6
dae8

daea
daec
daee
daf0

daf2
daf4
daf6
daf8

dafa
dafc
dafe
db00

db02
db04
db06
db08

db0a
db0c
db0e
db10

db12
db14
db16
db18

db1a
db1c
db1e
db20

db22
db24
db26
db28

db2a
db2c
db2e
db30

db32
db34
db36
db38

db3a
db3c
db3e
db40

db42
db44
db46
db48

db4a
db4c
db4e
db50

db52
db54
db56
db58

db5a
db5c
db5e
db60

db62
db64
db66
db68

db6a
db6c
db6e
db70

db72
db74
db76
db78

db7a
db7c
db7e
db80

db82
db84
db86
db88

db8a
db8c
db8e
db90

db92
db94
db96
db98

db9a
db9c
db9e
dba0

dba2
dba4
dba6
dba8

dbaa
dbac
dbae
dbb0

dbb2
dbb4
dbb6
dbb8

dbba
dbbc
dbbe
dbc0

dbc2
dbc4
dbc6
dbc8

dbca
dbcc
dbce
dbd0

dbd2
dbd4
dbd6
dbd8

dbda
dbdc
dbde
dbe0

dbe2
dbe4
dbe6
dbe8

dbea
dbec
dbee
dbf0

dbf2
dbf4
dbf6
dbf8

dbfa
dbfc
dbfe
dc00

dc02
dc04
dc06
dc08

dc0a
dc0c
dc0e
dc10

dc12
dc14
dc16
dc18

dc1a
dc1c
dc1e
dc20

dc22
dc24
dc26
dc28

dc2a
dc2c
dc2e
dc30

dc32
dc34
dc36
dc38

dc3a
dc3c
dc3e
dc40

dc42
dc44
dc46
dc48

dc4a
dc4c
dc4e
dc50

dc52
dc54
dc56
dc58

dc5a
dc5c
dc5e
dc60

dc62
dc64
dc66
dc68

dc6a
dc6c
dc6e
dc70

dc72
dc74
dc76
dc78

dc7a
dc7c
dc7e
dc80

dc82
dc84
dc86
dc88

dc8a
dc8c
dc8e
dc90

dc92
dc94
dc96
dc98

dc9a
dc9c
dc9e
dca0

dca2
dca4
dca6
dca8

dcaa
dcac
dcae
dcb0

dcb2
dcb4
dcb6
dcb8

dcba
dcbc
dcbe
dcc0

dcc2
dcc4
dcc6
dcc8

dcca
dccc
dcce
dcd0

dcd2
dcd4
dcd6
dcd8

dcda
dcdc
dcde
dce0

dce2
dce4
dce6
dce8

dcea
dcec
dcee
dcf0

dcf2
dcf4
dcf6
dcf8

dcfa
dcfc
dcfe
dd00

dd02
dd04
dd06
dd08

dd0a
dd0c
dd0e
dd10

dd12
dd14
dd16
dd18

dd1a
dd1c
dd1e
dd20

dd22
dd24
dd26
dd28

dd2a
dd2c
dd2e
dd30

dd32
dd34
dd36
dd38

dd3a
dd3c
dd3e
dd40

dd42
dd44
dd46
dd48

dd4a
dd4c
dd4e
dd50

dd52
dd54
dd56
dd58

dd5a
dd5c
dd5e
dd60

dd62
dd64
dd66
dd68

dd6a
dd6c
dd6e
dd70

dd72
dd74
dd76
dd78

dd7a
dd7c
dd7e
dd80

dd82
dd84
dd86
dd88

dd8a
dd8c
dd8e
dd90

dd92
dd94
dd96
dd98

dd9a
dd9c
dd9e
dda0

dda2
dda4
dda6
dda8

ddaa
ddac
ddae
ddb0

ddb2
ddb4
ddb6
ddb8

ddba
ddbc
ddbe
ddc0

ddc2
ddc4
ddc6
ddc8

ddca
ddcc
ddce
ddd0

ddd2
ddd4
ddd6
ddd8

ddda
dddc
ddde
dde0

dde2
dde4
dde6
dde8

ddea
ddec
ddee
ddf0

ddf2
ddf4
ddf6
ddf8

ddfa
ddfc
ddfe
de00

de02
de04
de06
de08

de0a
de0c
de0e
de10

de12
de14
de16
de18

de1a
de1c
de1e
de20

de22
de24
de26
de28

de2a
de2c
de2e
de30

de32
de34
de36
de38

de3a
de3c
de3e
de40

de42
de44
de46
de48

de4a
de4c
de4e
de50

de52
de54
de56
de58

de5a
de5c
de5e
de60

de62
de64
de66
de68

de6a
de6c
de6e
de70

de72
de74
de76
de78

de7a
de7c
de7e
de80

de82
de84
de86
de88

de8a
de8c
de8e
de90

de92
de94
de96
de98

de9a
de9c
de9e
dea0

dea2
dea4
dea6
dea8

deaa
deac
deae
deb0

deb2
deb4
deb6
deb8

deba
debc
debe
dec0

dec2
dec4
dec6
dec8

deca
decc
dece
ded0

ded2
ded4
ded6
ded8

deda
dedc
dede
dee0

dee2
dee4
dee6
dee8

deea
deec
deee
def0

def2
def4
def6
def8

defa
defc
defe
df00

df02
df04
df06
df08

df0a
df0c
df0e
df10

df12
df14
df16
df18

df1a
df1c
df1e
df20

df22
df24
df26
df28

df2a
df2c
df2e
df30

df32
df34
df36
df38

df3a
df3c
df3e
df40

df42
df44
df46
df48

df4a
df4c
df4e
df50

df52
df54
df56
df58

df5a
df5c
df5e
df60

df62
df64
df66
df68

df6a
df6c
df6e
df70

df72
df74
df76
df78

df7a
df7c
df7e
df80

df82
df84
df86
df88

df8a
df8c
df8e
df90

df92
df94
df96
df98

df9a
df9c
df9e
dfa0

dfa2
dfa4
dfa6
dfa8

dfaa
dfac
dfae
dfb0

dfb2
dfb4
dfb6
dfb8

dfba
dfbc
dfbe
dfc0

dfc2
dfc4
dfc6
dfc8

dfca
dfcc
dfce
dfd0

dfd2
dfd4
dfd6
dfd8

dfda
dfdc
dfde
dfe0

dfe2
dfe4
dfe6
dfe8

dfea
dfec
dfee
dff0

dff2
dff4
dff6
dff8

dffa
dffc
dffe
e000

e002
e004
e006
e008

e00a
e00c
e00e
e010

e012
e014
e016
e018

e01a
e01c
e01e
e020

e022
e024
e026
e028

e02a
e02c
e02e
e030

e032
e034
e036
e038

e03a
e03c
e03e
e040

e042
e044
e046
e048

e04a
e04c
e04e
e050

e052
e054
e056
e058

e05a
e05c
e05e
e060

e062
e064
e066
e068

e06a
e06c
e06e
e070

e072
e074
e076
e078

e07a
e07c
e07e
e080

e082
e084
e086
e088

e08a
e08c
e08e
e090

e092
e094
e096
e098

e09a
e09c
e09e
e0a0

e0a2
e0a4
e0a6
e0a8

e0aa
e0ac
e0ae
e0b0

e0b2
e0b4
e0b6
e0b8

e0ba
e0bc
e0be
e0c0

e0c2
e0c4
e0c6
e0c8

e0ca
e0cc
e0ce
e0d0

e0d2
e0d4
e0d6
e0d8

e0da
e0dc
e0de
e0e0

e0e2
e0e4
e0e6
e0e8

e0ea
e0ec
e0ee
e0f0

e0f2
e0f4
e0f6
e0f8

e0fa
e0fc
e0fe
e100

e102
e104
e106
e108

e10a
e10c
e10e
e110

e112
e114
e116
e118

e11a
e11c
e11e
e120

e122
e124
e126
e128

e12a
e12c
e12e
e130

e132
e134
e136
e138

e13a
e13c
e13e
e140

e142
e144
e146
e148

e14a
e14c
e14e
e150

e152
e154
e156
e158

e15a
e15c
e15e
e160

e162
e164
e166
e168

e16a
e16c
e16e
e170

e172
e174
e176
e178

e17a
e17c
e17e
e180

e182
e184
e186
e188

e18a
e18c
e18e
e190

e192
e194
e196
e198

e19a
e19c
e19e
e1a0

e1a2
e1a4
e1a6
e1a8

e1aa
e1ac
e1ae
e1b0

e1b2
e1b4
e1b6
e1b8

e1ba
e1bc
e1be
e1c0

e1c2
e1c4
e1c6
e1c8

e1ca
e1cc
e1ce
e1d0

e1d2
e1d4
e1d6
e1d8

e1da
e1dc
e1de
e1e0

e1e2
e1e4
e1e6
e1e8

e1ea
e1ec
e1ee
e1f0

e1f2
e1f4
e1f6
e1f8

e1fa
e1fc
e1fe
e200

e202
e204
e206
e208

e20a
e20c
e20e
e210

e212
e214
e216
e218

e21a
e21c
e21e
e220

e222
e224
e226
e228

e22a
e22c
e22e
e230

e232
e234
e236
e238

e23a
e23c
e23e
e240

e242
e244
e246
e248

e24a
e24c
e24e
e250

e252
e254
e256
e258

e25a
e25c
e25e
e260

e262
e264
e266
e268

e26a
e26c
e26e
e270

e272
e274
e276
e278

e27a
e27c
e27e
e280

e282
e284
e286
e288

e28a
e28c
e28e
e290

e292
e294
e296
e298

e29a
e29c
e29e
e2a0

e2a2
e2a4
e2a6
e2a8

e2aa
e2ac
e2ae
e2b0

e2b2
e2b4
e2b6
e2b8

e2ba
e2bc
e2be
e2c0

e2c2
e2c4
e2c6
e2c8

e2ca
e2cc
e2ce
e2d0

e2d2
e2d4
e2d6
e2d8

e2da
e2dc
e2de
e2e0

e2e2
e2e4
e2e6
e2e8

e2ea
e2ec
e2ee
e2f0

e2f2
e2f4
e2f6
e2f8

e2fa
e2fc
e2fe
e300

e302
e304
e306
e308

e30a
e30c
e30e
e310

e312
e314
e316
e318

e31a
e31c
e31e
e320

e322
e324
e326
e328

e32a
e32c
e32e
e330

e332
e334
e336
e338

e33a
e33c
e33e
e340

e342
e344
e346
e348

e34a
e34c
e34e
e350

e352
e354
e356
e358

e35a
e35c
e35e
e360

e362
e364
e366
e368

e36a
e36c
e36e
e370

e372
e374
e376
e378

e37a
e37c
e37e
e380

e382
e384
e386
e388

e38a
e38c
e38e
e390

e392
e394
e396
e398

e39a
e39c
e39e
e3a0

e3a2
e3a4
e3a6
e3a8

e3aa
e3ac
e3ae
e3b0

e3b2
e3b4
e3b6
e3b8

e3ba
e3bc
e3be
e3c0

e3c2
e3c4
e3c6
e3c8

e3ca
e3cc
e3ce
e3d0

e3d2
e3d4
e3d6
e3d8

e3da
e3dc
e3de
e3e0

e3e2
e3e4
e3e6
e3e8

e3ea
e3ec
e3ee
e3f0

e3f2
e3f4
e3f6
e3f8

e3fa
e3fc
e3fe
e400

e402
e404
e406
e408

e40a
e40c
e40e
e410

e412
e414
e416
e418

e41a
e41c
e41e
e420

e422
e424
e426
e428

e42a
e42c
e42e
e430

e432
e434
e436
e438

e43a
e43c
e43e
e440

e442
e444
e446
e448

e44a
e44c
e44e
e450

e452
e454
e456
e458

e45a
e45c
e45e
e460

e462
e464
e466
e468

e46a
e46c
e46e
e470

e472
e474
e476
e478

e47a
e47c
e47e
e480

e482
e484
e486
e488

e48a
e48c
e48e
e490

e492
e494
e496
e498

e49a
e49c
e49e
e4a0

e4a2
e4a4
e4a6
e4a8

e4aa
e4ac
e4ae
e4b0

e4b2
e4b4
e4b6
e4b8

e4ba
e4bc
e4be
e4c0

e4c2
e4c4
e4c6
e4c8

e4ca
e4cc
e4ce
e4d0

e4d2
e4d4
e4d6
e4d8

e4da
e4dc
e4de
e4e0

e4e2
e4e4
e4e6
e4e8

e4ea
e4ec
e4ee
e4f0

e4f2
e4f4
e4f6
e4f8

e4fa
e4fc
e4fe
e500

e502
e504
e506
e508

e50a
e50c
e50e
e510

e512
e514
e516
e518

e51a
e51c
e51e
e520

e522
e524
e526
e528

e52a
e52c
e52e
e530

e532
e534
e536
e538

e53a
e53c
e53e
e540

e542
e544
e546
e548

e54a
e54c
e54e
e550

e552
e554
e556
e558

e55a
e55c
e55e
e560

e562
e564
e566
e568

e56a
e56c
e56e
e570

e572
e574
e576
e578

e57a
e57c
e57e
e580

e582
e584
e586
e588

e58a
e58c
e58e
e590

e592
e594
e596
e598

e59a
e59c
e59e
e5a0

e5a2
e5a4
e5a6
e5a8

e5aa
e5ac
e5ae
e5b0

e5b2
e5b4
e5b6
e5b8

e5ba
e5bc
e5be
e5c0

e5c2
e5c4
e5c6
e5c8

e5ca
e5cc
e5ce
e5d0

e5d2
e5d4
e5d6
e5d8

e5da
e5dc
e5de
e5e0

e5e2
e5e4
e5e6
e5e8

e5ea
e5ec
e5ee
e5f0

e5f2
e5f4
e5f6
e5f8

e5fa
e5fc
e5fe
e600

e602
e604
e606
e608

e60a
e60c
e60e
e610

e612
e614
e616
e618

e61a
e61c
e61e
e620

e622
e624
e626
e628

e62a
e62c
e62e
e630

e632
e634
e636
e638

e63a
e63c
e63e
e640

e642
e644
e646
e648

e64a
e64c
e64e
e650

e652
e654
e656
e658

e65a
e65c
e65e
e660

e662
e664
e666
e668

e66a
e66c
e66e
e670

e672
e674
e676
e678

e67a
e67c
e67e
e680

e682
e684
e686
e688

e68a
e68c
e68e
e690

e692
e694
e696
e698

e69a
e69c
e69e
e6a0

e6a2
e6a4
e6a6
e6a8

e6aa
e6ac
e6ae
e6b0

e6b2
e6b4
e6b6
e6b8

e6ba
e6bc
e6be
e6c0

e6c2
e6c4
e6c6
e6c8

e6ca
e6cc
e6ce
e6d0

e6d2
e6d4
e6d6
e6d8

e6da
e6dc
e6de
e6e0

e6e2
e6e4
e6e6
e6e8

e6ea
e6ec
e6ee
e6f0

e6f2
e6f4
e6f6
e6f8

e6fa
e6fc
e6fe
e700

e702
e704
e706
e708

e70a
e70c
e70e
e710

e712
e714
e716
e718

e71a
e71c
e71e
e720

e722
e724
e726
e728

e72a
e72c
e72e
e730

e732
e734
e736
e738

e73a
e73c
e73e
e740

e742
e744
e746
e748

e74a
e74c
e74e
e750

e752
e754
e756
e758

e75a
e75c
e75e
e760

e762
e764
e766
e768

e76a
e76c
e76e
e770

e772
e774
e776
e778

e77a
e77c
e77e
e780

e782
e784
e786
e788

e78a
e78c
e78e
e790

e792
e794
e796
e798

e79a
e79c
e79e
e7a0

e7a2
e7a4
e7a6
e7a8

e7aa
e7ac
e7ae
e7b0

e7b2
e7b4
e7b6
e7b8

e7ba
e7bc
e7be
e7c0

e7c2
e7c4
e7c6
e7c8

e7ca
e7cc
e7ce
e7d0

e7d2
e7d4
e7d6
e7d8

e7da
e7dc
e7de
e7e0

e7e2
e7e4
e7e6
e7e8

e7ea
e7ec
e7ee
e7f0

e7f2
e7f4
e7f6
e7f8

e7fa
e7fc
e7fe
e800

e802
e804
e806
e808

e80a
e80c
e80e
e810

e812
e814
e816
e818

e81a
e81c
e81e
e820

e822
e824
e826
e828

e82a
e82c
e82e
e830

e832
e834
e836
e838

e83a
e83c
e83e
e840

e842
e844
e846
e848

e84a
e84c
e84e
e850

e852
e854
e856
e858

e85a
e85c
e85e
e860

e862
e864
e866
e868

e86a
e86c
e86e
e870

e872
e874
e876
e878

e87a
e87c
e87e
e880

e882
e884
e886
e888

e88a
e88c
e88e
e890

e892
e894
e896
e898

e89a
e89c
e89e
e8a0

e8a2
e8a4
e8a6
e8a8

e8aa
e8ac
e8ae
e8b0

e8b2
e8b4
e8b6
e8b8

e8ba
e8bc
e8be
e8c0

e8c2
e8c4
e8c6
e8c8

e8ca
e8cc
e8ce
e8d0

e8d2
e8d4
e8d6
e8d8

e8da
e8dc
e8de
e8e0

e8e2
e8e4
e8e6
e8e8

e8ea
e8ec
e8ee
e8f0

e8f2
e8f4
e8f6
e8f8

e8fa
e8fc
e8fe
e900

e902
e904
e906
e908

e90a
e90c
e90e
e910

e912
e914
e916
e918

e91a
e91c
e91e
e920

e922
e924
e926
e928

e92a
e92c
e92e
e930

e932
e934
e936
e938

e93a
e93c
e93e
e940

e942
e944
e946
e948

e94a
e94c
e94e
e950

e952
e954
e956
e958

e95a
e95c
e95e
e960

e962
e964
e966
e968

e96a
e96c
e96e
e970

e972
e974
e976
e978

e97a
e97c
e97e
e980

e982
e984
e986
e988

e98a
e98c
e98e
e990

e992
e994
e996
e998

e99a
e99c
e99e
e9a0

e9a2
e9a4
e9a6
e9a8

e9aa
e9ac
e9ae
e9b0

e9b2
e9b4
e9b6
e9b8

e9ba
e9bc
e9be
e9c0

e9c2
e9c4
e9c6
e9c8

e9ca
e9cc
e9ce
e9d0

e9d2
e9d4
e9d6
e9d8

e9da
e9dc
e9de
e9e0

e9e2
e9e4
e9e6
e9e8

e9ea
e9ec
e9ee
e9f0

e9f2
e9f4
e9f6
e9f8

e9fa
e9fc
e9fe
ea00

ea02
ea04
ea06
ea08

ea0a
ea0c
ea0e
ea10

ea12
ea14
ea16
ea18

ea1a
ea1c
ea1e
ea20

ea22
ea24
ea26
ea28

ea2a
ea2c
ea2e
ea30

ea32
ea34
ea36
ea38

ea3a
ea3c
ea3e
ea40

ea42
ea44
ea46
ea48

ea4a
ea4c
ea4e
ea50

ea52
ea54
ea56
ea58

ea5a
ea5c
ea5e
ea60

ea62
ea64
ea66
ea68

ea6a
ea6c
ea6e
ea70

ea72
ea74
ea76
ea78

ea7a
ea7c
ea7e
ea80

ea82
ea84
ea86
ea88

ea8a
ea8c
ea8e
ea90

ea92
ea94
ea96
ea98

ea9a
ea9c
ea9e
eaa0

eaa2
eaa4
eaa6
eaa8

eaaa
eaac
eaae
eab0

eab2
eab4
eab6
eab8

eaba
eabc
eabe
eac0

eac2
eac4
eac6
eac8

eaca
eacc
eace
ead0

ead2
ead4
ead6
ead8

eada
eadc
eade
eae0

eae2
eae4
eae6
eae8

eaea
eaec
eaee
eaf0

eaf2
eaf4
eaf6
eaf8

eafa
eafc
eafe
eb00

eb02
eb04
eb06
eb08

eb0a
eb0c
eb0e
eb10

eb12
eb14
eb16
eb18

eb1a
eb1c
eb1e
eb20

eb22
eb24
eb26
eb28

eb2a
eb2c
eb2e
eb30

eb32
eb34
eb36
eb38

eb3a
eb3c
eb3e
eb40

eb42
eb44
eb46
eb48

eb4a
eb4c
eb4e
eb50

eb52
eb54
eb56
eb58

eb5a
eb5c
eb5e
eb60

eb62
eb64
eb66
eb68

eb6a
eb6c
eb6e
eb70

eb72
eb74
eb76
eb78

eb7a
eb7c
eb7e
eb80

eb82
eb84
eb86
eb88

eb8a
eb8c
eb8e
eb90

eb92
eb94
eb96
eb98

eb9a
eb9c
eb9e
eba0

eba2
eba4
eba6
eba8

ebaa
ebac
ebae
ebb0

ebb2
ebb4
ebb6
ebb8

ebba
ebbc
ebbe
ebc0

ebc2
ebc4
ebc6
ebc8

ebca
ebcc
ebce
ebd0

ebd2
ebd4
ebd6
ebd8

ebda
ebdc
ebde
ebe0

ebe2
ebe4
ebe6
ebe8

ebea
ebec
ebee
ebf0

ebf2
ebf4
ebf6
ebf8

ebfa
ebfc
ebfe
ec00

ec02
ec04
ec06
ec08

ec0a
ec0c
ec0e
ec10

ec12
ec14
ec16
ec18

ec1a
ec1c
ec1e
ec20

ec22
ec24
ec26
ec28

ec2a
ec2c
ec2e
ec30

ec32
ec34
ec36
ec38

ec3a
ec3c
ec3e
ec40

ec42
ec44
ec46
ec48

ec4a
ec4c
ec4e
ec50

ec52
ec54
ec56
ec58

ec5a
ec5c
ec5e
ec60

ec62
ec64
ec66
ec68

ec6a
ec6c
ec6e
ec70

ec72
ec74
ec76
ec78

ec7a
ec7c
ec7e
ec80

ec82
ec84
ec86
ec88

ec8a
ec8c
ec8e
ec90

ec92
ec94
ec96
ec98

ec9a
ec9c
ec9e
eca0

eca2
eca4
eca6
eca8

ecaa
ecac
ecae
ecb0

ecb2
ecb4
ecb6
ecb8

ecba
ecbc
ecbe
ecc0

ecc2
ecc4
ecc6
ecc8

ecca
eccc
ecce
ecd0

ecd2
ecd4
ecd6
ecd8

ecda
ecdc
ecde
ece0

ece2
ece4
ece6
ece8

ecea
ecec
ecee
ecf0

ecf2
ecf4
ecf6
ecf8

ecfa
ecfc
ecfe
ed00

ed02
ed04
ed06
ed08

ed0a
ed0c
ed0e
ed10

ed12
ed14
ed16
ed18

ed1a
ed1c
ed1e
ed20

ed22
ed24
ed26
ed28

ed2a
ed2c
ed2e
ed30

ed32
ed34
ed36
ed38

ed3a
ed3c
ed3e
ed40

ed42
ed44
ed46
ed48

ed4a
ed4c
ed4e
ed50

ed52
ed54
ed56
ed58

ed5a
ed5c
ed5e
ed60

ed62
ed64
ed66
ed68

ed6a
ed6c
ed6e
ed70

ed72
ed74
ed76
ed78

ed7a
ed7c
ed7e
ed80

ed82
ed84
ed86
ed88

ed8a
ed8c
ed8e
ed90

ed92
ed94
ed96
ed98

ed9a
ed9c
ed9e
eda0

eda2
eda4
eda6
eda8

edaa
edac
edae
edb0

edb2
edb4
edb6
edb8

edba
edbc
edbe
edc0

edc2
edc4
edc6
edc8

edca
edcc
edce
edd0

edd2
edd4
edd6
edd8

edda
eddc
edde
ede0

ede2
ede4
ede6
ede8

edea
edec
edee
edf0

edf2
edf4
edf6
edf8

edfa
edfc
edfe
ee00

ee02
ee04
ee06
ee08

ee0a
ee0c
ee0e
ee10

ee12
ee14
ee16
ee18

ee1a
ee1c
ee1e
ee20

ee22
ee24
ee26
ee28

ee2a
ee2c
ee2e
ee30

ee32
ee34
ee36
ee38

ee3a
ee3c
ee3e
ee40

ee42
ee44
ee46
ee48

ee4a
ee4c
ee4e
ee50

ee52
ee54
ee56
ee58

ee5a
ee5c
ee5e
ee60

ee62
ee64
ee66
ee68

ee6a
ee6c
ee6e
ee70

ee72
ee74
ee76
ee78

ee7a
ee7c
ee7e
ee80

ee82
ee84
ee86
ee88

ee8a
ee8c
ee8e
ee90

ee92
ee94
ee96
ee98

ee9a
ee9c
ee9e
eea0

eea2
eea4
eea6
eea8

eeaa
eeac
eeae
eeb0

eeb2
eeb4
eeb6
eeb8

eeba
eebc
eebe
eec0

eec2
eec4
eec6
eec8

eeca
eecc
eece
eed0

eed2
eed4
eed6
eed8

eeda
eedc
eede
eee0

eee2
eee4
eee6
eee8

eeea
eeec
eeee
eef0

eef2
eef4
eef6
eef8

eefa
eefc
eefe
ef00

ef02
ef04
ef06
ef08

ef0a
ef0c
ef0e
ef10

ef12
ef14
ef16
ef18

ef1a
ef1c
ef1e
ef20

ef22
ef24
ef26
ef28

ef2a
ef2c
ef2e
ef30

ef32
ef34
ef36
ef38

ef3a
ef3c
ef3e
ef40

ef42
ef44
ef46
ef48

ef4a
ef4c
ef4e
ef50

ef52
ef54
ef56
ef58

ef5a
ef5c
ef5e
ef60

ef62
ef64
ef66
ef68

ef6a
ef6c
ef6e
ef70

ef72
ef74
ef76
ef78

ef7a
ef7c
ef7e
ef80

ef82
ef84
ef86
ef88

ef8a
ef8c
ef8e
ef90

ef92
ef94
ef96
ef98

ef9a
ef9c
ef9e
efa0

efa2
efa4
efa6
efa8

efaa
efac
efae
efb0

efb2
efb4
efb6
efb8

efba
efbc
efbe
efc0

efc2
efc4
efc6
efc8

efca
efcc
efce
efd0

efd2
efd4
efd6
efd8

efda
efdc
efde
efe0

efe2
efe4
efe6
efe8

efea
efec
efee
eff0

eff2
eff4
eff6
eff8

effa
effc
effe
f000

f002
f004
f006
f008

f00a
f00c
f00e
f010

f012
f014
f016
f018

f01a
f01c
f01e
f020

f022
f024
f026
f028

f02a
f02c
f02e
f030

f032
f034
f036
f038

f03a
f03c
f03e
f040

f042
f044
f046
f048

f04a
f04c
f04e
f050

f052
f054
f056
f058

f05a
f05c
f05e
f060

f062
f064
f066
f068

f06a
f06c
f06e
f070

f072
f074
f076
f078

f07a
f07c
f07e
f080

f082
f084
f086
f088

f08a
f08c
f08e
f090

f092
f094
f096
f098

f09a
f09c
f09e
f0a0

f0a2
f0a4
f0a6
f0a8

f0aa
f0ac
f0ae
f0b0

f0b2
f0b4
f0b6
f0b8

f0ba
f0bc
f0be
f0c0

f0c2
f0c4
f0c6
f0c8

f0ca
f0cc
f0ce
f0d0

f0d2
f0d4
f0d6
f0d8

f0da
f0dc
f0de
f0e0

f0e2
f0e4
f0e6
f0e8

f0ea
f0ec
f0ee
f0f0

f0f2
f0f4
f0f6
f0f8

f0fa
f0fc
f0fe
f100

f102
f104
f106
f108

f10a
f10c
f10e
f110

f112
f114
f116
f118

f11a
f11c
f11e
f120

f122
f124
f126
f128

f12a
f12c
f12e
f130

f132
f134
f136
f138

f13a
f13c
f13e
f140

f142
f144
f146
f148

f14a
f14c
f14e
f150

f152
f154
f156
f158

f15a
f15c
f15e
f160

f162
f164
f166
f168

f16a
f16c
f16e
f170

f172
f174
f176
f178

f17a
f17c
f17e
f180

f182
f184
f186
f188

f18a
f18c
f18e
f190

f192
f194
f196
f198

f19a
f19c
f19e
f1a0

f1a2
f1a4
f1a6
f1a8

f1aa
f1ac
f1ae
f1b0

f1b2
f1b4
f1b6
f1b8

f1ba
f1bc
f1be
f1c0

f1c2
f1c4
f1c6
f1c8

f1ca
f1cc
f1ce
f1d0

f1d2
f1d4
f1d6
f1d8

f1da
f1dc
f1de
f1e0

f1e2
f1e4
f1e6
f1e8

f1ea
f1ec
f1ee
f1f0

f1f2
f1f4
f1f6
f1f8

f1fa
f1fc
f1fe
f200

f202
f204
f206
f208

f20a
f20c
f20e
f210

f212
f214
f216
f218

f21a
f21c
f21e
f220

f222
f224
f226
f228

f22a
f22c
f22e
f230

f232
f234
f236
f238

f23a
f23c
f23e
f240

f242
f244
f246
f248

f24a
f24c
f24e
f250

f252
f254
f256
f258

f25a
f25c
f25e
f260

f262
f264
f266
f268

f26a
f26c
f26e
f270

f272
f274
f276
f278

f27a
f27c
f27e
f280

f282
f284
f286
f288

f28a
f28c
f28e
f290

f292
f294
f296
f298

f29a
f29c
f29e
f2a0

f2a2
f2a4
f2a6
f2a8

f2aa
f2ac
f2ae
f2b0

f2b2
f2b4
f2b6
f2b8

f2ba
f2bc
f2be
f2c0

f2c2
f2c4
f2c6
f2c8

f2ca
f2cc
f2ce
f2d0

f2d2
f2d4
f2d6
f2d8

f2da
f2dc
f2de
f2e0

f2e2
f2e4
f2e6
f2e8

f2ea
f2ec
f2ee
f2f0

f2f2
f2f4
f2f6
f2f8

f2fa
f2fc
f2fe
f300

f302
f304
f306
f308

f30a
f30c
f30e
f310

f312
f314
f316
f318

f31a
f31c
f31e
f320

f322
f324
f326
f328

f32a
f32c
f32e
f330

f332
f334
f336
f338

f33a
f33c
f33e
f340

f342
f344
f346
f348

f34a
f34c
f34e
f350

f352
f354
f356
f358

f35a
f35c
f35e
f360

f362
f364
f366
f368

f36a
f36c
f36e
f370

f372
f374
f376
f378

f37a
f37c
f37e
f380

f382
f384
f386
f388

f38a
f38c
f38e
f390

f392
f394
f396
f398

f39a
f39c
f39e
f3a0

f3a2
f3a4
f3a6
f3a8

f3aa
f3ac
f3ae
f3b0

f3b2
f3b4
f3b6
f3b8

f3ba
f3bc
f3be
f3c0

f3c2
f3c4
f3c6
f3c8

f3ca
f3cc
f3ce
f3d0

f3d2
f3d4
f3d6
f3d8

f3da
f3dc
f3de
f3e0

f3e2
f3e4
f3e6
f3e8

f3ea
f3ec
f3ee
f3f0

f3f2
f3f4
f3f6
f3f8

f3fa
f3fc
f3fe
f400

f402
f404
f406
f408

f40a
f40c
f40e
f410

f412
f414
f416
f418

f41a
f41c
f41e
f420

f422
f424
f426
f428

f42a
f42c
f42e
f430

f432
f434
f436
f438

f43a
f43c
f43e
f440

f442
f444
f446
f448

f44a
f44c
f44e
f450

f452
f454
f456
f458

f45a
f45c
f45e
f460

f462
f464
f466
f468

f46a
f46c
f46e
f470

f472
f474
f476
f478

f47a
f47c
f47e
f480

f482
f484
f486
f488

f48a
f48c
f48e
f490

f492
f494
f496
f498

f49a
f49c
f49e
f4a0

f4a2
f4a4
f4a6
f4a8

f4aa
f4ac
f4ae
f4b0

f4b2
f4b4
f4b6
f4b8

f4ba
f4bc
f4be
f4c0

f4c2
f4c4
f4c6
f4c8

f4ca
f4cc
f4ce
f4d0

f4d2
f4d4
f4d6
f4d8

f4da
f4dc
f4de
f4e0

f4e2
f4e4
f4e6
f4e8

f4ea
f4ec
f4ee
f4f0

f4f2
f4f4
f4f6
f4f8

f4fa
f4fc
f4fe
f500

f502
f504
f506
f508

f50a
f50c
f50e
f510

f512
f514
f516
f518

f51a
f51c
f51e
f520

f522
f524
f526
f528

f52a
f52c
f52e
f530

f532
f534
f536
f538

f53a
f53c
f53e
f540

f542
f544
f546
f548

f54a
f54c
f54e
f550

f552
f554
f556
f558

f55a
f55c
f55e
f560

f562
f564
f566
f568

f56a
f56c
f56e
f570

f572
f574
f576
f578

f57a
f57c
f57e
f580

f582
f584
f586
f588

f58a
f58c
f58e
f590

f592
f594
f596
f598

f59a
f59c
f59e
f5a0

f5a2
f5a4
f5a6
f5a8

f5aa
f5ac
f5ae
f5b0

f5b2
f5b4
f5b6
f5b8

f5ba
f5bc
f5be
f5c0

f5c2
f5c4
f5c6
f5c8

f5ca
f5cc
f5ce
f5d0

f5d2
f5d4
f5d6
f5d8

f5da
f5dc
f5de
f5e0

f5e2
f5e4
f5e6
f5e8

f5ea
f5ec
f5ee
f5f0

f5f2
f5f4
f5f6
f5f8

f5fa
f5fc
f5fe
f600

f602
f604
f606
f608

f60a
f60c
f60e
f610

f612
f614
f616
f618

f61a
f61c
f61e
f620

f622
f624
f626
f628

f62a
f62c
f62e
f630

f632
f634
f636
f638

f63a
f63c
f63e
f640

f642
f644
f646
f648

f64a
f64c
f64e
f650

f652
f654
f656
f658

f65a
f65c
f65e
f660

f662
f664
f666
f668

f66a
f66c
f66e
f670

f672
f674
f676
f678

f67a
f67c
f67e
f680

f682
f684
f686
f688

f68a
f68c
f68e
f690

f692
f694
f696
f698

f69a
f69c
f69e
f6a0

f6a2
f6a4
f6a6
f6a8

f6aa
f6ac
f6ae
f6b0

f6b2
f6b4
f6b6
f6b8

f6ba
f6bc
f6be
f6c0

f6c2
f6c4
f6c6
f6c8

f6ca
f6cc
f6ce
f6d0

f6d2
f6d4
f6d6
f6d8

f6da
f6dc
f6de
f6e0

f6e2
f6e4
f6e6
f6e8

f6ea
f6ec
f6ee
f6f0

f6f2
f6f4
f6f6
f6f8

f6fa
f6fc
f6fe
f700

f702
f704
f706
f708

f70a
f70c
f70e
f710

f712
f714
f716
f718

f71a
f71c
f71e
f720

f722
f724
f726
f728

f72a
f72c
f72e
f730

f732
f734
f736
f738

f73a
f73c
f73e
f740

f742
f744
f746
f748

f74a
f74c
f74e
f750

f752
f754
f756
f758

f75a
f75c
f75e
f760

f762
f764
f766
f768

f76a
f76c
f76e
f770

f772
f774
f776
f778

f77a
f77c
f77e
f780

f782
f784
f786
f788

f78a
f78c
f78e
f790

f792
f794
f796
f798

f79a
f79c
f79e
f7a0

f7a2
f7a4
f7a6
f7a8

f7aa
f7ac
f7ae
f7b0

f7b2
f7b4
f7b6
f7b8

f7ba
f7bc
f7be
f7c0

f7c2
f7c4
f7c6
f7c8

f7ca
f7cc
f7ce
f7d0

f7d2
f7d4
f7d6
f7d8

f7da
f7dc
f7de
f7e0

f7e2
f7e4
f7e6
f7e8

f7ea
f7ec
f7ee
f7f0

f7f2
f7f4
f7f6
f7f8

f7fa
f7fc
f7fe
f800

f802
f804
f806
f808

f80a
f80c
f80e
f810

f812
f814
f816
f818

f81a
f81c
f81e
f820

f822
f824
f826
f828

f82a
f82c
f82e
f830

f832
f834
f836
f838

f83a
f83c
f83e
f840

f842
f844
f846
f848

f84a
f84c
f84e
f850

f852
f854
f856
f858

f85a
f85c
f85e
f860

f862
f864
f866
f868

f86a
f86c
f86e
f870

f872
f874
f876
f878

f87a
f87c
f87e
f880

f882
f884
f886
f888

f88a
f88c
f88e
f890

f892
f894
f896
f898

f89a
f89c
f89e
f8a0

f8a2
f8a4
f8a6
f8a8

f8aa
f8ac
f8ae
f8b0

f8b2
f8b4
f8b6
f8b8

f8ba
f8bc
f8be
f8c0

f8c2
f8c4
f8c6
f8c8

f8ca
f8cc
f8ce
f8d0

f8d2
f8d4
f8d6
f8d8

f8da
f8dc
f8de
f8e0

f8e2
f8e4
f8e6
f8e8

f8ea
f8ec
f8ee
f8f0

f8f2
f8f4
f8f6
f8f8

f8fa
f8fc
f8fe
f900

f902
f904
f906
f908

f90a
f90c
f90e
f910

f912
f914
f916
f918

f91a
f91c
f91e
f920

f922
f924
f926
f928

f92a
f92c
f92e
f930

f932
f934
f936
f938

f93a
f93c
f93e
f940

f942
f944
f946
f948

f94a
f94c
f94e
f950

f952
f954
f956
f958

f95a
f95c
f95e
f960

f962
f964
f966
f968

f96a
f96c
f96e
f970

f972
f974
f976
f978

f97a
f97c
f97e
f980

f982
f984
f986
f988

f98a
f98c
f98e
f990

f992
f994
f996
f998

f99a
f99c
f99e
f9a0

f9a2
f9a4
f9a6
f9a8

f9aa
f9ac
f9ae
f9b0

f9b2
f9b4
f9b6
f9b8

f9ba
f9bc
f9be
f9c0

f9c2
f9c4
f9c6
f9c8

f9ca
f9cc
f9ce
f9d0

f9d2
f9d4
f9d6
f9d8

f9da
f9dc
f9de
f9e0

f9e2
f9e4
f9e6
f9e8

f9ea
f9ec
f9ee
f9f0

f9f2
f9f4
f9f6
f9f8

f9fa
f9fc
f9fe
fa00

fa02
fa04
fa06
fa08

fa0a
fa0c
fa0e
fa10

fa12
fa14
fa16
fa18

fa1a
fa1c
fa1e
fa20

fa22
fa24
fa26
fa28

fa2a
fa2c
fa2e
fa30

fa32
fa34
fa36
fa38

fa3a
fa3c
fa3e
fa40

fa42
fa44
fa46
fa48

fa4a
fa4c
fa4e
fa50

fa52
fa54
fa56
fa58

fa5a
fa5c
fa5e
fa60

fa62
fa64
fa66
fa68

fa6a
fa6c
fa6e
fa70

fa72
fa74
fa76
fa78

fa7a
fa7c
fa7e
fa80

fa82
fa84
fa86
fa88

fa8a
fa8c
fa8e
fa90

fa92
fa94
fa96
fa98

fa9a
fa9c
fa9e
faa0

faa2
faa4
faa6
faa8

faaa
faac
faae
fab0

fab2
fab4
fab6
fab8

faba
fabc
fabe
fac0

fac2
fac4
fac6
fac8

faca
facc
face
fad0

fad2
fad4
fad6
fad8

fada
fadc
fade
fae0

fae2
fae4
fae6
fae8

faea
faec
faee
faf0

faf2
faf4
faf6
faf8

fafa
fafc
fafe
fb00

fb02
fb04
fb06
fb08

fb0a
fb0c
fb0e
fb10

fb12
fb14
fb16
fb18

fb1a
fb1c
fb1e
fb20

fb22
fb24
fb26
fb28

fb2a
fb2c
fb2e
fb30

fb32
fb34
fb36
fb38

fb3a
fb3c
fb3e
fb40

fb42
fb44
fb46
fb48

fb4a
fb4c
fb4e
fb50

fb52
fb54
fb56
fb58

fb5a
fb5c
fb5e
fb60

fb62
fb64
fb66
fb68

fb6a
fb6c
fb6e
fb70

fb72
fb74
fb76
fb78

fb7a
fb7c
fb7e
fb80

fb82
fb84
fb86
fb88

fb8a
fb8c
fb8e
fb90

fb92
fb94
fb96
fb98

fb9a
fb9c
fb9e
fba0

fba2
fba4
fba6
fba8

fbaa
fbac
fbae
fbb0

fbb2
fbb4
fbb6
fbb8

fbba
fbbc
fbbe
fbc0

fbc2
fbc4
fbc6
fbc8

fbca
fbcc
fbce
fbd0

fbd2
fbd4
fbd6
fbd8

fbda
fbdc
fbde
fbe0

fbe2
fbe4
fbe6
fbe8

fbea
fbec
fbee
fbf0

fbf2
fbf4
fbf6
fbf8

fbfa
fbfc
fbfe
fc00

fc02
fc04
fc06
fc08

fc0a
fc0c
fc0e
fc10

fc12
fc14
fc16
fc18

fc1a
fc1c
fc1e
fc20

fc22
fc24
fc26
fc28

fc2a
fc2c
fc2e
fc30

fc32
fc34
fc36
fc38

fc3a
fc3c
fc3e
fc40

fc42
fc44
fc46
fc48

fc4a
fc4c
fc4e
fc50

fc52
fc54
fc56
fc58

fc5a
fc5c
fc5e
fc60

fc62
fc64
fc66
fc68

fc6a
fc6c
fc6e
fc70

fc72
fc74
fc76
fc78

fc7a
fc7c
fc7e
fc80

fc82
fc84
fc86
fc88

fc8a
fc8c
fc8e
fc90

fc92
fc94
fc96
fc98

fc9a
fc9c
fc9e
fca0

fca2
fca4
fca6
fca8

fcaa
fcac
fcae
fcb0

fcb2
fcb4
fcb6
fcb8

fcba
fcbc
fcbe
fcc0

fcc2
fcc4
fcc6
fcc8

fcca
fccc
fcce
fcd0

fcd2
fcd4
fcd6
fcd8

fcda
fcdc
fcde
fce0

fce2
fce4
fce6
fce8

fcea
fcec
fcee
fcf0

fcf2
fcf4
fcf6
fcf8

fcfa
fcfc
fcfe
fd00

fd02
fd04
fd06
fd08

fd0a
fd0c
fd0e
fd10

fd12
fd14
fd16
fd18

fd1a
fd1c
fd1e
fd20

fd22
fd24
fd26
fd28

fd2a
fd2c
fd2e
fd30

fd32
fd34
fd36
fd38

fd3a
fd3c
fd3e
fd40

fd42
fd44
fd46
fd48

fd4a
fd4c
fd4e
fd50

fd52
fd54
fd56
fd58

fd5a
fd5c
fd5e
fd60

fd62
fd64
fd66
fd68

fd6a
fd6c
fd6e
fd70

fd72
fd74
fd76
fd78

fd7a
fd7c
fd7e
fd80

fd82
fd84
fd86
fd88

fd8a
fd8c
fd8e
fd90

fd92
fd94
fd96
fd98

fd9a
fd9c
fd9e
fda0

fda2
fda4
fda6
fda8

fdaa
fdac
fdae
fdb0

fdb2
fdb4
fdb6
fdb8

fdba
fdbc
fdbe
fdc0

fdc2
fdc4
fdc6
fdc8

fdca
fdcc
fdce
fdd0

fdd2
fdd4
fdd6
fdd8

fdda
fddc
fdde
fde0

fde2
fde4
fde6
fde8

fdea
fdec
fdee
fdf0

fdf2
fdf4
fdf6
fdf8

fdfa
fdfc
fdfe
fe00

fe02
fe04
fe06
fe08

fe0a
fe0c
fe0e
fe10

fe12
fe14
fe16
fe18

fe1a
fe1c
fe1e
fe20

fe22
fe24
fe26
fe28

fe2a
fe2c
fe2e
fe30

fe32
fe34
fe36
fe38

fe3a
fe3c
fe3e
fe40

fe42
fe44
fe46
fe48

fe4a
fe4c
fe4e
fe50

fe52
fe54
fe56
fe58

fe5a
fe5c
fe5e
fe60

fe62
fe64
fe66
fe68

fe6a
fe6c
fe6e
fe70

fe72
fe74
fe76
fe78

fe7a
fe7c
fe7e
fe80

fe82
fe84
fe86
fe88

fe8a
fe8c
fe8e
fe90

fe92
fe94
fe96
fe98

fe9a
fe9c
fe9e
fea0

fea2
fea4
fea6
fea8

feaa
feac
feae
feb0

feb2
feb4
feb6
feb8

feba
febc
febe
fec0

fec2
fec4
fec6
fec8

feca
fecc
fece
fed0

fed2
fed4
fed6
fed8

feda
fedc
fede
fee0

fee2
fee4
fee6
fee8

feea
feec
feee
fef0

fef2
fef4
fef6
fef8

fefa
fefc
fefe
ff00

ff02
ff04
ff06
ff08

ff0a
ff0c
ff0e
ff10

ff12
ff14
ff16
ff18

ff1a
ff1c
ff1e
ff20

ff22
ff24
ff26
ff28

ff2a
ff2c
ff2e
ff30

ff32
ff34
ff36
ff38

ff3a
ff3c
ff3e
ff40

ff42
ff44
ff46
ff48

ff4a
ff4c
ff4e
ff50

ff52
ff54
ff56
ff58

ff5a
ff5c
ff5e
ff60

ff62
ff64
ff66
ff68

ff6a
ff6c
ff6e
ff70

ff72
ff74
ff76
ff78

ff7a
ff7c
ff7e
ff80

ff82
ff84
ff86
ff88

ff8a
ff8c
ff8e
ff90

ff92
ff94
ff96
ff98

ff9a
ff9c
ff9e
ffa0

ffa2
ffa4
ffa6
ffa8

ffaa
ffac
ffae
ffb0

ffb2
ffb4
ffb6
ffb8

ffba
ffbc
ffbe
ffc0

ffc2
ffc4
ffc6
ffc8

ffca
ffcc
ffce
ffd0

ffd2
ffd4
ffd6
ffd8

ffda
ffdc
ffde
ffe0

ffe2
ffe4
ffe6
ffe8

ffea
ffec
ffee
fff0

fff2
fff4
fff6
fff8

fffa
fffc
fffe
0000

0002
0004
0006
0008

000a
000c
000e
0010

0012
0014
0016
0018

001a
001c
001e
0020

0022
0024
0026
0028

002a
002c
002e
0030

0032
0034
0036
0038

003a
003c
003e
0040

0042
0044
0046
0048

004a
004c
004e
0050

0052
0054
0056
0058

005a
005c
005e
0060

0062
0064
0066
0068

006a
006c
006e
0070

0072
0074
0076
0078

007a
007c
007e
0080

0082
0084
0086
0088

008a
008c
008e
0090

0092
0094
0096
0098

009a
009c
009e
00a0

00a2
00a4
00a6
00a8

00aa
00ac
00ae
00b0

00b2
00b4
00b6
00b8

00ba
00bc
00be
00c0

00c2
00c4
00c6
00c8

00ca
00cc
00ce
00d0

00d2
00d4
00d6
00d8

00da
00dc
00de
00e0

00e2
00e4
00e6
00e8

00ea
00ec
00ee
00f0

00f2
00f4
00f6
00f8

00fa
00fc
00fe
0100

0102
0104
0106
0108

010a
010c
010e
0110

0112
0114
0116
0118

011a
011c
011e
0120

0122
0124
0126
0128

012a
012c
012e
0130

0132
0134
0136
0138

013a
013c
013e
0140

0142
0144
0146
0148

014a
014c
014e
0150

0152
0154
0156
0158

015a
015c
015e
0160

0162
0164
0166
0168

016a
016c
016e
0170

0172
0174
0176
0178

017a
017c
017e
0180

0182
0184
0186
0188

018a
018c
018e
0190

0192
0194
0196
0198

019a
019c
019e
01a0

01a2
01a4
01a6
01a8

01aa
01ac
01ae
01b0

01b2
01b4
01b6
01b8

01ba
01bc
01be
01c0

01c2
01c4
01c6
01c8

01ca
01cc
01ce
01d0

01d2
01d4
01d6
01d8

01da
01dc
01de
01e0

