0000
0000
0000
0000

0000
0002
0002
0002

0002
0002
0004
0006

0008
000a
000c
000e

0010
0012
0014
0016

0018
001a
001c
001e

0020
0022
0024
0026

0028
002a
002c
002e

0030
0032
0034
0036

0038
003a
003c
003e

0040
0042
0044
0046

0048
004a
004c
004e

0050
0052
0054
0056

0058
005a
005c
005e

0060
0062
0064
0066

0068
006a
006c
006e

0070
0072
0074
0076

0078
007a
007c
007e

0080
0082
0084
0086

0088
008a
008c
008e

0090
0092
0094
0096

0098
009a
009c
009e

00a0
00a2
00a4
00a6

00a8
00aa
00ac
00ae

00b0
00b2
00b4
00b6

00b8
00ba
00bc
00be

00c0
00c2
00c4
00c6

00c8
00ca
00cc
00ce

00d0
00d2
00d4
00d6

00d8
00da
00dc
00de

00e0
00e2
00e4
00e6

00e8
00ea
00ec
00ee

00f0
00f2
00f4
00f6

00f8
00fa
00fc
00fe

0100
0102
0104
0106

0108
010a
010c
010e

0110
0112
0114
0116

0118
011a
011c
011e

0120
0122
0124
0126

0128
012a
012c
012e

0130
0132
0134
0136

0138
013a
013c
013e

0140
0142
0144
0146

0148
014a
014c
014e

0150
0152
0154
0156

0158
015a
015c
015e

0160
0162
0164
0166

0168
016a
016c
016e

0170
0172
0174
0176

0178
017a
017c
017e

0180
0182
0184
0186

0188
018a
018c
018e

0190
0192
0194
0196

0198
019a
019c
019e

01a0
01a2
01a4
01a6

01a8
01aa
01ac
01ae

01b0
81b2
81b4
81b6

81b8
81ba
81bc
81be

81c0
81c2
81c4
81c6

81c8
81ca
81cc
81ce

81d0
81d2
81d4
81d6

81d8
81da
81dc
81de

81e0
81e2
81e4
81e6

81e8
81ea
81ec
81ee

81f0
81f2
81f4
81f6

81f8
81fa
81fc
81fe

8200
8202
8204
8206

8208
820a
820c
820e

8210
8212
8214
8216

8218
821a
821c
821e

8220
8222
8224
8226

8228
822a
822c
822e

8230
8232
8234
8236

8238
823a
823c
823e

8240
8242
8244
8246

8248
824a
824c
824e

8250
8252
8254
8256

8258
825a
825c
825e

8260
8262
8264
8266

8268
826a
826c
826e

8270
8272
8274
8276

8278
827a
827c
827e

8280
8282
8284
8286

8288
828a
828c
828e

8290
8292
8294
8296

8298
829a
829c
829e

82a0
82a2
82a4
82a6

82a8
82aa
82ac
82ae

82b0
82b2
82b4
82b6

82b8
82ba
82bc
82be

82c0
82c2
82c4
82c6

82c8
82ca
82cc
82ce

82d0
82d2
82d4
82d6

82d8
82da
82dc
82de

82e0
82e2
82e4
82e6

82e8
82ea
82ec
82ee

82f0
82f2
82f4
82f6

82f8
82fa
82fc
82fe

8300
8302
8304
8306

8308
830a
830c
830e

8310
8312
8314
8316

8318
831a
831c
831e

8320
8322
8324
8326

8328
832a
832c
832e

8330
8332
8334
8336

8338
833a
833c
833e

8340
8342
8344
8346

8348
834a
834c
834e

8350
8352
8354
8356

8358
835a
835c
835e

8360
0362
0364
0366

0368
036a
036c
036e

0370
0372
0374
0376

0378
037a
037c
037e

0380
0382
0384
0386

0388
038a
038c
038e

0390
0392
0394
0396

0398
039a
039c
039e

03a0
03a2
03a4
03a6

03a8
03aa
03ac
03ae

03b0
03b2
03b4
03b6

03b8
03ba
03bc
03be

03c0
03c2
03c4
03c6

03c8
03ca
03cc
03ce

03d0
03d2
03d4
03d6

03d8
03da
03dc
03de

03e0
03e2
03e4
03e6

03e8
03ea
03ec
03ee

03f0
03f2
03f4
03f6

03f8
03fa
03fc
03fe

0400
0402
0404
0406

0408
040a
040c
040e

0410
0412
0414
0416

0418
041a
041c
041e

0420
0422
0424
0426

0428
042a
042c
042e

0430
0432
0434
0436

0438
043a
043c
043e

0440
0442
0444
0446

0448
044a
044c
044e

0450
0452
0454
0456

0458
045a
045c
045e

0460
0462
0464
0466

0468
046a
046c
046e

0470
0472
0474
0476

0478
047a
047c
047e

0480
0482
0484
0486

0488
048a
048c
048e

0490
0492
0494
0496

0498
049a
049c
049e

04a0
04a2
04a4
04a6

04a8
04aa
04ac
04ae

04b0
04b2
04b4
04b6

04b8
04ba
04bc
04be

04c0
04c2
04c4
04c6

04c8
04ca
04cc
04ce

04d0
04d2
04d4
04d6

04d8
04da
04dc
04de

04e0
04e2
04e4
04e6

04e8
04ea
04ec
04ee

04f0
04f2
04f4
04f6

04f8
04fa
04fc
04fe

0500
0502
0504
0506

0508
050a
050c
850e

8510
8512
8514
8516

8518
851a
851c
851e

8520
8522
8524
8526

8528
852a
852c
852e

8530
8532
8534
8536

8538
853a
853c
853e

8540
8542
8544
8546

8548
854a
854c
854e

8550
8552
8554
8556

8558
855a
855c
855e

8560
8562
8564
8566

8568
856a
856c
856e

8570
8572
8574
8576

8578
857a
857c
857e

8580
8582
8584
8586

8588
858a
858c
858e

8590
8592
8594
8596

8598
859a
859c
859e

85a0
85a2
85a4
85a6

85a8
85aa
85ac
85ae

85b0
85b2
85b4
85b6

85b8
85ba
85bc
85be

85c0
85c2
85c4
85c6

85c8
85ca
85cc
85ce

85d0
85d2
85d4
85d6

85d8
85da
85dc
85de

85e0
85e2
85e4
85e6

85e8
85ea
85ec
85ee

85f0
85f2
85f4
85f6

85f8
85fa
85fc
85fe

8600
8602
8604
8606

8608
860a
860c
860e

8610
8612
8614
8616

8618
861a
861c
861e

8620
8622
8624
8626

8628
862a
862c
862e

8630
8632
8634
8636

8638
863a
863c
863e

8640
8642
8644
8646

8648
864a
864c
864e

8650
8652
8654
8656

8658
865a
865c
865e

8660
8662
8664
8666

8668
866a
866c
866e

8670
8672
8674
8676

8678
867a
867c
867e

8680
8682
8684
8686

8688
868a
868c
868e

8690
8692
8694
8696

8698
869a
869c
869e

86a0
86a2
86a4
86a6

86a8
86aa
86ac
86ae

86b0
86b2
86b4
86b6

86b8
06ba
06bc
06be

06c0
06c2
06c4
06c6

06c8
06ca
06cc
06ce

06d0
06d2
06d4
06d6

06d8
06da
06dc
06de

06e0
06e2
06e4
06e6

06e8
06ea
06ec
06ee

06f0
06f2
06f4
06f6

06f8
06fa
06fc
06fe

0700
0702
0704
0706

0708
070a
070c
070e

0710
0712
0714
0716

0718
071a
071c
071e

0720
0722
0724
0726

0728
072a
072c
072e

0730
0732
0734
0736

0738
073a
073c
073e

0740
0742
0744
0746

0748
074a
074c
074e

0750
0752
0754
0756

0758
075a
075c
075e

0760
0762
0764
0766

0768
076a
076c
076e

0770
0772
0774
0776

0778
077a
077c
077e

0780
0782
0784
0786

0788
078a
078c
078e

0790
0792
0794
0796

0798
079a
079c
079e

07a0
07a2
07a4
07a6

07a8
07aa
07ac
07ae

07b0
07b2
07b4
07b6

07b8
07ba
07bc
07be

07c0
07c2
07c4
07c6

07c8
07ca
07cc
07ce

07d0
07d2
07d4
07d6

07d8
07da
07dc
07de

07e0
07e2
07e4
07e6

07e8
07ea
07ec
07ee

07f0
07f2
07f4
07f6

07f8
07fa
07fc
07fe

0800
0802
0804
0806

0808
080a
080c
080e

0810
0812
0814
0816

0818
081a
081c
081e

0820
0822
0824
0826

0828
082a
082c
082e

0830
0832
0834
0836

0838
083a
083c
083e

0840
0842
0844
0846

0848
084a
084c
084e

0850
0852
0854
0856

0858
085a
085c
085e

0860
0862
0864
0866

0868
886a
886c
886e

8870
8872
8874
8876

8878
887a
887c
887e

8880
8882
8884
8886

8888
888a
888c
888e

8890
8892
8894
8896

8898
889a
889c
889e

88a0
88a2
88a4
88a6

88a8
88aa
88ac
88ae

88b0
88b2
88b4
88b6

88b8
88ba
88bc
88be

88c0
88c2
88c4
88c6

88c8
88ca
88cc
88ce

88d0
88d2
88d4
88d6

88d8
88da
88dc
88de

88e0
88e2
88e4
88e6

88e8
88ea
88ec
88ee

88f0
88f2
88f4
88f6

88f8
88fa
88fc
88fe

8900
8902
8904
8906

8908
890a
890c
890e

8910
8912
8914
8916

8918
891a
891c
891e

8920
8922
8924
8926

8928
892a
892c
892e

8930
8932
8934
8936

8938
893a
893c
893e

8940
8942
8944
8946

8948
894a
894c
894e

8950
8952
8954
8956

8958
895a
895c
895e

8960
8962
8964
8966

8968
896a
896c
896e

8970
8972
8974
8976

8978
897a
897c
897e

8980
8982
8984
8986

8988
898a
898c
898e

8990
8992
8994
8996

8998
899a
899c
899e

89a0
89a2
89a4
89a6

89a8
89aa
89ac
89ae

89b0
89b2
89b4
89b6

89b8
89ba
89bc
89be

89c0
89c2
89c4
89c6

89c8
89ca
89cc
89ce

89d0
89d2
89d4
89d6

89d8
89da
89dc
89de

89e0
89e2
89e4
89e6

89e8
89ea
89ec
89ee

89f0
89f2
89f4
89f6

89f8
89fa
89fc
89fe

8a00
8a02
8a04
8a06

8a08
8a0a
8a0c
8a0e

8a10
8a12
8a14
0a16

0a18
0a1a
0a1c
0a1e

0a20
0a22
0a24
0a26

0a28
0a2a
0a2c
0a2e

0a30
0a32
0a34
0a36

0a38
0a3a
0a3c
0a3e

0a40
0a42
0a44
0a46

0a48
0a4a
0a4c
0a4e

0a50
0a52
0a54
0a56

0a58
0a5a
0a5c
0a5e

0a60
0a62
0a64
0a66

0a68
0a6a
0a6c
0a6e

0a70
0a72
0a74
0a76

0a78
0a7a
0a7c
0a7e

0a80
0a82
0a84
0a86

0a88
0a8a
0a8c
0a8e

0a90
0a92
0a94
0a96

0a98
0a9a
0a9c
0a9e

0aa0
0aa2
0aa4
0aa6

0aa8
0aaa
0aac
0aae

0ab0
0ab2
0ab4
0ab6

0ab8
0aba
0abc
0abe

0ac0
0ac2
0ac4
0ac6

0ac8
0aca
0acc
0ace

0ad0
0ad2
0ad4
0ad6

0ad8
0ada
0adc
0ade

0ae0
0ae2
0ae4
0ae6

0ae8
0aea
0aec
0aee

0af0
0af2
0af4
0af6

0af8
0afa
0afc
0afe

0b00
0b02
0b04
0b06

0b08
0b0a
0b0c
0b0e

0b10
0b12
0b14
0b16

0b18
0b1a
0b1c
0b1e

0b20
0b22
0b24
0b26

0b28
0b2a
0b2c
0b2e

0b30
0b32
0b34
0b36

0b38
0b3a
0b3c
0b3e

0b40
0b42
0b44
0b46

0b48
0b4a
0b4c
0b4e

0b50
0b52
0b54
0b56

0b58
0b5a
0b5c
0b5e

0b60
0b62
0b64
0b66

0b68
0b6a
0b6c
0b6e

0b70
0b72
0b74
0b76

0b78
0b7a
0b7c
0b7e

0b80
0b82
0b84
0b86

0b88
0b8a
0b8c
0b8e

0b90
0b92
0b94
0b96

0b98
0b9a
0b9c
0b9e

0ba0
0ba2
0ba4
0ba6

0ba8
0baa
0bac
0bae

0bb0
0bb2
0bb4
0bb6

0bb8
0bba
0bbc
0bbe

0bc0
8bc4
8bc6
8bc8

8bca
8bcc
8bce
8bd0

8bd2
8bd4
8bd6
8bd8

8bda
8bdc
8bde
8be0

8be2
8be4
8be6
8be8

8bea
8bec
8bee
8bf0

8bf2
8bf4
8bf6
8bf8

8bfa
8bfc
8bfe
8c00

8c02
8c04
8c06
8c08

8c0a
8c0c
8c0e
8c10

8c12
8c14
8c16
8c18

8c1a
8c1c
8c1e
8c20

8c22
8c24
8c26
8c28

8c2a
8c2c
8c2e
8c30

8c32
8c34
8c36
8c38

8c3a
8c3c
8c3e
8c40

8c42
8c44
8c46
8c48

8c4a
8c4c
8c4e
8c50

8c52
8c54
8c56
8c58

8c5a
8c5c
8c5e
8c60

8c62
8c64
8c66
8c68

8c6a
8c6c
8c6e
8c70

8c72
8c74
8c76
8c78

8c7a
8c7c
8c7e
8c80

8c82
8c84
8c86
8c88

8c8a
8c8c
8c8e
8c90

8c92
8c94
8c96
8c98

8c9a
8c9c
8c9e
8ca0

8ca2
8ca4
8ca6
8ca8

8caa
8cac
8cae
8cb0

8cb2
8cb4
8cb6
8cb8

8cba
8cbc
8cbe
8cc0

8cc2
8cc4
8cc6
8cc8

8cca
8ccc
8cce
8cd0

8cd2
8cd4
8cd6
8cd8

8cda
8cdc
8cde
8ce0

8ce2
8ce4
8ce6
8ce8

8cea
8cec
8cee
8cf0

8cf2
8cf4
8cf6
8cf8

8cfa
8cfc
8cfe
8d00

8d02
8d04
8d06
8d08

8d0a
8d0c
8d0e
8d10

8d12
8d14
8d16
8d18

8d1a
8d1c
8d1e
8d20

8d22
8d24
8d26
8d28

8d2a
8d2c
8d2e
8d30

8d32
8d34
8d36
8d38

8d3a
8d3c
8d3e
8d40

8d42
8d44
8d46
8d48

8d4a
8d4c
8d4e
8d50

8d52
8d54
8d56
8d58

8d5a
8d5c
8d5e
8d60

8d62
8d64
8d66
8d68

8d6a
8d6c
8d6e
8d70

8d72
0d74
0d76
0d78

0d7a
0d7c
0d7e
0d80

0d82
0d84
0d86
0d88

0d8a
0d8c
0d8e
0d90

0d92
0d94
0d96
0d98

0d9a
0d9c
0d9e
0da0

0da2
0da4
0da6
0da8

0daa
0dac
0dae
0db0

0db2
0db4
0db6
0db8

0dba
0dbc
0dbe
0dc0

0dc2
0dc4
0dc6
0dc8

0dca
0dcc
0dce
0dd0

0dd2
0dd4
0dd6
0dd8

0dda
0ddc
0dde
0de0

0de2
0de4
0de6
0de8

0dea
0dec
0dee
0df0

0df2
0df4
0df6
0df8

0dfa
0dfc
0dfe
0e00

0e02
0e04
0e06
0e08

0e0a
0e0c
0e0e
0e10

0e12
0e14
0e16
0e18

0e1a
0e1c
0e1e
0e20

0e22
0e24
0e26
0e28

0e2a
0e2c
0e2e
0e30

0e32
0e34
0e36
0e38

0e3a
0e3c
0e3e
0e40

0e42
0e44
0e46
0e48

0e4a
0e4c
0e4e
0e50

0e52
0e54
0e56
0e58

0e5a
0e5c
0e5e
0e60

0e62
0e64
0e66
0e68

0e6a
0e6c
0e6e
0e70

0e72
0e74
0e76
0e78

0e7a
0e7c
0e7e
0e80

0e82
0e84
0e86
0e88

0e8a
0e8c
0e8e
0e90

0e92
0e94
0e96
0e98

0e9a
0e9c
0e9e
0ea0

0ea2
0ea4
0ea6
0ea8

0eaa
0eac
0eae
0eb0

0eb2
0eb4
0eb6
0eb8

0eba
0ebc
0ebe
0ec0

0ec2
0ec4
0ec6
0ec8

0eca
0ecc
0ece
0ed0

0ed2
0ed4
0ed6
0ed8

0eda
0edc
0ede
0ee0

0ee2
0ee4
0ee6
0ee8

0eea
0eec
0eee
0ef0

0ef2
0ef4
0ef6
0ef8

0efa
0efc
0efe
0f00

0f02
0f04
0f06
0f08

0f0a
0f0c
0f0e
0f10

0f12
0f14
0f16
0f18

0f1a
0f1c
0f1e
0f20

8f24
8f26
8f28
8f2a

8f2c
8f2e
8f30
8f32

8f34
8f36
8f38
8f3a

8f3c
8f3e
8f40
8f42

8f44
8f46
8f48
8f4a

8f4c
8f4e
8f50
8f52

8f54
8f56
8f58
8f5a

8f5c
8f5e
8f60
8f62

8f64
8f66
8f68
8f6a

8f6c
8f6e
8f70
8f72

8f74
8f76
8f78
8f7a

8f7c
8f7e
8f80
8f82

8f84
8f86
8f88
8f8a

8f8c
8f8e
8f90
8f92

8f94
8f96
8f98
8f9a

8f9c
8f9e
8fa0
8fa2

8fa4
8fa6
8fa8
8faa

8fac
8fae
8fb0
8fb2

8fb4
8fb6
8fb8
8fba

8fbc
8fbe
8fc0
8fc2

8fc4
8fc6
8fc8
8fca

8fcc
8fce
8fd0
8fd2

8fd4
8fd6
8fd8
8fda

8fdc
8fde
8fe0
8fe2

8fe4
8fe6
8fe8
8fea

8fec
8fee
8ff0
8ff2

8ff4
8ff6
8ff8
8ffa

8ffc
8ffe
9000
9002

9004
9006
9008
900a

900c
900e
9010
9012

9014
9016
9018
901a

901c
901e
9020
9022

9024
9026
9028
902a

902c
902e
9030
9032

9034
9036
9038
903a

903c
903e
9040
9042

9044
9046
9048
904a

904c
904e
9050
9052

9054
9056
9058
905a

905c
905e
9060
9062

9064
9066
9068
906a

906c
906e
9070
9072

9074
9076
9078
907a

907c
907e
9080
9082

9084
9086
9088
908a

908c
908e
9090
9092

9094
9096
9098
909a

909c
909e
90a0
90a2

90a4
90a6
90a8
90aa

90ac
90ae
90b0
90b2

90b4
90b6
90b8
90ba

90bc
90be
90c0
90c2

90c4
90c6
90c8
90ca

90cc
10ce
10d0
10d2

10d4
10d6
10d8
10da

10dc
10de
10e0
10e2

10e4
10e6
10e8
10ea

10ec
10ee
10f0
10f2

10f4
10f6
10f8
10fa

10fc
10fe
1100
1102

1104
1106
1108
110a

110c
110e
1110
1112

1114
1116
1118
111a

111c
111e
1120
1122

1124
1126
1128
112a

112c
112e
1130
1132

1134
1136
1138
113a

113c
113e
1140
1142

1144
1146
1148
114a

114c
114e
1150
1152

1154
1156
1158
115a

115c
115e
1160
1162

1164
1166
1168
116a

116c
116e
1170
1172

1174
1176
1178
117a

117c
117e
1180
1182

1184
1186
1188
118a

118c
118e
1190
1192

1194
1196
1198
119a

119c
119e
11a0
11a2

11a4
11a6
11a8
11aa

11ac
11ae
11b0
11b2

11b4
11b6
11b8
11ba

11bc
11be
11c0
11c2

11c4
11c6
11c8
11ca

11cc
11ce
11d0
11d2

11d4
11d6
11d8
11da

11dc
11de
11e0
11e2

11e4
11e6
11e8
11ea

11ec
11ee
11f0
11f2

11f4
11f6
11f8
11fa

11fc
11fe
1200
1202

1204
1206
1208
120a

120c
120e
1210
1212

1214
1216
1218
121a

121c
121e
1220
1222

1224
1226
1228
122a

122c
122e
1230
1232

1234
1236
1238
123a

123c
123e
1240
1242

1244
1246
1248
124a

124c
124e
1250
1252

1254
1256
1258
125a

125c
125e
1260
1262

1264
1266
1268
126a

126c
126e
1270
1272

1274
1276
1278
127a

127c
927e
9280
9282

9284
9286
9288
928a

928c
928e
9290
9292

9294
9296
9298
929a

929c
929e
92a0
92a2

92a4
92a6
92a8
92aa

92ac
92ae
92b0
92b2

92b4
92b6
92b8
92ba

92bc
92be
92c0
92c2

92c4
92c6
92c8
92ca

92cc
92ce
92d0
92d2

92d4
92d6
92d8
92da

92dc
92de
92e0
92e2

92e4
92e6
92e8
92ea

92ec
92ee
92f0
92f2

92f4
92f6
92f8
92fa

92fc
92fe
9300
9302

9304
9306
9308
930a

930c
930e
9310
9312

9314
9316
9318
931a

931c
931e
9320
9322

9324
9326
9328
932a

932c
932e
9330
9332

9334
9336
9338
933a

933c
933e
9340
9342

9344
9346
9348
934a

934c
934e
9350
9352

9354
9356
9358
935a

935c
935e
9360
9362

9364
9366
9368
936a

936c
936e
9370
9372

9374
9376
9378
937a

937c
937e
9380
9382

9384
9386
9388
938a

938c
938e
9390
9392

9394
9396
9398
939a

939c
939e
93a0
93a2

93a4
93a6
93a8
93aa

93ac
93ae
93b0
93b2

93b4
93b6
93b8
93ba

93bc
93be
93c0
93c2

93c4
93c6
93c8
93ca

93cc
93ce
93d0
93d2

93d4
93d6
93d8
93da

93dc
93de
93e0
93e2

93e4
93e6
93e8
93ea

93ec
93ee
93f0
93f2

93f4
93f6
93f8
93fa

93fc
93fe
9400
9402

9404
9406
9408
940a

940c
940e
9410
9412

9414
9416
9418
941a

941c
941e
9420
9422

9424
9426
9428
942a

142c
142e
1430
1432

1434
1436
1438
143a

143c
143e
1440
1442

1444
1446
1448
144a

144c
144e
1450
1452

1454
1456
1458
145a

145c
145e
1460
1462

1464
1466
1468
146a

146c
146e
1470
1472

1474
1476
1478
147a

147c
147e
1480
1482

1484
1486
1488
148a

148c
148e
1490
1492

1494
1496
1498
149a

149c
149e
14a0
14a2

14a4
14a6
14a8
14aa

14ac
14ae
14b0
14b2

14b4
14b6
14b8
14ba

14bc
14be
14c0
14c2

14c4
14c6
14c8
14ca

14cc
14ce
14d0
14d2

14d4
14d6
14d8
14da

14dc
14de
14e0
14e2

14e4
14e6
14e8
14ea

14ec
14ee
14f0
14f2

14f4
14f6
14f8
14fa

14fc
14fe
1500
1502

1504
1506
1508
150a

150c
150e
1510
1512

1514
1516
1518
151a

151c
151e
1520
1522

1524
1526
1528
152a

152c
152e
1530
1532

1534
1536
1538
153a

153c
153e
1540
1542

1544
1546
1548
154a

154c
154e
1550
1552

1554
1556
1558
155a

155c
155e
1560
1562

1564
1566
1568
156a

156c
156e
1570
1572

1574
1576
1578
157a

157c
157e
1580
1582

1584
1586
1588
158a

158c
158e
1590
1592

1594
1596
1598
159a

159c
159e
15a0
15a2

15a4
15a6
15a8
15aa

15ac
15ae
15b0
15b2

15b4
15b6
15b8
15ba

15bc
15be
15c0
15c2

15c4
15c6
15c8
15ca

15cc
15ce
15d0
15d2

15d4
95d6
95d8
95da

95dc
95de
95e0
95e2

95e4
95e6
95e8
95ea

95ec
95ee
95f0
95f2

95f4
95f6
95f8
95fa

95fc
95fe
9600
9602

9604
9606
9608
960a

960c
960e
9610
9612

9614
9616
9618
961a

961c
961e
9620
9622

9624
9626
9628
962a

962c
962e
9630
9632

9634
9636
9638
963a

963c
963e
9640
9642

9644
9646
9648
964a

964c
964e
9650
9652

9654
9656
9658
965a

965c
965e
9660
9662

9664
9666
9668
966a

966c
966e
9670
9672

9674
9676
9678
967a

967c
967e
9680
9682

9684
9686
9688
968a

968c
968e
9690
9692

9694
9696
9698
969a

969c
969e
96a0
96a2

96a4
96a6
96a8
96aa

96ac
96ae
96b0
96b2

96b4
96b6
96b8
96ba

96bc
96be
96c0
96c2

96c4
96c6
96c8
96ca

96cc
96ce
96d0
96d2

96d4
96d6
96d8
96da

96dc
96de
96e0
96e2

96e4
96e6
96e8
96ea

96ec
96ee
96f0
96f2

96f4
96f6
96f8
96fa

96fc
96fe
9700
9702

9704
9706
9708
970a

970c
970e
9710
9712

9714
9716
9718
971a

971c
971e
9720
9722

9724
9726
9728
972a

972c
972e
9730
9732

9734
9736
9738
973a

973c
973e
9740
9742

9744
9746
9748
974a

974c
974e
9750
9752

9754
9756
9758
975a

975c
975e
9760
9762

9764
9766
9768
976a

976c
976e
9770
9772

9774
9776
9778
977a

977c
977e
9780
9782

9784
1786
1788
178a

178c
178e
1790
1792

1794
1796
1798
179a

179c
179e
17a0
17a2

17a4
17a6
17a8
17aa

17ac
17ae
17b0
17b2

17b4
17b6
17b8
17ba

17bc
17be
17c0
17c2

17c4
17c6
17c8
17ca

17cc
17ce
17d0
17d2

17d4
17d6
17d8
17da

17dc
17de
17e0
17e2

17e4
17e6
17e8
17ea

17ec
17ee
17f0
17f2

17f4
17f6
17f8
17fa

17fc
17fe
1800
1802

1804
1806
1808
180a

180c
180e
1810
1812

1814
1816
1818
181a

181c
181e
1820
1822

1824
1826
1828
182a

182c
182e
1830
1832

1834
1836
1838
183a

183c
183e
1840
1842

1844
1846
1848
184a

184c
184e
1850
1852

1854
1856
1858
185a

185c
185e
1860
1862

1864
1866
1868
186a

186c
186e
1870
1872

1874
1876
1878
187a

187c
187e
1880
1882

1884
1886
1888
188a

188c
188e
1890
1892

1894
1896
1898
189a

189c
189e
18a0
18a2

18a4
18a6
18a8
18aa

18ac
18ae
18b0
18b2

18b4
18b6
18b8
18ba

18bc
18be
18c0
18c2

18c4
18c6
18c8
18ca

18cc
18ce
18d0
18d2

18d4
18d6
18d8
18da

18dc
18de
18e0
18e2

18e4
18e6
18e8
18ea

18ec
18ee
18f0
18f2

18f4
18f6
18f8
18fa

18fc
18fe
1900
1902

1904
1906
1908
190a

190c
190e
1910
1912

1914
1916
1918
191a

191c
191e
1920
1922

1924
1926
1928
192a

192c
192e
1930
1932

1934
9936
9938
993a

993c
993e
9940
9942

9944
9946
9948
994a

994c
994e
9950
9952

9954
9956
9958
995a

995c
995e
9960
9962

9964
9966
9968
996a

996c
996e
9970
9972

9974
9976
9978
997a

997c
997e
9980
9982

9984
9986
9988
998a

998c
998e
9990
9992

9994
9996
9998
999a

999c
999e
99a0
99a2

99a4
99a6
99a8
99aa

99ac
99ae
99b0
99b2

99b4
99b6
99b8
99ba

99bc
99be
99c0
99c2

99c4
99c6
99c8
99ca

99cc
99ce
99d0
99d2

99d4
99d6
99d8
99da

99dc
99de
99e0
99e2

99e4
99e6
99e8
99ea

99ec
99ee
99f0
99f2

99f4
99f6
99f8
99fa

99fc
99fe
9a00
9a02

9a04
9a06
9a08
9a0a

9a0c
9a0e
9a10
9a12

9a14
9a16
9a18
9a1a

9a1c
9a1e
9a20
9a22

9a24
9a26
9a28
9a2a

9a2c
9a2e
9a30
9a32

9a34
9a36
9a38
9a3a

9a3c
9a3e
9a40
9a42

9a44
9a46
9a48
9a4a

9a4c
9a4e
9a50
9a52

9a54
9a56
9a58
9a5a

9a5c
9a5e
9a60
9a62

9a64
9a66
9a68
9a6a

9a6c
9a6e
9a70
9a72

9a74
9a76
9a78
9a7a

9a7c
9a7e
9a80
9a82

9a84
9a86
9a88
9a8a

9a8c
9a8e
9a90
9a92

9a94
9a96
9a98
9a9a

9a9c
9a9e
9aa0
9aa2

9aa4
9aa6
9aa8
9aaa

9aac
9aae
9ab0
9ab2

9ab4
9ab6
9ab8
9aba

9abc
9abe
9ac0
9ac2

9ac4
9ac6
9ac8
9aca

9acc
9ace
9ad0
9ad2

9ad4
9ad6
9ad8
9ada

9adc
1ade
1ae0
1ae2

1ae4
1ae6
1ae8
1aea

1aec
1aee
1af0
1af2

1af4
1af6
1af8
1afa

1afc
1afe
1b00
1b02

1b04
1b06
1b08
1b0a

1b0c
1b0e
1b10
1b12

1b14
1b16
1b18
1b1a

1b1c
1b1e
1b20
1b22

1b24
1b26
1b28
1b2a

1b2c
1b2e
1b30
1b32

1b34
1b36
1b38
1b3a

1b3c
1b3e
1b40
1b42

1b44
1b46
1b48
1b4a

1b4c
1b4e
1b50
1b52

1b54
1b56
1b58
1b5a

1b5c
1b5e
1b60
1b62

1b64
1b66
1b68
1b6a

1b6c
1b6e
1b70
1b72

1b74
1b76
1b78
1b7a

1b7c
1b7e
1b80
1b82

1b84
1b86
1b88
1b8a

1b8c
1b8e
1b90
1b92

1b94
1b96
1b98
1b9a

1b9c
1b9e
1ba0
1ba2

1ba4
1ba6
1ba8
1baa

1bac
1bae
1bb0
1bb2

1bb4
1bb6
1bb8
1bba

1bbc
1bbe
1bc0
1bc2

1bc4
1bc6
1bc8
1bca

1bcc
1bce
1bd0
1bd2

1bd4
1bd6
1bd8
1bda

1bdc
1bde
1be0
1be2

1be4
1be6
1be8
1bea

1bec
1bee
1bf0
1bf2

1bf4
1bf6
1bf8
1bfa

1bfc
1bfe
1c00
1c02

1c04
1c06
1c08
1c0a

1c0c
1c0e
1c10
1c12

1c14
1c16
1c18
1c1a

1c1c
1c1e
1c20
1c22

1c24
1c26
1c28
1c2a

1c2c
1c2e
1c30
1c32

1c34
1c36
1c38
1c3a

1c3c
1c3e
1c40
1c42

1c44
1c46
1c48
1c4a

1c4c
1c4e
1c50
1c52

1c54
1c56
1c58
1c5a

1c5c
1c5e
1c60
1c62

1c64
1c66
1c68
1c6a

1c6c
1c6e
1c70
1c72

1c74
1c76
1c78
1c7a

1c7c
1c7e
1c80
1c82

1c84
1c86
1c88
1c8a

1c8c
9c8e
9c90
9c92

9c94
9c96
9c98
9c9a

9c9c
9c9e
9ca0
9ca2

9ca4
9ca6
9ca8
9caa

9cac
9cae
9cb0
9cb2

9cb4
9cb6
9cb8
9cba

9cbc
9cbe
9cc0
9cc2

9cc4
9cc6
9cc8
9cca

9ccc
9cce
9cd0
9cd2

9cd4
9cd6
9cd8
9cda

9cdc
9cde
9ce0
9ce2

9ce4
9ce6
9ce8
9cea

9cec
9cee
9cf0
9cf2

9cf4
9cf6
9cf8
9cfa

9cfc
9cfe
9d00
9d02

9d04
9d06
9d08
9d0a

9d0c
9d0e
9d10
9d12

9d14
9d16
9d18
9d1a

9d1c
9d1e
9d20
9d22

9d24
9d26
9d28
9d2a

9d2c
9d2e
9d30
9d32

9d34
9d36
9d38
9d3a

9d3c
9d3e
9d40
9d42

9d44
9d46
9d48
9d4a

9d4c
9d4e
9d50
9d52

9d54
9d56
9d58
9d5a

9d5c
9d5e
9d60
9d62

9d64
9d66
9d68
9d6a

9d6c
9d6e
9d70
9d72

9d74
9d76
9d78
9d7a

9d7c
9d7e
9d80
9d82

9d84
9d86
9d88
9d8a

9d8c
9d8e
9d90
9d92

9d94
9d96
9d98
9d9a

9d9c
9d9e
9da0
9da2

9da4
9da6
9da8
9daa

9dac
9dae
9db0
9db2

9db4
9db6
9db8
9dba

9dbc
9dbe
9dc0
9dc2

9dc4
9dc6
9dc8
9dca

9dcc
9dce
9dd0
9dd2

9dd4
9dd6
9dd8
9dda

9ddc
9dde
9de0
9de2

9de4
9de6
9de8
9dea

9dec
9dee
9df0
9df2

9df4
9df6
9df8
9dfa

9dfc
9dfe
9e00
9e02

9e04
9e06
9e08
9e0a

9e0c
9e0e
9e10
9e12

9e14
9e16
9e18
9e1a

9e1c
9e1e
9e20
9e22

9e24
9e26
9e28
9e2a

9e2c
9e2e
9e30
9e32

9e34
9e36
9e38
9e3a

9e3c
1e3e
1e40
1e42

1e44
1e46
1e48
1e4a

1e4c
1e4e
1e50
1e52

1e54
1e56
1e58
1e5a

1e5c
1e5e
1e60
1e62

1e64
1e66
1e68
1e6a

1e6c
1e6e
1e70
1e72

1e74
1e76
1e78
1e7a

1e7c
1e7e
1e80
1e82

1e84
1e86
1e88
1e8a

1e8c
1e8e
1e90
1e92

1e94
1e96
1e98
1e9a

1e9c
1e9e
1ea0
1ea2

1ea4
1ea6
1ea8
1eaa

1eac
1eae
1eb0
1eb2

1eb4
1eb6
1eb8
1eba

1ebc
1ebe
1ec0
1ec2

1ec4
1ec6
1ec8
1eca

1ecc
1ece
1ed0
1ed2

1ed4
1ed6
1ed8
1eda

1edc
1ede
1ee0
1ee2

1ee4
1ee6
1ee8
1eea

1eec
1eee
1ef0
1ef2

1ef4
1ef6
1ef8
1efa

1efc
1efe
1f00
1f02

1f04
1f06
1f08
1f0a

1f0c
1f0e
1f10
1f12

1f14
1f16
1f18
1f1a

1f1c
1f1e
1f20
1f22

1f24
1f26
1f28
1f2a

1f2c
1f2e
1f30
1f32

1f34
1f36
1f38
1f3a

1f3c
1f3e
1f40
1f42

1f44
1f46
1f48
1f4a

1f4c
1f4e
1f50
1f52

1f54
1f56
1f58
1f5a

1f5c
1f5e
1f60
1f62

1f64
1f66
1f68
1f6a

1f6c
1f6e
1f70
1f72

1f74
1f76
1f78
1f7a

1f7c
1f7e
1f80
1f82

1f84
1f86
1f88
1f8a

1f8c
1f8e
1f90
1f92

1f94
1f96
1f98
1f9a

1f9c
1f9e
1fa0
1fa2

1fa4
1fa6
1fa8
1faa

1fac
1fae
1fb0
1fb2

1fb4
1fb6
1fb8
1fba

1fbc
1fbe
1fc0
1fc2

1fc4
1fc6
1fc8
1fca

1fcc
1fce
1fd0
1fd2

1fd4
1fd6
1fd8
1fda

1fdc
1fde
1fe0
1fe2

1fe4
1fe6
1fe8
9fea

9fec
9fee
9ff0
9ff2

9ff4
9ff6
9ff8
9ffa

9ffc
9ffe
a000
a002

a004
a006
a008
a00a

a00c
a00e
a010
a012

a014
a016
a018
a01a

a01c
a01e
a020
a022

a024
a026
a028
a02a

a02c
a02e
a030
a032

a034
a036
a038
a03a

a03c
a03e
a040
a042

a044
a046
a048
a04a

a04c
a04e
a050
a052

a054
a056
a058
a05a

a05c
a05e
a060
a062

a064
a066
a068
a06a

a06c
a06e
a070
a072

a074
a076
a078
a07a

a07c
a07e
a080
a082

a084
a086
a088
a08a

a08c
a08e
a090
a092

a094
a096
a098
a09a

a09c
a09e
a0a0
a0a2

a0a4
a0a6
a0a8
a0aa

a0ac
a0ae
a0b0
a0b2

a0b4
a0b6
a0b8
a0ba

a0bc
a0be
a0c0
a0c2

a0c4
a0c6
a0c8
a0ca

a0cc
a0ce
a0d0
a0d2

a0d4
a0d6
a0d8
a0da

a0dc
a0de
a0e0
a0e2

a0e4
a0e6
a0e8
a0ea

a0ec
a0ee
a0f0
a0f2

a0f4
a0f6
a0f8
a0fa

a0fc
a0fe
a100
a102

a104
a106
a108
a10a

a10c
a10e
a110
a112

a114
a116
a118
a11a

a11c
a11e
a120
a122

a124
a126
a128
a12a

a12c
a12e
a130
a132

a134
a136
a138
a13a

a13c
a13e
a140
a142

a144
a146
a148
a14a

a14c
a14e
a150
a152

a154
a156
a158
a15a

a15c
a15e
a160
a162

a164
a166
a168
a16a

a16c
a16e
a170
a172

a174
a176
a178
a17a

a17c
a17e
a180
a182

a184
a186
a188
a18a

a18c
a18e
a190
a192

a194
2196
2198
219a

219c
219e
21a0
21a2

21a4
21a6
21a8
21aa

21ac
21ae
21b0
21b2

21b4
21b6
21b8
21ba

21bc
21be
21c0
21c2

21c4
21c6
21c8
21ca

21cc
21ce
21d0
21d2

21d4
21d6
21d8
21da

21dc
21de
21e0
21e2

21e4
21e6
21e8
21ea

21ec
21ee
21f0
21f2

21f4
21f6
21f8
21fa

21fc
21fe
2200
2202

2204
2206
2208
220a

220c
220e
2210
2212

2214
2216
2218
221a

221c
221e
2220
2222

2224
2226
2228
222a

222c
222e
2230
2232

2234
2236
2238
223a

223c
223e
2240
2242

2244
2246
2248
224a

224c
224e
2250
2252

2254
2256
2258
225a

225c
225e
2260
2262

2264
2266
2268
226a

226c
226e
2270
2272

2274
2276
2278
227a

227c
227e
2280
2282

2284
2286
2288
228a

228c
228e
2290
2292

2294
2296
2298
229a

229c
229e
22a0
22a2

22a4
22a6
22a8
22aa

22ac
22ae
22b0
22b2

22b4
22b6
22b8
22ba

22bc
22be
22c0
22c2

22c4
22c6
22c8
22ca

22cc
22ce
22d0
22d2

22d4
22d6
22d8
22da

22dc
22de
22e0
22e2

22e4
22e6
22e8
22ea

22ec
22ee
22f0
22f2

22f4
22f6
22f8
22fa

22fc
22fe
2300
2302

2304
2306
2308
230a

230c
230e
2310
2312

2314
2316
2318
231a

231c
231e
2320
2322

2324
2326
2328
232a

232c
232e
2330
2332

2334
2336
2338
233a

233c
233e
2340
2342

2344
a346
a348
a34a

a34c
a34e
a350
a352

a354
a356
a358
a35a

a35c
a35e
a360
a362

a364
a366
a368
a36a

a36c
a36e
a370
a372

a374
a376
a378
a37a

a37c
a37e
a380
a382

a384
a386
a388
a38a

a38c
a38e
a390
a392

a394
a396
a398
a39a

a39c
a39e
a3a0
a3a2

a3a4
a3a6
a3a8
a3aa

a3ac
a3ae
a3b0
a3b2

a3b4
a3b6
a3b8
a3ba

a3bc
a3be
a3c0
a3c2

a3c4
a3c6
a3c8
a3ca

a3cc
a3ce
a3d0
a3d2

a3d4
a3d6
a3d8
a3da

a3dc
a3de
a3e0
a3e2

a3e4
a3e6
a3e8
a3ea

a3ec
a3ee
a3f0
a3f2

a3f4
a3f6
a3f8
a3fa

a3fc
a3fe
a400
a402

a404
a406
a408
a40a

a40c
a40e
a410
a412

a414
a416
a418
a41a

a41c
a41e
a420
a422

a424
a426
a428
a42a

a42c
a42e
a430
a432

a434
a436
a438
a43a

a43c
a43e
a440
a442

a444
a446
a448
a44a

a44c
a44e
a450
a452

a454
a456
a458
a45a

a45c
a45e
a460
a462

a464
a466
a468
a46a

a46c
a46e
a470
a472

a474
a476
a478
a47a

a47c
a47e
a480
a482

a484
a486
a488
a48a

a48c
a48e
a490
a492

a494
a496
a498
a49a

a49c
a49e
a4a0
a4a2

a4a4
a4a6
a4a8
a4aa

a4ac
a4ae
a4b0
a4b2

a4b4
a4b6
a4b8
a4ba

a4bc
a4be
a4c0
a4c2

a4c4
a4c6
a4c8
a4ca

a4cc
a4ce
a4d0
a4d2

a4d4
a4d6
a4d8
a4da

a4dc
a4de
a4e0
a4e2

a4e4
a4e6
a4e8
a4ea

a4ec
a4ee
a4f0
24f2

24f4
24f6
24f8
24fa

24fc
24fe
2500
2502

2504
2506
2508
250a

250c
250e
2510
2512

2514
2516
2518
251a

251c
251e
2520
2522

2524
2526
2528
252a

252c
252e
2530
2532

2534
2536
2538
253a

253c
253e
2540
2542

2544
2546
2548
254a

254c
254e
2550
2552

2554
2556
2558
255a

255c
255e
2560
2562

2564
2566
2568
256a

256c
256e
2570
2572

2574
2576
2578
257a

257c
257e
2580
2582

2584
2586
2588
258a

258c
258e
2590
2592

2594
2596
2598
259a

259c
259e
25a0
25a2

25a4
25a6
25a8
25aa

25ac
25ae
25b0
25b2

25b4
25b6
25b8
25ba

25bc
25be
25c0
25c2

25c4
25c6
25c8
25ca

25cc
25ce
25d0
25d2

25d4
25d6
25d8
25da

25dc
25de
25e0
25e2

25e4
25e6
25e8
25ea

25ec
25ee
25f0
25f2

25f4
25f6
25f8
25fa

25fc
25fe
2600
2602

2604
2606
2608
260a

260c
260e
2610
2612

2614
2616
2618
261a

261c
261e
2620
2622

2624
2626
2628
262a

262c
262e
2630
2632

2634
2636
2638
263a

263c
263e
2640
2642

2644
2646
2648
264a

264c
264e
2650
2652

2654
2656
2658
265a

265c
265e
2660
2662

2664
2666
2668
266a

266c
266e
2670
2672

2674
2676
2678
267a

267c
267e
2680
2682

2684
2686
2688
268a

268c
268e
2690
2692

2694
2696
2698
269a

269c
a69e
a6a0
a6a2

a6a4
a6a6
a6a8
a6aa

a6ac
a6ae
a6b0
a6b2

a6b4
a6b6
a6b8
a6ba

a6bc
a6be
a6c0
a6c2

a6c4
a6c6
a6c8
a6ca

a6cc
a6ce
a6d0
a6d2

a6d4
a6d6
a6d8
a6da

a6dc
a6de
a6e0
a6e2

a6e4
a6e6
a6e8
a6ea

a6ec
a6ee
a6f0
a6f2

a6f4
a6f6
a6f8
a6fa

a6fc
a6fe
a700
a702

a704
a706
a708
a70a

a70c
a70e
a710
a712

a714
a716
a718
a71a

a71c
a71e
a720
a722

a724
a726
a728
a72a

a72c
a72e
a730
a732

a734
a736
a738
a73a

a73c
a73e
a740
a742

a744
a746
a748
a74a

a74c
a74e
a750
a752

a754
a756
a758
a75a

a75c
a75e
a760
a762

a764
a766
a768
a76a

a76c
a76e
a770
a772

a774
a776
a778
a77a

a77c
a77e
a780
a782

a784
a786
a788
a78a

a78c
a78e
a790
a792

a794
a796
a798
a79a

a79c
a79e
a7a0
a7a2

a7a4
a7a6
a7a8
a7aa

a7ac
a7ae
a7b0
a7b2

a7b4
a7b6
a7b8
a7ba

a7bc
a7be
a7c0
a7c2

a7c4
a7c6
a7c8
a7ca

a7cc
a7ce
a7d0
a7d2

a7d4
a7d6
a7d8
a7da

a7dc
a7de
a7e0
a7e2

a7e4
a7e6
a7e8
a7ea

a7ec
a7ee
a7f0
a7f2

a7f4
a7f6
a7f8
a7fa

a7fc
a7fe
a800
a802

a804
a806
a808
a80a

a80c
a80e
a810
a812

a814
a816
a818
a81a

a81c
a81e
a820
a822

a824
a826
a828
a82a

a82c
a82e
a830
a832

a834
a836
a838
a83a

a83c
a83e
a840
a842

a844
a846
a848
a84a

a84c
284e
2850
2852

2854
2856
2858
285a

285c
285e
2860
2862

2864
2866
2868
286a

286c
286e
2870
2872

2874
2876
2878
287a

287c
287e
2880
2882

2884
2886
2888
288a

288c
288e
2890
2892

2894
2896
2898
289a

289c
289e
28a0
28a2

28a4
28a6
28a8
28aa

28ac
28ae
28b0
28b2

28b4
28b6
28b8
28ba

28bc
28be
28c0
28c2

28c4
28c6
28c8
28ca

28cc
28ce
28d0
28d2

28d4
28d6
28d8
28da

28dc
28de
28e0
28e2

28e4
28e6
28e8
28ea

28ec
28ee
28f0
28f2

28f4
28f6
28f8
28fa

28fc
28fe
2900
2902

2904
2906
2908
290a

290c
290e
2910
2912

2914
2916
2918
291a

291c
291e
2920
2922

2924
2926
2928
292a

292c
292e
2930
2932

2934
2936
2938
293a

293c
293e
2940
2942

2944
2946
2948
294a

294c
294e
2950
2952

2954
2956
2958
295a

295c
295e
2960
2962

2964
2966
2968
296a

296c
296e
2970
2972

2974
2976
2978
297a

297c
297e
2980
2982

2984
2986
2988
298a

298c
298e
2990
2992

2994
2996
2998
299a

299c
299e
29a0
29a2

29a4
29a6
29a8
29aa

29ac
29ae
29b0
29b2

29b4
29b6
29b8
29ba

29bc
29be
29c0
29c2

29c4
29c6
29c8
29ca

29cc
29ce
29d0
29d2

29d4
29d6
29d8
29da

29dc
29de
29e0
29e2

29e4
29e6
29e8
29ea

29ec
29ee
29f0
29f2

29f4
29f6
29f8
29fa

a9fe
aa00
aa02
aa04

aa06
aa08
aa0a
aa0c

aa0e
aa10
aa12
aa14

aa16
aa18
aa1a
aa1c

aa1e
aa20
aa22
aa24

aa26
aa28
aa2a
aa2c

aa2e
aa30
aa32
aa34

aa36
aa38
aa3a
aa3c

aa3e
aa40
aa42
aa44

aa46
aa48
aa4a
aa4c

aa4e
aa50
aa52
aa54

aa56
aa58
aa5a
aa5c

aa5e
aa60
aa62
aa64

aa66
aa68
aa6a
aa6c

aa6e
aa70
aa72
aa74

aa76
aa78
aa7a
aa7c

aa7e
aa80
aa82
aa84

aa86
aa88
aa8a
aa8c

aa8e
aa90
aa92
aa94

aa96
aa98
aa9a
aa9c

aa9e
aaa0
aaa2
aaa4

aaa6
aaa8
aaaa
aaac

aaae
aab0
aab2
aab4

aab6
aab8
aaba
aabc

aabe
aac0
aac2
aac4

aac6
aac8
aaca
aacc

aace
aad0
aad2
aad4

aad6
aad8
aada
aadc

aade
aae0
aae2
aae4

aae6
aae8
aaea
aaec

aaee
aaf0
aaf2
aaf4

aaf6
aaf8
aafa
aafc

aafe
ab00
ab02
ab04

ab06
ab08
ab0a
ab0c

ab0e
ab10
ab12
ab14

ab16
ab18
ab1a
ab1c

ab1e
ab20
ab22
ab24

ab26
ab28
ab2a
ab2c

ab2e
ab30
ab32
ab34

ab36
ab38
ab3a
ab3c

ab3e
ab40
ab42
ab44

ab46
ab48
ab4a
ab4c

ab4e
ab50
ab52
ab54

ab56
ab58
ab5a
ab5c

ab5e
ab60
ab62
ab64

ab66
ab68
ab6a
ab6c

ab6e
ab70
ab72
ab74

ab76
ab78
ab7a
ab7c

ab7e
ab80
ab82
ab84

ab86
ab88
ab8a
ab8c

ab8e
ab90
ab92
ab94

ab96
ab98
ab9a
ab9c

ab9e
aba0
aba2
aba4

aba6
2ba8
2baa
2bac

2bae
2bb0
2bb2
2bb4

2bb6
2bb8
2bba
2bbc

2bbe
2bc0
2bc2
2bc4

2bc6
2bc8
2bca
2bcc

2bce
2bd0
2bd2
2bd4

2bd6
2bd8
2bda
2bdc

2bde
2be0
2be2
2be4

2be6
2be8
2bea
2bec

2bee
2bf0
2bf2
2bf4

2bf6
2bf8
2bfa
2bfc

2bfe
2c00
2c02
2c04

2c06
2c08
2c0a
2c0c

2c0e
2c10
2c12
2c14

2c16
2c18
2c1a
2c1c

2c1e
2c20
2c22
2c24

2c26
2c28
2c2a
2c2c

2c2e
2c30
2c32
2c34

2c36
2c38
2c3a
2c3c

2c3e
2c40
2c42
2c44

2c46
2c48
2c4a
2c4c

2c4e
2c50
2c52
2c54

2c56
2c58
2c5a
2c5c

2c5e
2c60
2c62
2c64

2c66
2c68
2c6a
2c6c

2c6e
2c70
2c72
2c74

2c76
2c78
2c7a
2c7c

2c7e
2c80
2c82
2c84

2c86
2c88
2c8a
2c8c

2c8e
2c90
2c92
2c94

2c96
2c98
2c9a
2c9c

2c9e
2ca0
2ca2
2ca4

2ca6
2ca8
2caa
2cac

2cae
2cb0
2cb2
2cb4

2cb6
2cb8
2cba
2cbc

2cbe
2cc0
2cc2
2cc4

2cc6
2cc8
2cca
2ccc

2cce
2cd0
2cd2
2cd4

2cd6
2cd8
2cda
2cdc

2cde
2ce0
2ce2
2ce4

2ce6
2ce8
2cea
2cec

2cee
2cf0
2cf2
2cf4

2cf6
2cf8
2cfa
2cfc

2cfe
2d00
2d02
2d04

2d06
2d08
2d0a
2d0c

2d0e
2d10
2d12
2d14

2d16
2d18
2d1a
2d1c

2d1e
2d20
2d22
2d24

2d26
2d28
2d2a
2d2c

2d2e
2d30
2d32
2d34

2d36
2d38
2d3a
2d3c

2d3e
2d40
2d42
2d44

2d46
2d48
2d4a
2d4c

2d4e
2d50
2d52
2d54

2d56
ad5a
ad5c
ad5e

ad60
ad62
ad64
ad66

ad68
ad6a
ad6c
ad6e

ad70
ad72
ad74
ad76

ad78
ad7a
ad7c
ad7e

ad80
ad82
ad84
ad86

ad88
ad8a
ad8c
ad8e

ad90
ad92
ad94
ad96

ad98
ad9a
ad9c
ad9e

ada0
ada2
ada4
ada6

ada8
adaa
adac
adae

adb0
adb2
adb4
adb6

adb8
adba
adbc
adbe

adc0
adc2
adc4
adc6

adc8
adca
adcc
adce

add0
add2
add4
add6

add8
adda
addc
adde

ade0
ade2
ade4
ade6

ade8
adea
adec
adee

adf0
adf2
adf4
adf6

adf8
adfa
adfc
adfe

ae00
ae02
ae04
ae06

ae08
ae0a
ae0c
ae0e

ae10
ae12
ae14
ae16

ae18
ae1a
ae1c
ae1e

ae20
ae22
ae24
ae26

ae28
ae2a
ae2c
ae2e

ae30
ae32
ae34
ae36

ae38
ae3a
ae3c
ae3e

ae40
ae42
ae44
ae46

ae48
ae4a
ae4c
ae4e

ae50
ae52
ae54
ae56

ae58
ae5a
ae5c
ae5e

ae60
ae62
ae64
ae66

ae68
ae6a
ae6c
ae6e

ae70
ae72
ae74
ae76

ae78
ae7a
ae7c
ae7e

ae80
ae82
ae84
ae86

ae88
ae8a
ae8c
ae8e

ae90
ae92
ae94
ae96

ae98
ae9a
ae9c
ae9e

aea0
aea2
aea4
aea6

aea8
aeaa
aeac
aeae

aeb0
aeb2
aeb4
aeb6

aeb8
aeba
aebc
aebe

aec0
aec2
aec4
aec6

aec8
aeca
aecc
aece

aed0
aed2
aed4
aed6

aed8
aeda
aedc
aede

aee0
aee2
aee4
aee6

aee8
aeea
aeec
aeee

aef0
aef2
aef4
aef6

aef8
aefa
aefc
aefe

af00
af02
af04
af06

af08
2f0a
2f0c
2f0e

2f10
2f12
2f14
2f16

2f18
2f1a
2f1c
2f1e

2f20
2f22
2f24
2f26

2f28
2f2a
2f2c
2f2e

2f30
2f32
2f34
2f36

2f38
2f3a
2f3c
2f3e

2f40
2f42
2f44
2f46

2f48
2f4a
2f4c
2f4e

2f50
2f52
2f54
2f56

2f58
2f5a
2f5c
2f5e

2f60
2f62
2f64
2f66

2f68
2f6a
2f6c
2f6e

2f70
2f72
2f74
2f76

2f78
2f7a
2f7c
2f7e

2f80
2f82
2f84
2f86

2f88
2f8a
2f8c
2f8e

2f90
2f92
2f94
2f96

2f98
2f9a
2f9c
2f9e

2fa0
2fa2
2fa4
2fa6

2fa8
2faa
2fac
2fae

2fb0
2fb2
2fb4
2fb6

2fb8
2fba
2fbc
2fbe

2fc0
2fc2
2fc4
2fc6

2fc8
2fca
2fcc
2fce

2fd0
2fd2
2fd4
2fd6

2fd8
2fda
2fdc
2fde

2fe0
2fe2
2fe4
2fe6

2fe8
2fea
2fec
2fee

2ff0
2ff2
2ff4
2ff6

2ff8
2ffa
2ffc
2ffe

3000
3002
3004
3006

3008
300a
300c
300e

3010
3012
3014
3016

3018
301a
301c
301e

3020
3022
3024
3026

3028
302a
302c
302e

3030
3032
3034
3036

3038
303a
303c
303e

3040
3042
3044
3046

3048
304a
304c
304e

3050
3052
3054
3056

3058
305a
305c
305e

3060
3062
3064
3066

3068
306a
306c
306e

3070
3072
3074
3076

3078
307a
307c
307e

3080
3082
3084
3086

3088
308a
308c
308e

3090
3092
3094
3096

3098
309a
309c
309e

30a0
30a2
30a4
30a6

30a8
30aa
30ac
30ae

30b0
b0b4
b0b6
b0b8

b0ba
b0bc
b0be
b0c0

b0c2
b0c4
b0c6
b0c8

b0ca
b0cc
b0ce
b0d0

b0d2
b0d4
b0d6
b0d8

b0da
b0dc
b0de
b0e0

b0e2
b0e4
b0e6
b0e8

b0ea
b0ec
b0ee
b0f0

b0f2
b0f4
b0f6
b0f8

b0fa
b0fc
b0fe
b100

b102
b104
b106
b108

b10a
b10c
b10e
b110

b112
b114
b116
b118

b11a
b11c
b11e
b120

b122
b124
b126
b128

b12a
b12c
b12e
b130

b132
b134
b136
b138

b13a
b13c
b13e
b140

b142
b144
b146
b148

b14a
b14c
b14e
b150

b152
b154
b156
b158

b15a
b15c
b15e
b160

b162
b164
b166
b168

b16a
b16c
b16e
b170

b172
b174
b176
b178

b17a
b17c
b17e
b180

b182
b184
b186
b188

b18a
b18c
b18e
b190

b192
b194
b196
b198

b19a
b19c
b19e
b1a0

b1a2
b1a4
b1a6
b1a8

b1aa
b1ac
b1ae
b1b0

b1b2
b1b4
b1b6
b1b8

b1ba
b1bc
b1be
b1c0

b1c2
b1c4
b1c6
b1c8

b1ca
b1cc
b1ce
b1d0

b1d2
b1d4
b1d6
b1d8

b1da
b1dc
b1de
b1e0

b1e2
b1e4
b1e6
b1e8

b1ea
b1ec
b1ee
b1f0

b1f2
b1f4
b1f6
b1f8

b1fa
b1fc
b1fe
b200

b202
b204
b206
b208

b20a
b20c
b20e
b210

b212
b214
b216
b218

b21a
b21c
b21e
b220

b222
b224
b226
b228

b22a
b22c
b22e
b230

b232
b234
b236
b238

b23a
b23c
b23e
b240

b242
b244
b246
b248

b24a
b24c
b24e
b250

b252
b254
b256
b258

b25a
b25c
b25e
b260

b262
3264
3266
3268

326a
326c
326e
3270

3272
3274
3276
3278

327a
327c
327e
3280

3282
3284
3286
3288

328a
328c
328e
3290

3292
3294
3296
3298

329a
329c
329e
32a0

32a2
32a4
32a6
32a8

32aa
32ac
32ae
32b0

32b2
32b4
32b6
32b8

32ba
32bc
32be
32c0

32c2
32c4
32c6
32c8

32ca
32cc
32ce
32d0

32d2
32d4
32d6
32d8

32da
32dc
32de
32e0

32e2
32e4
32e6
32e8

32ea
32ec
32ee
32f0

32f2
32f4
32f6
32f8

32fa
32fc
32fe
3300

3302
3304
3306
3308

330a
330c
330e
3310

3312
3314
3316
3318

331a
331c
331e
3320

3322
3324
3326
3328

332a
332c
332e
3330

3332
3334
3336
3338

333a
333c
333e
3340

3342
3344
3346
3348

334a
334c
334e
3350

3352
3354
3356
3358

335a
335c
335e
3360

3362
3364
3366
3368

336a
336c
336e
3370

3372
3374
3376
3378

337a
337c
337e
3380

3382
3384
3386
3388

338a
338c
338e
3390

3392
3394
3396
3398

339a
339c
339e
33a0

33a2
33a4
33a6
33a8

33aa
33ac
33ae
33b0

33b2
33b4
33b6
33b8

33ba
33bc
33be
33c0

33c2
33c4
33c6
33c8

33ca
33cc
33ce
33d0

33d2
33d4
33d6
33d8

33da
33dc
33de
33e0

33e2
33e4
33e6
33e8

33ea
33ec
33ee
33f0

33f2
33f4
33f6
33f8

33fa
33fc
33fe
3400

3402
3404
3406
3408

340a
340c
340e
3410

3412
b414
b416
b418

b41a
b41c
b41e
b420

b422
b424
b426
b428

b42a
b42c
b42e
b430

b432
b434
b436
b438

b43a
b43c
b43e
b440

b442
b444
b446
b448

b44a
b44c
b44e
b450

b452
b454
b456
b458

b45a
b45c
b45e
b460

b462
b464
b466
b468

b46a
b46c
b46e
b470

b472
b474
b476
b478

b47a
b47c
b47e
b480

b482
b484
b486
b488

b48a
b48c
b48e
b490

b492
b494
b496
b498

b49a
b49c
b49e
b4a0

b4a2
b4a4
b4a6
b4a8

b4aa
b4ac
b4ae
b4b0

b4b2
b4b4
b4b6
b4b8

b4ba
b4bc
b4be
b4c0

b4c2
b4c4
b4c6
b4c8

b4ca
b4cc
b4ce
b4d0

b4d2
b4d4
b4d6
b4d8

b4da
b4dc
b4de
b4e0

b4e2
b4e4
b4e6
b4e8

b4ea
b4ec
b4ee
b4f0

b4f2
b4f4
b4f6
b4f8

b4fa
b4fc
b4fe
b500

b502
b504
b506
b508

b50a
b50c
b50e
b510

b512
b514
b516
b518

b51a
b51c
b51e
b520

b522
b524
b526
b528

b52a
b52c
b52e
b530

b532
b534
b536
b538

b53a
b53c
b53e
b540

b542
b544
b546
b548

b54a
b54c
b54e
b550

b552
b554
b556
b558

b55a
b55c
b55e
b560

b562
b564
b566
b568

b56a
b56c
b56e
b570

b572
b574
b576
b578

b57a
b57c
b57e
b580

b582
b584
b586
b588

b58a
b58c
b58e
b590

b592
b594
b596
b598

b59a
b59c
b59e
b5a0

b5a2
b5a4
b5a6
b5a8

b5aa
b5ac
b5ae
b5b0

b5b2
b5b4
b5b6
b5b8

b5ba
b5bc
35be
35c0

35c2
35c4
35c6
35c8

35ca
35cc
35ce
35d0

35d2
35d4
35d6
35d8

35da
35dc
35de
35e0

35e2
35e4
35e6
35e8

35ea
35ec
35ee
35f0

35f2
35f4
35f6
35f8

35fa
35fc
35fe
3600

3602
3604
3606
3608

360a
360c
360e
3610

3612
3614
3616
3618

361a
361c
361e
3620

3622
3624
3626
3628

362a
362c
362e
3630

3632
3634
3636
3638

363a
363c
363e
3640

3642
3644
3646
3648

364a
364c
364e
3650

3652
3654
3656
3658

365a
365c
365e
3660

3662
3664
3666
3668

366a
366c
366e
3670

3672
3674
3676
3678

367a
367c
367e
3680

3682
3684
3686
3688

368a
368c
368e
3690

3692
3694
3696
3698

369a
369c
369e
36a0

36a2
36a4
36a6
36a8

36aa
36ac
36ae
36b0

36b2
36b4
36b6
36b8

36ba
36bc
36be
36c0

36c2
36c4
36c6
36c8

36ca
36cc
36ce
36d0

36d2
36d4
36d6
36d8

36da
36dc
36de
36e0

36e2
36e4
36e6
36e8

36ea
36ec
36ee
36f0

36f2
36f4
36f6
36f8

36fa
36fc
36fe
3700

3702
3704
3706
3708

370a
370c
370e
3710

3712
3714
3716
3718

371a
371c
371e
3720

3722
3724
3726
3728

372a
372c
372e
3730

3732
3734
3736
3738

373a
373c
373e
3740

3742
3744
3746
3748

374a
374c
374e
3750

3752
3754
3756
3758

375a
375c
375e
3760

3762
3764
3766
3768

376a
b76c
b76e
b770

b772
b774
b776
b778

b77a
b77c
b77e
b780

b782
b784
b786
b788

b78a
b78c
b78e
b790

b792
b794
b796
b798

b79a
b79c
b79e
b7a0

b7a2
b7a4
b7a6
b7a8

b7aa
b7ac
b7ae
b7b0

b7b2
b7b4
b7b6
b7b8

b7ba
b7bc
b7be
b7c0

b7c2
b7c4
b7c6
b7c8

b7ca
b7cc
b7ce
b7d0

b7d2
b7d4
b7d6
b7d8

b7da
b7dc
b7de
b7e0

b7e2
b7e4
b7e6
b7e8

b7ea
b7ec
b7ee
b7f0

b7f2
b7f4
b7f6
b7f8

b7fa
b7fc
b7fe
b800

b802
b804
b806
b808

b80a
b80c
b80e
b810

b812
b814
b816
b818

b81a
b81c
b81e
b820

b822
b824
b826
b828

b82a
b82c
b82e
b830

b832
b834
b836
b838

b83a
b83c
b83e
b840

b842
b844
b846
b848

b84a
b84c
b84e
b850

b852
b854
b856
b858

b85a
b85c
b85e
b860

b862
b864
b866
b868

b86a
b86c
b86e
b870

b872
b874
b876
b878

b87a
b87c
b87e
b880

b882
b884
b886
b888

b88a
b88c
b88e
b890

b892
b894
b896
b898

b89a
b89c
b89e
b8a0

b8a2
b8a4
b8a6
b8a8

b8aa
b8ac
b8ae
b8b0

b8b2
b8b4
b8b6
b8b8

b8ba
b8bc
b8be
b8c0

b8c2
b8c4
b8c6
b8c8

b8ca
b8cc
b8ce
b8d0

b8d2
b8d4
b8d6
b8d8

b8da
b8dc
b8de
b8e0

b8e2
b8e4
b8e6
b8e8

b8ea
b8ec
b8ee
b8f0

b8f2
b8f4
b8f6
b8f8

b8fa
b8fc
b8fe
b900

b902
b904
b906
b908

b90a
b90c
b90e
b910

b912
b914
b916
b918

b91a
391c
391e
3920

3922
3924
3926
3928

392a
392c
392e
3930

3932
3934
3936
3938

393a
393c
393e
3940

3942
3944
3946
3948

394a
394c
394e
3950

3952
3954
3956
3958

395a
395c
395e
3960

3962
3964
3966
3968

396a
396c
396e
3970

3972
3974
3976
3978

397a
397c
397e
3980

3982
3984
3986
3988

398a
398c
398e
3990

3992
3994
3996
3998

399a
399c
399e
39a0

39a2
39a4
39a6
39a8

39aa
39ac
39ae
39b0

39b2
39b4
39b6
39b8

39ba
39bc
39be
39c0

39c2
39c4
39c6
39c8

39ca
39cc
39ce
39d0

39d2
39d4
39d6
39d8

39da
39dc
39de
39e0

39e2
39e4
39e6
39e8

39ea
39ec
39ee
39f0

39f2
39f4
39f6
39f8

39fa
39fc
39fe
3a00

3a02
3a04
3a06
3a08

3a0a
3a0c
3a0e
3a10

3a12
3a14
3a16
3a18

3a1a
3a1c
3a1e
3a20

3a22
3a24
3a26
3a28

3a2a
3a2c
3a2e
3a30

3a32
3a34
3a36
3a38

3a3a
3a3c
3a3e
3a40

3a42
3a44
3a46
3a48

3a4a
3a4c
3a4e
3a50

3a52
3a54
3a56
3a58

3a5a
3a5c
3a5e
3a60

3a62
3a64
3a66
3a68

3a6a
3a6c
3a6e
3a70

3a72
3a74
3a76
3a78

3a7a
3a7c
3a7e
3a80

3a82
3a84
3a86
3a88

3a8a
3a8c
3a8e
3a90

3a92
3a94
3a96
3a98

3a9a
3a9c
3a9e
3aa0

3aa2
3aa4
3aa6
3aa8

3aaa
3aac
3aae
3ab0

3ab2
3ab4
3ab6
3ab8

3aba
3abc
3abe
3ac0

3ac2
3ac4
3ac6
3ac8

3aca
3acc
3ace
3ad0

3ad2
3ad4
3ad6
3ad8

3ada
3adc
3ade
3ae0

3ae2
3ae4
3ae6
3ae8

3aea
3aec
3aee
3af0

3af2
3af4
3af6
3af8

3afa
3afc
3afe
3b00

3b02
3b04
3b06
3b08

3b0a
3b0c
3b0e
3b10

3b12
3b14
3b16
3b18

3b1a
3b1c
3b1e
3b20

3b22
3b24
3b26
3b28

3b2a
3b2c
3b2e
3b30

3b32
3b34
3b36
3b38

3b3a
3b3c
3b3e
3b40

3b42
3b44
3b46
3b48

3b4a
3b4c
3b4e
3b50

3b52
3b54
3b56
3b58

3b5a
3b5c
3b5e
3b60

3b62
3b64
3b66
3b68

3b6a
3b6c
3b6e
3b70

3b72
3b74
3b76
3b78

3b7a
3b7c
3b7e
3b80

3b82
3b84
3b86
3b88

3b8a
3b8c
3b8e
3b90

3b92
3b94
3b96
3b98

3b9a
3b9c
3b9e
3ba0

3ba2
3ba4
3ba6
3ba8

3baa
3bac
3bae
3bb0

3bb2
3bb4
3bb6
3bb8

3bba
3bbc
3bbe
3bc0

3bc2
3bc4
3bc6
3bc8

3bca
3bcc
3bce
3bd0

3bd2
3bd4
3bd6
3bd8

3bda
3bdc
3bde
3be0

3be2
3be4
3be6
3be8

3bea
3bec
3bee
3bf0

3bf2
3bf4
3bf6
3bf8

3bfa
3bfc
3bfe
3c00

3c02
3c04
3c06
3c08

3c0a
3c0c
3c0e
3c10

3c12
3c14
3c16
3c18

3c1a
3c1c
3c1e
3c20

3c22
3c24
3c26
3c28

3c2a
3c2c
3c2e
3c30

3c32
3c34
3c36
3c38

3c3a
3c3c
3c3e
3c40

3c42
3c44
3c46
3c48

3c4a
3c4c
3c4e
3c50

3c52
3c54
3c56
3c58

3c5a
3c5c
3c5e
3c60

3c62
3c64
3c66
3c68

3c6a
3c6c
3c6e
3c70

3c72
3c74
3c76
3c78

3c7a
3c7c
3c7e
3c80

3c82
3c84
3c86
3c88

3c8a
3c8c
3c8e
3c90

3c92
3c94
3c96
3c98

3c9a
3c9c
3c9e
3ca0

3ca2
3ca4
3ca6
3ca8

3caa
3cac
3cae
3cb0

3cb2
3cb4
3cb6
3cb8

3cba
3cbc
3cbe
3cc0

3cc2
3cc4
3cc6
3cc8

3cca
3ccc
3cce
3cd0

3cd2
3cd4
3cd6
3cd8

3cda
3cdc
3cde
3ce0

3ce2
3ce4
3ce6
3ce8

3cea
3cec
3cee
3cf0

3cf2
3cf4
3cf6
3cf8

3cfa
3cfc
3cfe
3d00

3d02
3d04
3d06
3d08

3d0a
3d0c
3d0e
3d10

3d12
3d14
3d16
3d18

3d1a
3d1c
3d1e
3d20

3d22
3d24
3d26
3d28

3d2a
3d2c
3d2e
3d30

3d32
3d34
3d36
3d38

3d3a
3d3c
3d3e
3d40

3d42
3d44
3d46
3d48

3d4a
3d4c
3d4e
3d50

3d52
3d54
3d56
3d58

3d5a
3d5c
3d5e
3d60

3d62
3d64
3d66
3d68

3d6a
3d6c
3d6e
3d70

3d72
3d74
3d76
3d78

3d7a
3d7c
3d7e
3d80

3d82
3d84
3d86
3d88

3d8a
3d8c
3d8e
3d90

3d92
3d94
3d96
3d98

3d9a
3d9c
3d9e
3da0

3da2
3da4
3da6
3da8

3daa
3dac
3dae
3db0

3db2
3db4
3db6
3db8

3dba
3dbc
3dbe
3dc0

3dc2
3dc4
3dc6
3dc8

3dca
3dcc
3dce
3dd0

3dd2
3dd4
3dd6
3dd8

3dda
3ddc
3dde
3de0

3de2
3de4
3de6
3de8

3dea
3dec
3dee
3df0

3df2
3df4
3df6
3df8

3dfa
3dfc
3dfe
3e00

3e02
3e04
3e06
3e08

3e0a
3e0c
3e0e
3e10

3e12
3e14
3e16
3e18

3e1a
3e1c
3e1e
3e20

3e22
3e24
3e26
3e28

3e2a
3e2c
3e2e
3e30

3e32
3e34
3e36
3e38

3e3a
3e3c
3e3e
3e40

3e42
3e44
3e46
3e48

3e4a
3e4c
3e4e
3e50

3e52
3e54
3e56
3e58

3e5a
3e5c
3e5e
3e60

3e62
3e64
3e66
3e68

3e6a
3e6c
3e6e
3e70

3e72
3e74
3e76
3e78

3e7a
3e7c
3e7e
3e80

3e82
3e84
3e86
3e88

3e8a
3e8c
3e8e
3e90

3e92
3e94
3e96
3e98

3e9a
3e9c
3e9e
3ea0

3ea2
3ea4
3ea6
3ea8

3eaa
3eac
3eae
3eb0

3eb2
3eb4
3eb6
3eb8

3eba
3ebc
3ebe
3ec0

3ec2
3ec4
3ec6
3ec8

3eca
3ecc
3ece
3ed0

3ed2
3ed4
3ed6
3ed8

3eda
3edc
3ede
3ee0

3ee2
3ee4
3ee6
3ee8

3eea
3eec
3eee
3ef0

3ef2
3ef4
3ef6
3ef8

3efa
3efc
3efe
3f00

3f02
3f04
3f06
3f08

3f0a
3f0c
3f0e
3f10

3f12
3f14
3f16
3f18

3f1a
3f1c
3f1e
3f20

3f22
3f24
3f26
3f28

3f2a
3f2c
3f2e
3f30

3f32
3f34
3f36
3f38

3f3a
3f3c
3f3e
3f40

3f42
3f44
3f46
3f48

3f4a
3f4c
3f4e
3f50

3f52
3f54
3f56
3f58

3f5a
3f5c
3f5e
3f60

3f62
3f64
3f66
3f68

3f6a
3f6c
3f6e
3f70

3f72
3f74
3f76
3f78

3f7a
3f7c
3f7e
3f80

3f82
3f84
3f86
3f88

3f8a
3f8c
3f8e
3f90

3f92
3f94
3f96
3f98

3f9a
3f9c
3f9e
3fa0

3fa2
3fa4
3fa6
3fa8

3faa
3fac
3fae
3fb0

3fb2
3fb4
3fb6
3fb8

3fba
3fbc
3fbe
3fc0

3fc2
3fc4
3fc6
3fc8

3fca
3fcc
3fce
3fd0

3fd2
3fd4
3fd6
3fd8

3fda
3fdc
3fde
3fe0

3fe2
3fe4
3fe6
3fe8

3fea
3fec
3fee
3ff0

3ff2
3ff4
3ff6
3ff8

3ffa
3ffc
3ffe
4000

4002
4004
4006
4008

400a
400c
400e
4010

4012
4014
4016
4018

401a
401c
401e
4020

4022
4024
4026
4028

402a
402c
402e
4030

4032
4034
4036
4038

403a
403c
403e
4040

4042
4044
4046
4048

404a
404c
404e
4050

4052
4054
4056
4058

405a
405c
405e
4060

4062
4064
4066
4068

406a
406c
406e
4070

4072
4074
4076
4078

407a
407c
407e
4080

4082
4084
4086
4088

408a
408c
408e
4090

4092
4094
4096
4098

409a
409c
409e
40a0

40a2
40a4
40a6
40a8

40aa
40ac
40ae
40b0

40b2
40b4
40b6
40b8

40ba
40bc
40be
40c0

40c2
40c4
40c6
40c8

40ca
40cc
40ce
40d0

40d2
40d4
40d6
40d8

40da
40dc
40de
40e0

40e2
40e4
40e6
40e8

40ea
40ec
40ee
40f0

40f2
40f4
40f6
40f8

40fa
40fc
40fe
4100

4102
4104
4106
4108

410a
410c
410e
4110

4112
4114
4116
4118

411a
411c
411e
4120

4122
4124
4126
4128

412a
412c
412e
4130

4132
4134
4136
4138

413a
413c
413e
4140

4142
4144
4146
4148

414a
414c
414e
4150

4152
4154
4156
4158

415a
415c
415e
4160

4162
4164
4166
4168

416a
416c
416e
4170

4172
4174
4176
4178

417a
417c
417e
4180

4182
4184
4186
4188

418a
418c
418e
4190

4192
4194
4196
4198

419a
419c
419e
41a0

41a2
41a4
41a6
41a8

41aa
41ac
41ae
41b0

41b2
41b4
41b6
41b8

41ba
41bc
41be
41c0

41c2
41c4
41c6
41c8

41ca
41cc
41ce
41d0

41d2
41d4
41d6
41d8

41da
41dc
41de
41e0

41e2
41e4
41e6
41e8

41ea
41ec
41ee
41f0

41f2
41f4
41f6
41f8

41fa
41fc
41fe
4200

4202
4204
4206
4208

420a
420c
420e
4210

4212
4214
4216
4218

421a
421c
421e
4220

4222
4224
4226
4228

422a
422c
422e
4230

4232
4234
4236
4238

423a
423c
423e
4240

4242
4244
4246
4248

424a
424c
424e
4250

4252
4254
4256
4258

425a
425c
425e
4260

4262
4264
4266
4268

426a
426c
426e
4270

4272
4274
4276
4278

427a
427c
427e
4280

4282
4284
4286
4288

428a
428c
428e
4290

4292
4294
4296
4298

429a
429c
429e
42a0

42a2
42a4
42a6
42a8

42aa
42ac
42ae
42b0

42b2
42b4
42b6
42b8

42ba
42bc
42be
42c0

42c2
42c4
42c6
42c8

42ca
42cc
42ce
42d0

42d2
42d4
42d6
42d8

42da
42dc
42de
42e0

42e2
42e4
42e6
42e8

42ea
42ec
42ee
42f0

42f2
42f4
42f6
42f8

42fa
42fc
42fe
4300

4302
4304
4306
4308

430a
430c
430e
4310

4312
4314
4316
4318

431a
431c
431e
4320

4322
4324
4326
4328

432a
432c
432e
4330

4332
4334
4336
4338

433a
433c
433e
4340

4342
4344
4346
4348

434a
434c
434e
4350

4352
4354
4356
4358

435a
435c
435e
4360

4362
4364
4366
4368

436a
436c
436e
4370

4372
4374
4376
4378

437a
437c
437e
4380

4382
4384
4386
4388

438a
438c
438e
4390

4392
4394
4396
4398

439a
439c
439e
43a0

43a2
43a4
43a6
43a8

43aa
43ac
43ae
43b0

43b2
43b4
43b6
43b8

43ba
43bc
43be
43c0

43c2
43c4
43c6
43c8

43ca
43cc
43ce
43d0

43d2
43d4
43d6
43d8

43da
43dc
43de
43e0

43e2
43e4
43e6
43e8

43ea
43ec
43ee
43f0

43f2
43f4
43f6
43f8

43fa
43fc
43fe
4400

4402
4404
4406
4408

440a
440c
440e
4410

4412
4414
4416
4418

441a
441c
441e
4420

4422
4424
4426
4428

442a
442c
442e
4430

4432
4434
4436
4438

443a
443c
443e
4440

4442
4444
4446
4448

444a
444c
444e
4450

4452
4454
4456
4458

445a
445c
445e
4460

4462
4464
4466
4468

446a
446c
446e
4470

4472
4474
4476
4478

447a
447c
447e
4480

4482
4484
4486
4488

448a
448c
448e
4490

4492
4494
4496
4498

449a
449c
449e
44a0

44a2
44a4
44a6
44a8

44aa
44ac
44ae
44b0

44b2
44b4
44b6
44b8

44ba
44bc
44be
44c0

44c2
44c4
44c6
44c8

44ca
44cc
44ce
44d0

44d2
44d4
44d6
44d8

44da
44dc
44de
44e0

44e2
44e4
44e6
44e8

44ea
44ec
44ee
44f0

44f2
44f4
44f6
44f8

44fa
44fc
44fe
4500

4502
4504
4506
4508

450a
450c
450e
4510

4512
4514
4516
4518

451a
451c
451e
4520

4522
4524
4526
4528

452a
452c
452e
4530

4532
4534
4536
4538

453a
453c
453e
4540

4542
4544
4546
4548

454a
454c
454e
4550

4552
4554
4556
4558

455a
455c
455e
4560

4562
4564
4566
4568

456a
456c
456e
4570

4572
4574
4576
4578

457a
457c
457e
4580

4582
4584
4586
4588

458a
458c
458e
4590

4592
4594
4596
4598

459a
459c
459e
45a0

45a2
45a4
45a6
45a8

45aa
45ac
45ae
45b0

45b2
45b4
45b6
45b8

45ba
45bc
45be
45c0

45c2
45c4
45c6
45c8

45ca
45cc
45ce
45d0

45d2
45d4
45d6
45d8

45da
45dc
45de
45e0

45e2
45e4
45e6
45e8

45ea
45ec
45ee
45f0

45f2
45f4
45f6
45f8

45fa
45fc
45fe
4600

4602
4604
4606
4608

460a
460c
460e
4610

4612
4614
4616
4618

461a
461c
461e
4620

4622
4624
4626
4628

462a
462c
462e
4630

4632
4634
4636
4638

463a
463c
463e
4640

4642
4644
4646
4648

464a
464c
464e
4650

4652
4654
4656
4658

465a
465c
465e
4660

4662
4664
4666
4668

466a
466c
466e
4670

4672
4674
4676
4678

467a
467c
467e
4680

4682
4684
4686
4688

468a
468c
468e
4690

4692
4694
4696
4698

469a
469c
469e
46a0

46a2
46a4
46a6
46a8

46aa
46ac
46ae
46b0

46b2
46b4
46b6
46b8

46ba
46bc
46be
46c0

46c2
46c4
46c6
46c8

46ca
46cc
46ce
46d0

46d2
46d4
46d6
46d8

46da
46dc
46de
46e0

46e2
46e4
46e6
46e8

46ea
46ec
46ee
46f0

46f2
46f4
46f6
46f8

46fa
46fc
46fe
4700

4702
4704
4706
4708

470a
470c
470e
4710

4712
4714
4716
4718

471a
471c
471e
4720

4722
4724
4726
4728

472a
472c
472e
4730

4732
4734
4736
4738

473a
473c
473e
4740

4742
4744
4746
4748

474a
474c
474e
4750

4752
4754
4756
4758

475a
475c
475e
4760

4762
4764
4766
4768

476a
476c
476e
4770

4772
4774
4776
4778

477a
477c
477e
4780

4782
4784
4786
4788

478a
478c
478e
4790

4792
4794
4796
4798

479a
479c
479e
47a0

47a2
47a4
47a6
47a8

47aa
47ac
47ae
47b0

47b2
47b4
47b6
47b8

47ba
47bc
47be
47c0

47c2
47c4
47c6
47c8

47ca
47cc
47ce
47d0

47d2
47d4
47d6
47d8

47da
47dc
47de
47e0

47e2
47e4
47e6
47e8

47ea
47ec
47ee
47f0

47f2
47f4
47f6
47f8

47fa
47fc
47fe
4800

4802
4804
4806
4808

480a
480c
480e
4810

4812
4814
4816
4818

481a
481c
481e
4820

4822
4824
4826
4828

482a
482c
482e
4830

4832
4834
4836
4838

483a
483c
483e
4840

4842
4844
4846
4848

484a
484c
484e
4850

4852
4854
4856
4858

485a
485c
485e
4860

4862
4864
4866
4868

486a
486c
486e
4870

4872
4874
4876
4878

487a
487c
487e
4880

4882
4884
4886
4888

488a
488c
488e
4890

4892
4894
4896
4898

489a
489c
489e
48a0

48a2
48a4
48a6
48a8

48aa
48ac
48ae
48b0

48b2
48b4
48b6
48b8

48ba
48bc
48be
48c0

48c2
48c4
48c6
48c8

48ca
48cc
48ce
48d0

48d2
48d4
48d6
48d8

48da
48dc
48de
48e0

48e2
48e4
48e6
48e8

48ea
48ec
48ee
48f0

48f2
48f4
48f6
48f8

48fa
48fc
48fe
4900

4902
4904
4906
4908

490a
490c
490e
4910

4912
4914
4916
4918

491a
491c
491e
4920

4922
4924
4926
4928

492a
492c
492e
4930

4932
4934
4936
4938

493a
493c
493e
4940

4942
4944
4946
4948

494a
494c
494e
4950

4952
4954
4956
4958

495a
495c
495e
4960

4962
4964
4966
4968

496a
496c
496e
4970

4972
4974
4976
4978

497a
497c
497e
4980

4982
4984
4986
4988

498a
498c
498e
4990

4992
4994
4996
4998

499a
499c
499e
49a0

49a2
49a4
49a6
49a8

49aa
49ac
49ae
49b0

49b2
49b4
49b6
49b8

49ba
49bc
49be
49c0

49c2
49c4
49c6
49c8

49ca
49cc
49ce
49d0

49d2
49d4
49d6
49d8

49da
49dc
49de
49e0

49e2
49e4
49e6
49e8

49ea
49ec
49ee
49f0

49f2
49f4
49f6
49f8

49fa
49fc
49fe
4a00

4a02
4a04
4a06
4a08

4a0a
4a0c
4a0e
4a10

4a12
4a14
4a16
4a18

4a1a
4a1c
4a1e
4a20

4a22
4a24
4a26
4a28

4a2a
4a2c
4a2e
4a30

4a32
4a34
4a36
4a38

4a3a
4a3c
4a3e
4a40

4a42
4a44
4a46
4a48

4a4a
4a4c
4a4e
4a50

4a52
4a54
4a56
4a58

4a5a
4a5c
4a5e
4a60

4a62
4a64
4a66
4a68

4a6a
4a6c
4a6e
4a70

4a72
4a74
4a76
4a78

4a7a
4a7c
4a7e
4a80

4a82
4a84
4a86
4a88

4a8a
4a8c
4a8e
4a90

4a92
4a94
4a96
4a98

4a9a
4a9c
4a9e
4aa0

4aa2
4aa4
4aa6
4aa8

4aaa
4aac
4aae
4ab0

4ab2
4ab4
4ab6
4ab8

4aba
4abc
4abe
4ac0

4ac2
4ac4
4ac6
4ac8

4aca
4acc
4ace
4ad0

4ad2
4ad4
4ad6
4ad8

4ada
4adc
4ade
4ae0

4ae2
4ae4
4ae6
4ae8

4aea
4aec
4aee
4af0

4af2
4af4
4af6
4af8

4afa
4afc
4afe
4b00

4b02
4b04
4b06
4b08

4b0a
4b0c
4b0e
4b10

4b12
4b14
4b16
4b18

4b1a
4b1c
4b1e
4b20

4b22
4b24
4b26
4b28

4b2a
4b2c
4b2e
4b30

4b32
4b34
4b36
4b38

4b3a
4b3c
4b3e
4b40

4b42
4b44
4b46
4b48

4b4a
4b4c
4b4e
4b50

4b52
4b54
4b56
4b58

4b5a
4b5c
4b5e
4b60

4b62
4b64
4b66
4b68

4b6a
4b6c
4b6e
4b70

4b72
4b74
4b76
4b78

4b7a
4b7c
4b7e
4b80

4b82
4b84
4b86
4b88

4b8a
4b8c
4b8e
4b90

4b92
4b94
4b96
4b98

4b9a
4b9c
4b9e
4ba0

4ba2
4ba4
4ba6
4ba8

4baa
4bac
4bae
4bb0

4bb2
4bb4
4bb6
4bb8

4bba
4bbc
4bbe
4bc0

4bc2
4bc4
4bc6
4bc8

4bca
4bcc
4bce
4bd0

4bd2
4bd4
4bd6
4bd8

4bda
4bdc
4bde
4be0

4be2
4be4
4be6
4be8

4bea
4bec
4bee
4bf0

4bf2
4bf4
4bf6
4bf8

4bfa
4bfc
4bfe
4c00

4c02
4c04
4c06
4c08

4c0a
4c0c
4c0e
4c10

4c12
4c14
4c16
4c18

4c1a
4c1c
4c1e
4c20

4c22
4c24
4c26
4c28

4c2a
4c2c
4c2e
4c30

4c32
4c34
4c36
4c38

4c3a
4c3c
4c3e
4c40

4c42
4c44
4c46
4c48

4c4a
4c4c
4c4e
4c50

4c52
4c54
4c56
4c58

4c5a
4c5c
4c5e
4c60

4c62
4c64
4c66
4c68

4c6a
4c6c
4c6e
4c70

4c72
4c74
4c76
4c78

4c7a
4c7c
4c7e
4c80

4c82
4c84
4c86
4c88

4c8a
4c8c
4c8e
4c90

4c92
4c94
4c96
4c98

4c9a
4c9c
4c9e
4ca0

4ca2
4ca4
4ca6
4ca8

4caa
4cac
4cae
4cb0

4cb2
4cb4
4cb6
4cb8

4cba
4cbc
4cbe
4cc0

4cc2
4cc4
4cc6
4cc8

4cca
4ccc
4cce
4cd0

4cd2
4cd4
4cd6
4cd8

4cda
4cdc
4cde
4ce0

4ce2
4ce4
4ce6
4ce8

4cea
4cec
4cee
4cf0

4cf2
4cf4
4cf6
4cf8

4cfa
4cfc
4cfe
4d00

4d02
4d04
4d06
4d08

4d0a
4d0c
4d0e
4d10

4d12
4d14
4d16
4d18

4d1a
4d1c
4d1e
4d20

4d22
4d24
4d26
4d28

4d2a
4d2c
4d2e
4d30

4d32
4d34
4d36
4d38

4d3a
4d3c
4d3e
4d40

4d42
4d44
4d46
4d48

4d4a
4d4c
4d4e
4d50

4d52
4d54
4d56
4d58

4d5a
4d5c
4d5e
4d60

4d62
4d64
4d66
4d68

4d6a
4d6c
4d6e
4d70

4d72
4d74
4d76
4d78

4d7a
4d7c
4d7e
4d80

4d82
4d84
4d86
4d88

4d8a
4d8c
4d8e
4d90

4d92
4d94
4d96
4d98

4d9a
4d9c
4d9e
4da0

4da2
4da4
4da6
4da8

4daa
4dac
4dae
4db0

4db2
4db4
4db6
4db8

4dba
4dbc
4dbe
4dc0

4dc2
4dc4
4dc6
4dc8

4dca
4dcc
4dce
4dd0

4dd2
4dd4
4dd6
4dd8

4dda
4ddc
4dde
4de0

4de2
4de4
4de6
4de8

4dea
4dec
4dee
4df0

4df2
4df4
4df6
4df8

4dfa
4dfc
4dfe
4e00

4e02
4e04
4e06
4e08

4e0a
4e0c
4e0e
4e10

4e12
4e14
4e16
4e18

4e1a
4e1c
4e1e
4e20

4e22
4e24
4e26
4e28

4e2a
4e2c
4e2e
4e30

4e32
4e34
4e36
4e38

4e3a
4e3c
4e3e
4e40

4e42
4e44
4e46
4e48

4e4a
4e4c
4e4e
4e50

4e52
4e54
4e56
4e58

4e5a
4e5c
4e5e
4e60

4e62
4e64
4e66
4e68

4e6a
4e6c
4e6e
4e70

4e72
4e74
4e76
4e78

4e7a
4e7c
4e7e
4e80

4e82
4e84
4e86
4e88

4e8a
4e8c
4e8e
4e90

4e92
4e94
4e96
4e98

4e9a
4e9c
4e9e
4ea0

4ea2
4ea4
4ea6
4ea8

4eaa
4eac
4eae
4eb0

4eb2
4eb4
4eb6
4eb8

4eba
4ebc
4ebe
4ec0

4ec2
4ec4
4ec6
4ec8

4eca
4ecc
4ece
4ed0

4ed2
4ed4
4ed6
4ed8

4eda
4edc
4ede
4ee0

4ee2
4ee4
4ee6
4ee8

4eea
4eec
4eee
4ef0

4ef2
4ef4
4ef6
4ef8

4efa
4efc
4efe
4f00

4f02
4f04
4f06
4f08

4f0a
4f0c
4f0e
4f10

4f12
4f14
4f16
4f18

4f1a
4f1c
4f1e
4f20

4f22
4f24
4f26
4f28

4f2a
4f2c
4f2e
4f30

4f32
4f34
4f36
4f38

4f3a
4f3c
4f3e
4f40

4f42
4f44
4f46
4f48

4f4a
4f4c
4f4e
4f50

4f52
4f54
4f56
4f58

4f5a
4f5c
4f5e
4f60

4f62
4f64
4f66
4f68

4f6a
4f6c
4f6e
4f70

4f72
4f74
4f76
4f78

4f7a
4f7c
4f7e
4f80

4f82
4f84
4f86
4f88

4f8a
4f8c
4f8e
4f90

4f92
4f94
4f96
4f98

4f9a
4f9c
4f9e
4fa0

4fa2
4fa4
4fa6
4fa8

4faa
4fac
4fae
4fb0

4fb2
4fb4
4fb6
4fb8

4fba
4fbc
4fbe
4fc0

4fc2
4fc4
4fc6
4fc8

4fca
4fcc
4fce
4fd0

4fd2
4fd4
4fd6
4fd8

4fda
4fdc
4fde
4fe0

4fe2
4fe4
4fe6
4fe8

4fea
4fec
4fee
4ff0

4ff2
4ff4
4ff6
4ff8

4ffa
4ffc
4ffe
5000

5002
5004
5006
5008

500a
500c
500e
5010

5012
5014
5016
5018

501a
501c
501e
5020

5022
5024
5026
5028

502a
502c
502e
5030

5032
5034
5036
5038

503a
503c
503e
5040

5042
5044
5046
5048

504a
504c
504e
5050

5052
5054
5056
5058

505a
505c
505e
5060

5062
5064
5066
5068

506a
506c
506e
5070

5072
5074
5076
5078

507a
507c
507e
5080

5082
5084
5086
5088

508a
508c
508e
5090

5092
5094
5096
5098

509a
509c
509e
50a0

50a2
50a4
50a6
50a8

50aa
50ac
50ae
50b0

50b2
50b4
50b6
50b8

50ba
50bc
50be
50c0

50c2
50c4
50c6
50c8

50ca
50cc
50ce
50d0

50d2
50d4
50d6
50d8

50da
50dc
50de
50e0

50e2
50e4
50e6
50e8

50ea
50ec
50ee
50f0

50f2
50f4
50f6
50f8

50fa
50fc
50fe
5100

5102
5104
5106
5108

510a
510c
510e
5110

5112
5114
5116
5118

511a
511c
511e
5120

5122
5124
5126
5128

512a
512c
512e
5130

5132
5134
5136
5138

513a
513c
513e
5140

5142
5144
5146
5148

514a
514c
514e
5150

5152
5154
5156
5158

515a
515c
515e
5160

5162
5164
5166
5168

516a
516c
516e
5170

5172
5174
5176
5178

517a
517c
517e
5180

5182
5184
5186
5188

518a
518c
518e
5190

5192
5194
5196
5198

519a
519c
519e
51a0

51a2
51a4
51a6
51a8

51aa
51ac
51ae
51b0

51b2
51b4
51b6
51b8

51ba
51bc
51be
51c0

51c2
51c4
51c6
51c8

51ca
51cc
51ce
51d0

51d2
51d4
51d6
51d8

51da
51dc
51de
51e0

51e2
51e4
51e6
51e8

51ea
51ec
51ee
51f0

51f2
51f4
51f6
51f8

51fa
51fc
51fe
5200

5202
5204
5206
5208

520a
520c
520e
5210

5212
5214
5216
5218

521a
521c
521e
5220

5222
5224
5226
5228

522a
522c
522e
5230

5232
5234
5236
5238

523a
523c
523e
5240

5242
5244
5246
5248

524a
524c
524e
5250

5252
5254
5256
5258

525a
525c
525e
5260

5262
5264
5266
5268

526a
526c
526e
5270

5272
5274
5276
5278

527a
527c
527e
5280

5282
5284
5286
5288

528a
528c
528e
5290

5292
5294
5296
5298

529a
529c
529e
52a0

52a2
52a4
52a6
52a8

52aa
52ac
52ae
52b0

52b2
52b4
52b6
52b8

52ba
52bc
52be
52c0

52c2
52c4
52c6
52c8

52ca
52cc
52ce
52d0

52d2
52d4
52d6
52d8

52da
52dc
52de
52e0

52e2
52e4
52e6
52e8

52ea
52ec
52ee
52f0

52f2
52f4
52f6
52f8

52fa
52fc
52fe
5300

5302
5304
5306
5308

530a
530c
530e
5310

5312
5314
5316
5318

531a
531c
531e
5320

5322
5324
5326
5328

532a
532c
532e
5330

5332
5334
5336
5338

533a
533c
533e
5340

5342
5344
5346
5348

534a
534c
534e
5350

5352
5354
5356
5358

535a
535c
535e
5360

5362
5364
5366
5368

536a
536c
536e
5370

5372
5374
5376
5378

537a
537c
537e
5380

5382
5384
5386
5388

538a
538c
538e
5390

5392
5394
5396
5398

539a
539c
539e
53a0

53a2
53a4
53a6
53a8

53aa
53ac
53ae
53b0

53b2
53b4
53b6
53b8

53ba
53bc
53be
53c0

53c2
53c4
53c6
53c8

53ca
53cc
53ce
53d0

53d2
53d4
53d6
53d8

53da
53dc
53de
53e0

53e2
53e4
53e6
53e8

53ea
53ec
53ee
53f0

53f2
53f4
53f6
53f8

53fa
53fc
53fe
5400

5402
5404
5406
5408

540a
540c
540e
5410

5412
5414
5416
5418

541a
541c
541e
5420

5422
5424
5426
5428

542a
542c
542e
5430

5432
5434
5436
5438

543a
543c
543e
5440

5442
5444
5446
5448

544a
544c
544e
5450

5452
5454
5456
5458

545a
545c
545e
5460

5462
5464
5466
5468

546a
546c
546e
5470

5472
5474
5476
5478

547a
547c
547e
5480

5482
5484
5486
5488

548a
548c
548e
5490

5492
5494
5496
5498

549a
549c
549e
54a0

54a2
54a4
54a6
54a8

54aa
54ac
54ae
54b0

54b2
54b4
54b6
54b8

54ba
54bc
54be
54c0

54c2
54c4
54c6
54c8

54ca
54cc
54ce
54d0

54d2
54d4
54d6
54d8

54da
54dc
54de
54e0

54e2
54e4
54e6
54e8

54ea
54ec
54ee
54f0

54f2
54f4
54f6
54f8

54fa
54fc
54fe
5500

5502
5504
5506
5508

550a
550c
550e
5510

5512
5514
5516
5518

551a
551c
551e
5520

5522
5524
5526
5528

552a
552c
552e
5530

5532
5534
5536
5538

553a
553c
553e
5540

5542
5544
5546
5548

554a
554c
554e
5550

5552
5554
5556
5558

555a
555c
555e
5560

5562
5564
5566
5568

556a
556c
556e
5570

5572
5574
5576
5578

557a
557c
557e
5580

5582
5584
5586
5588

558a
558c
558e
5590

5592
5594
5596
5598

559a
559c
559e
55a0

55a2
55a4
55a6
55a8

55aa
55ac
55ae
55b0

55b2
55b4
55b6
55b8

55ba
55bc
55be
55c0

55c2
55c4
55c6
55c8

55ca
55cc
55ce
55d0

55d2
55d4
55d6
55d8

55da
55dc
55de
55e0

55e2
55e4
55e6
55e8

55ea
55ec
55ee
55f0

55f2
55f4
55f6
55f8

55fa
55fc
55fe
5600

5602
5604
5606
5608

560a
560c
560e
5610

5612
5614
5616
5618

561a
561c
561e
5620

5622
5624
5626
5628

562a
562c
562e
5630

5632
5634
5636
5638

563a
563c
563e
5640

5642
5644
5646
5648

564a
564c
564e
5650

5652
5654
5656
5658

565a
565c
565e
5660

5662
5664
5666
5668

566a
566c
566e
5670

5672
5674
5676
5678

567a
567c
567e
5680

5682
5684
5686
5688

568a
568c
568e
5690

5692
5694
5696
5698

569a
569c
569e
56a0

56a2
56a4
56a6
56a8

56aa
56ac
56ae
56b0

56b2
56b4
56b6
56b8

56ba
56bc
56be
56c0

56c2
56c4
56c6
56c8

56ca
56cc
56ce
56d0

56d2
56d4
56d6
56d8

56da
56dc
56de
56e0

56e2
56e4
56e6
56e8

56ea
56ec
56ee
56f0

56f2
56f4
56f6
56f8

56fa
56fc
56fe
5700

5702
5704
5706
5708

570a
570c
570e
5710

5712
5714
5716
5718

571a
571c
571e
5720

5722
5724
5726
5728

572a
572c
572e
5730

5732
5734
5736
5738

573a
573c
573e
5740

5742
5744
5746
5748

574a
574c
574e
5750

5752
5754
5756
5758

575a
575c
575e
5760

5762
5764
5766
5768

576a
576c
576e
5770

5772
5774
5776
5778

577a
577c
577e
5780

5782
5784
5786
5788

578a
578c
578e
5790

5792
5794
5796
5798

579a
579c
579e
57a0

57a2
57a4
57a6
57a8

57aa
57ac
57ae
57b0

57b2
57b4
57b6
57b8

57ba
57bc
57be
57c0

57c2
57c4
57c6
57c8

57ca
57cc
57ce
57d0

57d2
57d4
57d6
57d8

57da
57dc
57de
57e0

57e2
57e4
57e6
57e8

57ea
57ec
57ee
57f0

57f2
57f4
57f6
57f8

57fa
57fc
57fe
5800

5802
5804
5806
5808

580a
580c
580e
5810

5812
5814
5816
5818

581a
581c
581e
5820

5822
5824
5826
5828

582a
582c
582e
5830

5832
5834
5836
5838

583a
583c
583e
5840

5842
5844
5846
5848

584a
584c
584e
5850

5852
5854
5856
5858

585a
585c
585e
5860

5862
5864
5866
5868

586a
586c
586e
5870

5872
5874
5876
5878

587a
587c
587e
5880

5882
5884
5886
5888

588a
588c
588e
5890

5892
5894
5896
5898

589a
589c
589e
58a0

58a2
58a4
58a6
58a8

58aa
58ac
58ae
58b0

58b2
58b4
58b6
58b8

58ba
58bc
58be
58c0

58c2
58c4
58c6
58c8

58ca
58cc
58ce
58d0

58d2
58d4
58d6
58d8

58da
58dc
58de
58e0

58e2
58e4
58e6
58e8

58ea
58ec
58ee
58f0

58f2
58f4
58f6
58f8

58fa
58fc
58fe
5900

5902
5904
5906
5908

590a
590c
590e
5910

5912
5914
5916
5918

591a
591c
591e
5920

5922
5924
5926
5928

592a
592c
592e
5930

5932
5934
5936
5938

593a
593c
593e
5940

5942
5944
5946
5948

594a
594c
594e
5950

5952
5954
5956
5958

595a
595c
595e
5960

5962
5964
5966
5968

596a
596c
596e
5970

5972
5974
5976
5978

597a
597c
597e
5980

5982
5984
5986
5988

598a
598c
598e
5990

5992
5994
5996
5998

599a
599c
599e
59a0

59a2
59a4
59a6
59a8

59aa
59ac
59ae
59b0

59b2
59b4
59b6
59b8

59ba
59bc
59be
59c0

59c2
59c4
59c6
59c8

59ca
59cc
59ce
59d0

59d2
59d4
59d6
59d8

59da
59dc
59de
59e0

59e2
59e4
59e6
59e8

59ea
59ec
59ee
59f0

59f2
59f4
59f6
59f8

59fa
59fc
59fe
5a00

5a02
5a04
5a06
5a08

5a0a
5a0c
5a0e
5a10

5a12
5a14
5a16
5a18

5a1a
5a1c
5a1e
5a20

5a22
5a24
5a26
5a28

5a2a
5a2c
5a2e
5a30

5a32
5a34
5a36
5a38

5a3a
5a3c
5a3e
5a40

5a42
5a44
5a46
5a48

5a4a
5a4c
5a4e
5a50

5a52
5a54
5a56
5a58

5a5a
5a5c
5a5e
5a60

5a62
5a64
5a66
5a68

5a6a
5a6c
5a6e
5a70

5a72
5a74
5a76
5a78

5a7a
5a7c
5a7e
5a80

5a82
5a84
5a86
5a88

5a8a
5a8c
5a8e
5a90

5a92
5a94
5a96
5a98

5a9a
5a9c
5a9e
5aa0

5aa2
5aa4
5aa6
5aa8

5aaa
5aac
5aae
5ab0

5ab2
5ab4
5ab6
5ab8

5aba
5abc
5abe
5ac0

5ac2
5ac4
5ac6
5ac8

5aca
5acc
5ace
5ad0

5ad2
5ad4
5ad6
5ad8

5ada
5adc
5ade
5ae0

5ae2
5ae4
5ae6
5ae8

5aea
5aec
5aee
5af0

5af2
5af4
5af6
5af8

5afa
5afc
5afe
5b00

5b02
5b04
5b06
5b08

5b0a
5b0c
5b0e
5b10

5b12
5b14
5b16
5b18

5b1a
5b1c
5b1e
5b20

5b22
5b24
5b26
5b28

5b2a
5b2c
5b2e
5b30

5b32
5b34
5b36
5b38

5b3a
5b3c
5b3e
5b40

5b42
5b44
5b46
5b48

5b4a
5b4c
5b4e
5b50

5b52
5b54
5b56
5b58

5b5a
5b5c
5b5e
5b60

5b62
5b64
5b66
5b68

5b6a
5b6c
5b6e
5b70

5b72
5b74
5b76
5b78

5b7a
5b7c
5b7e
5b80

5b82
5b84
5b86
5b88

5b8a
5b8c
5b8e
5b90

5b92
5b94
5b96
5b98

5b9a
5b9c
5b9e
5ba0

5ba2
5ba4
5ba6
5ba8

5baa
5bac
5bae
5bb0

5bb2
5bb4
5bb6
5bb8

5bba
5bbc
5bbe
5bc0

5bc2
5bc4
5bc6
5bc8

5bca
5bcc
5bce
5bd0

5bd2
5bd4
5bd6
5bd8

5bda
5bdc
5bde
5be0

5be2
5be4
5be6
5be8

5bea
5bec
5bee
5bf0

5bf2
5bf4
5bf6
5bf8

5bfa
5bfc
5bfe
5c00

5c02
5c04
5c06
5c08

5c0a
5c0c
5c0e
5c10

5c12
5c14
5c16
5c18

5c1a
5c1c
5c1e
5c20

5c22
5c24
5c26
5c28

5c2a
5c2c
5c2e
5c30

5c32
5c34
5c36
5c38

5c3a
5c3c
5c3e
5c40

5c42
5c44
5c46
5c48

5c4a
5c4c
5c4e
5c50

5c52
5c54
5c56
5c58

5c5a
5c5c
5c5e
5c60

5c62
5c64
5c66
5c68

5c6a
5c6c
5c6e
5c70

5c72
5c74
5c76
5c78

5c7a
5c7c
5c7e
5c80

5c82
5c84
5c86
5c88

5c8a
5c8c
5c8e
5c90

5c92
5c94
5c96
5c98

5c9a
5c9c
5c9e
5ca0

5ca2
5ca4
5ca6
5ca8

5caa
5cac
5cae
5cb0

5cb2
5cb4
5cb6
5cb8

5cba
5cbc
5cbe
5cc0

5cc2
5cc4
5cc6
5cc8

5cca
5ccc
5cce
5cd0

5cd2
5cd4
5cd6
5cd8

5cda
5cdc
5cde
5ce0

5ce2
5ce4
5ce6
5ce8

5cea
5cec
5cee
5cf0

5cf2
5cf4
5cf6
5cf8

5cfa
5cfc
5cfe
5d00

5d02
5d04
5d06
5d08

5d0a
5d0c
5d0e
5d10

5d12
5d14
5d16
5d18

5d1a
5d1c
5d1e
5d20

5d22
5d24
5d26
5d28

5d2a
5d2c
5d2e
5d30

5d32
5d34
5d36
5d38

5d3a
5d3c
5d3e
5d40

5d42
5d44
5d46
5d48

5d4a
5d4c
5d4e
5d50

5d52
5d54
5d56
5d58

5d5a
5d5c
5d5e
5d60

5d62
5d64
5d66
5d68

5d6a
5d6c
5d6e
5d70

5d72
5d74
5d76
5d78

5d7a
5d7c
5d7e
5d80

5d82
5d84
5d86
5d88

5d8a
5d8c
5d8e
5d90

5d92
5d94
5d96
5d98

5d9a
5d9c
5d9e
5da0

5da2
5da4
5da6
5da8

5daa
5dac
5dae
5db0

5db2
5db4
5db6
5db8

5dba
5dbc
5dbe
5dc0

5dc2
5dc4
5dc6
5dc8

5dca
5dcc
5dce
5dd0

5dd2
5dd4
5dd6
5dd8

5dda
5ddc
5dde
5de0

5de2
5de4
5de6
5de8

5dea
5dec
5dee
5df0

5df2
5df4
5df6
5df8

5dfa
5dfc
5dfe
5e00

5e02
5e04
5e06
5e08

5e0a
5e0c
5e0e
5e10

5e12
5e14
5e16
5e18

5e1a
5e1c
5e1e
5e20

5e22
5e24
5e26
5e28

5e2a
5e2c
5e2e
5e30

5e32
5e34
5e36
5e38

5e3a
5e3c
5e3e
5e40

5e42
5e44
5e46
5e48

5e4a
5e4c
5e4e
5e50

5e52
5e54
5e56
5e58

5e5a
5e5c
5e5e
5e60

5e62
5e64
5e66
5e68

5e6a
5e6c
5e6e
5e70

5e72
5e74
5e76
5e78

5e7a
5e7c
5e7e
5e80

5e82
5e84
5e86
5e88

5e8a
5e8c
5e8e
5e90

5e92
5e94
5e96
5e98

5e9a
5e9c
5e9e
5ea0

5ea2
5ea4
5ea6
5ea8

5eaa
5eac
5eae
5eb0

5eb2
5eb4
5eb6
5eb8

5eba
5ebc
5ebe
5ec0

5ec2
5ec4
5ec6
5ec8

5eca
5ecc
5ece
5ed0

5ed2
5ed4
5ed6
5ed8

5eda
5edc
5ede
5ee0

5ee2
5ee4
5ee6
5ee8

5eea
5eec
5eee
5ef0

5ef2
5ef4
5ef6
5ef8

5efa
5efc
5efe
5f00

5f02
5f04
5f06
5f08

5f0a
5f0c
5f0e
5f10

5f12
5f14
5f16
5f18

5f1a
5f1c
5f1e
5f20

5f22
5f24
5f26
5f28

5f2a
5f2c
5f2e
5f30

5f32
5f34
5f36
5f38

5f3a
5f3c
5f3e
5f40

5f42
5f44
5f46
5f48

5f4a
5f4c
5f4e
5f50

5f52
5f54
5f56
5f58

5f5a
5f5c
5f5e
5f60

5f62
5f64
5f66
5f68

5f6a
5f6c
5f6e
5f70

5f72
5f74
5f76
5f78

5f7a
5f7c
5f7e
5f80

5f82
5f84
5f86
5f88

5f8a
5f8c
5f8e
5f90

5f92
5f94
5f96
5f98

5f9a
5f9c
5f9e
5fa0

5fa2
5fa4
5fa6
5fa8

5faa
5fac
5fae
5fb0

5fb2
5fb4
5fb6
5fb8

5fba
5fbc
5fbe
5fc0

5fc2
5fc4
5fc6
5fc8

5fca
5fcc
5fce
5fd0

5fd2
5fd4
5fd6
5fd8

5fda
5fdc
5fde
5fe0

5fe2
5fe4
5fe6
5fe8

5fea
5fec
5fee
5ff0

5ff2
5ff4
5ff6
5ff8

5ffa
5ffc
5ffe
6000

6002
6004
6006
6008

600a
600c
600e
6010

6012
6014
6016
6018

601a
601c
601e
6020

6022
6024
6026
6028

602a
602c
602e
6030

6032
6034
6036
6038

603a
603c
603e
6040

6042
6044
6046
6048

604a
604c
604e
6050

6052
6054
6056
6058

605a
605c
605e
6060

6062
6064
6066
6068

606a
606c
606e
6070

6072
6074
6076
6078

607a
607c
607e
6080

6082
6084
6086
6088

608a
608c
608e
6090

6092
6094
6096
6098

609a
609c
609e
60a0

60a2
60a4
60a6
60a8

60aa
60ac
60ae
60b0

60b2
60b4
60b6
60b8

60ba
60bc
60be
60c0

60c2
60c4
60c6
60c8

60ca
60cc
60ce
60d0

60d2
60d4
60d6
60d8

60da
60dc
60de
60e0

60e2
60e4
60e6
60e8

60ea
60ec
60ee
60f0

60f2
60f4
60f6
60f8

60fa
60fc
60fe
6100

6102
6104
6106
6108

610a
610c
610e
6110

6112
6114
6116
6118

611a
611c
611e
6120

6122
6124
6126
6128

612a
612c
612e
6130

6132
6134
6136
6138

613a
613c
613e
6140

6142
6144
6146
6148

614a
614c
614e
6150

6152
6154
6156
6158

615a
615c
615e
6160

6162
6164
6166
6168

616a
616c
616e
6170

6172
6174
6176
6178

617a
617c
617e
6180

6182
6184
6186
6188

618a
618c
618e
6190

6192
6194
6196
6198

619a
619c
619e
61a0

61a2
61a4
61a6
61a8

61aa
61ac
61ae
61b0

61b2
61b4
61b6
61b8

61ba
61bc
61be
61c0

61c2
61c4
61c6
61c8

61ca
61cc
61ce
61d0

61d2
61d4
61d6
61d8

61da
61dc
61de
61e0

61e2
61e4
61e6
61e8

61ea
61ec
61ee
61f0

61f2
61f4
61f6
61f8

61fa
61fc
61fe
6200

6202
6204
6206
6208

620a
620c
620e
6210

6212
6214
6216
6218

621a
621c
621e
6220

6222
6224
6226
6228

622a
622c
622e
6230

6232
6234
6236
6238

623a
623c
623e
6240

6242
6244
6246
6248

624a
624c
624e
6250

6252
6254
6256
6258

625a
625c
625e
6260

6262
6264
6266
6268

626a
626c
626e
6270

6272
6274
6276
6278

627a
627c
627e
6280

6282
6284
6286
6288

628a
628c
628e
6290

6292
6294
6296
6298

629a
629c
629e
62a0

62a2
62a4
62a6
62a8

62aa
62ac
62ae
62b0

62b2
62b4
62b6
62b8

62ba
62bc
62be
62c0

62c2
62c4
62c6
62c8

62ca
62cc
62ce
62d0

62d2
62d4
62d6
62d8

62da
62dc
62de
62e0

62e2
62e4
62e6
62e8

62ea
62ec
62ee
62f0

62f2
62f4
62f6
62f8

62fa
62fc
62fe
6300

6302
6304
6306
6308

630a
630c
630e
6310

6312
6314
6316
6318

631a
631c
631e
6320

6322
6324
6326
6328

632a
632c
632e
6330

6332
6334
6336
6338

633a
633c
633e
6340

6342
6344
6346
6348

634a
634c
634e
6350

6352
6354
6356
6358

635a
635c
635e
6360

6362
6364
6366
6368

636a
636c
636e
6370

6372
6374
6376
6378

637a
637c
637e
6380

6382
6384
6386
6388

638a
638c
638e
6390

6392
6394
6396
6398

639a
639c
639e
63a0

63a2
63a4
63a6
63a8

63aa
63ac
63ae
63b0

63b2
63b4
63b6
63b8

63ba
63bc
63be
63c0

63c2
63c4
63c6
63c8

63ca
63cc
63ce
63d0

63d2
63d4
63d6
63d8

63da
63dc
63de
63e0

63e2
63e4
63e6
63e8

63ea
63ec
63ee
63f0

63f2
63f4
63f6
63f8

63fa
63fc
63fe
6400

6402
6404
6406
6408

640a
640c
640e
6410

6412
6414
6416
6418

641a
641c
641e
6420

6422
6424
6426
6428

642a
642c
642e
6430

6432
6434
6436
6438

643a
643c
643e
6440

6442
6444
6446
6448

644a
644c
644e
6450

6452
6454
6456
6458

645a
645c
645e
6460

6462
6464
6466
6468

646a
646c
646e
6470

6472
6474
6476
6478

647a
647c
647e
6480

6482
6484
6486
6488

648a
648c
648e
6490

6492
6494
6496
6498

649a
649c
649e
64a0

64a2
64a4
64a6
64a8

64aa
64ac
64ae
64b0

64b2
64b4
64b6
64b8

64ba
64bc
64be
64c0

64c2
64c4
64c6
64c8

64ca
64cc
64ce
64d0

64d2
64d4
64d6
64d8

64da
64dc
64de
64e0

64e2
64e4
64e6
64e8

64ea
64ec
64ee
64f0

64f2
64f4
64f6
64f8

64fa
64fc
64fe
6500

6502
6504
6506
6508

650a
650c
650e
6510

6512
6514
6516
6518

651a
651c
651e
6520

6522
6524
6526
6528

652a
652c
652e
6530

6532
6534
6536
6538

653a
653c
653e
6540

6542
6544
6546
6548

654a
654c
654e
6550

6552
6554
6556
6558

655a
655c
655e
6560

6562
6564
6566
6568

656a
656c
656e
6570

6572
6574
6576
6578

657a
657c
657e
6580

6582
6584
6586
6588

658a
658c
658e
6590

6592
6594
6596
6598

659a
659c
659e
65a0

65a2
65a4
65a6
65a8

65aa
65ac
65ae
65b0

65b2
65b4
65b6
65b8

65ba
65bc
65be
65c0

65c2
65c4
65c6
65c8

65ca
65cc
65ce
65d0

65d2
65d4
65d6
65d8

65da
65dc
65de
65e0

65e2
65e4
65e6
65e8

65ea
65ec
65ee
65f0

65f2
65f4
65f6
65f8

65fa
65fc
65fe
6600

6602
6604
6606
6608

660a
660c
660e
6610

6612
6614
6616
6618

661a
661c
661e
6620

6622
6624
6626
6628

662a
662c
662e
6630

6632
6634
6636
6638

663a
663c
663e
6640

6642
6644
6646
6648

664a
664c
664e
6650

6652
6654
6656
6658

665a
665c
665e
6660

6662
6664
6666
6668

666a
666c
666e
6670

6672
6674
6676
6678

667a
667c
667e
6680

6682
6684
6686
6688

668a
668c
668e
6690

6692
6694
6696
6698

669a
669c
669e
66a0

66a2
66a4
66a6
66a8

66aa
66ac
66ae
66b0

66b2
66b4
66b6
66b8

66ba
66bc
66be
66c0

66c2
66c4
66c6
66c8

66ca
66cc
66ce
66d0

66d2
66d4
66d6
66d8

66da
66dc
66de
66e0

66e2
66e4
66e6
66e8

66ea
66ec
66ee
66f0

66f2
66f4
66f6
66f8

66fa
66fc
66fe
6700

6702
6704
6706
6708

670a
670c
670e
6710

6712
6714
6716
6718

671a
671c
671e
6720

6722
6724
6726
6728

672a
672c
672e
6730

6732
6734
6736
6738

673a
673c
673e
6740

6742
6744
6746
6748

674a
674c
674e
6750

6752
6754
6756
6758

675a
675c
675e
6760

6762
6764
6766
6768

676a
676c
676e
6770

6772
6774
6776
6778

677a
677c
677e
6780

6782
6784
6786
6788

678a
678c
678e
6790

6792
6794
6796
6798

679a
679c
679e
67a0

67a2
67a4
67a6
67a8

67aa
67ac
67ae
67b0

67b2
67b4
67b6
67b8

67ba
67bc
67be
67c0

67c2
67c4
67c6
67c8

67ca
67cc
67ce
67d0

67d2
67d4
67d6
67d8

67da
67dc
67de
67e0

67e2
67e4
67e6
67e8

67ea
67ec
67ee
67f0

67f2
67f4
67f6
67f8

67fa
67fc
67fe
6800

6802
6804
6806
6808

680a
680c
680e
6810

6812
6814
6816
6818

681a
681c
681e
6820

6822
6824
6826
6828

682a
682c
682e
6830

6832
6834
6836
6838

683a
683c
683e
6840

6842
6844
6846
6848

684a
684c
684e
6850

6852
6854
6856
6858

685a
685c
685e
6860

6862
6864
6866
6868

686a
686c
686e
6870

6872
6874
6876
6878

687a
687c
687e
6880

6882
6884
6886
6888

688a
688c
688e
6890

6892
6894
6896
6898

689a
689c
689e
68a0

68a2
68a4
68a6
68a8

68aa
68ac
68ae
68b0

68b2
68b4
68b6
68b8

68ba
68bc
68be
68c0

68c2
68c4
68c6
68c8

68ca
68cc
68ce
68d0

68d2
68d4
68d6
68d8

68da
68dc
68de
68e0

68e2
68e4
68e6
68e8

68ea
68ec
68ee
68f0

68f2
68f4
68f6
68f8

68fa
68fc
68fe
6900

6902
6904
6906
6908

690a
690c
690e
6910

6912
6914
6916
6918

691a
691c
691e
6920

6922
6924
6926
6928

692a
692c
692e
6930

6932
6934
6936
6938

693a
693c
693e
6940

6942
6944
6946
6948

694a
694c
694e
6950

6952
6954
6956
6958

695a
695c
695e
6960

6962
6964
6966
6968

696a
696c
696e
6970

6972
6974
6976
6978

697a
697c
697e
6980

6982
6984
6986
6988

698a
698c
698e
6990

6992
6994
6996
6998

699a
699c
699e
69a0

69a2
69a4
69a6
69a8

69aa
69ac
69ae
69b0

69b2
69b4
69b6
69b8

69ba
69bc
69be
69c0

69c2
69c4
69c6
69c8

69ca
69cc
69ce
69d0

69d2
69d4
69d6
69d8

69da
69dc
69de
69e0

69e2
69e4
69e6
69e8

69ea
69ec
69ee
69f0

69f2
69f4
69f6
69f8

69fa
69fc
69fe
6a00

6a02
6a04
6a06
6a08

6a0a
6a0c
6a0e
6a10

6a12
6a14
6a16
6a18

6a1a
6a1c
6a1e
6a20

6a22
6a24
6a26
6a28

6a2a
6a2c
6a2e
6a30

6a32
6a34
6a36
6a38

6a3a
6a3c
6a3e
6a40

6a42
6a44
6a46
6a48

