0000
0810
0806
0808

0808
080a
0808
0809

0808
0806
0806
0806

0808
0806
0805
0806

0808
0808
0807
0807

0808
080a
0807
0807

0807
0808
0807
0806

0809
0808
0808
0809

080a
080b
080a
080b

080c
080f
080d
080d

080e
080f
080f
080f

0810
0810
0810
0811

0810
080f
080e
080e

080e
0811
0810
0813

0817
081a
081e
081f

0820
081d
081a
0816

0812
080b
0806
0804

0804
0806
0806
080c

0814
081e
0828
082f

0835
0837
0834
082c

081e
080e
07fd
07ee

07e6
07e4
07e4
07ec

07f9
080e
0821
0831

083e
0848
0850
0852

084d
083d
0828
080f

07f6
07de
07c4
07b3

07ae
07bc
07d6
07f8

081e
0846
086d
088a

0895
0889
086a
083e

080d
07de
07b0
078d

077a
0781
079c
07c3

07ef
081e
0852
0882

08a3
08ac
089f
087f

0855
0821
07e1
07a4

0772
075b
075c
0778

07a3
07dd
0824
0872

08b0
08d2
08d3
08b6

0884
0843
07f4
07a6

0768
0749
074c
0769

0796
07cf
0816
0860

089d
08be
08c2
08ac

0887
0853
0812
07cb

078c
0765
075b
0769

0787
07b3
07f2
083f

0886
08b7
08cc
08c7

08a9
0878
0833
07e2

0795
0760
074d
0758

0778
07a8
07eb
083c

0886
08bb
08cf
08c5

08a7
0878
0838
07ed

07a6
0777
0765
076b

0783
07a8
07e0
0825

0868
089a
08b3
08b4

08a3
0884
084f
080b

07c4
0790
0777
0773

0782
07a0
07d3
0818

085c
0890
08ab
08ad

089c
087b
0846
0803

07be
078e
077c
0782

0798
07ba
07ec
0828

0861
0889
0898
088f

0877
0858
082b
07f2

07bb
0796
078d
0796

07ab
07ca
07f7
082c

085f
0882
088f
0885

086c
084d
081f
07e7

07b0
078b
0781
078d

07a8
07cd
0802
083e

0874
0896
089e
088c

0869
083d
0806
07cc

0796
0778
0777
078e

07b2
07dd
0814
0850

0882
089d
089d
0886

0862
0835
07ff
07c8

0798
077c
077a
0790

07b5
07e1
0818
0854

0889
08a5
08a9
0895

0873
0846
0809
07cc

0797
0778
0771
0780

07a1
07d0
080f
0856

0894
08bd
08ca
08bf

08a4
0876
0830
07de

0795
0766
0750
074f

0763
078f
07d5
082c

0882
08c5
08ed
08fa

08f3
08d2
088a
0824

07bb
0764
0727
0703

06fa
0715
075a
07c5

083e
08b3
0915
095b

097d
096e
091f
089d

0802
076c
06ef
0695

0666
0670
06b9
073b

07dc
0889
092c
09b5

0a0f
0a1e
09d4
0939

086e
0798
06d7
063c

05da
05c2
0601
0690

0754
0836
091f
09f6

0a9a
0ade
0aa3
09f4

08f4
07d6
06c8
05ec

055a
0526
055b
05f2

06d2
07e0
0901
0a19

0af8
0b6a
0b48
0a97

097a
082a
06e0
05c9

050d
04bb
04de
056c

064e
0772
08bd
0a0b

0b2a
0bd8
0bdd
0b3a

0a0f
0897
0713
05bf

04d2
0463
0475
04f9

05e0
0713
087b
09f5

0b45
0c24
0c4e
0bba

0a88
08fa
0750
05d1

04bb
042e
042e
04a6

0585
06b9
082e
09c0

0b35
0c41
0c98
0c24

0afd
0966
07a2
0600

04c4
0415
03fa
0460

0532
0660
07d9
097d

0b12
0c43
0cc2
0c72

0b61
09c8
07f2
0633

04d7
040e
03dc
0432

04f7
061a
0791
093b

0adf
0c26
0cc3
0c92

0b9b
0a11
083b
0670

04fe
041e
03d7
041b

04d0
05e7
0753
08f7

0a9e
0bf4
0caa
0c95

0bb8
0a41
0873
06a4

0528
0439
03e2
0416

04be
05c9
0729
08c7

0a6b
0bc6
0c8b
0c89

0bc0
0a58
0896
06cd

0550
045b
03fb
0427

04c4
05c5
071b
08af

0a4a
0ba1
0c68
0c6f

0bb5
0a5d
08a8
06e8

0570
047b
0418
043f

04d5
05ce
071b
08a4

0a36
0b83
0c44
0c4c

0b99
0a4b
08a4
06f0

0580
048f
0431
0457

04ec
05e3
072c
08b1

0a3e
0b85
0c3e
0c3f

0b85
0a34
088c
06dd

0576
048a
0431
045d

04f8
05f3
073f
08c6

0a52
0b99
0c52
0c55

0b99
0a44
0898
06e3

0575
0482
0420
0442

04d6
05cb
0715
08a1

0a3b
0b99
0c6f
0c8f

0be7
0a95
08d7
0708

057d
0474
0402
0419

04a8
059c
06eb
087e

0a24
0b8c
0c6e
0c99

0bff
0ab8
0901
072f

059f
048c
040e
0419

049b
0581
06c2
0849

09e8
0b56
0c47
0c8a

0c0c
0adb
092e
075c

05c0
049f
0412
0410

0488
056d
06b1
083f

09e6
0b5a
0c54
0c99

0c14
0ad6
091d
0744

05a9
048e
040b
0413

0494
057e
06c8
085b

09fe
0b69
0c56
0c94

0c11
0ad7
0922
074b

05af
0493
040c
040f

0488
056d
06b5
0849

09f4
0b6a
0c62
0cab

0c2b
0af0
0931
074b

05a1
047b
03ef
03f4

0472
055f
06b1
0852

0a08
0b82
0c79
0cb6

0c28
0ade
0917
072f

0589
046b
03e8
03f3

0477
0566
06b9
0858

0a0c
0b87
0c7f
0cc0

0c35
0aeb
091f
072e

0581
045d
03d6
03e0

0463
0556
06af
085c

0a21
0bac
0caf
0cf2

0c5d
0b00
091d
0717

055d
0432
03ad
03be

044c
0547
06ab
0864

0a36
0bc9
0ccd
0d0a

0c6d
0b07
091e
0712

0551
0424
039f
03b0

043d
0538
069a
0855

0a2a
0bca
0cdc
0d26

0c92
0b2e
093f
0728

055a
041e
0390
039b

0425
051f
0685
0845

0a24
0bcf
0cea
0d39

0ca6
0b3c
0945
0727

0553
0416
0387
0392

041e
0518
067f
083e

0a1d
0bc6
0ce0
0d2f

0c9d
0b3a
0949
0730

055e
0421
0390
0398

0421
051a
067c
0832

0a0c
0bb3
0cd2
0d28

0c9a
0b3d
0958
074c

0581
0442
03a9
03a9

0427
0516
066c
0811

09d4
0b70
0c94
0cfd

0c89
0b48
097e
078a

05cf
0493
03ef
03da

0444
051b
0658
07dc

097e
0afa
0c0f
0c85

0c3c
0b3a
09ac
07ea

064c
0518
0465
0438

0481
0530
063e
0793

0907
0a60
0b6a
0bf2

0bda
0b1c
09dc
0861

06f0
05c7
0506
04bd

04e1
0568
0642
075b

0893
09be
0ab2
0b42

0b50
0ad6
09e9
08be

078e
0687
05c6
055d

0554
05a7
0648
0721

0818
090f
09ea
0a84

0ac0
0a8a
09ea
0906

080c
0725
066a
05f3

05ca
05f1
0662
070d

07d6
08a2
095b
09e6

0a30
0a22
09bf
091c

085b
079d
06fb
0686

064b
0651
0692
0705

0798
0839
08d2
0950

09a0
09b2
0985
091f

0894
07fc
076e
06fc

06b7
06a5
06c7
0715

0780
07fd
087c
08ec

0939
0956
0940
08fc

089a
0828
07b9
075b

071c
0704
0713
0745

078d
07e3
083c
088d

08ca
08e9
08e3
08bd

087f
0834
07e7
07a2

076f
0754
0758
0775

07a4
07de
081a
0854

0880
0898
0899
0884

085c
0829
07f9
07cf

07b2
07a3
07a6
07bb

07dd
0803
0828
0848

085b
085f
0857
0846

082c
080d
07f1
07e0

07d9
07dc
07eb
0800

0819
082e
083f
0847

0846
083a
0825
080f

07f8
07e5
07da
07d8

07e2
07f4
080f
082a

0844
0855
085b
0855

0844
082a
0809
07e9

07cb
07b8
07b3
07be

07d6
07f7
081f
0847

086c
0882
0887
0878

0858
082d
07fe
07d2

07ac
0795
0791
07a3

07c7
07f7
082c
0860

088b
08a7
08ae
089a

0871
0838
07fb
07c1

0790
0771
0768
077a

07a2
07dc
081f
0861

0896
08b8
08c4
08b3

0885
0842
07f8
07b1

0774
074d
0741
0755

0781
07c2
0810
0860

08a2
08ce
08e0
08cf

08a0
085a
080a
07bb

0778
0749
0737
0748

0774
07b7
0806
085a

08a4
08d9
08f2
08e7

08ba
0872
081d
07c8

077c
0746
072b
0734

075d
07a1
07f3
084a

0897
08d2
08f2
08ee

08c6
0881
082b
07d5

0789
0751
0734
0736

0758
0795
07e2
0836

0882
08be
08df
08e4

08c8
088f
0844
07f1

07a7
076b
0748
0740

0758
0789
07cc
081b

0866
08a6
08ce
08d9

08c6
0897
0852
0805

07bc
0780
0759
074d

075f
078c
07c9
080f

0857
0896
08bf
08ce

08c1
089b
0860
081c

07d9
07a1
077a
076a

0774
0797
07cb
0806

0843
087b
08a4
08b6

08b0
0894
0863
0827

07ea
07b6
078d
0777

0778
0791
07bb
07ed

0825
085a
0882
0897

0898
0887
0862
0832

07fd
07cf
07a9
0794

0791
07a0
07c0
07e9

0816
0841
0865
087a

087f
0873
085a
0837

080f
07ea
07c9
07b2

07a9
07af
07c3
07dd

07fe
0821
0842
0859

0865
0862
0853
083b

081c
07fb
07dc
07c7

07bc
07bd
07cb
07df

07f9
0815
0832
0847

0853
0854
084c
083b

0822
0808
07ef
07da

07cd
07cc
07d4
07e2

07f6
080e
0827
083b

0849
084e
084c
0840

082c
0816
07ff
07ea

07da
07d6
07da
07e5

07f6
080d
0827
083b

0849
084f
084c
0840

082f
0818
0800
07eb

07dc
07d7
07db
07e4

07f4
080b
0822
0838

0846
084d
084c
0842

0831
0819
0800
07ea

07da
07d3
07d6
07e1

07f2
080a
0825
083e

084f
0856
0854
0848

0834
0819
07fd
07e4

07d4
07cd
07d2
07e1

07f7
0813
0830
0849

0858
085d
0855
0844

082c
080d
07ef
07d5

07c6
07c2
07cb
07dd

07f7
0816
0835
084e

085c
085f
0853
083f

0823
0802
07e1
07c7

07b8
07b7
07c4
07d8

07f3
0815
0836
0852

0861
0863
0856
083f

081f
07fb
07d8
07bc

07ad
07ac
07bb
07d5

07f6
081b
083e
085a

0869
0869
085a
083f

081d
07f9
07d7
07bd

07b0
07b3
07c4
07de

0800
0824
0846
0860

086e
086b
085a
0840

081e
07fb
07d8
07be

07b0
07b2
07c1
07da

07fa
081e
0841
085d

086b
0869
0859
083f

081e
07fa
07d8
07c1

07b5
07ba
07cb
07e6

0805
0827
0847
085e

086b
0868
0859
0842

0824
0804
07e6
07cf

07c2
07c4
07d2
07e9

0806
0822
083f
0856

0862
0860
0852
083b

081f
0801
07e4
07cc

07bf
07c1
07ce
07e3

07ff
081c
0838
084d

085a
0859
084e
083a

0820
0804
07ea
07d5

07c8
07ca
07d4
07e6

07fc
0816
0830
0845

0852
0854
084c
0838

0821
0807
07ed
07d5

07c6
07c4
07cc
07de

07f4
080e
082a
0841

0850
0855
0850
083f

0829
080e
07f5
07de

07cc
07c6
07cd
07dc

07f1
080b
0826
083f

084f
0857
0856
0849

0834
081a
0802
07e9

07d6
07cc
07cd
07d6

07e7
07fe
0818
0830

0844
084f
0850
0848

0836
081f
0804
07ea

07d7
07c9
07c6
07ce

07de
07f3
080d
0827

083e
084c
0850
084b

083e
0829
080f
07f5

07e0
07d2
07cd
07d1

07e0
07f5
080c
0824

083b
084e
0855
0852

0847
0836
081d
0802

07ec
07da
07cf
07ce

07da
07ed
0803
081b

0836
084d
0857
0859

0851
0840
0827
080a

07f0
07da
07cb
07c6

07cc
07dc
07f2
080c

0826
083e
084e
0854

084e
0840
082b
0810

07f3
07db
07cb
07c2

07c5
07d0
07e6
0800

081d
0836
084c
0858

0858
084f
083b
0822

0803
07e9
07d2
07c5

07c3
07cd
07e0
07f8

0815
0831
084a
0858

085c
0857
0846
082d

0810
07f4
07dc
07cc

07c5
07ca
07d9
07ef

080c
0828
0842
0853

085b
0858
084a
0834

0818
07fc
07e1
07cc

07c0
07c1
07cb
07de

07f9
0816
0833
084a

0857
085a
0852
083f

0824
0807
07ea
07d3

07c3
07bf
07c7
07d9

07f1
080e
082b
0843

0853
0858
0855
0846

082f
0811
07f6
07dd

07cb
07c4
07c7
07d4

07e9
0802
081e
0837

0848
0850
0852
0847

0835
081d
0802
07ea

07d8
07cd
07cb
07d5

07e6
07fc
0816
082f

0843
084f
0851
084a

083b
0825
080d
07f6

07e2
07d5
07d0
07d6

07e3
07f7
080d
0826

083a
0848
084e
084b

0841
082f
0819
0802

07ef
07e0
07d9
07da

07e3
07f3
0806
081d

0830
083f
0848
0848

0842
0833
0821
080c

07f9
07e9
07df
07dc

07df
07eb
07fc
080f

0821
0831
083c
0840

083d
0834
0826
0814

0802
07f1
07e7
07e1

07e1
07e8
07f6
0807

0816
0825
0831
0839

083a
0834
082b
081e

080e
07ff
07f5
07ee

07ec
07ed
07f8
0805

0812
0820
082c
0835

0838
0836
082f
0824

0817
0809
07fc
07f3

07ef
07ed
07f3
07fd

0808
0814
081f
082a

082e
082c
0826
081e

0812
0805
07fa
07f3

07ef
07ee
07f5
07fc

0806
080f
0819
0822

0826
0828
0824
081e

0817
080d
0805
07fd

07f8
07f6
07fa
07ff

0807
0810
0818
081f

0823
0823
0820
081b

0813
080c
0804
07fd

07f9
07f9
07fb
0800

0808
080e
0816
081b

081f
081f
081b
0817

0810
080a
0803
07fe

07fb
07fb
07ff
0802

0807
080d
0814
0817

081d
081d
081a
0814

0810
080b
0806
0801

07ff
0800
0803
0807

080c
0811
0817
081b

081d
081d
081c
0816

0810
080c
080a
0806

0802
0805
080a
080f

0813
0819
081f
0822

0821
0820
081e
0818

0813
080f
080d
0809

0807
0809
080e
0812

0814
0818
081c
081d

081e
081b
0816
0810

080c
0807
0803
0801

0801
0802
0807
080c

0810
0814
0817
081a

0819
0816
0813
080d

080a
0806
0804
0802

0804
0807
080b
0810

0815
0818
081a
081c

081b
081a
0814
0810

080d
0809
0807
0804

0804
0805
0809
080e

0812
0816
0818
081b

081b
0819
0815
0812

080f
080b
0808
0804

0803
0804
0806
080a

080e
0812
0815
081a

081c
081d
081a
0816

0812
080d
0808
0803

07ff
07fd
0800
0804

0808
080c
0813
0819

081d
081f
081e
081d

0818
0813
080c
0807

0803
07ff
0800
0802

0807
080c
0814
081c

0823
0827
0829
0829

0825
081f
0817
080f

0808
0802
07ff
0800

0804
080a
0812
0819

0822
0827
0828
0828

0824
081d
0812
080a

0801
07f9
07f5
07f6

07fa
07ff
0806
0810

081b
0823
0827
0827

0826
0821
0818
080f

0804
07fc
07f6
07f6

07f8
07fc
0804
080e

081a
0824
082b
082d

082c
0827
081d
0811

0805
07fb
07f5
07f1

07f1
07f6
0800
080b

0816
0821
082a
082d

082d
0829
0821
0816

0809
07fe
07f6
07f2

07ef
07f3
07fc
0806

0811
081d
0827
082c

082e
082a
0825
081b

080d
0801
07f8
07f3

07ef
07f0
07f8
0804

080f
081b
0826
082d

082f
082c
0827
081d

0810
0803
07f9
07f5

07f1
07f2
07f8
0804

080f
0819
0822
082a

082e
082a
0826
081c

0810
0802
07f7
07f2

07ee
07ee
07f4
07fd

0807
0812
081c
0824

0827
0826
0822
081a

080f
0802
07f9
07f2

07ef
07ef
07f4
07fc

0807
0812
081a
0821

0824
0824
081f
0817

080e
0805
07fd
07f7

07f6
07f6
07fa
0801

0809
0813
081a
081f

0821
0821
081d
0817

080f
0807
0801
07fe

07fc
07fd
0801
0808

0810
0817
081c
081f

0821
0820
081b
0815

080e
0807
0800
07fd

07fd
07fe
0804
080a

0812
0818
081d
081f

081e
081b
0815
080f

0807
0802
0800
07fe

07ff
0803
0809
080e

0815
081c
081f
0820

081f
081e
0818
0813

080c
0809
0806
0806

0808
080b
0812
0817

081e
0823
0825
0826

0824
0820
0819
0812

080c
0806
0801
0801

0803
0807
080d
0813

0819
081e
081f
081e

081b
0816
080e
0806

0801
07fe
07fb
07fc

07ff
0805
080c
0811

0818
081e
0821
081f

081b
0817
0812
080b

0804
0801
0801
0801

0804
080a
0810
0816

081b
0820
0823
0821

081d
0818
0810
0807

0800
07fb
07f9
07fb

07fe
0805
080b
0814

081a
081e
0820
081e

081a
0813
080d
0807

0801
07fb
07fa
07fd

0802
0807
080d
0817

081d
0821
0822
0822

081d
0815
080e
0807

0801
07fb
07f8
07f9

07fd
0803
080a
0813

0819
081f
0820
0821

081d
0816
0810
0807

0801
07fc
07fa
07fb

07ff
0806
080c
0814

081b
0820
0823
0823

0821
081b
0814
080d

0806
07ff
07fd
07fd

0801
0806
080c
0814

081a
081e
0820
0820

081d
0818
0810
080a

0805
07ff
07fc
07fb

07ff
0803
080b
0812

0818
081f
0822
0823

0820
081c
0816
080f

0809
0805
0802
0800

0803
0807
080e
0814

081a
081f
0822
0823

0821
081e
0817
0811

080a
0804
07ff
07fe

0801
0804
080b
0811

0817
081b
081f
0820

081e
0819
0813
080d

0805
07ff
07fb
07fc

07fc
0800
0807
080e

0814
0818
081c
081e

081a
0816
0811
080c

0804
07ff
07fd
07fd

07fe
0802
0807
080f

0816
0819
081d
081f

081e
081a
0813
080f

0809
0804
0801
0801

0804
0806
080a
0810

0818
081b
081e
081e

081e
081b
0815
0810

080c
0808
0804
0803

0805
0808
080c
0810

0815
0818
0819
081a

0819
0817
0813
080f

080c
080a
0806
0805

0805
0808
080b
080e

0812
0816
0818
0818

0818
0817
0816
0811

080f
080d
080c
080b

080a
080d
080e
0811

0813
0815
0816
0817

0817
0816
0814
0812

0811
080f
080f
080f

080f
0810
0811
0813

0813
0814
0816
0816

0814
0813
0813
0813

0812
0811
0812
0811

0810
0811
0812
0812

0810
0810
0811
0811

080d
080d
080e
080e

080c
080d
080f
080e

080e
080d
080f
080e

080b
080b
080b
080c

080a
080c
080d
080e

080f
0810
0813
0813

0813
0813
0814
0811

080f
080d
080e
080e

080d
080d
080f
0811

0811
0811
0813
0815

0815
0814
0813
0811

080e
080c
080a
0809

0808
0808
0808
080c

080e
080e
0810
0812

0812
080f
080f
080e

080c
0809
0808
0808

0808
0808
080a
080e

0811
0813
0815
0816

0816
0815
0814
0813

0812
080e
080b
080b

080d
080c
080c
0810

0813
0814
0813
0816

0816
0816
0812
0810

0810
080b
0809
0807

0809
080a
080b
080d

0811
0815
0815
0815

0816
0815
0811
080d

080c
080a
0807
0805

0808
0809
080b
080c

0811
0813
0814
0813

0814
0814
080f
080c

080c
080a
0808
0806

0809
080a
080d
080e

0812
0815
0817
0818

0817
0815
0813
0810

080e
080c
0809
0809

080b
080d
0810
0813

0816
0818
081a
081a

0819
0816
0814
0810

080c
080b
0809
0808

0808
080b
080f
0812

0815
0817
0817
0816

0814
0812
080f
080b

0808
0807
0806
0807

0806
0809
080d
080f

0813
0816
0817
0817

0816
0814
0810
080b

0809
0808
0808
0808

080a
080d
0810
0813

0816
0818
081a
0818

0815
0813
0810
080b

0807
0806
0805
0805

0807
080c
080f
0812

0814
0816
0816
0815

0813
0810
080d
080a

0807
0805
0805
0805

0807
080b
080f
0813

0816
0819
0819
0817

0815
0812
080f
0809

0806
0805
0806
0806

0808
080c
0811
0815

0817
081a
081b
0819

0815
0812
080e
080a

0807
0807
0808
0808

080a
080e
0812
0816

0818
0819
0819
0818

0815
0811
080d
0809

0805
0803
0804
0804

0807
080b
0810
0813

0816
0818
0817
0815

0811
080e
080a
0806

0803
0802
0803
0804

0807
080b
0810
0814

0817
0819
081a
0819

0814
0810
080c
0809

0805
0805
0808
080a

080c
0810
0815
0819

081a
081b
081b
081a

0815
0811
080e
080a

0805
0804
0804
0806

0808
080d
0811
0815

0818
0818
0819
0817

0814
080e
080a
0808

0804
0803
0803
0805

0809
080d
0812
0815

0818
081a
081a
0817

0813
080f
080a
0806

0802
0800
0801
0804

0806
080c
0812
0816

081a
081b
081c
0819

0815
0811
080c
0806

0803
0801
0802
0805

080a
080f
0814
0819

081d
081f
081e
081c

0819
0813
080d
0807

0803
0801
07fe
07ff

0803
080a
080d
0812

0816
0818
0818
0816

0811
080c
0807
07ff

07fc
07fa
07f9
07f9

07fd
0804
0809
080f

0815
081a
081b
0819

0817
0814
0810
0809

0805
0804
0805
0806

0809
0811
0818
081d

0821
0828
0829
0828

0824
081f
081a
0814

080e
080b
080a
080a

080b
0811
0817
081b

0820
0823
0825
0823

081e
081a
0814
080d

0807
0803
0803
0802

0803
0808
080e
0813

0817
081d
081f
081e

081b
0817
0812
080d

0807
0804
0805
0803

0804
0808
0810
0815

0818
081c
081f
081e

081a
0816
0812
080d

0807
0805
0804
0804

0806
0809
080e
0812

0815
0818
081b
081c

0819
0815
0812
080e

0809
0804
0803
0804

0804
0806
080a
080f

0813
0814
0816
0816

0813
080f
080b
0809

0804
0802
0801
0803

0803
0804
0809
080f

0812
0814
0816
0816

0813
0811
080e
080d

0809
0806
0806
0808

0809
080a
080d
0812

0816
0817
0817
0819

0819
0815
0812
080f

080e
080b
0809
080a

080c
080d
080f
0812

0815
0814
0814
0813

0813
080f
080d
080b

080a
0808
0806
0808

0809
080a
080c
080f

0811
0812
0813
0812

0811
0810
080f
080d

080d
080c
080b
080c

080d
0810
0810
0812

0814
0816
0816
0815

0814
0814
0813
0812

0813
0812
0814
0815

0815
0816
0816
0818

0819
081a
0819
0819

0818
0816
0814
0813

0812
080f
080f
080f

0810
0811
0811
0813

0811
0811
0810
0810

080f
080e
080d
080c

080d
080c
080d
080d

080f
080f
0810
0810

0810
0810
0810
080f

080d
080c
080c
080c

080c
080b
080d
080f

0811
0811
0811
0811

0811
080f
080d
080d

080b
0809
0807
0809

0809
0808
0808
080a

080c
080a
080b
080c

080c
080a
0808
0809

0808
0806
0805
0807

0807
0807
0807
080a

080d
080d
080e
0810

0811
080f
080d
080d

080d
080b
080b
080c

080c
080d
080d
080e

080f
0810
0810
0810

0812
0810
0810
0811

0811
0810
080f
0811

0811
0811
0811
0813

0813
0813
0813
0814

0815
0814
0812
0812

0813
0811
0811
0810

0811
0812
0811
0812

0812
0812
0811
0810

0810
080f
080e
080c

080d
080c
080d
080d

080d
080f
080f
0810

080f
0811
0811
080f

080e
080e
080e
080e

080e
080f
0810
0810

0813
0814
0814
0813

0814
0813
0812
0810

0810
0812
0810
0810

0810
0811
0811
0810

0812
0813
0813
0813

0811
0810
080e
080d

080b
080b
080a
080b

080d
080f
0810
0811

0813
0814
0815
0814

0812
0811
080f
080e

080c
080b
080a
080c

080e
080e
0810
0812

0815
0814
0814
0813

0813
0810
080d
080a

080a
0809
0805
0807

0809
080a
080a
080c

0810
0810
080e
080d

080e
080c
0809
0807

0806
0806
0805
0807

0809
080c
080f
0811

0813
0814
0815
0814

0812
080f
080e
080b

0809
0807
0807
0808

0809
080c
080f
0814

0816
0816
0816
0816

0814
0811
080e
080b

0809
0807
0808
080a

080c
080f
0812
0818

081b
081c
081b
0819

0818
0813
0810
080e

080d
080b
080a
080d

0810
0812
0814
0819

081c
081e
081d
081e

081c
0817
0812
080e

080c
0808
0807
0808

080b
080e
0811
0815

0818
081b
0819
0817

0814
0810
080c
0807

0804
0802
0803
0804

0806
080b
080f
0814

0816
0818
0819
0818

0814
0812
080d
0809

0805
0803
0803
0803

0806
080a
080f
0813

0816
081a
081b
081a

0817
0814
0810
080b

0807
0805
0804
0804

0807
080b
080f
0812

0816
0819
0819
0818

0814
0811
080c
0807

0802
0800
0800
0800

0803
0807
080c
080f

0813
0815
0816
0815

0813
0810
080d
0809

0806
0804
0803
0804

0805
0808
080d
0811

0815
0817
0819
0819

0817
0814
0810
080b

0807
0805
0804
0805

0808
080b
080e
0813

0818
0819
0819
0818

0818
0814
080f
080b

0808
0806
0806
0808

0809
080e
0811
0814

0816
0818
0819
0818

0817
0814
0811
080d

0809
0808
0808
0808

0809
080e
0812
0816

081b
081d
081d
081b

0819
0815
0811
080c

080a
0809
0808
080a

080d
0811
0814
0818

081a
081c
081b
0819

0817
0815
0810
080c

080c
080c
080a
080c

080f
0814
0815
0818

081b
081d
081a
0818

0816
0813
080f
080b

080a
0809
0809
0809

080b
080f
0812
0814

0816
0819
0817
0814

0811
080e
080a
0805

0803
0802
0803
0803

0807
080c
080f
0810

0813
0815
0813
0811

080e
080c
0809
0805

0803
0804
0805
0806

080a
080f
0812
0814

0816
0818
0817
0815

0811
080f
080c
0809

0807
0806
0808
080a

080c
0810
0816
0818

0818
0818
0818
0815

0811
080e
080a
0808

0804
0804
0806
0808

080b
080d
0812
0814

0816
0816
0816
0814

0811
080e
080b
0809

0807
0808
080a
080d

0811
0814
0817
081a

081c
081b
081a
0818

0815
0811
080e
080c

080a
0809
080a
080d

080f
0812
0814
0818

081a
0818
0817
0814

0811
080d
080a
0808

0808
0808
0809
080c

080e
0812
0815
0817

0819
0817
0815
0813

0811
080d
0809
0807

0807
0807
0808
080a

080e
0813
0815
0817

0819
0819
0817
0814

0813
0810
080d
080b

080b
080c
080d
080e

0810
0814
0816
0818

0818
0817
0817
0814

0812
080f
080d
080b

080b
080b
080d
080e

0810
0812
0812
0813

0813
0812
0810
080d

080a
0807
0805
0802

0802
0802
0805
0807

0808
080c
080d
080f

080f
080f
080e
080c

080b
0809
0809
0809

0809
0809
080b
080d

0810
0811
0811
0813

0813
0810
080f
0810

080f
080d
080b
080a

080c
080d
080d
080f

0813
0814
0814
0815

0815
0814
0811
0810

080f
080e
080b
080a

080c
080e
080e
0810

0813
0814
0813
0813

0813
0813
0810
080e

080d
080e
080d
080b

080b
080e
0810
0810

0812
0813
0814
0813

0812
0811
080f
080d

080b
080b
0809
080a

080c
080f
0810
0812

0815
0815
0815
0814

0813
0811
080f
080d

080c
080b
080a
080b

080c
0810
0810
0811

0814
0815
0814
0812

0811
080f
080d
080b

0809
0809
0809
0809

0809
080b
080c
080e

080f
0810
0811
0811

0810
080e
080c
0809

0809
0808
0808
0809

080b
080e
080f
0812

0814
0815
0815
0815

0815
0814
0812
0810

080f
080f
080e
080f

0811
0814
0814
0815

0816
0818
0817
0815

0815
0814
0812
080f

080f
080d
080d
080b

080d
0810
0811
0813

0812
0815
0814
0815

0813
0812
080f
080e

080d
080c
080c
080c

080d
080e
0810
0811

0813
0814
0814
0814

0811
0810
080f
080e

080c
080b
080c
080c

080d
080f
0811
0812

0813
0813
0812
0811

080f
080f
080d
080c

080a
080a
080a
080a

080a
080b
080e
080f

0810
080e
080f
080f

080e
080d
080b
080b

080b
080a
0809
080a

080c
080c
080d
080f

0810
080f
080f
0810

080f
080f
080d
080c

080b
080b
080c
080c

080c
080f
0811
0812

0813
0814
0814
0813

0812
0811
0812
0810

080e
080f
080e
080e

080d
080e
0810
0810

0810
0811
0812
0811

0810
080e
080f
080f

080e
080d
080e
080f

080e
080f
0811
0813

0813
0811
0813
0814

0813
080f
080f
0811

0811
080f
080f
0812

0812
0811
0811
0812

0812
0811
0810
0811

0810
080e
080e
080f

0810
080e
080f
0810

0810
0810
0812
0813

0812
0811
0810
0811

0810
080f
080f
080f

0811
0811
0812
0814

0816
0816
0815
0816

0816
0816
0813
0812

0811
0810
080e
080e

080e
080e
080f
080f

0810
0810
0810
0810

080f
080e
080c
080c

080b
080b
080a
080b

080b
080a
080d
080e

080f
080f
080f
080f

0810
080e
080d
080c

080b
080b
080a
080c

080d
080d
080e
0810

0812
0811
0811
0812

0811
080e
080c
080b

080a
0809
0809
080a

080b
080c
080d
080e

0811
0810
0810
0810

0810
080e
080d
080d

080e
080d
080c
080e

080f
080f
080e
0811

0813
0813
0812
0811

0813
0812
080f
080d

080e
080d
080c
080c

080f
0810
080f
0810

0812
0814
0812
0812

0812
0810
080f
080d

080e
080d
080e
080e

080f
0811
0811
0811

0812
0812
0811
0810

080f
080e
080c
080c

080b
080a
080a
080a

080a
080b
080c
080d

080e
0810
080f
080f

080e
080d
080b
080a

080a
0808
0809
0808

0809
080b
080e
080e

080d
080e
0810
0810

080f
080e
080e
080e

080d
080c
080d
080d

080d
080d
080f
0810

0811
0811
0811
0813

0812
0812
0811
0811

080f
080e
080e
080e

080d
080c
080d
080f

080f
080f
080f
0810

080f
080f
080f
080f

080d
080d
080e
080c

080c
080c
080e
080f

080f
0810
0811
0811

0811
0811
0810
0812

0811
0811
0811
0812

0812
0812
0813
0812

0811
0812
0813
0813

0813
0815
0815
0815

0815
0815
0814
0814

0812
0810
0811
0811

0811
0811
0812
0812

0812
0813
0811
0811

0811
0810
080f
080f

0810
080f
080f
0810

0811
0812
0812
0812

0812
0812
0812
0813

0814
0814
0812
0813

0813
0812
0810
0810

0812
0810
080f
0810

0813
0812
0812
0813

0814
0813
0810
0810

0810
0810
080e
080f

0810
0810
0810
0810

0811
0810
0810
0810

080f
080e
080e
080e

080e
080d
080e
080f

080f
080d
080d
080e

080f
080d
080d
080e

0810
080f
080e
080f

080f
080e
080c
080c

080c
080d
080c
080d

080e
080e
080e
080e

080f
080e
080c
080c

080c
080c
080b
080c

080e
080e
080d
080e

080d
080e
080d
080c

080d
080d
080d
080d

080f
080e
080d
080f

080f
080f
080d
080d

080f
080f
080e
080e

0810
0810
080f
0811

0812
0811
080f
080f

0811
0810
080e
0810

0811
0811
080e
080f

0810
080e
080d
080e

0810
0810
080e
0810

0812
0812
0810
0811

0812
0810
080d
080e

080f
0810
080e
080e

0810
0811
0811
0812

0812
0812
080f
080f

080f
080f
080e
080e

080e
080f
080d
080c

080e
080e
080c
080c

080f
0810
080e
080e

0810
0811
080f
080d

080d
080e
080d
080b

080c
080e
080f
080e

0810
0812
0812
0812

0810
0811
0811
0810

080e
080e
080f
080f

080f
0811
0812
0812

0811
0813
0814
0812

0811
0811
0810
080f

080f
080f
080e
080d

080d
080f
080f
080e

0810
0811
0813
0811

0811
0813
0812
080f

080d
080e
080d
080c

080b
080d
080e
080e

080f
0811
0814
0812

0811
0810
0810
080e

080c
080d
080d
080e

080d
080f
080f
080f

0811
0811
0811
0811

0811
0811
0810
080e

080d
080c
080c
080b

080a
080b
080c
080d

080c
080d
080f
0810

0810
080f
0811
0810

080e
080d
080c
080d

080c
080c
080d
080f

0810
0811
0813
0813

0812
0810
0810
0810

080e
080c
080d
080e

080d
080d
080e
080f

080e
080e
080e
080f

080f
080d
080e
080f

080f
080d
080e
080e

080d
080b
080c
080f

080f
080e
0810
0812

0812
0811
0812
0812

0813
080f
080f
080f

0810
0810
0810
0812

0813
0814
0812
0813

0813
0813
0811
0810

0810
080f
080e
080c

080f
0810
080f
080e

080f
0811
0810
0810

0811
0813
0811
080f

0810
080f
080f
080e

080d
080d
080e
080e

080f
0811
0811
0812

0812
0812
0811
0810

080f
080f
080e
080e

080e
080e
080f
080f

0810
0811
0812
0811

0810
0810
080f
080f

080e
080e
080e
080d

080e
080e
080f
080e

080f
080f
0810
080f

080f
0811
0810
080f

080e
080f
080e
080b

080c
080e
080e
080d

080d
0810
0811
0810

0811
0812
0811
080f

080e
0810
080f
080e

080e
080f
080f
080d

080f
0812
0813
0812

0812
0813
0811
0810

080f
0810
080f
080e

080e
0810
080e
080c

080d
080e
080f
080d

080e
080f
0810
080e

080d
080d
080d
080c

080b
080d
080e
080d

080e
080e
0810
0810

0810
0810
0812
0810

080f
080e
0810
080f

080d
080e
0810
0812

0811
0811
0812
0813

0812
0812
0813
0812

0810
0810
0810
0811

080f
080f
0811
0811

080f
0810
0811
0811

0810
0810
0812
0812

0812
0810
0810
0810

080f
080e
080f
0810

080f
0810
0811
0812

0811
0811
0812
0812

0812
0811
0810
080f

080f
0810
0810
0811

080f
0811
0811
0811

0811
0811
0811
0811

0810
080f
0810
0810

080f
080e
080e
080f

080f
080f
080e
080f

080e
080e
080e
080f

080f
080e
080d
080c

080d
080b
080c
080d

080d
080d
080d
0810

0810
080f
080f
080f

080e
080b
080b
080b

080b
080a
0809
080b

080d
080d
080c
080e

080f
080f
080d
080f

080f
080e
080b
080b

080c
080b
080a
080b

080e
080e
080e
080f

0811
0810
080e
080e

0810
080f
080c
080d

080d
080e
080c
080d

080f
0810
080f
0810

0813
0813
0812
0812

0813
0813
0810
080f

0810
0810
080d
080d

080f
0812
0811
0811

0813
0813
0812
0811

0811
0811
080f
080e

080e
080f
080d
080c

080e
0810
0810
080f

0811
0812
0812
0811

0812
0811
0810
080e

080e
080f
080d
080d

080f
0810
0810
0810

0813
0813
0813
0812

0812
0812
0810
080d

080c
080e
080d
080d

080d
080f
080e
080d

080e
080f
080f
080f

0810
080f
080f
080e

080d
080c
080c
080c

080a
080c
080e
080f

080f
0811
0812
0811

0811
080f
0810
080e

080e
080d
080d
080c

080c
080d
080e
080f

0810
0811
080f
0810

0812
0810
080e
080e

080f
080e
080e
080d

080f
080f
080e
080f

0810
0811
0810
0810

0812
0813
0811
0810

0812
0810
080f
080e

080f
080f
080e
0811

0812
0814
0813
0813

0813
0813
0812
0811

0811
0811
080f
080e

0810
080f
080e
080f

0811
0811
080e
0810

0810
0811
080f
080e

080f
080f
080e
080d

080f
0810
080f
080f

0810
0812
0810
0810

0811
0812
0811
0810

0810
0811
0810
080f

080f
0810
0810
080f

080f
0810
0811
080f

080e
0810
0810
080e

080d
080e
080e
080d

080d
080d
080f
080d

080d
080d
080e
080e

080c
080d
080e
080e

080d
080e
0810
080f

080f
080f
080f
080f

080f
0810
0811
0811

0812
0812
0812
0812

0811
0811
0811
0810

0811
0810
080f
080f

0810
080f
080f
080f

080f
080e
080d
080d

080c
080e
080d
080e

080d
080e
080f
080e

080f
080e
080f
080f

0810
080f
0810
0810

0811
0812
0812
0812

0811
0812
0810
0810

0811
080f
080f
080e

0810
080f
080f
080d

080e
080f
080e
080d

080e
080e
080d
080d

080d
080d
080d
080e

080e
080e
080e
080f

0810
080f
080f
0810

080f
080e
080d
080e

080e
080d
080c
080c

080d
080c
080c
080e

080e
080e
080e
080f

0811
0810
0811
0812

0811
0811
0810
0813

0813
0814
0815
0817

0819
0818
0818
0817

0817
0816
0814
0814

0813
0811
080f
0810

0810
080f
080d
080e

080e
080f
080e
080e

080e
080e
080d
080d

080e
080d
080c
080c

080e
080e
080e
0810

0813
0815
0815
0814

0815
0815
0813
0811

0811
0811
080f
080e

080d
080d
080c
080d

080e
080e
080e
080d

080d
080d
080d
080c

080b
080b
080b
080b

080b
080d
080d
080f

0810
0811
0812
0813

0814
0813
0813
0813

0813
0810
080f
0810

080f
080e
080e
080f

080f
080f
080f
080e

080e
080d
080c
080a

0808
0807
0807
0807

0806
0808
0809
080a

080d
080f
0810
0812

0811
0814
0815
0814

0816
0816
0817
0816

0816
0818
0818
0818

0817
0818
0818
0817

0814
0813
0811
080e

080a
0807
0806
0802

0801
0802
0802
0801

0801
0803
0805
0805

0805
0806
0808
0807

0808
080b
080b
080a

080d
080f
0813
0814

0815
0817
0818
0819

0818
0818
0817
0816

0813
0812
0811
080e

080d
080c
080c
080c

080b
080c
080c
080c

080b
0809
0808
0808

0807
0805
0805
0805

0806
0806
0808
080b

080d
080e
0810
0811

0812
0812
0812
0813

0814
0814
0814
0816

0817
0817
0818
0819

081b
081b
081e
081f

081f
081f
081f
081f

081c
081a
0819
0818

0816
0814
0814
0815

0815
0813
0815
0815

0813
080f
080f
080f

080c
0809
0807
0808

0806
0804
0805
0806

0807
0806
0806
0806

0807
0806
0807
0807

0804
0804
0805
0807

0807
0808
0809
080c

080e
080f
0813
0816

0818
0819
081b
081d

081d
081d
081d
081e

081e
081f
081f
0820

0821
0821
0821
0820

081f
081c
081b
0818

0816
0812
080f
080c

0808
0806
0803
0801

0800
07ff
07fd
07fc

07fc
07fa
07f9
07f8

07f7
07f6
07f5
07f5

07f5
07f6
07f7
07f8

07fb
07ff
0800
0803

0807
0809
080b
080b

080e
080f
0810
080f

0811
0813
0814
0815

0815
0818
0818
0817

0816
0816
0816
0814

0812
0810
080f
080c

0809
0809
0809
0807

0806
0807
0806
0806

0805
0808
0808
0807

0808
080a
080b
080a

080b
080e
0811
0812

0813
0817
081a
081e

0820
0824
0827
0829

082a
082c
082d
082c

082d
082e
0830
082f

082f
082f
082f
082f

082c
082a
0827
0824

0821
081d
0819
0814

0811
080c
0808
0805

0802
0800
07ff
07fd

07fb
07fa
07f9
07f8

07f6
07f6
07f6
07f5

07f5
07f6
07f8
07f9

07fc
07fe
0800
0803

0804
0807
080a
080b

080d
080f
0811
0811

0813
0814
0815
0815

0816
0817
0818
0818

0818
0818
0817
0816

0815
0814
0812
0810

080e
080e
080e
080c

080c
080d
080e
080e

080d
080f
0810
0810

0811
0811
0811
0812

0812
0812
0813
0813

0814
0815
0817
0817

0818
0818
0818
0819

0818
0817
0818
0818

0818
0816
0817
0818

081a
0819
0819
081a

081b
081a
081a
081b

081c
081a
0819
0818

0817
0816
0814
0813

0814
0812
0811
0811

0812
0811
0810
0810

0810
080e
080c
080c

080b
080b
0808
0808

0809
0809
0807
0806

0807
0807
0805
0802

0802
0801
07fe
07fb

07fa
07f9
07f6
07f5

07f5
07f6
07f6
07f5

07f7
07f9
07fa
07fa

07fd
07ff
0800
0801

0803
0805
0806
0808

0809
080d
080f
0811

0813
0816
0817
0816

0818
0819
081a
0818

0818
0819
0818
0816

0814
0817
0816
0815

0814
0814
0815
0811

0810
080f
080f
080b

080a
0809
0809
0807

0806
0806
0807
0808

0807
0809
080a
080c

080c
080d
0810
0811

0811
0811
0814
0816

0817
0819
081b
081e

081e
081f
081f
0820

0820
081e
081e
081c

081c
081a
0818
0815

0814
0813
0811
0810

080e
080d
080c
080c

080c
080b
080a
080a

080a
080a
080a
080c

080e
080f
0810
0813

0816
0816
0816
0818

081a
081b
081c
081d

081f
0820
081f
081f

0820
0820
081f
081e

081d
081c
081b
081b

0819
0817
0813
0811

0810
080c
0809
0808

0807
0804
0801
07ff

07fe
07fd
07fb
07fa

07f8
07f8
07f6
07f6

07f7
07f8
07f8
07f9

07fc
07fc
07fe
0800

0802
0803
0804
0807

080a
080b
080a
080d

080e
080e
080e
0810

0812
0811
0810
0811

0812
0810
080e
080f

080f
080d
080c
080e

080f
080e
080c
080e

0810
080f
080f
0811

0814
0814
0814
0816

081a
081a
081a
081d

0820
0822
0821
0823

0825
0826
0825
0826

0827
0827
0825
0821

0822
0820
081d
081c

081b
081a
0817
0816

0814
0812
080f
080e

080c
0809
0806
0804

0806
0804
0802
0803

0804
0805
0804
0803

0804
0806
0806
0805

0807
0807
0807
0807

0809
0809
0809
0809

080c
080e
080d
080d

080f
0812
0810
080f

0812
0812
0810
080f

0811
0810
080f
080e

080f
0811
0810
0811

0812
0815
0814
0814

0814
0816
0816
0815

0816
0817
0816
0815

0815
0816
0816
0815

0814
0813
0811
080e

080c
080a
0808
0806

0804
0802
0800
07fe

07fd
07fb
07fb
07fc

07fc
07fc
07fd
0800

0801
0803
0805
0806

0807
0809
080b
080e

080f
0812
0814
0816

0819
0819
081a
0819

0818
0818
0816
0816

0814
0812
0811
0811

0810
0810
080f
080e

080e
080e
080d
080c

080c
080c
080d
080e

080d
080e
080f
080f

0810
0811
0813
0812

0814
0815
0816
0816

0816
0817
0817
0815

0814
0813
0812
0813

0811
0811
0812
0812

0811
0810
0812
0812

0810
080e
080f
0811

080f
080f
0810
0813

0814
0814
0817
081a

081a
0819
081c
081e

081f
081d
081e
081f

081f
081d
081d
081d

081b
0819
0818
0819

0817
0815
0813
0813

0811
080d
080c
080b

0809
0807
0806
0807

0807
0808
0807
0809

0809
0808
0808
0808

0808
0807
0807
0806

0805
0804
0805
0804

0804
0802
0801
0802

0801
07ff
07fe
0800

07ff
07ff
07fe
07fd

07fd
07fc
07fc
07fd

07ff
07ff
0800
0803

0805
0806
0805
0808

0809
080a
0809
080a

080d
080e
0810
0811

0814
0815
0817
0819

081b
081b
081c
081b

081c
081b
081b
081a

0819
0818
0818
0817

0818
0817
0817
0816

0815
0816
0815
0814

0812
0814
0814
0813

0812
0812
0815
0814

0813
0815
0819
0819

0819
0819
081b
081b

0818
0818
0818
0817

0815
0814
0815
0813

0811
080f
0810
080f

080c
080a
080a
0809

0807
0804
0804
0803

0800
0800
0801
0802

0801
0801
0804
0806

0808
0808
080b
080c

080d
080d
080f
0812

0813
0814
0815
0818

0819
081a
081b
081c

081c
081b
081b
081c

081a
0818
0816
0815

0813
0811
080e
080e

080d
080c
080b
080b

080a
0809
0807
0806

0806
0805
0804
0804

0805
0806
0806
0808

080a
080b
080c
080e

0810
0810
0811
0811

0813
0813
0813
0812

0812
0812
0810
0810

0810
0810
080f
080e

080d
080d
080b
080a

0809
0807
0806
0805

0806
0804
0803
0804

0805
0807
0807
0809

080a
080c
080b
080d

0810
0810
0811
0812

0816
0818
0819
081a

081d
081e
081f
0821

0821
0821
0821
0821

0820
0820
0820
081f

081e
081c
081b
081a

0819
0818
0817
0816

0813
0812
0811
0810

080d
080d
080d
080b

080a
080b
080c
080c

080d
0810
0811
0811

0812
0814
0814
0815

0815
0815
0815
0815

0815
0815
0817
0816

0814
0813
0814
0813

0810
080e
080d
080d

0809
0808
0807
0807

0804
0803
0804
0803

0802
0801
0802
0802

0801
0800
0802
0802

0802
0802
0803
0804

0803
0803
0805
0808

0809
0809
080c
080d

080e
080e
080f
0811

0811
0812
0813
0815

0815
0815
0815
0817

0818
0817
0817
0818

081a
0818
0817
0819

0819
0817
0816
0817

0817
0816
0814
0814

0816
0815
0814
0814

0815
0814
0814
0813

0813
0811
0810
080f

080f
080f
080f
0810

0810
0810
080f
080f

0810
080f
080f
080e

080d
080d
080d
080b

080b
080b
080b
080b

080a
080b
080c
080d

080d
080d
080c
080c

080c
080c
080c
080c

080c
080c
080b
080c

080c
080e
080e
080e

080f
080e
080f
080d

080c
080d
080d
080c

080d
080e
080e
080e

080f
0810
0810
0811

0811
0812
0812
0811

0811
080f
080f
080f

080f
080f
080e
080f

0810
0810
080e
080e

080e
080e
080d
080d

080d
080c
080b
080b

080b
080a
080a
080b

080b
080c
080c
080e

080e
080e
080e
080f

080e
080d
080e
080e

080e
080c
080e
080f

0810
080e
080e
080f

080d
080d
080c
080d

080c
0809
0808
0809

0809
0807
0807
0808

0809
0807
0807
080a

080b
0809
0809
080a

080b
080c
080a
080c

080e
080d
080e
0811

0814
0813
0813
0815

0818
0819
0818
081b

081b
081c
081c
081c

081e
081f
081e
081e

0820
0821
0821
0821

0821
0820
081f
081d

081c
081b
0819
0817

0816
0816
0814
0812

0810
0810
080e
080c

080e
080c
080b
0809

0808
0808
0806
0806

0805
0807
0807
0807

0807
0807
0807
0807

0807
0807
0809
0808

0809
080a
0809
0809

0808
0809
0809
080a

080a
080b
080b
080a

080a
080c
080c
080a

080b
080b
080b
080a

080a
080c
080b
080a

080a
080c
080b
080c

080d
080e
080f
080e

080e
080e
080f
0810

0811
0812
0811
0813

0814
0815
0814
0815

0816
0817
0816
0816

0818
0817
0816
0815

0816
0817
0817
0816

0817
0818
0815
0815

0815
0814
0811
0810

0811
0811
080f
080e

080f
080e
080d
080c

080d
080c
080b
080c

080c
080b
080a
080b

080b
080b
080a
0809

0809
0809
0809
0808

0809
080a
080a
080a

080a
080b
080b
080b

080a
080b
080a
080b

080d
080e
080f
0810

0812
0812
0812
0811

0811
0812
0812
0812

0813
0814
0815
0814

0813
0813
0814
0813

0812
0811
0812
0811

0810
0810
0810
0810

080d
080d
080c
080b

080a
080a
080c
080b

080b
080b
080c
080c

080b
080a
080a
0809

0808
0809
0808
0809

0809
080a
080c
080c

080c
080b
080b
080c

080d
080d
080e
080e

080f
080f
0811
0813

0812
0814
0815
0816

0817
0817
0818
0817

0818
0818
0818
0818

0817
0816
0814
0815

0814
0813
0812
0812

0812
0812
0810
080f

0810
080f
080c
080b

080b
080b
080c
080c

080d
080d
080e
080f

080f
0810
0810
0812

0813
0813
0815
0815

0815
0815
0815
0815

0816
0816
0816
0816

0816
0817
0816
0816

0816
0815
0815
0812

0811
0810
0812
080f

080d
080c
080c
080d

080b
080c
080d
080d

080c
080b
080c
080b

080a
0809
0809
080a

080b
080a
080c
080d

080e
080e
080e
0810

080f
080e
080d
080e

080d
080c
080c
080c

080d
080b
080b
080b

080b
080b
080b
080a

080b
080b
080a
080a

0809
0809
0808
0807

0808
0807
0809
080b

080c
080d
080e
0810

080f
080f
0810
0811

0811
0811
0811
0811

0812
0812
0813
0814

0814
0814
0816
0817

0818
0818
0817
0818

0818
0818
0816
0817

0817
0818
0818
0816

0817
0818
081a
0819

0819
0819
0819
0819

0817
0816
0815
0814

0813
0813
0814
0812

0812
0813
0814
0812

0811
0811
0811
080f

080f
0810
080f
080e

080c
080d
080c
080b

080b
080c
080d
080b

080b
080c
080c
080a

080a
080b
0808
0808

0806
0807
0807
0807

0808
0809
0809
0809

080a
080b
080c
080b

080a
080a
080b
080b

080b
080c
080c
080e

080d
080e
080d
080d

080e
080e
080f
080e

080e
080e
080e
080d

080d
080d
080d
080d

080e
080f
080f
080e

080e
080f
0811
0811

0811
0812
0813
0812

0811
0811
0811
0811

0810
0812
0813
0812

0812
0813
0813
0811

0810
0810
0811
080f

080e
080e
080f
080d

080b
080c
080d
080c

080b
080c
080e
080d

080c
080d
080f
080e

080e
080e
0811
0811

0810
0811
0814
0814

0814
0816
0817
0818

0817
0817
0817
0816

0814
0814
0817
0816

0814
0815
0816
0815

0813
0812
0812
0811

080e
080f
080f
080e

080b
080b
080c
0809

0808
080a
080b
080a

0808
080a
080a
0809

0806
0808
0809
0808

0806
0806
0808
0806

0806
0806
0808
0808

0808
0809
080b
080b

0809
0809
080b
080b

0809
0809
080b
080b

080b
080c
080f
080f

080e
080f
0811
0811

0810
0810
0811
0812

0810
0810
0811
0811

0811
0812
0814
0813

0813
0814
0816
0814

0812
0813
0813
0813

0811
0811
0810
080f

080e
080f
080f
080e

080f
0810
0811
0810

080e
080f
080f
080e

080d
080f
080f
0810

080f
0810
0812
0814

0813
0813
0817
0817

0818
0817
0818
0818

0817
0816
0816
0817

0818
0819
0818
0819

0818
0817
0818
0817

0817
0816
0815
0814

0812
0810
080d
080c

080a
0809
0808
0809

0808
0807
0808
0808

0806
0804
0805
0804

0804
0801
0802
0803

0803
0802
0804
0806

0807
0808
0809
080b

080c
080d
080c
080d

080e
080d
080e
080e

080f
080f
0810
0811

0811
0812
0812
0814

0814
0814
0814
0812

0811
080f
080f
080d

080c
080d
080c
080d

080d
080f
080e
080f

080e
080f
080d
080e

080d
080b
080b
080b

080b
080b
080c
080e

080f
0811
0812
0813

0811
0813
0813
0813

0813
0813
0813
0813

0811
0811
0813
0813

0813
0814
0815
0816

0817
0818
0817
0816

0814
0814
0813
0812

0812
0812
0813
0812

0813
0813
0814
0814

0814
0814
0813
0813

0811
0810
080e
080d

080c
080c
080b
080b

080d
080c
080d
080c

080c
080d
080b
080b

080a
080a
0809
0809

0808
0808
0809
0809

080a
080b
080d
080e

080f
0810
0810
080f

080e
080f
080e
080f

080f
0810
0810
0812

0813
0814
0816
0817

0818
0817
0817
0817

0816
0814
0813
0813

0813
0811
0811
0812

0812
0811
0813
0814

0813
0811
0812
0811

080f
080c
080c
080b

080a
0808
0808
080a

0809
0809
080a
080b

080b
0809
0809
080a

080a
0808
0807
0808

0809
0808
0807
0809

080b
080c
080b
080e

0810
0810
0810
0811

0812
0810
080f
080f

0810
080f
080f
080f

0810
0810
080f
0812

0812
0812
0812
0812

0812
0810
080f
080e

080f
080f
080e
0810

0811
0812
0811
0813

0814
0815
0815
0816

0816
0816
0815
0814

0814
0813
0813
0813

0813
0814
0814
0816

0815
0815
0814
0814

0814
0813
0811
0811

0810
080e
080d
080d

080d
080b
080b
080e

080e
080e
080e
0810

080f
080e
080c
080c

080c
080b
080b
080c

080d
080d
080d
080f

0810
0812
0811
0811

0811
0811
0811
0810

0810
080f
080d
080c

080f
080f
080e
080d

080f
080f
080d
080d

080d
080e
080d
080c

080c
080c
080a
080a

080b
080c
080d
080c

080d
080e
080e
080e

080f
0810
080f
080e

080f
0810
080f
080e

080d
080f
080f
080e

080e
0810
0811
080f

0810
0810
0810
080f

080e
080f
080e
080d

080c
080e
080c
080a

080b
080d
080e
080c

080c
080e
080f
080e

080d
0810
080f
080f

080e
0810
080f
080f

080f
0810
0810
080f

0811
0812
0813
0813

0813
0814
0814
0814

0814
0813
0813
0813

0812
0812
0814
0814

0814
0814
0815
0815

0815
0816
0816
0815

0814
0814
0813
0812

0810
0810
0810
0810

0810
0810
0811
0810

0811
0811
0811
0811

080f
080f
080d
080d

080d
080b
080a
080b

080b
080c
080c
080c

080d
080c
080d
080c

080c
080b
080a
080a

080a
0809
0808
080a

080b
080b
080e
080f

0811
0812
0812
0812

0814
0814
0812
0812

0812
0813
0811
0811

0811
0812
0812
0812

0814
0815
0816
0815

0815
0813
0812
0810

080f
080f
080f
080e

080e
080f
080f
080f

080f
080f
0810
080f

0810
080f
080f
080d

080c
080c
080b
080b

080a
080c
080c
080e

080e
080e
080f
080f

080f
080f
080f
080f

080e
080d
080d
080d

080c
080c
080d
080e

080e
080e
0810
0811

0810
080f
0811
0811

080f
080d
080f
080f

080f
080f
0810
0810

0810
0812
0813
0815

0813
0813
0814
0813

0812
0811
0811
0811

0811
0811
0811
0813

0812
0812
0811
0812

0812
0812
0811
0811

0811
080f
080f
080f

080d
080d
080d
080d

080d
080f
080f
080f

080f
0810
080f
080e

080c
080d
080d
080b

080b
080b
080b
080b

080b
080d
080d
080d

080c
080e
080e
080e

080b
080c
080d
080c

080b
080a
080c
080b

080a
080b
080e
080f

080d
080d
080f
0811

0810
0811
0811
0810

0811
0811
0812
0811

0812
0813
0815
0814

0813
0815
0816
0816

0814
0815
0815
0814

0812
0812
0812
0812

0811
0810
0812
0811

0810
080f
080f
080e

080b
080b
080c
080c

0809
0809
080a
0809

0809
0807
0809
0809

0809
0808
0808
0809

0809
0808
0809
080a

080a
080a
080a
080b

080b
080b
080c
080d

080e
080d
080f
080f

0810
0810
080f
080f

080e
0810
0811
0810

0812
0813
0813
0812

0813
0813
0813
0812

0812
0813
0813
0813

0814
0814
0814
0813

0814
0815
0816
0814

0814
0815
0813
0811

0812
0813
0812
0810

0810
0811
0810
080f

080f
0811
0811
0810

0810
0810
0811
080f

080e
080e
080d
080b

080b
080c
080d
080d

080d
080f
0810
0810

080f
0810
0810
080f

080f
080d
080e
080c

080c
080c
080c
080d

080e
080e
0810
0810

0810
080f
0810
0810

080e
080d
080d
080d

080c
080b
080b
080c

080d
080d
080e
080f

080f
080f
080e
080e

080c
080a
080b
080a

0809
0809
080a
080a

080a
080a
080c
080e

080f
080f
0810
0811

0810
080e
080d
080d

080c
080c
080d
080e

0810
0810
0811
0813

0813
0813
0813
0814

0812
0812
0811
0811

0810
0810
0810
0810

0812
0813
0815
0816

0816
0817
0816
0816

0814
0816
0815
0815

0813
0812
0812
0812

0813
0814
0815
0815

0817
0818
0818
0816

0815
0815
0812
0811

0810
0810
080f
080f

0810
0810
0810
0811

0812
0812
0812
0811

0810
080f
080c
080c

080a
0809
0809
0809

080a
080b
080b
080c

080d
080f
080f
080e

080e
080f
080e
080c

080a
080a
0809
0809

0809
080a
080c
080d

080f
0810
0813
0813

0812
0810
0812
0810

080e
080d
080c
080c

080b
080c
080d
0810

0810
0810
0812
0813

0813
0811
0811
080f

080e
080c
080b
080b

080a
080b
080c
080e

080e
0810
0812
0812

0813
0811
0811
080f

080e
080c
080b
080b

080a
080b
080b
080c

080e
080f
0810
0810

0811
0811
080f
080d

080d
080b
0809
0807

0806
0808
0808
0809

080b
080f
080e
080e

080f
0810
080e
080c

080d
080d
080c
080a

080a
080d
080d
080e

080e
0812
0813
0814

0814
0815
0816
0813

0812
0813
0813
0811

0810
0812
0813
0814

0813
0816
0818
0818

0817
0819
0819
0816

0814
0813
0813
0811

0811
0810
0811
0811

0812
0813
0812
0814

0812
0812
0811
0811

0810
080d
080c
080b

080b
080b
080b
080c

080c
080d
080f
080f

080f
080e
080d
080d

080c
080c
080b
080b

080b
080b
080d
080d

080d
080d
080e
0810

0810
080f
080f
0810

080f
080e
080e
080f

080e
080e
080f
0810

0812
0811
0813
0815

0814
0813
0814
0816

0815
0812
0811
0812

0812
0811
0811
0813

0814
0813
0813
0814

0813
0812
0810
0810

080e
080f
080c
080d

080d
080c
080d
080d

080d
080e
080e
080e

080d
080c
080c
080c

080b
080a
080a
080a

080a
080b
080b
080c

080d
080d
080f
080f

080f
080e
080f
080d

080b
080b
080b
080c

080b
080d
080f
0810

0810
0810
0810
0810

080f
080d
080e
080d

080e
080c
080d
080e

080d
080d
080f
0811

0810
0811
0812
0813

0813
0810
0811
0812

0811
080f
0810
0812

0812
0812
0814
0816

0816
0816
0817
0817

0818
0816
0814
0813

0813
0810
080f
0810

0812
0812
0811
0813

0813
0812
0811
0811

0810
080f
080e
080f

080e
080b
080b
080c

080c
080c
080b
080d

080f
080f
080d
080f

080f
080e
080d
080e

080f
080d
080b
080c

080d
080e
080e
0810

0811
0811
0811
0813

0813
0811
080f
080f

080e
080d
080c
080c

080e
080e
080f
080f

0810
0810
080f
080f

080f
080f
080d
080d

080c
080b
080b
080a

080b
080c
080e
080d

080e
080f
0810
0810

080f
0810
0810
080f

080d
080e
080f
080e

080e
080f
0810
0810

0811
0812
0813
0812

0811
0811
0811
0811

080f
080f
080f
080f

080e
0810
0811
0811

0811
0812
0814
0813

0812
0811
0810
080e

080d
080c
080d
080e

080d
080e
080f
0810

0810
080f
0810
0810

080f
080e
080e
080e

080d
080b
080b
080c

080b
080b
080c
080e

080f
080f
0810
0810

0810
080e
080f
080f

080c
080a
080c
080d

080c
080d
080e
0811

0811
0811
0812
0813

0811
080f
080f
0810

080e
080c
080d
080e

080e
0810
0811
0813

0812
0811
0811
0812

0811
080f
0810
0810

080f
080d
080e
080e

080d
080d
080f
0811

0811
0811
0812
0812

0811
0810
080f
0810

080e
080c
080c
080d

080d
080d
080f
0812

0812
0812
0812
0813

0811
080f
080f
080f

080e
080c
080d
080e

080e
080d
080f
0811

0811
0811
0810
0811

0810
0810
080f
080f

080e
080b
080b
080d

080e
080c
080e
080f

0810
0810
0811
0811

0812
0811
080f
080f

080e
080e
080c
080d

080e
080e
0810
0811

0813
0813
0813
0813

0811
0811
0811
0811

0810
0810
080f
0810

080f
0810
0811
0812

0812
0812
0812
0812

0812
0811
080e
080f

080d
080e
080c
080c

080c
080d
080d
080e

080f
080f
0810
0810

0811
080f
080d
080b

080c
080c
0809
0809

080b
080e
080e
080e

0810
0810
0810
080f

080f
080f
080e
080c

080c
080d
080c
080a

080b
080e
080e
080e

080e
080f
0810
080f

080f
080e
080f
080e

080e
080e
080d
080d

080b
080d
080d
080d

080f
0811
0812
0811

0813
0811
0810
080f

080e
080e
080e
080d

080e
0810
080f
0810

0811
0811
0810
0810

0811
0812
0811
0810

0811
0811
080f
080f

0810
0811
080f
080e

0810
0811
080f
0810

0810
0811
0811
080f

080f
080f
080f
080e

080d
080f
080f
080f

0810
0813
0813
0811

0812
0814
0813
0811

0810
0811
0810
080e

080f
0811
0812
0811

0811
0813
0813
0812

0812
0814
0814
0812

0811
0810
0812
080f

080e
080f
0812
0812

0812
0812
0813
0815

0813
0813
0812
0811

080e
080e
080e
080c

080b
080c
080e
080f

080e
080f
0811
0812

080f
080e
080d
080d

080b
080b
080c
080c

080b
080c
080e
080e

080d
080e
0810
080f

080f
0810
080f
080e

080d
080e
080e
080e

080e
080e
0810
080f

080f
0810
0812
0813

0812
0812
0813
0812

0810
080f
080e
080e

080c
080d
080e
080f

080f
0810
0811
080f

080f
080f
080e
080c

080a
080c
080c
080c

080a
080c
080c
080d

080d
080d
080f
080f

080e
080d
080f
080e

080d
080c
080d
080d

080c
080d
080e
0810

080f
0810
0812
0813

0812
0811
0812
0810

0810
080e
080e
080e

080f
080f
0810
0812

0813
0811
0812
0812

0812
0811
0810
0810

0810
080e
080d
080d

080e
080f
080d
080f

080f
0810
080f
0810

0811
080f
080f
080e

080f
080f
080f
080d

080e
080f
080e
080f

0810
0812
0811
0812

0813
0813
0812
0810

0810
080f
0810
080d

080d
080f
0810
0810

0810
0811
0812
0811

080f
0810
080f
080e

080e
080d
080d
080d

080d
080f
080f
080e

080f
0810
080f
080f

080e
080f
080f
080f

080f
080e
080e
080e

080e
080d
080f
080f

080f
0810
0810
0811

0811
0812
0811
0811

0810
0811
0810
080f

0810
0810
0810
0811

0811
0812
0813
0814

0814
0815
0814
0813

0812
0811
0811
0811

0811
0810
0811
0811

0811
0811
0811
0810

0810
0811
0810
0810

080f
080f
080c
080d

080b
080b
080c
080c

080d
080c
080e
080e

080e
080d
080d
080d

080c
080c
080c
080b

080a
080b
080c
080c

080c
080b
080e
080e

080e
080e
080e
080f

080d
080d
080d
080f

080e
080d
080d
080e

080f
080e
080f
080f

0810
0810
0810
0810

0811
0810
080f
080f

0810
0810
0810
080f

0810
080f
0810
0811

0811
0810
0812
0812

0811
0811
0810
0811

0810
0810
080f
0810

0811
0810
0810
0811

0811
0810
0810
0810

0811
0811
0811
0810

080f
080e
080d
080f

080e
080e
080d
080e

080f
080e
080e
080e

080e
080e
080c
080c

080c
080c
080b
080c

080b
080b
080b
080c

080d
080d
080e
080e

0810
080d
080d
080d

080d
080d
080d
080f

080f
080f
0810
0811

0811
0810
080f
0810

0812
0810
080f
0810

0812
0811
0810
0811

0811
0811
0810
0812

0812
0813
0812
0812

0813
0812
0812
0812

0812
0812
0812
0811

0812
0812
0812
0813

0813
0815
0813
0812

0810
0811
0811
0810

0811
0811
0810
080f

0810
0811
0811
0810

080f
0811
080f
080e

080e
0810
080f
080d

080e
080f
0810
080f

080f
080f
080f
080e

080e
080e
080e
080e

080e
080f
080f
080d

080c
080c
080d
080c

080c
080f
080e
080f

080d
080d
080d
080c

080c
080c
080b
080b

080c
080e
080e
080c

080d
0810
080f
080e

080e
080e
080e
080e

080d
080d
080d
080e

080e
080f
0810
0810

0810
0811
0810
0810

0810
0810
0812
0811

0811
0811
080f
080e

080b
0809
0808
0807

0807
080b
080e
0812

0815
0818
081c
081d

081b
0817
0814
0811

0809
0802
07fd
07f9

07f6
07f7
07fc
0804

0810
081c
082c
0837

083c
083b
0838
0831

081f
0808
07f5
07e7

07db
07d4
07d4
07db

07e8
07fa
0812
0828

083b
084a
085a
0864

085f
084c
0832
0815

07f3
07d1
07b0
079d

0799
07a7
07c6
07f1

081e
084a
0876
089a

08a8
0899
0877
084c

081b
07e8
07b5
078e

0777
0777
078d
07b3

07e2
0813
084c
0886

08b1
08c0
08b6
0899

086c
0831
07e9
07a6

076f
0753
0754
076e

079d
07da
0825
0875

08b7
08db
08db
08bf

088e
084d
07fd
07b0

0772
0754
0754
076c

0797
07ce
0811
0859

0899
08be
08c4
08b2

0890
0860
081e
07d4

0790
0765
0755
0760

077e
07ab
07ea
0838

0884
08ba
08cf
08c7

08aa
087a
0833
07e2

0793
075f
074c
0755

0773
07a3
07e4
0832

087c
08b1
08c6
08bf

08a4
087a
083c
07f3

07ac
077c
0766
076a

077e
079f
07d3
0817

085b
0890
08aa
08ae

08a3
0885
0850
080c

07c6
0790
0776
0773

0781
079f
07d1
0813

0856
088a
08a2
08a1

0891
0874
0841
0801

07c1
0795
0784
078a

079f
07bf
07ed
0828

085e
0885
088f
0887

0872
0854
0828
07f2

07c0
079e
0792
079b

07b1
07d1
07fa
082f

0862
0886
088f
0885

086d
084d
081d
07e5

07b1
078e
0785
0792

07af
07d7
080c
0847

087b
089c
08a0
088d

086a
083f
0808
07ce

079b
077e
077e
0792

07b8
07e6
081b
0853

0884
08a1
08a0
0888

0864
0839
0803
07ca

0798
077c
077b
078e

07b2
07e1
081a
0854

0887
08a5
08ad
0899

0873
0844
0806
07c7

078e
076d
0767
0773

0793
07c2
0808
0853

0895
08c0
08d4
08ce

08b2
0881
0836
07e0

078e
0757
073d
073a

074b
0775
07bf
081e

087d
08cb
08fc
0913

0912
08f0
08a2
0833

07bb
0756
070d
06e1

06d5
06f0
073b
07ae

0838
08be
092f
0981

09a9
0999
0942
08b5

080b
0765
06d8
0672

063f
0649
0694
071c

07cb
0888
093d
09d7

0a3f
0a55
0a04
095e

0882
079b
06c6
061b

05b1
0599
05db
0672

0744
0836
0931
0a18

0ac9
0b15
0ad9
0a1c

0909
07da
06be
05d5

053c
0507
053e
05d8

06bd
07d7
0908
0a2b

0b17
0b95
0b7c
0ac8

099e
083d
06e1
05bb

04f1
049b
04bd
054c

0634
0764
08c1
0a20

0b4a
0c00
0c0d
0b68

0a31
08aa
0715
05b3

04b9
0443
0454
04dc

05c4
06fd
0871
09fa

0b57
0c3d
0c6d
0bda

0aa3
0909
0755
05cc

04aa
0414
040f
0488

0566
069c
0816
09b3

0b34
0c49
0cab
0c3f

0b18
0978
07ad
05ff

04b9
0401
03e1
0446

0516
0645
07c2
096b

0b05
0c3d
0cc6
0c7e

0b6f
09d4
07fc
0638

04d8
0408
03d3
0426

04e6
0608
077d
0927

0aca
0c17
0cbb
0c94

0ba5
0a1f
084b
067e

050c
0425
03db
041b

04cc
05dd
0745
08e9

0a91
0bec
0ca7
0c99

0bc2
0a4e
0884
06b6

0539
0442
03e9
041b

04c1
05c6
0724
08bf

0a64
0bc0
0c86
0c89

0bc4
0a60
089f
06d8

055d
0464
0402
042b

04c8
05c4
0717
08a8

0a42
0b96
0c5a
0c66

0bb3
0a62
08b1
06f4

057f
0489
0424
0444

04d7
05cc
0716
089b

0a2b
0b79
0c3b
0c48

0b9c
0a58
08b4
0701

0591
049f
043d
045e

04f0
05e3
0727
08a5

0a2c
0b71
0c2b
0c2c

0b7a
0a39
089f
06f9

0594
04ab
044f
0473

0508
05fd
0742
08bc

0a3d
0b7b
0c2d
0c28

0b6d
0a22
0881
06d7

0575
0492
043b
0468

0505
0603
0752
08da

0a63
0ba4
0c56
0c4b

0b88
0a2e
0880
06cb

055f
0474
0419
0442

04dc
05d8
072a
08b9

0a54
0baf
0c7c
0c8b

0bd6
0a7c
08b9
06e6

055d
045a
03ee
040d

04a1
059f
06f5
088f

0a39
0ba6
0c88
0caa

0c00
0aa8
08e3
070a

0577
0468
03f1
0406

0491
0583
06d1
0863

0a09
0b79
0c69
0ca4

0c17
0ad4
0918
073b

059d
047f
03f8
03fe

047e
0569
06b5
084f

09fe
0b7a
0c75
0cb7

0c2b
0ae3
091d
0734

0590
0471
03ee
03f8

047d
056e
06c0
085e

0a0e
0b85
0c79
0cb7

0c2a
0ae4
091f
0738

0592
0472
03ec
03f3

0474
0560
06af
084b

0a02
0b84
0c82
0cca

0c46
0b00
0934
0740

058f
0465
03d9
03de

0460
054f
06a5
084b

0a0b
0b94
0c96
0cdb

0c4e
0b00
092a
0731

057f
0459
03d0
03d8

045e
0551
06a9
0851

0a13
0b9c
0c9e
0ce3

0c56
0b08
092f
0731

0578
044e
03c4
03cb

044f
0542
069f
084e

0a1a
0baf
0cb9
0d02

0c72
0b18
0931
0725

0562
0433
03a9
03b5

0440
053a
069d
0855

0a2a
0bc5
0cd0
0d14

0c7d
0b1a
092e
071e

0558
0428
039f
03ad

0438
0530
0692
0849

0a1f
0bbe
0cd0
0d1c

0c8c
0b2d
0941
072e

0561
0428
0398
03a1

0429
0522
0682
083c

0a1a
0bc1
0cdb
0d2a

0c9a
0b37
0946
072d

055d
0425
0396
03a0

042b
0524
0687
0842

0a1b
0bbe
0cd1
0d1c

0c8a
0b29
093f
0730

0567
0430
03a2
03ad

0436
052e
0689
0839

0a0a
0ba9
0cc0
0d0f

0c82
0b2c
0950
074d

058b
0452
03bb
03bb

0439
0527
0677
0815

09d0
0b64
0c81
0ce4

0c72
0b37
0975
0788

05d5
049f
03ff
03ec

0455
052d
0667
07ea

0987
0afc
0c0b
0c7a

0c2e
0b2a
09a0
07e2

064b
051c
0471
0445

048e
053f
064a
079a

0907
0a5c
0b62
0be4

0bc8
0b0c
09d2
085a

06ee
05c7
050c
04c1

04e4
0569
0643
075a

088d
09b6
0aa8
0b3a

0b48
0acb
09df
08b7

0788
0680
05c2
055d

0557
05a9
064b
0727

081f
0913
09e9
0a81

0abb
0a83
09e1
08ff

0808
0722
0669
05f4

05cc
05f2
0662
070a

07d4
08a0
0958
09e5

0a2f
0a23
09be
0919

0857
0798
06f4
0680

0649
0650
0695
070b

07a3
0845
08df
095d

09ab
09b9
0983
091a

088d
07f5
0766
06f9

06b8
06aa
06cc
071a

0787
0804
0882
08f1

093e
095a
0941
08fb

0899
0827
07b4
0754

0715
06ff
0710
0744

0790
07eb
0847
089a

08d8
08f6
08ed
08c2

0881
0836
07e7
07a1

0770
075a
0760
077c

07b0
07ec
0829
085d

0887
089e
089d
0883

0859
0829
07f6
07cb

07ad
07a4
07ab
07c0

07e0
0808
082f
084c

085d
0862
0859
0843

0825
0807
07ea
07d6

07cd
07d5
07e7
07ff

0819
0832
0846
084f

084c
083d
0827
080b

07f1
07db
07d0
07cf

07d9
07ef
080b
082b

0847
085c
0862
085c

084a
082d
080b
07e7

07ca
07b6
07b0
07b9

07d2
07f6
081e
0847

086a
0884
088a
087b

085a
082e
07fd
07cb

07a4
078a
0785
0794

07b9
07ee
0827
085e

088a
08aa
08b2
089e

0871
0836
07f5
07b7

0785
0766
0760
0773

079f
07dd
0824
0869

08a0
08c6
08d2
08c0

0890
084b
07fe
07b3

0775
074d
0742
0754

0781
07c4
0817
0868

08ae
08dd
08f0
08e0

08ad
0863
080d
07b8

076e
073c
072a
073b

0769
07b0
0806
085d

08ab
08e3
08fd
08f3

08c4
0879
081f
07c6

0776
073d
0721
072a

0754
0798
07ef
0849

089b
08d9
08fb
08fb

08d5
088e
0832
07d8

0788
074b
0728
0728

074a
0788
07d8
0832

0886
08c5
08eb
08f4

08d9
089d
084a
07f3

07a2
0762
073a
0731

074a
077d
07c3
0816

0869
08ad
08d9
08e7

08d7
08a7
085e
080c

07bd
077b
074d
073f

074f
077c
07ba
0803

0851
0895
08c4
08d6

08cd
08a6
0868
081f

07d7
0799
076b
0756

075e
0781
07b4
07f3

0836
0874
08a2
08bb

08bb
08a1
0870
0832

07f3
07b9
078b
0771

076f
0786
07ae
07e4

081f
0858
0885
08a1

08a9
0898
0872
0840

080a
07d4
07a8
078d

0786
0794
07b2
07db

080c
083c
0865
0880

088a
0883
086e
0849

081e
07f2
07cd
07b1

07a3
07a6
07b7
07d3

07f7
081d
0841
085f

0871
0872
0866
084e

0830
080b
07e6
07cb

07ba
07b5
07bd
07d1

07ed
080e
082d
0848

085b
0861
085a
084a

0833
0816
07f8
07dd

07cd
07c6
07c9
07d4

07e8
0801
081c
0835

0848
0852
0851
0847

0836
081d
0802
07e9

07d7
07cc
07cc
07d5

07e6
07fe
0816
0830

0842
084c
084b
0844

0833
081c
0801
07ea

07dc
07d3
07d3
07da

07eb
0800
0817
082f

0841
084b
084a
0843

0835
0820
0805
07ed

07dd
07d4
07d3
07da

07ec
0803
081d
0835

0847
0852
084f
0845

0831
0819
07fc
07e2

07d1
07ca
07ce
07da

07f1
080c
0828
0840

0853
0859
0851
083f

0828
080d
07ef
07d5

07c7
07c6
07ce
07df

07f9
0818
0835
084d

085b
085f
0854
0840

0826
0808
07e7
07cd

07be
07be
07c9
07dc

07f8
081b
083d
0857

0867
0869
085d
0844

0824
0802
07df
07c3

07b2
07b3
07c3
07de

07fe
0822
0846
0862

0870
086d
085e
0843

0820
07f9
07d8
07be

07b0
07b2
07c3
07df

0801
0826
084a
0863

086f
086c
085e
0842

081e
07f8
07d5
07bd

07af
07b3
07c4
07de

07ff
0824
0846
0862

086f
086c
085b
083d

081d
07f7
07d5
07bb

07b0
07b5
07c6
07e2

0802
0824
0845
085c

0869
0866
0854
0839

081a
07f9
07db
07c3

07b6
07b9
07c9
07e2

07ff
081f
083d
0855

0861
0861
0854
083c

081f
07ff
07e0
07c6

07ba
07bc
07c8
07df

07fc
081c
083a
0852

0860
0861
0855
083f

0823
0803
07e7
07ce

07c1
07c0
07cc
07e0

07fa
0818
0834
084d

085b
085d
0853
0840

0827
0809
07ec
07d3

07c4
07c1
07c9
07dc

07f5
0811
082d
0847

0857
085f
0858
0847

082e
0812
07f4
07da

07c7
07c0
07c6
07d5

07ed
0808
0825
083f

0853
085d
085b
084d

0836
081b
07fe
07e2

07ce
07c4
07c6
07d1

07e4
07fe
081c
0836

084a
0857
0859
0851

083d
0825
0809
07ed

07d6
07ca
07c8
07cf

07de
07f6
0811
082c

0843
0853
0858
0852

0842
082c
0810
07f5

07de
07cf
07ca
07ce

07dc
07f0
0809
0823

083e
0850
0857
0854

0849
0833
081a
07ff

07e6
07d3
07c8
07c9

07d4
07e7
0800
0819

0834
0849
0856
0857

084f
083d
0825
0809

07ee
07d9
07ca
07c6

07cd
07dd
07f5
0810

082c
0843
0854
0858

0854
0846
082f
0813

07f7
07df
07cd
07c6

07c8
07d5
07ea
0804

0822
083b
0850
085b

085a
084e
083a
081f

0801
07e7
07d2
07c6

07c4
07cd
07e1
07fa

0817
0832
084a
0858

085b
0854
0842
082a

080e
07f2
07da
07cb

07c4
07ca
07d8
07ef

080a
0827
0841
0853

085a
0857
084b
0835

0818
07fb
07e3
07d1

07c6
07c7
07d4
07e8

0800
081c
0838
084c

0855
0856
084e
083c

0822
0806
07ed
07d8

07ca
07c6
07cf
07e1

07f6
0811
082c
0842

0850
0853
084f
0841

082a
0810
07f6
07df

07d0
07ca
07cd
07dc

07ef
0807
0822
083b

084a
084f
084f
0844

0831
0817
07fe
07e9

07d9
07ce
07ce
07da

07eb
07ff
0817
0831

0841
084b
084b
0844

0836
0821
080a
07f4

07e4
07d7
07d3
07d8

07e6
07f8
080b
0823

0837
0845
0848
0845

083c
082b
0816
07ff

07ed
07df
07d7
07d8

07e1
07f1
0804
0819

082c
083b
0843
0844

083d
0830
081f
080a

07f9
07ea
07e1
07dd

07e2
07ed
07fd
080f

0820
0830
083a
083e

083c
0834
0827
0815

0803
07f5
07eb
07e3

07e3
07eb
07f7
0806

0815
0825
0830
0838

0838
0834
082b
081d

080d
0800
07f4
07eb

07e8
07ec
07f4
0800

080c
081b
0827
082f

0832
0831
082c
0820

0813
0807
07fc
07f2

07ed
07ee
07f5
07fd

0807
0814
0820
0829

082c
082d
0829
0821

0816
080b
0802
07f8

07f2
07f2
07f8
07ff

0807
0812
081c
0825

0829
082a
0827
0821

0818
080f
0805
07fd

07f7
07f5
07fa
0800

0809
0810
0819
0821

0827
0828
0824
081f

0817
080f
0805
07fe

07fb
07fa
07fc
0802

080a
0811
0819
0820

0824
0825
0820
081d

0817
080f
0807
0803

07fe
07fc
07ff
0804

080a
080e
0815
081c

0821
0820
081d
081a

0814
080c
0805
0800

07fd
07fd
0800
0805

080b
0811
0816
081b

081f
081e
081a
0817

0812
080b
0806
0802

07ff
07ff
0803
0809

080e
0813
0818
081c

081f
081d
081a
0816

0810
080b
0805
0802

07fe
0800
0803
0809

080f
0816
081b
081e

0820
081f
081c
0815

080f
080a
0805
0800

07fe
0803
0807
080c

0811
0816
081b
081e

0820
081d
0819
0812

080e
0809
0805
0802

07ff
0802
0806
080c

0811
0816
081a
081d

081f
081c
0818
0812

080d
0807
0803
0800

07fe
07ff
0802
0809

080e
0813
0819
081e

0820
081f
081b
0816

0810
080a
0803
07fc

07fb
07fb
07fc
0803

080a
0812
0818
081e

0823
0825
0820
081a

0815
080f
0806
07fe

07fb
07f9
07fc
07ff

0806
080e
0815
081c

0823
0827
0826
0820

081c
0814
080b
0801

07fb
07f7
07f7
07fa

0801
0808
0811
081b

0823
0829
0828
0825

0820
0818
080d
0801

07fa
07f5
07f4
07f6

07fc
0805
080f
0819

0822
0829
082a
0828

0823
081c
0811
0805

07fb
07f5
07f3
07f2

07f7
0800
080b
0817

0821
082a
082e
082d

0827
0822
0818
0809

07fd
07f5
07f2
07f1

07f4
07fc
0808
0815

081f
082a
082f
0830

082b
0825
081c
080f

0801
07f7
07f2
07f0

07f2
07f9
0804
0810

081c
0827
082f
0832

082f
0829
0820
0813

0805
07f8
07f2
07f0

07f1
07f6
07ff
080c

081a
0825
082c
0830

0830
082a
0820
0815

0807
07fb
07f2
07ee

07f0
07f5
07fc
0808

0817
0822
082a
082e

082f
082b
0821
0814

0807
07fd
07f3
07ee

07f0
07f4
07fb
0805

0814
0820
0828
082b

082d
082b
0822
0815

080b
0800
07f5
07f0

07f0
07f5
07fb
0804

0812
081e
0826
0829

082c
0829
0822
0819

080e
0803
07f9
07f5

07f5
07f7
07fc
0805

0812
081c
0823
0826

082a
0826
081f
0815

080c
0804
07fb
07f7

07f9
07fd
0801
0809

0814
081e
0822
0824

0824
0822
081b
0811

0809
0804
07fe
07fb

07fb
0801
0807
080e

0817
081f
0823
0823

0822
081d
0817
080d

0806
0801
07fc
07fb

07fc
0803
0809
0810

0817
081f
0824
0823

081f
081b
0814
080b

0804
07fe
07fb
07fb

07fd
0804
080b
0813

0819
0820
0824
0823

081f
0819
0813
080b

0804
07fe
07fd
07fb

07fe
0804
080d
0814

081b
0821
0824
0822

081d
0818
0811
0809

0801
07fc
07fc
07fc

07ff
0805
080d
0815

081b
0820
0823
0821

081d
0817
080f
0808

0801
07fc
07fb
07fc

0801
0807
080e
0816

081e
0822
0823
0822

081d
0816
080e
0806

0801
07fb
07fa
07fb

0801
0806
080f
0817

081e
0823
0824
0822

081d
0816
080d
0805

07fe
07fb
07fb
07fc

0802
0808
0812
0818

081e
0823
0825
0822

081c
0816
080e
0807

0800
07fb
07fa
07fc

0802
0807
0810
0818

0820
0825
0827
0824

081e
0817
080f
0807

0800
07fb
07f9
07fb

0801
0808
0810
0819

0820
0824
0825
0824

081f
0817
080f
0808

0801
07fc
07f9
07fc

0801
0806
080d
0816

081d
0821
0822
0822

081f
0818
080f
0809

0802
07fe
07fa
07fc

0800
0806
080d
0814

081c
0820
0822
0821

081f
0819
0811
080b

0803
07ff
07fb
07fc

07ff
0805
080c
0814

081b
0820
0823
0822

081f
0819
0812
080b

0804
07fe
07fb
07fc

07ff
0806
080c
0813

081a
0820
0823
0822

081f
0819
0814
080c

0805
0800
07fe
07ff

07ff
0805
080c
0813

0818
081e
0822
0823

0820
081b
0816
080f

0807
0801
07ff
07fe

07fe
0803
080b
0812

0817
081d
0821
0822

081f
081b
0816
080f

0808
0801
07ff
07ff

0801
0806
080b
0812

0818
081d
081f
0820

081d
0819
0814
080d

0807
0802
0801
0800

0802
0805
080a
0811

0815
081a
081d
081e

081b
0817
0815
080f

0809
0806
0804
0803

0803
0805
080b
0810

0814
0817
081a
081b

0819
0817
0814
080f

080b
0808
0807
0806

0807
0809
080d
0811

0812
0814
0815
0817

0816
0814
0812
0811

080e
080b
080a
080a

080a
080a
080c
080f

0810
0811
0811
0813

0813
0811
0811
0811

080e
080d
080c
080d

080e
080b
080c
0810

0810
080f
080f
0811

0810
080e
080d
080f

080e
080d
080d
080f

0811
080f
0810
080f

0810
080e
080d
080e

080d
080c
080c
080f

0810
0810
0810
0812

0813
0812
0811
0811

0810
080e
080d
080c

080d
080d
080d
080e

080f
0810
0811
0812

0813
0814
0813
0811

0811
080e
080b
080a

080a
080a
080b
080c

080f
0812
0813
0814

0816
0815
0813
0811

0810
080d
080b
0809

0809
0809
0809
080d

080f
0812
0814
0816

0816
0814
0813
0811

0810
080b
0808
0808

0809
0809
080a
080c

0810
0812
0813
0815

0816
0816
0813
0810

080f
080c
0808
0806

0808
0809
080a
080c

0810
0815
0816
0817

0816
0817
0814
0811

080d
080a
0809
0806

0807
0809
080c
080f

0812
0814
0816
0817

0815
0815
0814
0811

080d
080b
0809
0807

0808
0809
080a
080d

0812
0814
0815
0817

0817
0815
0813
0812

080e
080b
0808
0807

0808
0809
080b
080e

0812
0815
0816
0817

0817
0815
0811
080f

080d
080a
0808
0807

0809
080b
080c
080f

0813
0815
0816
0816

0816
0815
0810
080d

080b
080a
0808
0808

080b
080e
080f
080f

0813
0816
0817
0815

0814
0814
0811
080c

0809
0809
0807
0806

0809
080d
0810
0811

0815
0818
081a
0816

0815
0813
080f
080b

0807
0806
0806
0806

0809
080e
0812
0814

0817
081a
081a
0818

0815
0812
080e
080a

0807
0806
0805
0805

0808
080d
0810
0813

0816
0819
0819
0817

0815
0811
080d
0809

0806
0806
0805
0805

0808
080d
0810
0813

0816
0819
081a
0818

0815
0812
080e
0809

0805
0804
0804
0806

0809
080e
0812
0816

0818
081a
081a
0817

0814
0811
080e
0808

0805
0806
0805
0807

0808
080e
0813
0815

0819
081b
081b
0818

0815
0811
080d
0808

0804
0804
0803
0805

0808
080e
0813
0816

0819
081b
081c
081a

0815
0811
080d
0808

0804
0803
0804
0806

0808
080d
0813
0818

0819
081b
081b
081a

0814
080f
080c
0807

0804
0803
0805
0807

0809
080e
0813
0816

0818
081a
081a
0818

0813
080f
080b
0807

0803
0802
0804
0807

080a
080d
0812
0818

081b
081b
081a
0819

0816
0810
080b
0807

0805
0801
0802
0806

080b
080e
0813
0819

081d
081e
081b
0819

0816
0811
080b
0808

0804
0803
0803
0804

0809
080e
0813
0817

081c
081e
081e
081b

0818
0814
080c
0807

0804
0802
0801
0804

0808
080d
0813
0817

081c
081e
081f
081c

0818
0813
080c
0808

0803
0800
0800
0803

0806
080b
0811
0817

081c
081d
081f
081d

0819
0813
080d
0808

0803
0800
07ff
0801

0805
0809
0810
0817

081c
081e
0820
081e

081a
0815
080f
080a

0804
07ff
07fe
0801

0804
0809
080f
0816

081b
081e
0820
081e

081a
0815
080f
0808

0804
0802
07ff
0800

0804
0809
080e
0814

0819
081d
081f
081d

081a
0815
080f
080a

0806
0802
0800
0802

0805
0809
080b
0812

0818
081b
081d
081c

081b
0817
0811
080a

0806
0804
0801
0801

0804
0809
080e
0812

0816
081b
081c
081a

0818
0814
0811
080b

0807
0804
0803
0804

0804
0809
080d
0812

0814
0817
0819
0819

0817
0813
0811
080c

0809
0806
0805
0805

0806
080a
080e
0812

0815
0817
0819
0818

0816
0812
0811
080d

0809
0807
0807
0807

0808
080c
080f
0812

0815
0817
0817
0816

0816
0814
0810
080d

080b
080a
080a
0808

080b
080d
080f
0810

0813
0816
0816
0815

0814
0813
0810
080c

080a
080a
0809
0809

080b
080e
0812
0813

0815
0817
0816
0814

0812
0812
0810
080d

080a
080b
080b
080b

080d
0810
0811
0811

0813
0815
0813
0813

0811
0811
080f
080d

080c
080c
080b
080b

080d
080f
0810
0811

0813
0813
0813
0813

0810
0810
080d
080d

080c
080b
080b
080d

080e
080e
0810
0811

0813
0812
0811
080f

0810
080e
080d
080c

080c
080d
080c
080d

080f
080f
080f
080f

0811
0811
0810
080f

080f
080e
080c
080b

080c
080b
080c
080d

080e
0810
0810
0811

0811
0811
0810
080e

080c
080c
080b
080b

080b
080c
080e
0810

0811
0812
0814
0813

0813
0811
0811
0810

080f
080c
080d
080e

080e
080e
0810
0813

0813
0813
0815
0816

0814
0812
0811
0811

0810
080e
080e
080f

080f
080f
0810
0812

0812
0811
0811
0813

0813
0811
080f
0810

0810
080d
080b
080d

080f
080d
080d
0810

0811
0810
080e
0811

0811
080f
080d
080f

080e
080c
080b
080d

080f
080d
080f
0811

0811
0810
080f
0810

080f
080e
080d
080f

080f
080e
080e
0810

0812
0810
0811
0813

0813
0811
0810
0811

0810
080f
080d
080e

080e
080d
080e
0810

0810
0810
0811
0811

0811
080f
080e
080e

080e
080c
080b
080b

080b
080d
080d
080f

0811
0811
0811
0811

0811
0810
080f
080c

080c
080b
080b
080b

080c
080e
080f
0811

0811
0813
0813
0813

0812
0812
0810
080d

080b
080b
080b
080b

080b
080d
080f
0811

0813
0816
0815
0814

0812
0811
0810
080d

080c
080b
080b
080b

080b
080d
0810
0812

0814
0816
0815
0814

0812
0811
080f
080c

080b
080a
080a
0808

080b
080e
0810
0811

0814
0816
0816
0815

0812
0811
080e
080b

080a
0808
0808
0809

080b
080f
0811
0812

0814
0816
0816
0816

0813
0812
080e
080b

0809
0807
0808
0809

080b
080e
0812
0816

0817
0817
0817
0817

0813
0810
080e
080d

0809
0807
0807
0809

080b
080e
0812
0815

0818
0819
0818
0817

0814
0811
080c
080a

0806
0805
0804
0806

0809
080c
0810
0813

0817
0818
0818
0817

0815
0810
080c
0809

0807
0805
0804
0805

0808
080c
0810
0814

0818
081a
0818
0817

0815
0812
080d
0809

0807
0805
0805
0805

0807
080c
0810
0814

0818
081a
081a
0819

0817
0813
080f
0809

0805
0804
0805
0807

0809
080d
0812
0817

0819
081b
081d
081b

0818
0813
0810
080b

0807
0805
0805
0806

0808
080c
080f
0815

0817
0819
081b
081b

0819
0812
080f
080c

0808
0803
0803
0805

0807
0809
080e
0814

0816
0818
081a
081b

0817
0812
080f
080c

0808
0803
0803
0806

0808
080a
080e
0815

0817
0818
0819
081a

0816
0810
080c
080a

0807
0802
0803
0806

0809
080b
080f
0814

0816
0816
0816
0818

0816
0811
080d
080a

0808
0803
0804
0806

0809
080b
080f
0814

0818
0819
0818
0818

0816
0812
080d
080a

0809
0806
0805
0807

080b
080e
0812
0816

0819
081b
081a
0818

0815
0812
080d
0809

0807
0807
0806
0808

080d
0810
0814
0816

0819
081a
0818
0816

0815
0812
080d
0809

0808
0808
0806
0807

080b
080f
0813
0815

0819
081a
0819
0816

0814
0811
080c
0809

0807
0806
0806
0807

080b
080f
0813
0815

0818
0818
0816
0814

0811
080d
0809
0806

0806
0807
0807
0809

080c
0810
0813
0814

0817
0817
0817
0814

0812
080f
080c
0809

0807
0807
0806
0809

080c
0810
0812
0814

0817
0818
0817
0814

0813
080e
080a
0807

0806
0806
0806
0808

080c
0811
0815
0816

0818
0818
0817
0813

080f
080e
080b
0807

0807
0808
080a
080b

080d
0812
0813
0815

0817
0818
0816
0813

0811
080e
080b
0808

0808
0808
0808
080b

080e
0811
0813
0817

0819
0818
0817
0814

0811
080d
0809
0807

0806
0806
0807
080b

080e
0813
0816
0817

0818
0818
0816
0814

080f
080c
080b
0808

0808
0808
080a
080a

080f
0812
0815
0816

0817
0818
0817
0813

080f
080d
080b
0808

0807
0808
080a
080b

080c
080f
0813
0816

0815
0815
0814
0814

0810
080b
0809
0809

0807
0806
0809
080e

0810
0811
0814
0816

0816
0813
0813
0813

080f
080c
080b
080c

080a
0809
080c
0810

0812
0811
0813
0815

0816
0813
0812
0811

080e
080d
080b
080b

080a
080b
080b
080e

0810
0811
0813
0814

0815
0814
0813
0810

080d
080c
080a
0809

080b
080e
0810
0811

0813
0814
0815
0813

0813
0813
0812
0810

080e
080e
080d
080c

080c
080f
0810
0811

0812
0814
0814
0814

0812
0811
080f
080e

080c
080b
080c
080c

080c
080d
080e
0811

0811
0812
0814
0813

0812
0810
080f
080c

080a
0809
0809
080a

080c
080e
0811
0813

0813
0814
0813
0814

0812
0811
080f
080d

080c
080a
080a
080a

080b
080d
0810
0812

0814
0816
0815
0815

0812
0811
080f
080c

080b
080b
080b
080a

080b
080f
0811
0812

0813
0816
0817
0815

0812
0811
080f
080c

0809
0809
080b
080a

080b
080d
0810
0811

0811
0814
0815
0814

0811
0811
080f
080d

0809
0809
080a
080a

080b
080d
0811
0812

0813
0814
0815
0815

0813
0812
0810
080f

080b
080a
080b
080b

080c
080d
0810
0813

0814
0814
0816
0815

0813
0811
0810
080f

080c
080c
080b
080c

080c
080d
0810
0811

0812
0812
0814
0815

0814
0811
080f
080d

080b
080a
080a
080b

080c
080d
080f
0812

0812
0812
0813
0812

0812
0811
080f
080e

080b
080a
080a
080a

080a
080c
080d
0810

0811
0812
0811
0811

0810
080f
080e
080c

080b
080b
080b
080b

080b
080d
080e
0810

0812
0813
0813
0814

0813
0812
0811
080e

080d
080c
080d
080d

080d
080e
0810
0810

0810
0813
0813
0813

0812
0811
0811
080f

080e
080d
080d
080d

080c
080d
080e
080f

0810
0811
0811
0811

0812
0812
0810
080d

080e
080d
080c
080b

080d
080f
0810
0810

0812
0813
0812
0810

0810
080f
080f
080e

080e
080e
080e
080e

080e
080e
080e
0810

0810
0810
0810
0810

0810
080f
080e
080e

080e
080d
080d
080f

0811
0810
080f
0810

0811
0811
0810
080f

080f
080e
080e
080d

080e
080e
080e
080d

080f
0810
0810
0811

0811
0811
0810
080f

080d
080d
080d
080d

080d
080e
080e
080e

080f
080f
0810
0810

0810
0810
080f
080f

080d
080d
080d
080c

080c
080e
080f
080f

0810
0811
0812
0811

0810
0810
0810
0810

080d
080e
080d
080d

080c
080d
080f
0810

0811
0810
0812
0812

0810
0810
080f
080f

080d
080e
080f
080e

080f
080f
080f
0810

0811
0811
0813
0813

0812
0811
0811
0810

080e
080d
080e
080f

080e
080f
0811
0813

0812
0812
0814
0812

0813
0812
0811
0810

080e
080d
080d
080e

080d
080f
0810
0810

0811
0812
0812
0811

0812
0810
080e
080f

080f
080d
080d
080f

080f
080e
080d
080f

0810
0810
0811
0811

0811
080f
080d
080d

080d
080a
080b
080c

080d
080e
080d
080f

0810
0811
0810
0810

0811
0811
0810
080e

080d
080c
080c
080c

080d
080e
080e
0810

0811
0812
0811
0811

0811
0810
0810
080f

080f
080e
080e
080e

080d
080d
080e
0810

0810
0811
0812
0812

0812
0811
0810
080f

080f
080d
080d
080d

080d
080d
080d
080e

080f
0810
0810
0811

0810
080f
080f
080d

080d
080c
080e
080d

080d
080e
080e
080f

080f
0810
0810
0810

080f
0811
0811
0811

0811
0810
080f
080e

080d
080d
080e
080e

080f
0811
0811
0812

0811
0812
0812
0812

0811
0810
0811
080f

080d
080c
080f
080e

080e
0810
0812
0812

0811
0812
0813
0812

0811
0811
0811
0810

080f
080d
080f
080f

080d
080e
080f
0810

0810
0810
0811
0811

0811
080f
080e
080c

080c
080b
080b
080b

080c
080d
080e
080e

080e
0810
0810
0810

080f
0810
080e
080c

080c
080d
080d
080b

080c
080e
0810
080f

080f
0810
0811
0811

080f
0811
0812
0812

0810
0810
0810
080d

080d
080e
0810
0810

0811
0812
0812
0812

0811
0811
0811
0810

080e
080e
080f
080e

080d
080d
080f
0810

0810
0810
0811
0811

0810
0810
0810
0810

080e
080d
080e
080f

0810
080f
0810
080f

080f
080f
080f
0810

080f
0810
080f
080f

080e
080e
080e
080e

080e
080f
080f
080f

080f
080f
0810
0810

0810
080f
080e
080f

080f
080e
080e
080f

0810
080f
080f
0811

0813
0811
0810
0810

0810
080d
080c
080e

080e
080e
080d
0810

0811
0811
0811
0811

0811
080f
080f
0810

0810
080e
080d
080e

080e
080e
080e
080f

0811
0812
0811
0812

0812
0811
0810
0810

0810
080f
080e
080e

080e
080e
080d
080f

0810
0811
0811
0812

0813
0813
0810
080f

080e
080d
080c
080b

080c
080e
080e
080f

0810
0812
0811
0811

0811
0811
0810
080f

080d
080c
080c
080b

080c
080b
080d
080d

080f
0811
0811
0812

0812
0811
0810
080f

080d
080b
080b
080a

080a
080b
080c
080e

080f
0811
0812
0813

0813
0813
0811
080f

080e
080c
080b
080a

080c
080c
080c
080d

080f
0813
0813
0813

0813
0814
0812
0811

080f
080d
080b
080b

080b
080c
080d
080d

0810
0811
0813
0814

0815
0814
0812
0812

080f
080d
080b
080b

080b
080a
080b
080e

0810
0811
0813
0813

0814
0813
0812
0810

080e
080d
080b
080b

080b
080a
080b
080d

080e
080f
0812
0813

0814
0814
0814
0812

0810
080f
080e
080e

080c
080c
080d
080e

080f
0810
0813
0814

0814
0814
0813
0812

0811
080f
080d
080c

080c
080b
080c
080e

0810
0811
0813
0813

0814
0813
0812
0811

0810
080f
080d
080c

080b
080c
080c
080d

080f
0811
0811
0812

0813
0812
0812
0811

0810
080f
080c
080c

080b
080b
080c
080e

080d
080e
0811
0812

0813
0813
0813
0812

0811
080f
080d
080c

080b
080b
080b
080d

080f
0810
0812
0812

0812
0812
0812
0811

0810
080f
080d
080b

080b
080c
080d
080e

080e
0810
0811
0813

0812
0811
0812
0811

0810
080f
080f
080e

080d
080c
080b
080c

080d
080f
0811
0813

0813
0813
0814
0812

0811
080f
080e
080c

080b
080c
080d
080d

080e
0810
0811
0812

0812
0814
0814
0812

0810
0810
080f
080d

080c
080d
080e
080d

080d
080f
0811
0812

0812
0813
0813
0811

0810
0810
080f
080d

080b
080b
080c
080b

080c
0810
0811
0811

0812
0813
0813
0812

0810
080e
080e
080c

080c
080b
080c
080c

080d
080e
0810
0810

0812
0814
0813
0812

0810
0810
080f
080e

080d
080d
080e
080d

080d
080f
080f
0810

0810
0812
0813
0812

0810
080f
080e
080c

080a
0809
080c
080c

080b
080c
080f
0811

0810
0811
0812
0812

080f
080e
080e
080d

080b
080a
080c
080d

080d
080d
0810
0812

0811
0810
0811
0812

0810
080e
080e
080e

080e
080c
080c
080d

080e
080e
080f
0812

0812
0812
0813
0813

0810
080f
080e
080e

080c
080b
080d
080e

080f
080f
0810
0812

0812
0811
0812
0812

0811
0810
080e
080e

080d
080b
080c
080d

080e
080d
0810
0812

0812
0811
0811
0811

0811
0810
080e
080d

080d
080d
080c
080d

080e
080f
0810
0811

0813
0814
0813
0812

0810
0810
080e
080d

080c
080c
080c
080c

080d
080f
0811
0811

0812
0813
0814
0813

0812
0811
080f
080c

080c
080d
080c
080d

080e
0810
0812
0812

0813
0814
0814
0813

0811
0810
080f
080d

080b
080b
080a
080a

080c
080d
080f
0811

0812
0813
0812
0811

0810
080f
080e
080c

080b
080d
080c
080b

080b
080e
0810
0810

0812
0813
0815
0812

0812
0811
0810
080e

080c
080d
080d
080d

080b
080d
080f
080f

0810
0812
0814
0814

0812
0811
0810
0810

080c
080c
080c
080c

080a
080d
0810
0811

0811
0812
0813
0815

0813
0811
0811
0811

080f
080d
080c
080c

080c
080e
080f
0811

0812
0813
0814
0813

0813
0811
0811
0810

080f
080d
080b
080c

080c
080c
080c
080f

0811
0812
0812
0813

0814
0812
0810
080e

080e
080d
080b
080b

080c
080e
080d
080f

0811
0813
0812
0812

0812
0811
0810
080f

080f
080e
080d
080c

080d
080d
080d
080e

080f
0811
0810
0811

0811
0811
0810
080e

080e
080e
080d
080b

080b
080c
080d
080e

080f
0810
0812
0813

0812
0811
0811
080f

080e
080d
080e
080c

080d
080e
080e
080e

080f
0812
0812
0812

0811
0813
0811
080f

080e
080d
080d
080c

080d
080d
080f
080e

080f
0811
0810
0811

0810
0812
0811
080f

080e
080f
080f
080c

080d
080d
080f
0810

0810
0810
0811
0811

080f
0810
0810
080f

080e
080d
080e
080d

080d
080d
0810
0810

080f
080f
080f
0810

0810
0810
080f
080f

080e
080e
080e
080f

080e
080e
080f
080f

0811
0810
0810
0812

0813
0811
080f
0810

0810
080f
080d
080e

0810
080f
080f
0810

0812
0811
0810
0810

0812
0812
0810
0810

080f
0810
080e
080e

080e
080e
080d
080e

080f
0810
080f
080f

0810
0810
0810
080f

080f
080e
080d
080d

080e
080e
080e
080e

080e
080f
0810
080f

080f
0810
080f
080e

080d
080e
080f
080e

080e
080f
080e
080e

080e
080f
080f
080e

0810
0810
0810
080f

080f
080f
080f
080f

080e
080f
080f
080f

080f
080f
0810
0810

0810
0810
0810
080f

080f
080f
0810
0810

0810
0810
0810
0811

0810
0811
0811
0810

080f
080f
0810
080f

080f
080f
0810
0810

0810
0810
0810
0810

080e
080f
080e
080e

080e
080e
080f
080e

0810
080f
0810
080f

0810
0811
0810
0810

080e
080f
080e
080e

080e
080f
080f
0810

080f
080f
0811
0811

0811
0810
0810
0810

080e
080f
080e
080e

080d
080d
080e
080f

080f
0810
0812
0812

0812
0811
0810
080f

080d
080f
080f
080f

080d
080e
080f
0810

080f
0810
0810
080f

0810
080f
080f
080f

080e
080e
080d
080e

080d
080d
080d
080e

080f
080e
0810
0810

0811
0810
0811
0810

080f
080e
080d
080e

080d
080e
080f
080f

0810
0810
0811
0810

0810
0810
0810
080f

080f
080e
080f
080e

080d
080e
080f
080f

0810
0810
0810
0810

0811
0811
0810
080e

080e
080e
080f
080c

080d
080f
080e
080d

080f
0811
0812
0811

0812
0812
0812
080f

080f
080f
080e
080b

080b
080e
080e
080f

080f
0811
0811
0811

0810
0810
0810
080f

080f
080e
080e
080d

080d
080d
080d
080e

080f
0810
0810
0810

0810
0810
0810
0810

0810
080d
080d
080e

080f
080d
080e
080f

080f
0811
0811
0812

0813
0812
0811
0811

0811
080f
080d
080d

080e
080e
080f
0810

0811
0811
0811
0812

0812
0812
0811
0811

0811
080f
080d
080d

080e
080d
080e
080f

0810
080f
0810
0811

0811
0811
080f
0810

0810
080e
080f
080e

080f
080e
080e
080e

0810
0810
0810
0810

0810
0812
0811
0811

0810
080f
080e
080e

080e
080d
080e
080e

080e
080f
080f
0810

0811
0812
0810
0810

080f
080f
080e
080e

080e
080d
080d
080d

080f
080f
080f
080f

0810
0810
0810
080f

080e
0810
0810
080e

080d
080e
080e
080d

080e
0810
0811
0810

0810
0810
0810
0810

080f
080f
080e
080e

080e
080f
080e
080e

080f
080f
080f
080f

0811
0811
0811
0810

0810
0810
080d
080e

080e
080e
080e
0810

0810
0810
0811
0810

0811
0810
0811
0811

0811
0810
080e
080f

080e
080e
080d
080e

080e
080f
0811
0810

0811
0810
0811
0811

0810
0810
080f
080d

080d
080f
080f
080e

080e
0810
0811
0810

0810
0812
0811
080e

080f
0810
0810
080d

080d
0810
080e
080e

080d
080f
080f
0810

080f
0810
0810
0810

080f
080f
080e
080d

080c
080d
080c
080e

080d
0810
0810
0810

0810
0811
0811
080f

080f
080f
080f
080d

080e
080e
080e
080f

080f
0811
0811
0812

0812
0811
0810
0810

0810
080e
080d
080d

080f
080e
080e
080e

080f
0811
0810
0811

0812
0812
0811
080e

080e
080e
080f
080d

080d
080e
080f
080f

080f
0810
0811
0810

080f
0811
0811
0810

080f
080e
080e
080d

080d
080d
080f
080f

080f
0810
0810
0810

0810
0810
0810
0810

0810
080f
080f
080e

080e
080c
080d
080e

080f
080f
0810
0811

0812
0811
0810
080f

080f
080f
080e
080d

080f
080e
080d
080d

080f
0810
0811
0810

0811
0812
0811
0810

080f
0810
0810
080d

080d
080e
080f
080f

0810
0810
0811
0810

0810
0812
0812
0812

0810
080f
080f
080f

080d
080b
080c
080d

080d
080e
080f
0810

0810
0812
0812
0812

0810
0811
0811
0810

080e
080d
080d
080e

080e
080f
0810
0810

0811
0812
0812
0811

0810
0810
080f
080f

080e
080e
080e
080d

080f
080f
0810
0810

0811
0812
0812
0812

0811
0812
0810
080f

080e
080e
080d
080c

080e
080e
080e
080f

0810
0811
0812
0811

0811
0810
0810
080f

080e
080d
080d
080c

080d
080e
080e
080f

0810
0810
0810
0811

0810
0810
0810
0811

080f
080e
080d
080d

080c
080c
080d
080f

0810
0811
0812
0811

0811
0810
080f
080e

080d
080e
080d
080e

080e
080f
080f
080f

0810
0810
0811
0810

0811
080f
080f
080f

080e
080f
080e
080f

080f
0810
0810
0810

0810
0811
0810
080f

0810
0811
0811
0810

080f
080f
080e
080d

080d
080e
080e
080f

0810
0811
0811
0810

080f
080f
080f
080d

080d
080d
080e
080d

080e
0810
080f
080f

080f
080f
080f
080f

080d
080d
080f
080e

080f
080f
0810
080f

080f
0810
080f
080e

080e
080f
0810
0810

0810
0810
0810
080f

080f
080f
080e
080d

080f
080f
080f
0810

080f
0810
0810
0810

080f
080e
080e
080e

080d
080c
080e
080f

080f
080f
0811
0811

080f
080e
080f
080f

080e
080d
080d
080f

080f
080f
080f
0810

0810
080f
0810
0810

0810
0810
0810
0811

080f
0810
080f
080e

080e
080d
080e
080f

0810
0810
0811
0811

0812
0811
080f
0810

080e
080d
080c
080e

080f
080d
080d
0810

0812
0810
0810
0811

0812
0810
080f
080f

080f
080e
080d
080f

080f
080e
080f
080f

0811
080f
080f
0810

0812
0811
0810
080f

080f
080f
080d
080d

080e
080f
080e
080f

0811
0811
0810
0812

0813
0811
0810
080f

0810
080f
080d
080d

080e
080e
080e
0810

0811
0812
0811
0811

0813
0811
080f
080e

080e
080d
080d
080d

080e
0810
080f
080f

080f
0811
0810
080f

080f
0811
0810
080e

080e
080f
080f
080d

080d
080f
080f
080e

080e
0810
0811
0810

0810
0812
0812
080f

080e
080e
080f
080c

080d
080e
080f
080f

080f
0813
0813
0811

0810
0811
0810
080e

080d
080e
080f
080d

080d
080e
080f
080e

080f
0811
0812
0811

0811
0811
0811
080f

080f
080d
080e
080d

080e
080d
080e
080f

0810
0810
0811
0811

0811
0811
0810
0810

080f
080c
080d
080d

080e
080e
080f
080f

080f
0811
0811
0810

0810
0810
0810
080f

080e
080e
080e
080e

080e
080e
080f
080f

0811
080f
080f
0810

0810
0810
0810
0811

0810
080f
0810
0810

080f
080e
080f
080f

080f
080e
0810
0812

0811
0811
0810
080f

080d
080d
080d
080d

080d
080e
080f
080f

080f
080f
0811
0811

0810
0810
080f
080f

080e
080f
080f
080f

080e
080e
080e
080f

0810
0810
0810
080f

0810
0811
0811
0810

080f
080f
080f
080d

080d
080f
080f
080f

0810
0811
0812
0811

0810
0810
0810
080f

080d
080e
080e
080e

080e
0810
0810
0810

0810
0810
0811
0810

0810
0810
0810
080f

080e
080d
080c
080d

080d
080f
080f
0810

0810
0810
0810
080f

080f
080f
0810
080f

080e
080d
080d
080e

080e
080e
080f
0810

0810
0810
0811
0811

0811
080f
080f
080f

080f
080f
080f
080f

080f
080f
0811
0811

0810
0811
0811
0811

0811
080f
080f
080e

080f
080e
080e
080f

080f
0810
0810
0811

0810
0811
0810
0810

0810
080f
080f
080f

080f
080d
080d
080d

080e
080e
080f
0810

0811
0811
0811
0812

0811
0810
080f
080f

080f
080e
080e
080d

080f
080f
080f
0810

0811
0811
0810
0811

0811
0811
080e
080f

080f
080d
080d
080d

080e
080f
080f
080f

080f
0811
0811
080f

080f
0811
0810
080e

080c
080e
080e
080c

080d
080f
0811
080f

080f
080f
0811
0810

080f
080f
080f
080e

080d
080d
080e
080e

080e
0810
0811
0811

0810
0811
0811
0810

080e
080f
0810
0810

080f
080f
0811
080f

080e
080e
0810
0810

0810
0810
0813
0812

0810
0810
0810
0810

080e
080e
080f
0810

080f
080f
0810
0810

080f
080f
0810
0811

0810
080e
080f
0810

080e
080d
080d
080f

080e
080e
080e
080f

080f
080e
080f
080f

080f
080e
080e
080f

080e
080f
080f
080e

080d
080d
080f
080f

080f
0810
0811
0810

0810
080f
0810
080f

080f
080f
080e
080f

080f
0810
0810
0811

0810
0810
0810
0810

0810
080f
0810
080e

080e
080e
080e
080e

080e
080e
080f
0810

0810
080f
080f
0810

0811
080f
080e
080e

080f
080d
080d
080f

080e
080f
080f
0810

0812
0812
0811
0810

0810
0810
080f
080d

080e
080e
080f
080e

080e
0811
0811
0811

0810
0812
0811
080f

080f
0810
080f
080e

080d
080d
080f
080d

080e
0810
0810
0810

0810
0811
0810
0810

080f
080f
080d
080d

080e
080f
080e
080d

080f
0810
080f
080f

080f
0810
0810
0810

0810
0810
080f
080d

080e
080e
080f
080d

080e
080f
0810
0810

0810
0811
0812
0811

080e
080e
080f
080e

080d
080d
080f
080f

080f
080e
0810
0810

0810
0810
0810
0810

080f
080f
080f
0810

080e
080e
080f
080f

080f
080f
0810
0810

0810
0810
0811
0811

0811
0810
080f
080f

080e
080e
080e
080f

080e
080f
080f
0811

0811
0811
0810
0810

080f
080f
080f
0810

080f
080f
080e
080f

0810
080e
080f
0810

0811
0810
0811
0811

0811
0810
080f
0810

0810
080f
080e
0810

0810
080f
080f
0810

0811
0810
0810
0810

0810
080f
080e
080e

080d
080d
080d
080e

080f
080f
080f
0810

0811
080f
080e
080f

080f
080f
080e
080f

080e
080e
080e
080f

080f
0810
0810
0810

0810
080f
080f
0810

080f
080e
080d
080f

080e
080e
080e
0810

080e
080e
080f
0811

0810
080f
080f
0810

080f
080d
080d
080e

080e
080d
080e
080f

080f
0810
080f
0811

0810
0810
080f
0810

0810
080f
080f
080f

080e
080c
080e
0810

080f
080f
0810
0812

0811
0810
080f
080f

080f
080e
080e
080f

080f
080e
080e
080f

0811
0810
080f
0811

0811
0810
080f
0810

0810
080f
080e
080e

0810
080f
080f
0811

0812
0811
080f
0811

0812
0812
080f
0810

0811
0810
080d
080d

0810
080f
080e
080f

0810
0810
0810
0811

0812
0811
080f
080e

080e
080e
080d
080c

080f
080f
080e
080e

0810
0810
080f
080f

0810
0810
080e
080e

080e
080f
080d
080d

080f
0810
080f
080d

0810
0811
0811
0810

0810
0812
0810
080f

080e
080f
080e
080d

080d
080e
080e
080e

080f
0811
0812
0812

0811
0811
080f
080e

080d
080e
080d
080e

080d
080e
080f
080f

080f
080f
0810
0810

0811
0811
0810
080f

080f
080f
080d
080d

080e
080f
080e
080e

0810
0810
0810
0810

0811
0810
0810
0810

0810
080f
080d
080d

080e
080f
080e
080e

080f
0811
0810
080f

0811
0811
080f
080d

080e
080f
080d
080c

080e
0810
080e
080e

0810
0811
0810
080f

0811
0810
0810
080f

0810
080f
080e
080e

080e
080e
080e
080f

0810
0810
0810
0812

0812
0810
0810
080f

0810
080f
080e
080e

080f
080f
080e
0810

0810
0811
0810
0810

0811
0811
0810
080e

080f
080e
080e
080e

080f
080e
080d
080e

080f
0811
0810
0810

0811
0812
0810
080f

0810
0810
080e
080b

080d
080f
080e
080e

080f
0811
0811
0810

080f
0810
080f
080e

080e
080e
080f
080e

080e
080e
080f
080f

080f
0810
0811
0810

0810
0810
0810
0810

080f
080d
080e
080e

080e
080d
080e
080e

080f
080e
0810
0811

0812
0811
0811
0811

0810
080e
080e
080e

080d
080d
080e
080f

0810
080f
0810
0811

0810
0811
080f
0810

0810
080f
080e
080d

080e
080e
080e
080e

0810
0810
0810
0810

0812
0812
080f
0810

0811
0811
080e
080f

080f
080e
080d
080d

080f
0810
0810
0811

0811
0811
0811
0811

0810
0810
080f
080f

080d
080d
080e
080e

080f
080e
080f
080f

0810
080f
0810
0811

0810
0810
080f
080f

080f
080e
080d
080d

080e
080e
080f
0810

0811
0811
0811
0811

0811
0810
080e
080f

080f
080e
080d
080e

080f
080f
080e
0810

0811
0810
080f
0810

0811
080f
080e
080f

0810
0810
080d
080d

080f
080f
080e
080e

0810
0810
080e
0810

0812
0811
080e
0810

0811
0810
080d
080e

080f
0810
080f
080f

0811
0811
0810
080f

0811
0811
0810
080f

080e
080e
080e
080f

080e
080f
080f
0810

0810
0810
0810
080f

0810
080f
080f
080f

080f
080f
080e
080f

080e
080e
080f
0810

0810
080f
0810
0811

0811
0810
0810
080f

080f
080f
080d
080e

080e
080e
080e
080f

0810
0811
0810
0811

0811
0810
080e
080e

080e
080e
080e
080e

080e
080f
080e
0810

0811
0810
0810
0811

0812
0810
080e
080f

0810
080e
080d
080d

0810
080f
080f
0810

0811
0812
0811
0811

0811
0810
080f
080e

080f
080d
080d
080d

080e
080d
080e
0810

0810
0812
0810
0810

0811
0811
080e
080f

080f
080e
080e
080d

080f
080f
080e
080e

0810
0811
0810
0811

0810
0811
080f
080e

080f
080f
080e
080d

080e
080f
080e
080f

0810
0811
080f
0810

0811
0812
0810
080f

080f
0810
080e
080b

080d
080f
080e
080d

080f
0811
0812
0811

0811
0812
0811
080f

080f
0810
080e
080c

080c
080e
080f
080e

080e
0811
0812
0810

0810
0812
0812
0810

080e
0810
080f
080d

