0000
080c
080c
080d

080f
080f
080f
0810

080e
080e
080e
080f

080d
080f
080e
080d

080f
080d
080c
080e

080d
080e
080d
080d

080f
080d
080e
080e

080e
080f
080d
080f

0810
080e
080e
0810

080e
080e
080e
080f

0810
080e
080e
080f

080f
0810
080d
0810

0810
080f
080e
080f

080f
0810
080f
0810

0810
080e
080d
080f

080f
080f
080f
0810

0810
080e
080d
080f

080f
0810
080f
080f

0810
080f
080e
080f

080f
0810
080e
0810

0811
0810
080f
0810

080f
0810
080f
080f

0811
0810
080f
0811

0810
0811
080f
0810

0810
0810
080f
0810

080f
0810
080e
080e

0810
080f
080f
080f

080f
0811
080e
080d

080e
080e
080d
080f

080f
0810
080e
080d

080f
080e
080e
080c

080c
080f
080e
080e

080e
080f
080f
080f

080d
0810
080e
080d

080f
080f
080d
080d

080e
080f
080d
080d

080e
080f
080e
080f

080e
0810
080f
080e

0810
080f
0810
080f

0810
0811
0810
080f

0810
0810
080f
080f

080d
0810
080f
080e

080f
080f
080f
080e

080e
0810
080f
080f

080f
080f
080f
080f

080e
080f
080e
080e

080f
080e
080d
080e

080e
080f
080e
080e

080e
080d
080e
0812

0812
0813
0811
080d

080b
0807
0805
0802

0803
080d
0819
0829

0836
083b
0836
082a

0812
07f6
07d0
07af

079d
07a3
07c2
07f2

082d
086e
08ab
08da

08e6
08c4
087a
0818

07af
0757
0711
06eb

06ed
0722
0788
080c

0897
0917
097d
09b7

09b1
095e
08c7
080d

074b
06aa
0637
0604

0615
066e
070f
07e8

08dd
09cf
0a92
0aff

0af1
0a57
094e
080c

06ca
05c4
0518
04db

0508
0597
0685
07c3

092f
0a99
0bc2
0c6a

0c4f
0b61
09d0
07fc

0640
04e7
0414
03d2

0414
04c5
05e3
076a

093a
0b17
0cad
0d83

0d92
0c97
0a92
0832

05f4
043e
033e
02f7

0343
03ff
052a
06d6

08f1
0b3b
0d41
0de1

0df4
0df3
0c47
08fc

0610
03db
0294
023a

028f
0351
047a
062d

0876
0b18
0d71
0df1

0df4
0df4
0df3
0aa7

06a9
03d3
0237
01b9

0209
02d0
03f1
0594

07dd
0aa9
0d5b
0df1

0df4
0df4
0df6
0d12

07af
042a
0229
0176

01ae
026c
0382
050a

0740
0a1d
0d1f
0def

0df4
0df4
0df6
0de9

08a4
0498
0243
0163

0184
0237
0341
04b1

06c9
099e
0cc0
0dea

0df3
0df4
0df5
0df2

0973
0515
0280
0173

017b
021f
031b
0475

0669
0920
0c44
0de0

0df4
0df4
0df5
0df4

0a2b
0592
02c6
0192

017f
0212
0305
0451

062d
08c8
0bdf
0dd3

0df3
0df4
0df5
0df3

0a87
05e1
0301
01b8

0192
0218
0303
0447

0612
0892
0b8d
0dc1

0df3
0df4
0df5
0df3

0aa1
0615
0335
01de

01ab
0228
030b
0447

0607
0877
0b5d
0daf

0df3
0df4
0df5
0df3

0a5c
0619
0355
0203

01cd
0245
0324
045d

061c
087f
0b4f
0da0

0df3
0df4
0df5
0df1

09d3
05fa
036a
022a

01f8
026e
034b
0483

0640
089b
0b57
0d99

0df3
0df4
0df5
0dc4

096a
05d7
0370
0242

0216
028f
036c
04a8

066a
08c9
0b7a
0d9e

0df3
0df4
0df5
0d76

0900
05a2
0360
024a

022c
02ab
038d
04d0

069c
0900
0bac
0da9

0df3
0df4
0df4
0ce6

08a5
056e
034a
0248

0237
02bf
03a8
04f1

06c8
0932
0be0
0db6

0df3
0df4
0df4
0cb2

0872
0540
032b
0239

0231
02c2
03b0
0503

06e8
0960
0c15
0dc4

0df3
0df4
0df4
0cbb

0855
0517
0307
0221

0223
02bb
03b0
050c

06fc
0982
0c42
0dcf

0df3
0df4
0df4
0cf2

084d
04f9
02e6
0205

0210
02ad
03a7
0509

0702
0995
0c61
0dd7

0df4
0df4
0df5
0d5c

0861
04e9
02c9
01ea

01f8
0299
0397
04fb

06fb
099a
0c73
0ddd

0df4
0df4
0df5
0d97

087f
04e3
02b5
01d4

01e3
0287
0385
04eb

06eb
098d
0c72
0dde

0df4
0df4
0df6
0dbf

08ac
04eb
02ae
01c7

01d6
0279
0376
04da

06d8
097c
0c6b
0ddf

0df3
0df4
0df6
0de1

08e4
04ff
02ae
01c0

01cb
026b
0368
04c9

06c2
0966
0c5a
0ddd

0df3
0df4
0df6
0dee

0913
0517
02b7
01be

01c4
0261
035c
04ba

06ae
094f
0c45
0ddb

0df4
0df4
0df5
0df1

0940
0530
02c0
01be

01bf
025a
0352
04ad

069f
093e
0c34
0dd9

0df3
0df4
0df5
0df1

095c
0545
02cd
01c3

01c0
0257
034e
04a6

0692
092c
0c1e
0dd5

0df3
0df4
0df5
0df1

096a
0556
02d9
01ca

01c3
0258
034b
04a1

0689
091d
0c0c
0dd2

0df3
0df4
0df5
0df1

0966
055c
02e2
01d2

01c9
025c
034f
04a4

068d
091b
0bff
0dce

0df3
0df4
0df5
0de3

0928
0555
02f8
01f4

01ec
027b
036a
04b9

0690
08f6
0b9e
0da2

0df3
0df4
0df4
0ce2

08ce
05a0
037b
0270

024f
02c5
039b
04cc

0674
089d
0b09
0d2f

0ddb
0df4
0de7
0bd3

08df
0635
0433
0312

02cc
0322
03dd
04f0

0667
0842
0a4d
0c2d

0d61
0d9b
0d09
0b4f

092e
0711
054b
041a

039b
03b5
043c
0517

0649
07c8
096e
0b01

0c36
0cc2
0c75
0b60

09c7
080a
0674
053e

048c
0462
04a8
0544

062e
075e
08b1
09fb

0b05
0ba5
0bb1
0b20

0a12
08c3
0772
0652

058c
0532
053c
0596

0633
070d
080d
0910

09ed
0a85
0abd
0a8c

09fa
0926
0835
074d

0692
061c
05f3
060f

0663
06e8
0793
084e

0902
0993
09ea
09fa

09c0
094b
08b2
080a

076c
06ec
06a3
068f

06af
06f8
0761
07dd

085e
08d4
092c
095b

0956
0926
08d4
0870

0806
07a4
0757
0729

071c
072f
075d
079b

07e3
082f
0878
08b5

08db
08e6
08d5
08b0

0877
0837
07f4
07b9

078d
0774
076f
077f

079f
07ca
07fd
0832

0862
0888
08a1
08a9

089f
0885
085f
0834

0805
07d9
07b3
0798

078b
078f
07a0
07be

07e6
0815
0847
0876

089a
08aa
08a4
088c

0867
0837
07ff
07c7

079a
077e
0774
077f

0799
07c4
07f7
082f

0866
0893
08ad
08b0

089f
0880
084f
0814

07d7
07a2
077a
0765

0768
077f
07a7
07de

081e
085f
0897
08bb

08c8
08bb
0896
085b

0817
07d2
0795
0768

0753
0758
0774
07a5

07e2
0828
0869
08a2

08c8
08d2
08c1
0898

085d
0816
07cf
0790

0762
074b
074f
076e

07a1
07e5
0830
0879

08b6
08db
08e7
08d2

089f
0858
0808
07bb

077b
074f
073f
074c

0772
07b0
07fc
084b

0890
08c6
08e4
08e4

08c6
088b
0840
07f0

07a6
076d
0749
073f

0752
077e
07be
080a

0857
089a
08ca
08e1

08db
08b6
0877
0828

07d8
0791
075c
0740

0740
075c
0791
07d8

0824
0870
08ac
08d4

08de
08c9
089a
0855

0807
07bd
0780
0757

0749
0756
077b
07b3

07f6
0840
0882
08b4

08ce
08cb
08ad
0877

0836
07ee
07ac
0779

075b
0759
076f
079a

07d4
0817
0859
0892

08b7
08c5
08b6
088e

0856
0815
07d5
079e

0779
076a
0773
0794

07c2
07fa
0836
086d

0896
08ab
08aa
0893

086a
0835
07fd
07c9

07a0
0787
0785
0795

07b4
07e1
0814
0846

0870
088a
0895
088c

0871
0848
0819
07ea

07c2
07a6
079a
079e

07b1
07d1
07f7
0824

084b
0869
0876
0876

0868
084e
082a
0803

07e0
07c4
07b3
07b0

07b9
07ce
07ea
080b

082b
0847
0859
0860

085c
084d
0836
081a

07fe
07e5
07d3
07c9

07ca
07d4
07e5
07fe

0815
082e
083f
0849

084b
0846
0837
0823

0810
07fd
07ee
07e3

07e1
07e5
07ef
07fb

080c
081b
0826
082f

0833
0834
082e
0824

0819
080e
0805
07fc

07f6
07f5
07f8
07fe

0806
080e
0817
081d

0821
0824
0824
0820

0819
0813
080f
080b

0808
0805
0807
0809

080a
080b
080d
080f

080e
080f
0810
0810

0811
0812
0815
0818

0819
0817
0815
0812

080e
0808
0803
0801

07ff
0800
0802
0807

080c
0812
0817
081b

081e
081c
081c
0819

0812
080a
0802
07fc

07f6
07f4
07f6
07fa

07ff
0808
0814
081d

0824
0826
0828
0824

081c
0811
0807
07fc

07f2
07ed
07ef
07f5

07fc
0808
0817
0823

082c
082f
0831
082c

0821
0814
0808
07fd

07f1
07eb
07eb
07ef

07f7
0802
0810
081e

082c
0833
0836
0832

082d
0821
0812
0802

07f6
07ec
07e8
07eb

07f2
07fd
080d
081e

082d
0837
083a
0838

0832
0825
0815
0804

07f7
07f0
07ea
07ea

07f0
07fc
0808
0815

0822
082d
0833
0831

082f
0828
081d
080e

0801
07f8
07f3
07f1

07f1
07f9
0804
080e

0819
0824
082b
082e

082c
0829
0821
0816

080a
0802
07fc
07f9

07f8
07fc
0802
080a

0811
0819
081f
0822

0821
0820
081d
0816

0810
0809
0806
0801

07ff
07fe
0800
0804

0808
080b
080e
0810

0813
0815
0814
0813

0813
0810
080e
080d

080b
0809
0806
0807

0807
0807
0806
0807

080b
080e
0810
0811

0814
0817
0818
0819

0818
0814
0810
080d

0809
0804
07fe
07fd

07ff
0801
0803
0808

0810
0817
081d
081e

0820
081f
0818
0812

080a
0804
07fb
07f6

07f6
07fb
07ff
0805

080f
081b
0823
0826

0829
0828
0823
081a

0810
0807
07fe
07f5

07f2
07f5
07fa
0801

080c
0818
0824
082a

082f
082f
082c
0821

0815
0809
07fd
07f3

07ec
07ed
07f3
07fa

0805
0814
0821
082b

0832
0833
0830
0827

0819
080b
07fd
07f1

07e9
07e8
07eb
07f3

07ff
080e
081e
082b

0834
0837
0836
082d

0820
0810
0801
07f4

07e8
07e5
07e8
07f0

07fa
080a
081b
0829

0832
0837
0837
0831

0824
0814
0805
07f7

07eb
07e5
07e5
07ec

07f6
0805
0816
0825

0831
0837
0838
0833

0828
0819
0808
07f9

07ec
07e4
07e2
07e8

07f5
0805
0814
0824

0832
0839
0839
0834

082a
0819
0808
07f8

07ec
07e5
07e4
07ea

07f5
0805
0816
0825

0833
083a
083b
0836

082b
081b
0809
07f8

07eb
07e4
07e3
07ea

07f6
0805
0818
0828

0836
083d
0840
0839

082e
081d
080b
07f9

07eb
07e3
07e1
07e8

07f4
0805
0819
082b

0837
083f
083f
0837

082a
0817
0805
07f3

07e6
07df
07e1
07e7

07f2
0804
0818
0828

0833
083a
083c
0835

0827
0815
0803
07f4

07e5
07dd
07df
07e6

07f2
0804
0818
082a

0835
083b
083c
0835

0826
0813
0801
07f0

07e1
07db
07de
07e7

07f4
0805
081a
082c

0836
083c
083c
0834

0825
0812
0800
07f0

07e4
07de
07e1
07ea

07f7
080a
081e
0831

083c
0841
0840
0839

0829
0813
0802
07f2

07e6
07de
07e1
07ec

07fa
080c
0820
0834

083f
0844
0842
083a

082a
0815
0802
07f1

07e6
07df
07e2
07eb

07fa
080c
081f
0834

083f
0843
0840
0838

082a
0815
0801
07f1

07e5
07de
07e0
07e9

07f8
0809
081d
082f

083b
0840
083e
0836

0826
0813
07ff
07ee

07e1
07db
07dc
07e3

07f2
0804
0817
0829

0836
083c
083b
0834

0826
0815
0801
07ef

07e2
07dc
07dc
07e2

07f0
0801
0814
0826

0832
083b
083c
0834

0828
0819
0808
07f6

07e9
07e2
07e2
07e5

07f1
0800
0811
0822

0830
083b
083d
0839

082f
0821
0810
07fe

07f2
07e9
07e6
07e8

07f1
07ff
0810
081f

082e
0838
083c
0839

0831
0825
0816
0805

07f7
07ee
07eb
07ec

07f2
07fe
080d
081b

0827
0831
0835
0835

082e
0825
0818
0809

07fc
07f2
07ee
07ec

07f1
07fb
0807
0814

0821
082c
0831
0831

082c
0825
0819
080c

07fd
07f5
07f1
07ee

07f1
07fa
0805
0810

081b
0826
082b
082c

0827
0821
0818
080c

0800
07f8
07f3
07f1

07f3
07fa
0805
080f

0818
0820
0827
0828

0824
0820
0818
080e

0804
07fd
07f8
07f6

07f8
07fd
0807
0810

0819
0820
0826
0828

0826
0821
081a
0811

0808
0801
07fc
07fa

07fc
0801
080a
0810

0819
0820
0825
0825

0823
081e
0817
080f

0806
0800
07fc
07fa

07fc
0801
0808
0811

0819
081e
0822
0822

0820
081a
0812
080c

0803
07fe
07f9
07fa

07fd
0802
0808
0811

0818
081d
0821
0822

0821
081a
0811
080b

0803
07fd
07f8
07f9

07fc
0802
080a
0813

081c
0820
0824
0824

0822
081a
0812
080a

0802
07fc
07f6
07f7

07fc
0802
080a
0814

081d
0824
0826
0825

0822
0819
0812
0807

07ff
07f8
07f3
07f5

07f9
0801
0809
0814

081d
0824
0827
0827

0824
081b
0813
0807

07fd
07f6
07f1
07f2

07f5
07fe
0808
0815

081f
0828
082b
082a

0825
081d
0813
0806

07fc
07f3
07ee
07ef

07f4
07fd
0807
0815

0820
082a
082e
082c

0828
0820
0816
0808

07fd
07f4
07ef
07ed

07f1
07fc
0808
0814

0820
082a
0830
0831

082d
0825
081b
080c

0800
07f4
07ef
07ed

07f1
07fa
0806
0813

0820
082c
0833
0833

082f
0827
081b
080d

07ff
07f3
07ee
07eb

07ef
07f7
0804
0811

081e
0829
0830
0831

082e
0826
081a
080d

0801
07f6
07ee
07ea

07ed
07f3
07fe
080c

081a
0827
082f
0833

0831
082a
081e
0810

0803
07f6
07ed
07e9

07ed
07f4
07ff
080c

0819
0826
082d
0831

0830
082a
081f
0812

0805
07f9
07f1
07ec

07ed
07f3
07fd
0809

0816
0821
0829
082e

082d
0829
081f
0815

0808
07fc
07f4
07ef

07f0
07f3
07fd
0809

0816
0820
0828
082e

082c
0828
081f
0815

0808
07fd
07f6
07f1

07f3
07f6
0800
080a

0815
081e
0826
082a

0829
0824
081d
0814

0808
07ff
07f7
07f5

07f5
07fa
0801
080b

0814
081b
0823
0827

0826
0822
081b
0813

080a
0801
07fc
07f9

07fa
07fd
0805
080e

0816
081d
0823
0825

0824
0820
081a
0811

0809
0801
07fb
07f9

07fa
07fd
0805
080d

0817
081d
0823
0825

0824
081f
081a
0811

0809
0802
07fd
07fb

07fc
0800
0807
080f

0818
0820
0826
0826

0824
081f
081a
0810

0806
0800
07fb
07f9

07fb
0800
0808
0810

0819
0820
0826
0826

0823
081f
0818
080f

0805
07fe
07f9
07f9

07f9
0800
0809
0811

0819
0820
0827
0828

0824
081e
0817
080e

0803
07fd
07fa
07f9

07f8
07ff
0808
0812

081a
0821
0828
0828

0824
081c
0815
080c

0801
07f8
07f4
07f6

07f8
07fd
0807
0814

081c
0822
0825
0827

0825
081b
0812
080a

0800
07f7
07f3
07f6

07f8
07fe
0807
0815

081d
0822
0827
0828

0824
081c
0813
080a

0801
07fa
07f6
07f7

07fa
0801
080a
0815

081e
0824
0828
0829

0825
081d
0814
080a

0801
07fa
07f6
07f7

07fc
0803
080d
0817

081f
0826
0828
0829

0824
081d
0814
080a

0801
07fa
07f7
07f9

07fc
0803
080b
0816

081d
0824
0827
0828

0822
081b
0813
080b

0801
07fa
07f7
07f9

07fd
0804
080c
0816

081e
0823
0825
0823

0820
0818
0811
0808

0800
07fb
07fa
07fa

07fd
0804
080c
0814

081c
0822
0825
0825

0821
081a
0813
080a

0801
07fc
07fa
07fa

07fe
0803
080d
0816

081d
0823
0826
0825

081f
081a
0811
0809

0801
07fb
07f9
07f9

07fe
0804
080d
0817

081e
0824
0826
0826

0820
0819
0811
0808

07ff
07f9
07f7
07f9

07fe
0804
080d
0817

0820
0824
0826
0826

0821
081a
0811
0808

07fe
07f7
07f5
07f6

07fb
0801
080b
0817

0820
0825
0827
0828

0821
0819
080e
0806

07fd
07f6
07f4
07f6

07fc
0803
080e
0818

0821
0826
0826
0825

0820
0818
080d
0805

07fc
07f6
07f3
07f6

07fb
0804
080d
0818

0821
0827
0829
0826

0820
0819
080e
0803

07fc
07f6
07f3
07f4

07fc
0805
0810
0819

0823
0829
082a
0828

0823
081b
0810
0806

07fd
07f8
07f5
07f7

07fd
0807
0811
081b

0825
082a
082b
082a

0825
081c
0811
0808

0800
07fa
07f7
07f9

07fe
0805
080f
0819

0823
0828
082a
0828

0824
081c
0810
0808

07ff
07fa
07f5
07f8

07fd
0804
080d
0818

0821
0825
0826
0824

081f
0818
080c
0803

07fd
07f9
07f4
07f7

07fe
0805
080e
0817

081f
0823
0823
0821

081d
0815
080b
0803

07fd
07f9
07f7
07f8

07fe
0806
080e
0816

081e
0823
0824
0821

081d
0815
080b
0803

07fc
07f8
07f6
07fa

0800
0807
080f
0818

081f
0822
0822
081f

081a
0812
0809
0801

07fc
07f8
07f8
07fc

0800
0808
0810
0818

081f
0823
0822
081e

081a
0813
080c
0804

07ff
07fc
07fc
0800

0806
080e
0816
081d

0823
0826
0826
0822

081d
0816
080e
0808

0803
0801
0802
0805

080a
0810
0817
081f

0823
0824
0823
0821

081c
0815
080e
0807

0802
07ff
07ff
0802

0807
080d
0812
0818

081e
0821
0820
081e

081a
0815
080e
0807

0804
07ff
07fd
07fe

0801
0808
080e
0814

081a
081f
0820
081f

081d
0818
0811
080a

0805
0801
07fd
07fd

07ff
0804
0808
080f

0815
081a
081c
081d

081c
0818
0814
080c

0807
0802
07fe
07fc

07fd
0800
0803
080a

0811
0817
0819
081c

081c
081b
0815
0810

080b
0807
0801
07fe

0800
0801
0804
0809

080f
0815
0819
081c

081c
081d
0818
0813

0810
080b
0806
0801

0801
0802
0805
0808

080e
0813
0817
0819

081a
081b
0818
0813

0810
080c
0808
0805

0804
0804
0807
0809

080c
0811
0815
0817

0818
0819
0817
0814

0811
080f
080b
0808

0806
0807
0809
0809

080d
080f
0810
0811

0813
0814
0813
0813

0810
080e
080c
0808

0809
0809
080a
080a

080d
080e
080f
0811

0812
0814
0813
0813

0811
0810
0810
080f

080e
080e
080e
080e

080e
080e
080e
0810

0810
0810
080f
0811

0811
0811
0810
080f

0810
0810
0810
080f

0810
080f
080f
080e

080e
080e
080f
080e

080e
080f
0810
080f

0810
0811
0812
0813

0813
0812
0811
0810

080f
0810
080e
080e

080e
0810
0810
0810

0811
0813
0814
0814

0815
0814
0814
0813

0812
0811
080f
080e

080d
080d
080d
080e

080f
0811
0812
0814

0816
0816
0816
0815

0815
0812
080e
080c

080b
080b
0809
080b

080d
080f
0811
0813

0815
0815
0814
0813

0813
0811
080f
080c

080b
080a
0809
080a

080b
080d
080f
0811

0814
0815
0815
0814

0814
0813
0812
080d

080c
080b
080b
080a

080a
080d
080d
080e

0810
0813
0813
0813

0812
0810
080f
080d

080d
080c
080a
0809

0809
080a
0809
080a

080b
080c
080d
080c

080d
080e
080e
080d

080d
080e
080d
080b

080a
080a
0808
0809

0809
080a
080b
080c

080e
0810
0811
0811

0813
0813
0813
0811

0810
080f
080d
080b

080a
080b
080c
080c

080c
0810
0814
0813

0815
0817
0817
0814

0811
0811
080e
080b

0807
0809
0809
0809

080a
080d
0812
0814

0815
0818
081a
0818

0814
0812
080f
080c

0808
0807
0808
0809

0809
080d
0812
0815

0817
0818
081b
081a

0819
0815
0812
080f

080a
0807
0805
0807

0809
080b
080e
0811

0816
0817
0818
0817

0817
0814
0811
080e

080b
0808
0805
0806

0807
0809
0809
080d

0812
0814
0816
0816

0818
0817
0814
0810

080d
080b
0807
0806

0807
080a
080b
080e

0811
0814
0816
0817

0817
0815
0813
0810

080e
080b
0809
0809

0809
080a
080b
080e

0811
0813
0814
0814

0815
0815
0813
0810

0810
080e
080c
080a

080b
080d
080d
080e

0811
0815
0816
0815

0816
0815
0814
0811

0810
080d
080c
080a

080a
080c
080d
080f

0810
0813
0814
0813

0813
0811
0811
080e

080d
080c
080b
080b

080b
080d
080e
0810

0810
0812
0812
0812

0811
080e
080e
080e

080d
080b
080b
080d

080d
080d
080f
0811

0812
0812
0811
0812

0811
080e
080c
080b

080b
0809
0809
080b

080f
0810
080f
0813

0814
0814
0813
0812

0810
080e
080b
0809

0809
0808
0808
0809

080b
080c
080e
0811

0812
0814
0814
0814

0810
080f
080d
080a

0808
0806
0807
0809

080b
080d
080f
0812

0813
0815
0816
0816

0813
0812
080f
080c

080a
0808
0809
0809

080a
080d
0810
0811

0813
0816
0818
0817

0814
0813
0812
080f

080c
0809
080a
0808

0807
0809
080c
080f

0811
0814
0816
0818

0816
0815
0814
0811

080c
0809
080a
0807

0807
0807
0809
080b

080d
0812
0813
0814

0814
0815
0815
0812

080e
080d
080b
0808

0808
0809
080b
080c

080e
0812
0815
0816

0815
0817
0816
0813

0810
080e
080c
080a

080a
0809
080b
080b

080d
080f
0811
0813

0813
0814
0814
0813

0811
080f
080e
080c

080a
0809
080b
080b

080d
080f
0812
0813

0814
0816
0817
0817

0815
0813
0811
0810

080d
080c
080c
080c

080d
080f
0812
0813

0814
0814
0815
0815

0813
0812
0810
080f

080e
080b
080a
0809

0809
080a
080b
080d

080f
0812
0813
0813

0813
0814
0811
0810

080d
080b
080a
0807

0808
0808
080b
080a

080d
0811
0813
0815

0815
0815
0814
0813

0810
080c
080a
0808

0806
0805
0807
0808

0809
080d
0810
0815

0816
0815
0814
0814

0810
080d
0809
0807

0805
0804
0805
0806

0809
080a
080f
0814

0816
0817
0817
0816

0814
0810
080b
0809

0806
0804
0805
0807

0809
080d
0813
0816

0818
081b
081b
0819

0815
0812
080e
080a

0807
0808
0808
0809

080c
080f
0815
0818

081a
081b
081c
081b

0817
0814
0810
080c

0809
0806
0806
0808

080b
080e
0812
0816

0819
081c
081c
081c

0819
0814
0810
080c

0807
0804
0804
0805

0807
0809
080d
0812

0816
0817
0818
0818

0815
0810
080b
0808

0805
0801
0801
0802

0804
0807
080c
0812

0816
0818
0819
0819

0817
0813
080e
0809

0805
0802
0801
0803

0805
0808
080c
0812

0817
081a
081c
081d

081b
0817
0813
080f

0809
0806
0804
0803

0804
0806
080a
0810

0815
0818
081a
081c

081b
0819
0814
080f

080a
0806
0801
0803

0804
0806
0809
080e

0814
0817
0819
081a

0819
0817
0812
080e

080a
0805
0802
0802

0803
0806
0808
080b

0812
0815
0817
0818

081a
0818
0814
0810

080d
080b
0806
0806

0806
0808
080a
080c

0812
0814
0816
0817

0819
0817
0813
080f

080d
080b
0808
0806

0805
0808
0809
080c

080f
0813
0815
0816

0817
0815
0813
0810

080c
0809
0806
0806

0805
0807
0808
080c

080f
0811
0814
0815

0815
0813
0812
0810

080d
080a
0809
0809

0808
0809
080a
080e

080f
0810
0813
0814

0813
0812
0812
0811

080e
080c
080c
080b

080a
080b
080c
080f

0811
0813
0815
0816

0816
0815
0814
0811

0811
080e
080d
080d

080e
080e
080e
0810

0812
0814
0815
0815

0814
0813
0812
080e

080d
080c
080b
080b

080c
080d
080f
0810

0811
0815
0815
0814

0813
0812
0811
080e

080c
080c
080d
080d

080d
080f
0812
0813

0814
0815
0817
0817

0816
0814
0813
0811

080f
080e
080e
080d

080d
080f
0811
0813

0813
0815
0816
0815

0812
0810
080e
080b

080a
0808
0809
080a

080a
080c
080f
0810

0810
0811
0811
0811

080e
080d
080c
080a

0808
0807
0809
080b

080b
080d
0811
0813

0812
0812
0812
0813

080f
080d
080c
080b

080b
080a
080c
080e

080f
0810
0811
0813

0813
0813
0812
0812

0811
080f
080d
080d

080c
080d
080e
080f

0810
0811
0812
0814

0816
0815
0815
0815

0814
0813
0812
0811

0811
0810
080f
0810

0811
0812
0811
0813

0814
0815
0813
0814

0814
0812
0810
080f

0810
080e
080d
080e

080e
080e
080f
080f

0811
0811
0811
0811

0811
080f
080d
080c

080d
080d
080b
080b

080d
080c
080b
080b

080e
080d
080c
080c

080d
080d
080b
080c

080b
080b
0808
0808

0809
0809
0809
0809

080b
080b
080b
080d

080e
080d
080c
080c

080b
080b
080a
080b

080b
080b
080b
080c

080e
080e
080e
080f

0811
0811
0810
080f

080f
080f
080d
080c

080b
080c
080b
080c

080e
0810
0810
0810

0813
0815
0812
0811

0811
0810
080d
080c

080b
080c
080c
080c

080e
0811
0813
0813

0815
0815
0814
0811

0810
0810
080e
080c

080b
080d
080d
080e

0810
0812
0813
0812

0813
0814
0813
0812

0811
0811
080f
080e

080d
080e
080c
080c

080d
080f
0810
0810

0813
0814
0813
0812

0812
0810
080d
080b

080a
080b
080b
080b

080d
080f
0811
0812

0813
0814
0814
0811

0811
0810
080e
080c

080b
080c
080c
080c

080d
0810
0813
0812

0812
0813
0813
0812

080f
080f
080e
080e

080b
080d
080e
0810

0810
0810
0812
0814

0814
0812
0813
0813

0812
0810
080f
080f

080f
080e
080f
0812

0812
0812
0814
0815

0815
0812
0811
0810

080f
080d
080d
080e

080e
080e
080f
0813

0813
0813
0813
0814

0812
080f
080d
080b

080a
080a
080b
080d

080e
0810
0812
0813

0813
0813
0812
0811

080e
080d
080c
080a

0809
0808
0809
080b

080d
080f
0811
0813

0814
0815
0813
0811

0810
080c
080a
0806

0806
0806
0807
0808

080c
080f
0812
0814

0815
0817
0813
0810

080d
080c
0806
0803

0805
0806
0807
0809

080d
0810
0812
0813

0814
0815
0812
0810

080d
080b
0807
0804

0805
0806
0807
0809

080d
0811
0813
0815

0816
0817
0814
0810

080c
080a
0806
0802

0803
0805
0807
0809

080e
0811
0815
0815

0817
0817
0814
0810

080d
080b
0807
0804

0805
0808
0809
080b

080f
0814
0817
0818

0819
081a
0817
0814

080f
080e
080a
0807

0806
0806
080a
080d

0811
0815
081a
081d

081d
081b
0819
0818

0811
080d
0809
0808

0805
0807
080a
080e

0812
0815
0819
081b

081b
0819
0816
0812

080d
080a
0807
0807

0805
0806
0809
080d

0810
0813
0818
081b

081b
081a
0819
0816

0810
080c
080a
0809

0806
0805
080a
080f

0812
0814
081a
081d

081e
081b
0819
0815

0811
080c
0809
080a

0808
0808
080d
0811

0815
0818
081c
081e

081d
081a
0818
0814

080f
080a
0807
0807

0806
0807
080a
080f

0813
0815
0819
081b

081c
0818
0816
0812

080e
0809
0807
0805

0804
0805
0808
080c

0810
0814
0817
081a

0819
0816
0813
080e

0809
0805
0800
07fe

07fe
0801
0805
080b

080f
0814
0817
0817

0817
0815
0811
080c

0808
0805
0801
0800

0800
0802
0804
0809

080f
0813
0814
0815

0817
0815
0813
080e

080b
0807
0805
0803

0803
0806
0809
080e

0811
0816
0818
0819

0819
0817
0814
080f

080b
0806
0804
0803

0803
0806
0809
080e

0811
0814
0816
0819

0818
0815
0812
080e

080b
0807
0804
0803

0804
0806
080a
080d

0811
0814
0815
0817

0817
0815
0812
0810

080c
0809
0807
0806

0807
0808
080a
080e

0812
0815
0816
0818

0817
0815
0813
0810

080d
0809
0808
0807

0808
0808
080b
080f

0812
0814
0816
0818

0819
0818
0815
0812

080f
080d
080b
080a

080b
080b
080c
080f

0814
0816
0817
0818

0817
0817
0815
0811

080f
080e
080b
080a

080c
080e
0810
0810

0813
0816
0816
0816

0813
0813
0810
080d

080b
080a
0809
080a

080b
080d
080e
080f

0811
0812
0812
0812

0811
0810
080d
080d

080b
0809
0809
0809

080b
080c
080f
0811

0814
0814
0814
0812

0810
080f
080d
080a

0809
080a
080a
0809

080c
080f
0811
0812

0815
0816
0815
0812

0810
080f
080c
080a

0809
080b
080b
080d

0810
0812
0815
0815

0817
0818
0818
0816

0814
0811
080e
080b

080a
080a
080b
080e

080f
0813
0817
0819

081a
081a
0819
0816

0811
080e
080b
0809

0805
0807
0809
080c

080f
0812
0817
0819

081a
0817
0817
0813

080e
0809
0807
0806

0803
0804
0806
080a

080e
0812
0816
0819

081a
0817
0816
0812

080d
0807
0804
0802

07ff
07ff
0802
0807

080a
080e
0813
0817

0817
0815
0813
080f

080b
0805
0801
07ff

07ff
07ff
0803
0809

080d
0811
0815
0819

081a
0818
0815
0812

080e
0809
0805
0802

0802
0804
0806
080a

0810
0816
0819
081d

081e
081e
081b
0816

0813
080d
0807
0805

0804
0804
0806
080a

0810
0816
081a
081d

081f
081e
081b
0817

0812
080c
0807
0803

0802
0803
0806
080a

080f
0814
0818
081c

081c
081c
081a
0816

0813
080d
0809
0806

0805
0804
0805
0809

080d
0813
0816
081b

081d
081d
081b
0818

0813
080f
080a
0806

0804
0803
0805
0808

080c
0812
0815
081a

081c
081d
081b
0817

0813
080e
0809
0805

0805
0805
0807
0809

080e
0814
0817
0819

081a
081b
081a
0816

0811
080f
080b
0807

0806
0805
0807
0807

080a
080f
0815
0817

0818
0819
0818
0815

0810
080d
080a
0806

0804
0802
0804
0805

080a
080e
0812
0815

0817
0819
0818
0815

0810
080d
080b
0807

0804
0804
0805
0808

080a
080e
0813
0817

0816
0817
0818
0816

0812
080e
080b
0809

0806
0804
0806
080b

080e
0811
0816
081b

081b
081a
081a
081a

0815
0810
080d
080c

0807
0806
0808
080c

080e
0811
0816
081a

081c
081b
0819
0818

0815
0811
080c
0809

0807
0806
0806
0808

080c
080e
0811
0815

0817
0818
0816
0814

0812
080f
080a
0807

0806
0806
0804
0805

0809
080d
0811
0813

0816
0816
0816
0815

0812
080e
080b
0808

0804
0803
0805
0806

0807
080a
080d
0812

0814
0814
0815
0814

0811
080e
080b
080a

0805
0803
0803
0806

0808
080b
080e
0811

0815
0816
0815
0814

0812
080f
080b
0809

0808
0806
0806
0808

080c
080e
0810
0814

0819
0819
0817
0815

0814
0811
080d
080b

0809
0808
0807
0809

080b
080e
0811
0814

0817
0818
0819
0817

0815
0812
080e
080b

0809
0808
0807
0809

080a
080c
0810
0813

0816
0818
081a
0818

0817
0813
080f
080b

0808
0806
0804
0806

0807
080b
080e
0812

0817
0819
0819
0818

0816
0811
080d
0809

0806
0804
0802
0803

0805
080a
080f
0813

0816
0819
081a
0819

0817
0813
080f
080a

0806
0803
0802
0804

0805
080a
080f
0813

0817
0819
081a
081a

0818
0813
080e
0808

0806
0804
0803
0804

0806
080b
080e
0813

0817
081a
081b
081b

0818
0813
0810
080b

0808
0803
0803
0804

0806
080a
080e
0814

0817
081a
081b
081b

0819
0814
0810
080a

0806
0802
0801
0803

0805
0809
080e
0813

0818
081a
081b
081b

0818
0814
080f
080a

0806
0803
0802
0802

0805
080a
080e
0813

0817
081b
081c
081b

0818
0814
080f
0809

0806
0803
0802
0802

0805
080a
080f
0815

081a
081c
081d
081d

081a
0815
0811
080b

0807
0803
0803
0804

0807
080b
0810
0815

0819
081c
081c
081c

081a
0815
080f
080b

0807
0804
0802
0803

0807
080a
080f
0813

0818
081a
081a
081a

0818
0814
080f
080c

0807
0805
0803
0804

0806
080a
080e
0812

0817
0819
0818
0818

0814
0812
080e
0809

0806
0803
0804
0804

0807
080a
080e
0811

0815
0816
0816
0816

0813
0810
080c
080b

0808
0805
0805
0806

0808
080a
080f
0812

0815
0816
0816
0817

0816
0811
080e
080b

080a
0807
0807
0808

080a
080c
0810
0813

0817
0819
0819
0817

0815
0813
0810
080d

0809
0809
0809
080a

080c
080f
0813
0815

0817
0817
0817
0815

0812
0811
080f
080d

080c
080c
080d
080e

0810
0813
0816
0816

0817
0817
0817
0814

0811
0810
080e
080d

080c
080b
080d
080f

080f
0812
0815
0817

0817
0815
0814
0813

0811
080f
080c
080d

080c
080b
080c
080f

0812
0812
0814
0816

0817
0814
0812
0811

080f
080c
0809
080a

080a
0809
080b
080f

0811
0813
0814
0815

0814
0812
080f
080d

080a
0806
0805
0806

0807
0808
080a
080e

0810
0812
0813
0815

0814
0810
080e
080d

080c
0807
0806
0807

0809
080b
080c
0810

0813
0816
0814
0816

0818
0814
080f
080d

080d
0809
0807
0809

080b
080c
080d
0811

0816
0817
0816
0817

0817
0812
080e
080b

080a
0806
0804
0806

0808
080a
080c
0810

0814
0816
0814
0816

0815
0812
080d
080a

0809
0807
0804
0805

0808
080a
080b
080e

0813
0816
0815
0816

0816
0814
0810
080c

080b
0809
0807
0807

080a
080c
080e
0812

0817
0818
0818
0818

0817
0814
0810
080c

080b
0808
0806
0806

0808
080b
080e
0811

0815
0817
0817
0817

0816
0813
0810
080d

0809
0806
0805
0806

0808
080a
080e
0813

0815
0817
0817
0818

0815
0813
080f
080c

0808
0807
0806
0806

0809
080b
080e
0813

0816
0816
0817
0818

0815
0812
080e
080b

0808
0806
0806
0807

080a
080c
0810
0813

0816
0817
0819
0818

0815
0812
080f
080c

0808
0806
0806
0807

0809
080b
0810
0814

0817
0817
0818
0817

0815
0811
080c
0809

0806
0802
0801
0804

0806
0809
080c
0811

0815
0815
0814
0813

0811
080e
0809
0806

0805
0804
0801
0803

0807
0809
080c
0810

0815
0816
0815
0815

0816
0813
080d
080b

0809
0809
0806
0807

080a
080d
0811
0814

0819
081c
081c
081b

081a
0816
0812
080e

080b
080a
0809
0809

080c
0810
0813
0818

081b
081c
081d
081c

081a
0817
0814
0810

080d
080b
0809
0809

0809
080b
080e
0811

0813
0814
0816
0814

0814
0810
080e
0809

0805
0804
0801
0800

0800
0803
0806
0809

080d
0811
0812
0811

0811
080d
080b
0807

0805
0803
0803
0803

0806
0809
080b
080f

0812
0816
0818
0817

0817
0816
0814
0810

080f
080e
080c
080a

080b
080f
0810
0812

0815
0819
081a
0819

0819
0816
0814
0810

080d
080a
0809
0808

080a
080d
080f
0812

0815
0817
0818
0817

0816
0812
0810
080d

080b
0809
0809
0809

080b
080d
080e
0812

0815
0817
0817
0818

0817
0816
0813
0810

080d
080c
080c
080a

080d
0810
0813
0815

0817
081b
081a
0819

0818
0815
0812
080e

080c
0809
080a
0809

080c
080d
0811
0813

0815
0816
0816
0816

0815
0813
080f
080c

0809
0808
0806
0806

0808
080b
080d
080e

0810
0813
0813
0811

0810
080f
080b
0807

0804
0804
0804
0803

0805
0808
080b
080e

0810
0812
0811
0811

080e
080e
080b
0809

0807
0806
0807
0806

0808
080a
080d
080f

0812
0814
0814
0813

0812
0812
080f
080d

080c
080a
080b
080b

080d
080f
0810
0811

0812
0813
0814
0812

0810
080f
080e
080c

0809
0809
0808
0807

0809
080a
080c
080c

080f
0810
0810
080f

080f
0810
080d
080d

080c
080d
080d
080d

080e
0810
0811
0812

0815
0816
0815
0817

0817
0818
0816
0814

0814
0815
0816
0814

0815
0817
0817
0816

0818
0819
081a
0817

0817
0818
0817
0815

0812
0814
0813
0812

0810
0811
0813
0811

0810
0810
0811
0811

080e
080d
080f
080e

080b
080d
080c
080b

080a
080a
080c
080a

080a
080a
080c
080b

0809
0809
080b
080c

080b
080c
080c
080d

080c
080c
080f
0811

080f
080f
0810
0810

080f
080f
0811
0812

0812
0812
0813
0816

0814
0814
0816
0816

0814
0812
0813
0814

0812
0811
0813
0815

0814
0813
0814
0815

0814
0812
0812
0813

0811
080e
080e
080e

080e
080d
080e
0810

0810
0810
080f
0811

0812
080f
080e
080e

080d
080b
080a
0809

080a
0809
080a
080a

080b
080c
080d
080f

080e
080d
080c
080b

0809
0806
0803
0803

0804
0803
0804
0805

0807
0809
080a
080b

080c
080c
080a
0809

0808
0806
0804
0804

0804
0805
0808
0809

080c
080d
080f
0810

0810
0812
0810
080f

080e
080d
080b
080a

080b
080b
080c
080d

0810
0814
0816
0816

0817
0819
0817
0815

0813
0813
0810
080d

080c
080d
080f
080f

0811
0813
0816
0817

0819
0818
0816
0814

0812
0811
080e
080a

080a
080c
080c
080c

0810
0814
0816
0815

0817
0818
0817
0815

0810
0810
080d
080b

0809
080b
080c
080d

0810
0812
0816
0817

0818
0819
0818
0815

0813
0810
080d
080b

0809
080a
080a
080c

080e
0812
0815
0815

0817
0817
0816
0814

0810
080d
080a
0806

0804
0805
0807
0809

080c
080f
0813
0815

0816
0816
0815
0813

080e
080b
0809
0807

0804
0804
0805
0809

080b
080d
0811
0815

0816
0815
0815
0815

0811
080c
0808
0806

0804
0804
0804
0807

080a
080e
0812
0816

0819
0819
0817
0815

0812
080e
080a
0807

0805
0805
0805
0808

080b
080e
0811
0814

0816
0817
0818
0814

0813
080f
080c
0808

0806
0805
0805
0807

080a
080f
0813
0815

0818
0819
081a
0815

0813
0810
080c
0807

0805
0806
0806
0809

080c
0812
0816
0818

081a
081c
081b
0817

0813
0811
080f
080a

0807
0808
0809
080b

080d
0812
0815
0817

0817
0818
0818
0814

0811
080e
080b
0807

0804
0803
0804
0807

0808
080b
080f
0813

0813
0814
0812
0811

080c
0806
0804
0800

07ff
07fe
0800
0803

0806
080a
080e
0813

0813
0813
0812
0811

080d
0807
0806
0804

0804
0803
0805
0809

080e
080f
0812
0816

0817
0817
0816
0815

0813
080e
080b
080a

080b
0809
080b
080e

0812
0816
0818
081b

081d
081c
081a
0819

0816
0810
080d
080b

080a
080a
080c
0810

0814
0818
081b
081e

081e
081e
081b
0817

0814
0811
080e
080b

080c
080c
080e
0810

0814
0817
0818
081a

081b
081b
0818
0815

0813
080e
080a
0807

0807
0807
0807
0809

080e
080f
0812
0815

0817
0816
0813
0812

080f
080b
0807
0806

0805
0804
0804
0808

080c
080e
0810
0814

0817
0816
0813
0811

080f
080d
0808
0806

0806
0807
0807
0809

080e
0810
0812
0814

0816
0817
0814
0811

0810
080e
080a
0807

0807
0809
0808
0807

080c
0810
0813
0814

0816
0818
0816
0814

0811
0810
080d
080a

0809
080a
0809
080a

080e
0811
0814
0815

0817
0818
0816
0813

0811
080f
080b
0808

0808
0809
0809
0809

080c
0810
0812
0811

0812
0813
0813
0812

080e
080c
080a
0806

0804
0805
0806
0808

0808
080c
080f
0810

0812
0813
0814
0810

080d
080d
080b
0809

0807
0808
0809
080a

080b
080f
0813
0814

0815
0816
0816
0814

0812
0810
080f
080d

080c
080e
080e
080f

0810
0812
0815
0815

0816
0817
0817
0814

0813
0812
0810
080f

080c
080d
080e
080f

0810
0811
0813
0814

0815
0815
0813
0812

0810
080c
080b
080a

0809
0809
0809
080b

080c
080e
080f
0811

0811
0811
0811
080e

080d
080c
080b
080a

080a
080a
080b
080e

080e
080f
0812
0813

0813
0814
0814
0813

0812
0811
0810
080f

080e
080f
080f
0810

0811
0813
0814
0815

0817
0817
0815
0812

0812
0810
080e
080c

080c
080c
080e
080d

080e
0810
0811
0812

0811
0810
0810
080f

080d
080b
080b
0809

0809
0809
080b
080b

080b
080b
080e
080f

080e
080c
080d
080d

080a
0808
0809
080a

0808
0806
0809
080c

080b
080c
080d
0810

080f
080d
080d
080f

080e
0809
080a
080c

080d
080a
080a
080d

080f
080f
080e
0811

0812
0810
080e
080f

0811
0810
080e
080f

0812
0810
0810
0812

0814
0814
0812
0815

0816
0816
0813
0815

0816
0815
0814
0813

0814
0814
0814
0815

0816
0815
0816
0816

0816
0816
0814
0814

0813
0814
0812
0812

0813
0812
0813
0813

0813
0813
0812
0811

0812
0811
0810
0810

080f
080f
080e
080e

080f
0810
080f
080e

080f
080f
080f
080f

080f
080e
080c
080b

080a
080a
0809
0809

0809
0809
0809
080a

080a
080b
080b
0808

0808
0808
0806
0805

0805
0806
0805
0805

0806
0807
0809
0808

0808
0809
080a
0809

080a
0809
0808
0808

0808
0808
0809
080a

080b
080d
080f
0810

0811
0813
0814
0813

0813
0812
0811
0811

0811
0812
0811
0812

0812
0814
0815
0817

0818
0817
0818
0817

0817
0815
0813
0812

0810
0810
080f
0810

0810
0811
0813
0814

0814
0814
0814
0814

0812
0810
080f
080e

080c
080a
0809
080b

080d
080d
080c
080e

0811
0810
080f
0810

0810
080f
080d
080b

080b
080a
0808
0809

080b
080d
080c
080e

0812
0814
0812
0812

0813
0812
0811
080e

080d
080d
080c
080c

080e
0810
0810
0812

0814
0817
0816
0815

0815
0813
0812
080e

080f
080e
080f
080f

080f
0811
0812
0813

0813
0812
0812
0813

0811
080f
080f
080f

080e
080b
080c
080d

080e
080c
080e
0810

080f
0810
0810
0811

080f
080e
080d
080c

080a
0809
080a
080b

080c
080c
080e
080e

080f
0810
080f
0810

080f
080e
080b
080b

080b
080a
080a
080b

080d
080e
080e
0810

0810
0810
080f
0810

080f
080e
080c
080d

080d
080d
080e
080e

080f
0810
0812
0813

0813
0813
0813
0814

0813
0812
0812
0811

0811
0810
0810
0812

0813
0813
0814
0816

0816
0814
0813
0815

0813
080f
080f
080f

080e
080c
080d
080f

0810
080f
0811
0811

0811
0810
0810
080f

080d
080b
080a
080a

0809
0809
080a
080b

080c
080b
080e
080e

080e
080e
080e
080e

080e
080c
080b
080c

080a
0809
080a
080b

080c
080c
080e
0810

0812
0812
0812
0810

0810
080e
080d
080c

080b
080c
080c
080e

080f
0812
0813
0813

0813
0813
0814
0813

0811
0811
0811
0810

080f
0810
0810
0811

0812
0812
0812
0813

0814
0813
0814
0814

0814
0813
0812
080f

080f
080f
080d
080d

080e
080f
0810
0811

0812
0812
0812
0810

0810
080f
080e
080c

080b
080c
080b
080b

080a
080c
080d
080c

080c
080d
080f
080d

080d
080e
080e
080d

080b
080b
080c
080a

0809
080a
080b
080b

080d
080d
080e
080d

080f
080e
080e
080c

080c
080b
080b
080b

080c
080c
080d
080e

080f
0810
0810
0810

0810
0810
0810
080e

080e
080f
0810
080f

080f
0810
0810
0810

080f
0811
0813
0813

0812
0810
0813
0812

0811
0810
0811
0811

080f
080f
080f
0811

0810
0810
0812
0813

0812
0811
0812
0810

080f
080f
0810
080f

080d
080e
080f
0810

080f
0810
0811
0812

0810
0810
0811
0810

080f
080e
080f
080e

080d
080e
080f
0811

080f
0810
0811
0812

0811
0810
0811
0812

0810
080e
0810
0810

080e
080c
080f
0811

0810
0810
0810
0812

0812
0810
080f
0810

080f
080d
080d
080c

080d
080c
080c
080e

080e
080e
080c
080e

080e
080c
080b
080c

080c
080b
080b
080b

080c
080b
080b
080b

080c
080d
080b
080c

080c
080d
080c
080d

080f
080d
080d
080d

080d
080d
080c
080c

080d
080f
080f
0810

0811
0812
0810
0810

0812
0812
0810
080e

0810
0811
0810
0810

0811
0813
0812
0811

0812
0813
0812
0810

0812
0814
0813
0810

0810
0812
0811
080f

080f
0811
0811
080f

0810
0813
0813
0811

0811
0813
0812
080f

080f
0810
080f
080c

080e
0810
080f
080e

080f
0812
0812
0811

0810
0811
0812
0810

080e
080f
080f
080d

080d
080c
080c
080e

080e
080f
0810
0810

0810
0811
0810
080e

080f
080e
080c
080b

080c
080b
080c
080c

080e
080f
080f
0811

0810
0810
0811
080f

080f
080d
080d
080d

080d
080b
080b
080d

080e
080e
080e
0810

0811
0811
0811
0811

0812
080f
080e
080c

080d
080b
080a
080a

080d
080e
080e
0810

0811
0813
0811
0812

0810
080e
080c
080a

080b
080a
0809
0809

080b
080d
080c
080d

080f
0810
080e
080e

080e
080d
080a
0808

0809
0808
0808
0807

080a
080b
080b
080c

080f
0811
0810
080f

080f
080f
080e
080c

080b
080c
080c
080c

080d
080f
0812
0813

0814
0815
0816
0816

0815
0814
0813
0813

0812
0810
0811
0812

0813
0813
0815
0816

0816
0816
0815
0817

0815
0815
0813
0812

0811
0810
080f
0810

0812
0813
0813
0813

0814
0815
0813
0812

0813
0813
0810
080f

080e
080e
080d
080c

080e
080e
080f
080f

0810
0811
0810
080f

0810
080f
080d
080d

080c
080b
080b
080b

080c
080d
080e
080e

0810
0810
080f
080f

080e
080e
080d
080d

080c
080c
080b
080b

080d
080e
080f
080f

0810
0810
0810
080f

080e
080e
080d
080d

080d
080e
080e
080c

080d
080f
080f
080e

080f
080e
080e
080d

080e
080d
080d
080e

080d
080d
080d
080d

080d
080c
080e
080f

0810
080f
080f
080f

080f
080e
080c
080d

080c
080c
080c
080e

080f
0810
0810
0810

0811
0810
0810
0810

0810
080f
080f
0810

0810
080f
080f
0810

080f
080f
080f
080f

0810
0810
0810
0810

0811
080f
0810
080f

080f
080f
080f
0810

080f
080e
080f
080f

080f
080f
0810
0810

080f
080d
080f
080e

080d
080d
080e
080d

080d
080e
080d
080f

080f
080f
080f
080f

080f
080d
080e
080f

080e
080d
080c
080d

080e
080d
080d
080f

080f
080e
080e
080f

0810
080e
080e
080e

080e
080e
080d
080e

080e
080f
080e
0810

0812
0811
0810
0810

0812
0812
0811
080f

0811
0811
080f
080f

0810
0811
080f
0810

0811
0812
0810
0811

0811
0811
0811
0810

080f
080e
080f
080e

080e
080e
080f
0810

080e
080f
080f
080f

080e
080d
080d
080c

080c
080c
080d
080d

080d
080d
080d
080e

080e
080e
080c
080d

080d
080e
080d
080d

080e
080e
080f
0810

0810
0810
080f
0811

0810
0810
080f
0810

080f
0810
080f
080f

0810
0810
0812
0811

0812
0813
0814
0814

0813
0812
0811
0812

0811
080f
0810
080f

0810
0810
0811
0813

0813
0812
0811
0812

0811
0810
080e
080f

080e
080d
080e
080f

0810
0810
0811
0813

0814
0812
0811
0812

0811
0810
080d
080f

080e
080e
080d
080f

080f
080f
0810
0810

0812
0812
0811
0811

0811
0810
080e
080e

080c
080b
080c
080d

080f
0810
0811
0812

0811
0811
0812
0810

080f
080e
080c
080c

080b
080c
080c
080e

080f
080f
080f
0811

0812
0811
0810
0811

0811
080d
080c
080c

080d
080c
080a
080b

080e
080e
080e
080f

0810
0810
0810
080f

080f
080d
080c
080b

080b
080b
080b
080d

080e
080f
0811
0812

0813
0813
0812
0811

0811
080f
080f
080d

080c
080c
080d
080f

0810
0811
0812
0813

0814
0812
0812
0811

0810
080f
080f
080e

080c
080c
080d
080e

080e
080f
0810
0811

0812
0812
0812
0811

0811
0810
080d
080d

080d
080c
080c
080e

080f
0810
0811
0812

0812
0812
0812
0812

0811
080e
080e
080d

080e
080c
080c
080f

0810
0810
0810
0812

0812
0812
0810
0810

080f
080d
080c
080b

080b
080b
080c
080c

080e
080e
0810
0810

0811
0811
0811
0810

080e
080c
080b
0809

0809
0809
080b
080d

080f
0811
0810
0812

0811
0811
0810
080f

080d
080b
080b
080b

080b
080b
080d
080f

0810
0810
0810
0812

0812
0811
0810
0810

080e
080c
080b
080c

080c
080b
080b
080c

080f
0810
0810
0812

0813
0813
0810
0810

0810
080e
080b
080a

080b
080c
080b
080d

0810
0811
0812
0811

0812
0812
080f
080f

080e
080d
080b
080b

080b
080c
080d
080d

080f
0811
0811
0812

0813
0813
0811
0811

0811
0810
080e
080d

080d
080c
080d
080e

0810
0812
0813
0814

0814
0814
0814
0813

0810
080f
080e
080d

080c
080d
080f
0810

0810
0812
0814
0814

0814
0813
0814
0813

0810
080e
080e
080e

080b
080c
080f
0810

0810
0811
0813
0813

0812
0812
0813
0812

080f
080f
080e
080d

080d
080c
080d
080e

080d
080f
0811
0812

0811
0811
0812
0811

080f
080f
080e
080e

080c
080b
080d
080e

080e
080f
0812
0812

0811
0811
0812
0811

0810
080f
080e
080d

080b
080c
080b
080c

080c
080d
0810
0810

080f
0810
0811
0811

080f
080e
080c
080b

080b
080a
080a
080a

080a
080b
080d
080e

080e
080e
080f
080f

080f
080d
080c
080c

0809
080b
080a
080b

080c
080d
080d
080d

080f
0810
0810
080f

0811
0810
080e
080d

080d
080c
080c
080e

080e
080e
080f
0810

0811
0812
0812
0812

0813
0811
0810
0810

080f
080f
080f
0810

0811
0811
0811
0812

0812
0814
0813
0812

0812
0811
0811
0810

0810
080f
0810
080e

080e
080f
0810
0810

0810
080f
0810
080f

0810
080f
080e
080d

080e
080e
080d
080d

080d
080f
080f
080f

080f
080f
080f
080e

080f
080f
080e
080d

080e
080f
080e
080e

080f
0811
080e
080f

080f
080f
080d
080c

080f
080f
080f
080e

0810
0810
080f
080f

080f
080f
080d
080d

080e
080f
080e
080d

080e
080d
080d
080c

080d
080e
080e
080e

0810
0810
080f
080f

080f
080e
080c
080c

080c
080c
080c
080d

080f
080f
0811
0811

0811
0810
0810
0810

080f
080f
080f
080e

080d
080e
080f
080f

0811
0812
0813
0813

0812
0813
0813
0811

0810
0810
0810
080f

080e
080d
080e
080e

080e
080f
0811
0812

0812
0812
0812
0811

080f
080e
080d
080d

080c
080c
080c
080d

080e
080f
0811
0811

0812
0812
0811
0810

080e
080e
080e
080d

080c
080c
080d
080f

080f
0810
0811
0812

0811
0812
0813
0813

0812
0810
0810
080f

080d
080d
080e
080e

080e
080f
0810
0811

0812
0812
0813
0813

0813
0811
080f
080f

080d
080c
080c
080e

080f
0810
0811
0813

0814
0812
0813
0812

0811
080f
080e
080e

080c
080b
080b
080c

080d
080e
080e
080f

080f
080f
0810
080e

080f
080e
080c
0809

080a
0809
0808
0808

0809
080b
080a
080b

080e
080e
080e
080e

080f
080e
080c
080b

080a
080a
0809
080a

080c
080d
080e
0810

0812
0813
0813
0811

0812
0812
0811
080e

080e
080e
080e
080e

080e
080e
0810
0811

0812
0813
0813
0812

0812
0812
0812
0810

080e
080f
080e
080c

080b
080d
080e
080e

080e
0810
0810
0810

0811
0810
080f
080c

080b
080b
080c
080b

080c
080c
080e
080f

0810
0812
0811
0811

080f
080f
080f
080d

080d
080d
080d
080e

080e
080f
080f
0810

0811
0812
0812
0811

0810
0810
0810
080f

080f
080d
080f
080e

080e
080f
0810
0810

080f
0811
0811
0811

0811
0810
0810
080f

080f
080d
080d
080d

080d
080f
0810
0810

080f
080f
080f
0810

080e
080d
080d
080c

080c
080c
080e
080e

080e
080e
080f
080f

080f
080f
080f
0810

080e
080d
080e
080e

080d
080d
080f
0810

0810
080e
080f
0811

0812
0811
0811
0813

0812
0810
080f
0810

0810
0810
080f
080f

0811
0812
0810
0811

0812
0812
0811
0811

0811
0810
080f
080e

080f
080e
080d
080e

0810
080f
080f
080f

080f
0810
080f
0810

080f
080f
080d
080d

080c
080c
080d
080d

080e
080e
080f
0811

0810
0810
0811
0811

080f
080f
080f
080f

080d
080d
080d
080e

080e
080e
080f
0810

0810
0811
0812
0811

0810
0810
080f
080e

080d
080f
080f
080e

080e
0811
0812
0811

0812
0812
0812
0811

0811
0812
0811
0810

080e
0810
080f
080e

080e
080e
080f
080e

080f
0811
0811
0810

0810
0811
0811
080f

080d
080d
080d
080d

080c
080d
080e
080d

080e
080f
0810
080f

080e
080f
080f
080e

080c
080d
080e
080d

080c
080b
080d
080c

080e
080e
080f
080f

0811
0812
0811
0810

0810
080f
080d
080c

080b
080b
080c
080c

080f
0810
0811
0810

0812
0812
0810
080f

080e
080e
080c
080a

080a
080c
080d
080c

080d
080f
0811
0810

0810
0812
0812
080f

080e
0810
080e
080d

080b
080c
080c
080a

080b
080d
0810
0810

0811
0813
0815
0814

0811
0812
080f
080e

080b
080c
080c
080b

080c
080e
0811
0811

0813
0815
0816
0815

0812
0812
0811
0810

080e
080d
080e
080d

080e
080f
0811
0811

0814
0815
0816
0815

0815
0815
0812
0811

080f
080e
080c
080b

080b
080b
080e
0810

0810
0811
0814
0814

0814
0810
0810
080f

080d
080a
0809
080c

080b
080b
080d
0811

0813
0811
0813
0814

0813
0811
080f
0810

080e
080d
080b
080c

080d
080d
080c
080e

0811
0810
0811
0813

0813
0812
0810
0811

0810
080d
080b
080b

080a
080a
080a
080d

0810
0811
0812
0812

0813
0812
0810
080f

080e
080b
080b
080a

080a
080a
080c
080e

080f
080f
0811
0810

0810
080f
080f
080e

080d
080d
080c
080b

080b
080d
080c
080d

080e
080f
0811
0811

0811
0812
0811
0810

080f
080e
080d
080c

080c
080d
080d
080f

0810
0812
0813
0813

0813
0813
0812
0811

080e
080e
080d
080f

080e
080f
080f
0811

0811
0812
0814
0814

0813
0812
0812
0810

080e
080d
080d
080d

080d
080d
080d
080f

080f
0810
0811
0813

0812
0810
080f
080e

080d
080c
080b
080c

080c
080c
080c
080e

080f
0810
0810
0810

0810
080f
080e
080b

080c
080b
080b
0809

0809
080b
080c
080d

080e
0810
080f
080f

080f
0810
080e
080c

080c
080b
080b
080a

080b
080c
080d
080e

080f
0811
0812
0812

0812
0811
0811
0810

080f
080c
080c
080c

080c
080d
0810
0812

0813
0815
0815
0816

0814
0812
0810
080e

080f
080d
080c
080c

080e
080f
0810
0812

0813
0814
0813
0814

0812
0811
080f
080e

080d
080b
080c
080b

080c
080d
080f
0810

0811
0812
0813
0813

0811
0811
080f
080d

080b
080a
080b
080b

080b
080c
080f
0811

0812
0813
0814
0813

0812
0810
080e
080d

080b
080a
080a
080a

080b
080d
080f
0810

0810
0812
0812
0811

0810
0810
080e
080c

080a
080a
080b
080b

080b
080c
080f
0810

0811
0812
0814
0814

0813
0812
0810
080f

080d
080c
080d
080e

080e
080e
0812
0813

0814
0814
0814
0815

0813
0811
0810
0810

080e
080d
080d
080e

080f
080e
080f
0810

0811
0810
0810
0810

0811
0810
080f
080e

080d
080d
080b
080c

080c
080c
080c
080e

080f
0810
080f
0810

0812
0811
080f
080e

080e
080e
080e
080e

080d
080f
080f
080e

080f
0811
0810
080f

0810
0810
080f
080e

080e
0810
080e
080f

080f
080f
080d
080c

080d
080d
080d
080d

080d
080e
080e
080e

080f
0811
0810
080e

080e
080f
080e
080c

080c
080e
080e
080d

080e
080f
0810
080e

080f
0810
0810
080f

0810
0810
0810
080f

080f
080f
0810
080e

080e
080e
0811
0810

0810
0812
0813
0814

0812
0812
0812
0811

080f
080e
080f
0810

080f
0810
0812
0812

0812
0813
0814
0814

0812
0812
0811
0812

080f
080e
080e
080d

080d
080c
080d
080f

080f
080f
0810
0812

0811
0810
0810
0810

080e
080d
080b
080a

0809
0809
080b
080c

080d
080f
0810
0811

0812
0811
0811
0811

080e
080e
080d
080c

080a
080c
080e
080d

080f
080f
0812
0812

0812
0812
0810
0810

080f
080f
080e
080d

080c
080c
080d
080e

080e
080f
0811
0812

0811
0811
0812
0811

0810
0810
080d
080c

080b
080b
080b
080c

080c
080d
080f
0811

0812
0813
0812
0811

0811
080f
080c
080b

080b
080b
080b
080b

080e
080f
0811
0810

0811
0813
0812
080f

0810
0811
0810
080e

080c
080d
080d
080c

080d
080f
0811
0810

0811
0813
0814
0812

0811
0810
0810
080f

080e
080e
080e
080d

080e
080f
0810
0810

0810
0812
0812
0810

080e
080f
080f
080d

080b
080c
080c
080d

080d
080e
0810
0810

0810
080f
0810
080e

080d
080d
080d
080d

080b
080c
080c
080e

080d
080d
080f
0810

0811
080f
0811
0810

080f
080e
080e
080f

080e
080d
080e
0810

0810
0810
0811
0812

0812
0811
0812
0811

0811
080e
080f
0810

080e
080e
080f
0811

0811
0811
0811
0812

0811
0810
0811
080f

080f
080d
080c
080c

080c
080d
080e
0810

0811
0812
0811
0812

0812
0811
080f
080e

080d
080c
080b
080b

080c
080d
080e
080f

0810
0811
0811
0811

0810
0810
080f
080e

080c
080c
080c
080b

080b
080c
080d
080e

080e
0811
0812
0812

0811
0810
080f
080f

080d
080c
080d
080c

080b
080c
080e
0810

0810
0812
0814
0814

0811
0811
0812
0810

080d
080b
080c
080d

080d
080e
080f
0812

0811
0813
0814
0814

0812
0810
0810
080f

080d
080b
080c
080d

080d
080e
080e
0811

0812
0812
0813
0814

0813
0811
0810
080f

080f
080d
080d
080d

080f
080f
080f
0811

0813
0813
0813
0814

0812
0811
0810
080f

080e
080c
080c
080d

080d
080d
080f
0811

0811
0811
0812
0812

0811
0810
080d
080c

080b
080a
080b
080b

080b
080c
080d
080f

0811
0811
0811
0812

080f
080e
080c
080c

080b
0809
0809
080b

080d
080d
080e
080f

0811
0811
0811
0812

0811
0810
080d
080e

080c
080b
080b
080c

080d
080d
080f
080f

0812
0813
0812
0812

0812
0812
080f
080f

080f
080e
080c
080c

080e
080f
0811
0810

0812
0813
0813
0811

0811
0812
0810
080e

080d
080d
080c
080b

080d
080e
080e
080f

0811
0810
0812
0811

0811
0810
080f
080f

080c
080d
080d
080c

080c
080d
080f
080f

080f
080f
0810
0810

0810
080f
080f
080e

080e
080e
080e
080e

080e
080e
080e
080e

080f
0810
0810
0811

0812
0811
0810
0810

0810
080f
080e
080d

080d
0810
080e
080d

080f
0811
0811
080f

0810
0812
0810
080e

080e
0810
080f
080e

080e
080f
0810
080e

080d
080f
0810
080f

080f
080f
0810
080f

080e
080f
080f
080e

080c
080e
080e
080e

080d
080e
080f
080f

080f
080f
0810
080e

080d
080d
080e
080e

080d
080e
080f
080f

080f
080f
0810
0810

080f
080f
080e
080e

080e
080e
080e
080e

080e
080f
080f
0810

0810
080f
080e
080e

080f
080e
080d
080f

0810
080f
080e
080e

0810
080f
080f
0810

0810
0811
080f
0810

0810
080f
080f
080f

080f
080e
080d
080f

0811
0811
0811
0812

0812
0813
0811
0811

0811
0811
0810
080e

0810
0810
0810
080f

0810
0811
0811
0810

0810
0812
0812
0810

0810
0811
0810
080f

080e
080e
080e
080d

080e
080f
080f
0810

0810
0811
0810
0810

0810
0810
080e
080d

080d
080b
080c
080c

080e
080f
080f
0811

0811
0811
0810
0810

080f
080f
080e
080d

080e
080d
080c
080b

080d
080e
080e
080e

080f
0810
0810
0811

0810
080f
080e
080e

080d
080c
080c
080b

080c
080d
080e
080e

080f
0810
0810
0810

080f
0810
080e
080e

080e
080d
080d
080d

080f
080e
080f
080f

0810
0811
0811
0811

0810
080f
080f
080f

080e
080d
080e
080e

080d
080e
080f
080f

0810
0811
0812
0810

080f
0810
080f
080e

080c
080e
080e
080c

080d
080e
0810
0810

080f
0812
0813
0811

0810
0811
0811
080f

080c
080f
080f
080e

080e
080f
0811
0812

0810
0812
0813
0812

0811
0811
0810
0810

080d
0810
080f
0810

080f
080f
080f
0811

080f
0810
0812
0812

0811
0810
0810
0810

080e
080f
080e
080f

0810
080e
080f
0810

080f
0810
0810
0810

0810
080f
080f
080f

080e
080e
080d
080e

080e
080d
080e
080f

080f
080f
080f
080f

0810
080e
080d
080d

080c
080d
080b
080c

080e
080d
080e
0810

0810
0810
080f
080f

0811
080e
080c
080d

080d
080d
080b
080c

080e
080e
080c
080f

0810
0812
0810
0810

0812
0810
080e
080d

080e
080e
080b
080c

080e
080f
080f
080f

0811
0814
0812
0810

0812
0811
080f
080c

080c
080e
080c
080a

080d
080f
080e
080f

0810
0814
0812
0811

0813
0812
080f
080d

080c
080e
080c
080b

080c
080f
0810
080f

080f
0813
0811
080f

0811
0811
0810
080d

080c
080c
080b
080b

080c
080c
080d
080f

080e
0813
0812
0812

0811
0810
080f
080e

080c
080c
080b
080b

080b
080d
080e
0810

0810
0812
0811
0812

0812
0810
080c
0807

0804
0807
080c
0813

081b
081f
0820
081f

0819
080d
07f4
07db

07cc
07cd
07dc
07f6

0819
0849
0879
08a0

08b2
089c
0863
0819

07c8
0780
0742
071d

071e
074c
07a5
0819

088f
08f9
0948
0976

0970
0926
089f
07fa

0756
06d2
0673
0649

065c
06b0
0740
0801

08db
09ab
0a4d
0aa3

0a91
0a0a
0920
0802

06e1
05f6
0559
0521

054d
05d8
06b9
07e2

0932
0a80
0b8d
0c1b

0bf3
0b0c
0996
07e6

064b
050d
0449
040c

044d
04ff
061d
079b

0955
0b16
0c8d
0d5d

0d57
0c39
0a4a
0805

05e8
044e
0361
0320

036d
042e
0561
070f

0920
0b53
0d3a
0dd6

0df4
0dd1
0b9b
08a3

05e9
03d8
02aa
025b

02b0
0374
04a6
0660

08a7
0b3d
0d7a
0df2

0df4
0df5
0df0
0a23

0666
03b9
0237
01c8

021f
02e9
0412
05c0

0813
0adb
0d70
0df2

0df3
0df4
0df5
0c5a

075b
0402
021c
017a

01bb
027d
0398
052d

076f
0a4e
0d3d
0df0

0df3
0df4
0df5
0dd1

0860
0471
0231
015e

0187
023f
034e
04c9

06f0
09ce
0cee
0ded

0df3
0df4
0df5
0df2

0938
04ec
0267
0169

0177
0220
0323
0486

0686
094a
0c71
0de5

0df3
0df4
0df5
0df3

0a05
0573
02b0
0184

0176
020c
0304
0458

063e
08e4
0c03
0dda

0df3
0df4
0df4
0df4

0a70
05c9
02ec
01a8

0187
0210
02ff
0449

061f
08a8
0baa
0dc8

0df3
0df4
0df5
0df4

0a96
0605
0324
01d1

01a3
0220
0305
0446

060c
0880
0b6b
0db4

0df3
0df4
0df5
0df3

0a6e
0618
034a
01f7

01c2
023b
031d
0459

061a
0881
0b57
0da6

0df3
0df4
0df5
0df2

09e2
05f9
0362
0220

01ef
0267
0346
047f

0641
089d
0b5a
0d9b

0df3
0df4
0df5
0dcb

0975
05dc
036f
023f

0212
028a
0367
04a4

066a
08ca
0b7e
0da0

0df3
0df4
0df5
0d8a

0913
05aa
0360
0245

0224
02a3
0387
04cb

069b
0902
0bb0
0daa

0df3
0df4
0df4
0cf3

08ac
0570
0348
0245

0232
02b8
03a3
04f0

06c9
0933
0bde
0db5

0df4
0df4
0df4
0c9c

086c
053f
032c
023b

0233
02c0
03b0
0506

06ec
0963
0c13
0dc3

0df4
0df4
0df4
0c93

0847
0513
0307
0224

0228
02bf
03b4
0512

0706
098a
0c43
0dce

0df4
0df4
0df4
0cb0

0836
04f2
02e7
020b

0218
02b6
03b0
0512

070d
099e
0c65
0dd7

0df4
0df4
0df5
0d1d

0845
04e0
02cc
01f0

0200
02a3
03a3
0509

0709
09a7
0c7f
0dde

0df4
0df4
0df6
0d81

0866
04d8
02b5
01d9

01e9
028f
0391
04fa

06fd
09a2
0c85
0de0

0df4
0df4
0df6
0db4

0898
04df
02a8
01c6

01d6
027a
037b
04e5

06e9
0992
0c7e
0de1

0df3
0df4
0df6
0ddb

08d0
04f0
02a4
01b9

01c7
0269
0369
04d0

06d1
097b
0c70
0de0

0df3
0df4
0df6
0deb

08fb
0505
02aa
01b6

01c1
0261
035c
04c0

06be
0965
0c59
0dde

0df3
0df4
0df6
0df0

0925
051e
02b4
01b9

01bf
025b
0355
04b3

06ac
094f
0c46
0ddb

0df3
0df4
0df6
0df1

0948
0535
02c2
01bb

01bd
0258
034f
04ab

069e
093d
0c31
0dd9

0df3
0df4
0df5
0df1

0954
0544
02ce
01c4

01c1
0259
034f
04a7

0695
092b
0c1c
0dd5

0df3
0df4
0df5
0df1

0954
054f
02dc
01ce

01c8
025d
0353
04a8

0690
0922
0c0e
0dd2

0df3
0df4
0df5
0def

094a
0553
02e4
01d8

01d0
0264
0359
04af

0698
0925
0c07
0dce

0df3
0df4
0df5
0dd6

090f
054c
02f9
01f8

01f2
0283
0374
04c4

069c
0904
0bab
0da4

0df3
0df4
0df4
0cb2

08b6
0594
0379
0274

0253
02cc
03a5
04d7

0680
08aa
0b15
0d34

0dda
0df3
0ddd
0bba

08cd
062d
0432
0313

02d0
0329
03e7
04f9

0672
0851
0a5e
0c38

0d63
0d99
0cfe
0b3f

091e
0703
0541
0416

039a
03b7
0443
0522

0656
07d7
097e
0b0c

0c38
0cbc
0c66
0b4b

09b2
07f8
0667
0537

048a
0464
04ad
054c

0636
0766
08ba
0a01

0b09
0ba2
0ba8
0b13

0a02
08b2
0765
064a

0588
0532
0541
059f

063f
071a
081c
0921

09fb
0a8d
0ac0
0a89

09f2
091a
082a
0745

068c
061b
05f8
0618

066f
06f6
07a2
085f

0910
099c
09f0
09fd

09be
0944
08a8
0801

0761
06e3
069c
068e

06b1
06fa
0768
07e9

086b
08dd
0934
0962

0959
0921
08cc
0868

07fc
0797
074c
0723

071b
072e
075f
07a2

07ec
0836
087e
08ba

08dd
08e2
08ce
08a7

0870
082d
07eb
07b2

0788
076f
076d
077f

07a2
07cd
07ff
0834

0864
0888
089c
08a2

0896
087b
0854
0829

0800
07d5
07b2
0799

0791
0795
07a8
07c6

07ee
081c
0849
0875

0897
08a6
089e
0886

0862
0834
07ff
07c9

079e
0783
077a
0785

07a1
07ca
07fb
0834

0869
0895
08ab
08ad

089e
087c
084b
0812

07d8
07a4
077e
076c

076f
0786
07ae
07e4

0822
0861
0895
08b9

08c5
08b6
0892
085b

0819
07d4
0798
076c

0757
075b
0777
07a7

07e4
0828
086b
08a3

08c7
08d1
08c0
0896

0859
0812
07cc
078e

0762
074d
0752
0770

07a3
07e6
082f
0877

08b0
08d7
08e1
08cc

089b
0854
0805
07b8

0779
0750
073f
074a

0772
07b0
07fb
0849

088f
08c5
08e2
08e2

08c3
088a
083f
07ef

07a6
076c
074b
0743

0755
0781
07c4
0810

085c
089d
08ce
08e4

08dc
08b4
0876
0828

07d8
0790
075e
0743

0744
0760
0796
07dc

082a
0875
08b3
08da

08e2
08cb
089a
0854

0806
07bb
077e
0755

0747
0756
077e
07b7

07fc
0844
0886
08b9

08d1
08cc
08ad
0877

0833
07eb
07aa
0775

0759
0756
0770
079c

07d6
081a
085c
0895

08b9
08c4
08b4
088c

0851
0811
07d0
0799

0775
0766
0772
0793

07c1
07fb
0837
086e

0895
08a9
08a7
088e

0863
082e
07f5
07c2

079b
0784
0781
0791

07b2
07df
0812
0844

086e
088a
0893
088a

0870
0847
0818
07e8

07be
07a1
0796
079a

07ae
07d0
07fa
0826

084d
086b
087a
087a

086b
084f
082c
0803

07e0
07c2
07b3
07b1

07bb
07ce
07ea
080c

082e
0848
085b
0862

085d
084e
0837
081a

07fc
07e1
07cf
07c7

07ca
07d4
07e6
07fd

0817
082e
083f
084a

084c
0846
0836
0822

080d
07f9
07ea
07df

07dd
07e1
07ed
07fb

080c
081c
0828
0831

0836
0834
082c
0822

0816
080b
0800
07f7

07f4
07f2
07f5
07fc

0805
080d
0815
081d

0822
0824
0822
081f

081a
0812
080b
0807

0804
0801
0801
0804

0808
080b
080e
0810

0814
0815
0814
0813

0815
0816
0815
0814

0814
0813
0811
080f

080d
0809
0805
0804

0803
0805
0807
080b

0810
0816
081a
081d

081f
081f
081d
0819

0812
080c
0804
07fe

07fb
07fc
07fd
0801

0806
080f
0819
0821

0825
0826
0825
0820

081a
080f
0805
07f9

07f3
07f2
07f3
07f8

07ff
080d
0818
0821

0829
082f
082d
0827

081e
0813
0808
07fb

07f3
07ef
07ee
07f3

07fb
0807
0814
0821

082d
0834
0834
0831

082a
081c
080d
07ff

07f4
07eb
07e9
07ec

07f4
0801
080f
081f

082c
0834
0836
0833

082c
0821
0813
0802

07f6
07ee
07ea
07ea

07ef
07fb
0808
0816

0823
082d
0831
0832

082d
0825
081a
080c

07ff
07f6
07ef
07ed

07f0
07f6
0802
080e

0819
0823
082a
082d

082b
0826
081d
0813

0808
07ff
07f9
07f5

07f5
07f9
07ff
0807

080f
0818
081d
0821

0821
0821
081d
0817

0812
080b
0808
0803

0800
07ff
0802
0804

0808
080d
0811
0816

0818
081b
081b
0819

0816
0814
0812
080e

080c
0808
0808
0806

0807
0807
0808
080a

080c
0810
0813
0816

0817
0818
0819
0819

0818
0813
0810
080d

0808
0804
0801
0801

0802
0806
080b
0811

0816
081c
0820
0822

0821
081d
0818
0810

0809
0802
07fc
07fa

07fa
07fe
0804
080c

0813
081c
0822
0826

0826
0822
081e
0816

080d
0803
07fa
07f5

07f3
07f5
07fa
0803

080e
0819
0823
082c

082f
082d
0825
081c

0811
0803
07f7
07f0

07ed
07ee
07f2
07fd

080a
0819
0825
082e

0833
0833
082d
0824

0817
080b
07fc
07f1

07eb
07eb
07ee
07f7

0803
0812
0821
082e

0835
0837
0834
082b

081f
080e
07fe
07f1

07e8
07e4
07e7
07f2

07fd
080d
081d
082d

0835
0838
0836
082f

0822
080f
0801
07f3

07ea
07e4
07e7
07ef

07fc
080b
081b
082b

0834
0838
0837
0831

0825
0814
0804
07f5

07e9
07e3
07e3
07ea

07f6
0807
0818
0828

0835
083c
083c
0835

0829
0818
0805
07f4

07e7
07df
07e0
07e8

07f5
0807
0819
082c

0838
083e
083c
0837

082b
0818
0804
07f4

07e9
07e0
07df
07e7

07f6
0807
0818
0829

0839
083f
083e
0838

082c
0819
0805
07f4

07e7
07de
07dd
07e5

07f4
0805
0818
082b

0839
0841
083f
0838

082b
0818
0803
07f1

07e6
07df
07df
07e5

07f5
0809
081b
082c

0839
0842
083f
0836

0828
0818
0803
07ee

07e3
07df
07e0
07e4

07f3
0809
081b
082b

0838
0842
0840
0836

0827
0816
0801
07ef

07e2
07dd
07e0
07e6

07f5
0809
081e
082e

083a
0842
0840
0836

0825
0814
0800
07ed

07e2
07dd
07e1
07ea

07f9
080b
0820
0831

083c
0840
083f
0837

0825
0812
07ff
07ef

07e4
07de
07e1
07e9

07f8
0809
081d
082e

083a
083f
083d
0835

0826
0812
07ff
07ee

07e2
07dc
07df
07e9

07f7
0809
081d
082f

083a
0840
083f
0836

0825
0812
07ff
07ef

07e2
07dd
07e1
07ea

07f7
0809
081d
082f

083a
083e
083e
0836

0826
0814
0802
07f3

07e6
07e0
07e2
07eb

07f8
0807
081a
082b

0838
083d
083c
0835

0829
0818
0805
07f6

07e9
07e2
07e1
07e9

07f5
0803
0815
0826

0833
083a
0839
0835

082b
081b
0808
07f9

07ed
07e6
07e3
07e8

07f3
0802
0810
0820

082f
0836
0837
0834

082a
081d
080e
07fe

07f1
07ea
07e7
07ea

07f1
07fe
080d
081c

0828
0830
0835
0833

082b
0820
0810
0803

07f5
07ee
07ea
07ed

07f3
07fd
080c
081a

0827
082f
0832
0832

082c
0820
0813
0807

07fb
07f2
07ee
07f0

07f4
07fd
0808
0816

0824
082a
082e
082f

082c
0821
0815
080a

0800
07f7
07f1
07f1

07f6
07fd
0807
0813

081f
0827
082c
082c

082a
0822
0817
080c

0802
07fa
07f4
07f4

07f6
07fd
0806
0810

081b
0823
0827
0828

0827
0820
0817
080d

0805
07fd
07f6
07f5

07f9
0800
0806
080e

0818
0821
0825
0824

0823
081f
0818
080d

0804
07fe
07f9
07f8

07f8
0800
0808
080f

0817
081f
0824
0823

0821
081d
0816
080d

0804
07fe
07fa
07fa

07fc
0803
080b
0811

0818
0820
0825
0824

081f
081b
0815
080c

0804
07ff
07fd
07fa

07fc
0803
080a
0812

0819
0820
0823
0823

0821
081c
0814
080b

0804
07fd
07fa
07fa

07fc
0803
080b
0813

081a
0821
0826
0825

0821
081c
0814
080c

0802
07fb
07f9
07f9

07fc
0802
080b
0815

081b
0823
0826
0826

0822
081b
0814
080a

0802
07fa
07f8
07f8

07fa
0802
080c
0815

081d
0825
082a
0829

0824
081c
0814
0809

0800
07f7
07f5
07f4

07f6
07fe
0809
0814

081e
0827
082b
082d

0827
081f
0816
080b

07fe
07f4
07f0
07f0

07f4
07fb
0808
0815

081f
0827
082d
082f

082a
0820
0815
080a

07fd
07f3
07ee
07ee

07f3
07fa
0806
0813

081f
0828
082e
0830

082b
0823
0818
080c

0801
07f5
07ef
07ed

07f1
07f9
0804
0811

081e
0829
0830
0832

082f
0827
081b
080d

0800
07f4
07ed
07ea

07ef
07f7
0803
0810

081d
082a
0830
0833

0830
0828
081c
080e

0802
07f5
07ee
07eb

07ef
07f5
0801
080e

081b
0827
082f
0834

0831
082b
0820
0813

0804
07f8
07f1
07ec

07ee
07f5
0800
080d

081b
0827
0830
0834

0832
082b
0822
0814

0806
07fa
07f2
07ee

07ef
07f4
07ff
080b

0817
0823
082c
0830

082f
082a
0820
0815

0807
07fc
07f4
07ef

07f0
07f6
07ff
0809

0816
081f
0827
082b

082a
0825
081c
0812

0806
07fd
07f5
07f3

07f3
07f7
07ff
0809

0815
081d
0824
0827

0826
0821
0819
0810

0807
07fe
07f6
07f5

07f8
07fb
0803
080b

0815
081d
0822
0824

0824
0820
0818
0810

0807
0800
07fa
07f8

07f9
07fd
0805
080d

0817
081e
0822
0824

0824
0820
0818
0810

0807
0801
07fc
07f9

07fc
07ff
0807
080f

0818
081f
0824
0825

0824
081f
0818
0810

0807
0801
07fc
07f9

07fc
0801
0809
0811

081a
0821
0825
0825

0822
081d
0817
080f

0806
07ff
07fb
07f9

07fa
0800
0809
0810

0818
081f
0825
0827

0823
081e
0816
080e

0804
07fd
07f8
07f7

07f8
07fd
0806
080f

0819
0820
0826
0827

0824
081d
0815
080c

0803
07fc
07f6
07f6

07fa
07ff
0807
0810

081c
0823
0827
0827

0825
081f
0816
080b

0802
07fb
07f6
07f6

07f9
0800
0808
0811

081b
0822
0826
0826

0824
081e
0815
080c

0802
07fb
07f7
07f6

07fa
0801
0809
0812

081b
0823
0827
0826

0823
081d
0815
080b

0802
07fb
07f8
07f7

07fa
0802
080b
0813

081b
0823
0827
0826

0822
081c
0814
080a

0801
07fb
07f7
07f7

07fb
0803
080b
0814

081c
0823
0826
0825

0822
081b
0812
0808

0800
07fb
07f8
07f9

07fe
0805
080c
0814

081d
0824
0824
0822

0820
081a
0812
0808

0801
07fd
07f9
07f9

07fd
0805
080c
0813

081c
0823
0826
0823

0820
081b
0813
0808

0800
07fb
07f8
07f8

07fd
0806
080d
0815

081d
0823
0825
0822

081f
0819
0811
0806

07fe
07fa
07f8
07f8

07fd
0806
080f
0817

081d
0823
0827
0824

0820
0818
080f
0805

07fd
07f8
07f7
07f7

07fb
0804
080d
0817

081e
0825
0828
0828

0822
081a
0810
0806

07fd
07f6
07f4
07f5

07fa
0803
080d
0819

0822
0828
082a
082a

0824
081b
0810
0805

07fc
07f5
07f4
07f5

07fc
0804
080e
081a

0822
0828
082a
0829

0823
081a
0810
0807

07fe
07f6
07f4
07f6

07fc
0804
080d
0818

0822
0828
0829
082a

0823
081a
080f
0806

07fc
07f4
07f2
07f5

07fb
0805
080e
081a

0824
082a
082b
0829

0824
081a
080f
0803

07fa
07f5
07f4
07f5

07fc
0807
0810
081a

0823
082a
082a
0828

0822
081c
080f
0803

07fb
07f7
07f3
07f3

07f9
0803
080d
0816

0820
0828
0829
0827

0821
081c
0811
0806

07fc
07f7
07f5
07f4

07f9
0803
080e
0817

0820
0827
082a
0827

0821
081a
0811
0806

07fc
07f7
07f7
07f8

07fc
0804
080f
0818

0820
0826
0828
0826

0821
081b
0810
0806

07fe
07f9
07f8
07fa

07ff
0808
0810
0819

0822
0826
0828
0826

0820
0819
080e
0805

07fe
07f9
07f8
07fa

0800
0808
0810
0819

0822
0824
0825
0823

081e
0816
080b
0804

07fc
07f9
07f9
07fb

0803
080a
0811
0818

0821
0824
0822
081f

081c
0814
080a
0803

07fe
07fb
07fa
07fd

0804
080b
0812
0819

0821
0824
0823
0820

081c
0815
080b
0802

07fc
07fb
07fb
07fe

0803
080c
0814
081b

0821
0825
0825
081e

0818
0812
0809
0801

07fb
07fb
07fc
07fe

0804
080d
0816
081a

081f
0823
0824
081e

0818
0812
080c
0805

07ff
07fe
07fd
0800

0803
0809
0811
0818

081e
0821
0823
0821

081d
0817
0810
0807

0801
07fe
07fd
07fe

0800
0807
080f
0815

081c
0821
0824
0822

081f
0819
0812
080b

0805
0801
07ff
07fe

0800
0805
080a
0811

0817
081d
0820
0820

081f
081b
0816
0810

080a
0805
0802
0800

07ff
0802
0806
080d

0813
0819
081d
081f

081f
081d
0819
0813

080d
0807
0802
07ff

07fe
0801
0805
080a

0810
0816
081b
081c

081d
081b
0817
0812

080e
0809
0805
0802

0801
0803
0806
080a

080f
0812
0815
0818

081a
0818
0817
0813

0811
080d
0809
0806

0804
0805
0805
0808

080b
0810
0813
0816

0818
0819
0817
0814

0812
080f
080b
0808

0807
0808
0808
080a

080e
0811
0812
0814

0816
0816
0814
0812

0812
0810
080d
080b

080b
080c
080b
080c

080c
080f
0810
080f

0811
0814
0814
0813

0813
0812
0811
080f

080e
080d
080d
080c

080c
080f
080f
080e

0810
0811
0811
0810

0810
0812
0811
080f

080f
0811
0811
080f

080f
0810
0810
080d

080d
080e
080f
080d

080e
080f
0811
0811

0811
0812
0812
0810

080f
0810
080f
080f

080d
080e
080e
080c

080d
080e
080e
080d

080d
080e
0811
0812

0810
0812
0813
0813

0810
080e
080d
080c

080a
0809
080b
080c

080c
080d
0810
0813

0814
0813
0813
0813

0810
080e
080c
080b

0809
0809
0809
080a

080b
080c
080e
0812

0813
0814
0813
0815

0812
080f
080d
080c

0809
0807
0807
0808

0809
080b
080d
0811

0813
0814
0814
0815

0815
0812
080f
080e

080b
0808
0808
0809

080b
080b
080c
0810

0812
0811
0813
0814

0813
0812
080f
0810

080f
080d
080b
080c

080b
080b
080b
080d

0810
080f
080f
0812

0813
0814
0812
0812

0812
0811
080f
080d

080e
080c
080c
080a

080d
080e
080d
080f

0811
0812
0811
0813

0814
0813
0811
0810

0810
080f
080c
0809

080b
080b
080b
080b

080e
0811
0812
0813

0814
0816
0814
0812

0812
0810
080e
080a

0809
080a
0809
0809

080b
080e
0810
0812

0814
0816
0815
0815

0813
0811
080e
080a

080a
0809
0808
0808

0809
080e
080f
0811

0813
0817
0817
0816

0815
0814
0811
080d

080b
0809
0809
0808

0808
080b
080d
080f

0812
0814
0815
0816

0816
0815
0813
0810

080d
080a
0808
0808

0808
080a
080b
080e

080f
0813
0814
0815

0816
0815
0814
0811

0811
080d
080b
0809

0809
0808
0809
080b

080e
0811
0813
0815

0816
0816
0815
0813

0810
080e
080c
080a

0809
080a
080b
080c

080d
0810
0812
0812

0813
0814
0814
0812

0810
080f
080e
080c

080c
080c
080d
080c

080c
080f
0811
0812

0812
0813
0813
0813

0810
080e
080e
080d

080b
080b
080b
080c

080d
080f
0811
0812

0813
0814
0812
0810

0810
080d
080c
080c

080d
080d
080d
080f

0810
0811
0811
0811

0811
0810
080d
080e

080d
080e
080e
080e

0810
080f
080f
080f

0810
080f
080f
0810

080f
080f
080f
080f

080d
080d
080d
080c

080c
080d
080f
0810

0810
0811
0811
0812

0810
0810
0810
080f

080c
080c
080c
080d

080d
080d
0811
0811

0813
0813
0815
0814

0810
080f
0810
080f

080c
080b
080c
080b

080c
080c
080f
0810

0810
0811
0814
0814

0811
0811
0811
0811

080d
080b
080a
080b

080a
0809
080b
080e

080f
0810
0813
0816

0815
0812
0811
0811

080f
080b
0809
0809

0809
0808
0808
080b

080f
080f
0811
0815

0816
0815
0813
0813

0811
080f
080b
080a

0809
0807
0807
0809

080c
080e
0811
0814

0816
0817
0816
0816

0814
0811
080c
080a

0809
0808
0807
0808

080b
080e
0810
0812

0815
0816
0815
0814

0814
0812
080d
080c

080b
080b
0808
0808

080b
080d
080e
080f

0814
0815
0815
0814

0814
0814
0811
080e

080c
080b
0808
0807

0808
080b
080e
080f

0813
0815
0817
0816

0815
0814
0811
080f

080c
080a
0809
0808

0808
080a
080d
080f

0811
0813
0816
0817

0816
0814
0813
0812

080f
080b
0809
0807

0806
0806
0807
080a

080e
0810
0814
0817

0819
0817
0817
0814

080f
080c
0807
0805

0803
0803
0805
0809

080d
080f
0814
0818

0819
0818
0818
0816

0811
080b
0809
0807

0804
0802
0803
0807

080a
080c
0812
0817

081a
081a
081b
0819

0814
0810
080b
0807

0803
0802
0801
0803

0807
080d
0813
0818

081c
081c
081d
081b

0816
0810
080a
0806

0802
0802
0802
0804

0808
080d
0815
0818

081b
081c
081d
081a

0815
0812
080d
0809

0803
0803
0804
0806

0807
080c
0812
0817

081a
081b
081f
081d

0818
0812
080f
080b

0804
0801
0802
0804

0805
080a
0810
0816

0819
081c
081d
081d

0819
0813
080e
0808

0803
0801
0800
0801

0804
0808
080e
0813

0817
081a
081d
081c

0818
0814
080f
080b

0805
0802
0802
0803

0803
0807
080d
0812

0817
0819
081c
081d

081b
0816
0812
080d

0807
0804
0801
0803

0803
0806
080c
0811

0816
0818
081b
081b

081b
0816
0813
080e

0809
0805
0803
0803

0804
0807
080c
080f

0812
0817
081b
081b

081a
0817
0815
080f

080a
0807
0805
0803

0803
0806
080a
080f

0812
0816
0819
081a

0819
0817
0815
0810

080c
0807
0805
0805

0805
0806
0809
080f

0812
0815
0818
0819

0818
0816
0815
0810

080d
0809
0808
0807

0808
0807
080b
080f

0811
0814
0816
0818

0819
0817
0815
0812

080f
080b
0809
0807

0807
0808
0809
080e

0810
0813
0816
0817

0817
0815
0813
0810

080e
080a
0809
0809

0809
080a
080a
080e

0810
0811
0812
0814

0815
0813
0811
080f

080e
080c
080a
0809

080b
080b
080b
080d

0810
0810
0811
0813

0813
0813
0811
0810

080f
080d
080b
080b

080c
080a
080b
080f

0812
0813
0812
0813

0815
0814
0810
080e

080e
080d
080c
080c

080e
080e
080e
080f

0812
0812
0812
0812

0813
0812
080f
080d

080c
080b
080b
080c

080c
080d
080f
0810

0812
0814
0813
0813

0812
0811
080f
080e

080c
080b
080b
080c

080b
080d
0810
0811

0812
0812
0813
0812

0810
080f
080e
080d

080c
080a
080b
080c

080c
080c
080f
0811

0812
0812
0813
0813

0810
080e
080d
080d

080b
080b
080b
080c

080f
080f
0810
0811

0813
0812
0812
0811

0811
080f
080d
080c

080c
080d
080c
080d

080f
0810
0811
0812

0812
0812
0811
0810

0810
080f
080d
080d

080c
080d
080c
080c

080f
0811
0811
0812

0813
0813
0810
080f

0810
080f
080d
080c

080c
080e
080c
080c

080f
0811
0810
0810

0813
0813
0812
0811

0810
0810
080e
080d

080d
080e
080d
080e

080e
080f
0811
0810

0810
0810
0811
0810

080f
080f
080e
080e

080d
080f
080f
080f

080e
0810
0810
0810

0810
0811
0811
080f

0810
0811
0810
0810

0810
0810
080e
080e

080e
080f
080f
080f

0811
0810
0811
0811

0811
0810
080e
080e

080e
080f
080e
080e

080e
080f
080f
080f

080f
080f
0810
080f

0810
080f
0810
080e

080e
080e
080f
080e

080d
080e
080e
080f

080e
080f
0810
0811

0811
0811
0812
0811

0810
080d
080e
080e

080c
080c
080d
080f

080e
080f
0812
0812

0812
0810
0810
0810

080f
080d
080c
080e

080d
080c
080c
080e

0810
0810
0810
0811

0813
0810
080f
0810

0811
080e
080b
080d

080d
080c
080b
080d

0810
0810
080f
0811

0814
0812
0811
0810

0810
080e
080c
080b

080c
080d
080b
080d

080f
0812
0811
0811

0813
0814
0813
0810

0810
080f
080d
080d

080d
080e
080c
080e

080f
0811
0811
0812

0813
0813
0813
0811

0810
080f
080d
080c

080c
080d
080d
080e

080e
0811
0812
0812

0812
0812
0810
080d

080d
080d
080c
080a

080b
080d
080e
080e

080f
0811
0810
080f

080f
080f
080f
080d

080c
080b
080d
080b

080b
080d
080f
080f

0810
0812
0813
0811

080f
080f
080f
080e

080b
080a
080c
080c

080d
080e
0812
0814

0813
0814
0814
0813

080f
080d
080c
080a

0809
080a
080c
080d

080f
0810
0814
0816

0815
0814
0814
0813

080f
080b
080b
080a

0807
0807
080b
080d

080e
0811
0815
0816

0815
0815
0815
0813

080e
080b
080a
0808

0806
0806
0809
080b

080e
0811
0815
0818

0817
0816
0815
0813

080e
080a
0807
0807

0806
0806
0809
080d

0810
0812
0815
0818

0819
0818
0814
0812

080f
080b
0807
0806

0806
0807
0808
080b

0810
0813
0817
0819

081a
0817
0814
0812

080e
080a
0806
0806

0806
0807
0808
080b

0810
0813
0816
0817

0819
0818
0815
0812

080f
080c
0807
0805

0804
0806
0807
080a

080f
0814
0817
0819

081a
0819
0817
0812

080f
080b
0806
0803

0804
0805
0808
080b

080f
0815
0819
0819

081b
081a
0817
0812

080e
080a
0807
0805

0804
0806
0807
080b

080f
0814
0818
0819

081a
0818
0816
0814

0810
080b
0808
0805

0804
0805
0807
080a

080f
0813
0817
0819

081b
081a
0818
0814

080f
080b
0807
0805

0804
0804
0807
080c

080f
0814
0817
0819

081b
0819
0816
0812

080e
080a
0806
0804

0803
0806
0808
080c

0810
0814
0817
081a

081a
0817
0815
0810

080c
0808
0804
0804

0804
0806
0808
080d

0811
0816
0818
0819

081a
0818
0815
0811

080d
0809
0806
0804

0803
0807
0809
080e

0813
0817
081a
081b

081c
0819
0815
0810

080d
0808
0804
0802

0804
0806
0809
080d

0812
0817
0818
081a

081b
0819
0816
0812

080e
0809
0805
0803

0803
0804
0808
080c

0810
0815
0818
081b

081a
0819
0816
0810

080d
0808
0805
0803

0803
0806
0809
080c

0811
0817
081a
0819

0819
0819
0817
0811

080d
0808
0806
0804

0804
0806
080a
080e

080f
0814
0817
0819

0818
0815
0814
0811

080d
080a
0807
0807

0806
0806
0809
080d

080f
0812
0815
0818

0817
0816
0815
0812

080e
0809
0809
0808

0806
0806
0809
080d

080f
0813
0815
0817

0817
0816
0814
0812

080d
080a
0809
0808

0807
0808
080a
080e

0810
0812
0814
0817

0816
0815
0813
0812

0810
080c
080a
080a

080b
080b
080c
080e

0811
0813
0813
0815

0814
0814
0812
0811

080f
080c
080a
0809

080b
080a
080d
080f

0812
0812
0813
0815

0814
0812
0810
080f

080c
080b
080b
080b

080c
080c
080e
0810

0812
0812
0812
0813

0812
0811
080f
080e

080c
080b
080b
080b

080c
080d
0810
0812

0812
0812
0813
0813

0811
080f
080d
080d

080a
0809
080a
080c

080e
080f
0812
0813

0814
0814
0814
0813

0811
080e
080d
080c

080a
080b
080b
080c

080f
0811
0814
0815

0816
0815
0815
0813

0810
080d
080b
080a

0808
0808
0809
080b

080e
0811
0814
0815

0816
0817
0816
0813

080f
080d
080a
0807

0806
0808
0808
080a

080e
0812
0816
0816

0819
081a
0819
0815

0810
080d
080b
0807

0804
0804
0807
080a

080d
0812
0817
081b

081b
081b
081a
0815

0810
080b
0808
0805

0803
0803
0806
080c

080e
0812
0818
081b

081b
0818
0817
0815

0810
080a
0806
0805

0802
0801
0804
080b

080e
0811
0816
081b

081c
0819
0819
0816

0810
0809
0806
0803

0801
0800
0803
0809

080d
0811
0817
081b

081c
0819
0819
0816

0811
080a
0806
0803

0801
0801
0803
0809

080e
0813
0817
081c

081e
081d
081b
0817

0813
080d
0808
0804

0802
0802
0803
0808

080c
0812
0816
081a

081d
081c
081a
0816

0813
080d
0808
0805

0804
0803
0804
0808

080c
080f
0814
0819

081c
081b
081a
0817

0813
080e
0808
0805

0804
0802
0803
0807

080c
0810
0813
0818

081a
081b
0819
0816

0812
080f
080a
0806

0804
0804
0804
0807

080a
080f
0814
0817

0819
081a
0819
0816

0812
080f
080b
0806

0804
0804
0806
0807

080a
080e
0812
0816

0819
081b
081a
0818

0813
080f
080c
0808

0805
0804
0806
0807

0809
080d
0813
0817

0819
081a
081a
0819

0813
080e
080c
0808

0805
0804
0805
0807

080a
080e
0812
0817

0819
081a
0818
0817

0813
080e
080a
0808

0806
0803
0805
0808

080b
080f
0813
0816

0819
081a
0818
0817

0814
0810
080c
0808

0805
0804
0805
0807

080b
080f
0814
0816

0819
081a
0818
0817

0813
0810
080b
0808

0806
0805
0806
0806

080a
080f
0813
0815

0817
0819
0818
0816

0813
0810
080c
0808

0806
0804
0805
0807

0809
080c
0811
0816

0817
0818
081a
0818

0813
0810
080b
080a

0805
0803
0804
0807

080a
080c
0811
0816

0817
0816
0816
0817

0814
0810
080c
080a

0807
0804
0804
0807

080b
080b
080f
0815

0817
0817
0817
0817

0816
0812
080d
080b

0809
0807
0805
0807

080a
080d
0811
0814

0819
081a
0819
0818

0815
0812
080d
080b

0809
0808
0807
0807

080a
080e
0811
0812

0816
0819
0819
0817

0815
0812
080f
080c

0808
0807
0806
0806

0807
080b
0810
0812

0816
0817
0818
0817

0815
0812
080f
080c

0807
0805
0803
0804

0807
0809
080d
0812

0816
0818
0819
0819

0816
0813
080e
0809

0806
0804
0803
0805

0806
080a
0810
0814

0818
081a
081b
081a

0817
0813
080f
080a

0806
0804
0802
0804

0805
080a
080f
0814

0818
081b
081e
081a

0817
0814
080f
080a

0805
0803
0803
0804

0805
080a
0810
0814

0817
081c
081d
081b

0818
0814
0810
080a

0804
0803
0803
0803

0805
080a
080f
0814

0817
081b
081e
081c

0819
0815
0811
080b

0805
0803
0802
0803

0805
080a
080f
0814

0818
081a
081d
081b

081a
0815
0810
080b

0806
0802
0801
0802

0804
0809
080f
0815

0818
081c
081f
081d

0819
0813
0810
080a

0805
0802
0801
0803

0805
080a
080f
0815

0819
081b
081d
081c

0819
0814
080f
080b

0806
0802
0801
0803

0805
0809
080e
0813

0817
081a
081b
081a

0818
0814
0810
080c

0807
0804
0802
0802

0804
0809
080e
0813

0817
081a
081b
081b

0818
0813
080f
080a

0806
0803
0803
0803

0805
0809
080d
0812

0815
0819
081a
081a

0817
0813
0810
080b

0809
0806
0804
0805

0808
080a
080e
0812

0815
0819
081a
0819

0818
0814
0810
080c

0809
0807
0806
0807

0808
080b
080f
0812

0816
0818
0818
0817

0817
0813
080f
080c

080a
0807
0807
0808

080a
080d
0810
0814

0815
0816
0815
0815

0813
0811
080e
080b

080a
0809
0809
080a

080b
080e
0810
0813

0814
0816
0816
0813

0811
080f
080d
080b

0809
0808
0809
0809

080b
080e
0810
0813

0814
0813
0812
0812

080f
080e
080b
080a

080a
0809
080a
080c

080f
0810
0810
0812

0813
0813
0810
080f

080f
080d
080b
080a

080a
080b
080c
080b

080f
0810
0811
0813

0814
0814
0811
080f

080e
080d
080a
0808

0809
080a
080a
080d

0810
0813
0816
0816

0815
0815
0812
080f

080c
080a
0808
0808

0809
080c
080e
0810

0813
0814
0816
0816

0815
0813
0810
080f

080c
080a
0809
0809

080a
080b
080e
0811

0813
0815
0816
0817

0816
0814
0811
080f

080b
0809
0807
0807

0808
080a
080c
0810

0814
0816
0817
0817

0816
0813
0810
080d

0809
0808
0805
0806

0807
080b
080e
0810

0813
0815
0818
0817

0815
0812
0810
080d

0809
0807
0807
0807

0808
080a
080d
0811

0813
0814
0816
0816

0816
0813
0810
080e

080b
0808
0807
0808

0809
080a
080d
0811

0814
0815
0818
0817

0816
0812
0810
080e

080b
0808
0806
0807

0807
080a
080e
0812

0814
0815
0818
0818

0816
0812
080f
080d

080a
0807
0805
0807

0809
080c
080d
0812

0815
0817
0818
0817

0817
0813
080e
080c

080a
0807
0806
0807

0809
080c
080e
0812

0816
0816
0817
0817

0815
0811
080d
080a

0809
0807
0805
0805

0808
080d
080f
0812

0814
0817
0818
0816

0815
0813
0810
080a

0808
0807
0806
0805

0807
080c
080f
0812

0815
0818
0818
0817

0816
0812
080f
080b

0808
0805
0805
0805

0808
080c
0810
0813

0816
0819
081a
0818

0817
0814
080f
080b

0808
0806
0806
0807

0809
080d
0810
0813

0816
0818
0818
0817

0816
0813
080f
080b

0809
0807
0807
0807

0809
080c
080f
0813

0816
0819
0819
0818

0815
0813
0810
080b

0808
0806
0806
0806

0808
080a
080e
0812

0814
0816
0817
0818

0816
0813
0810
080c

0809
0806
0806
0806

0808
080a
080d
0811

0814
0816
0816
0817

0815
0813
0810
080d

080c
0807
0807
0808

0809
080b
080e
0811

0814
0816
0816
0817

0816
0813
0811
080f

080b
0807
0807
0807

0808
0809
080e
0811

0814
0817
0817
0817

0816
0813
0810
080d

0809
0807
0807
0807

0809
080b
080f
0811

0814
0815
0817
0817

0814
0812
080f
080d

0809
0808
0808
0808

0809
080a
080e
0811

0813
0815
0817
0818

0815
0812
080f
080d

080a
0807
0807
0809

0809
080a
080f
0814

0816
0815
0816
0818

0815
0810
080d
080d

080a
0806
0806
0809

080b
080c
080f
0814

0816
0816
0816
0818

0816
0811
080e
080d

080b
0807
0805
0808

080a
080c
080e
0812

0817
0817
0817
0816

0815
0812
080d
080b

080a
0809
0807
0808

080b
080e
080f
0812

0815
0815
0814
0813

0814
0811
080d
080b

080a
0809
0807
0808

080c
080e
080f
0811

0815
0817
0816
0813

0813
0811
080d
080a

0809
0809
0808
0808

080b
080f
0810
0810

0813
0815
0816
0812

0812
0811
0810
080c

080a
080c
080b
080a

080b
080f
0811
0811

0812
0814
0815
0813

0811
0811
0811
080e

080c
080d
080d
080c

080b
080e
0810
0810

0810
0812
0815
0814

0812
0812
0810
080d

080b
080a
080b
080c

080b
080d
080f
0811

0811
0812
0813
0812

0810
080e
080e
080d

080c
080c
080d
080e

080c
080d
080e
080f

080f
0810
0810
0811

0811
080e
080f
080f

080e
080e
080e
080e

080d
080e
080d
080e

080f
080e
080f
0810

0810
080f
080e
080f

080f
080e
080d
080f

080f
080f
080e
080f

080f
080f
080f
080f

0810
080f
080e
080d

0810
080f
080e
080f

0810
0810
080f
0810

080f
080f
080d
080d

080f
080f
080d
080d

080f
0810
0810
080f

0812
0812
080f
080e

080e
080e
080c
080c

080d
080f
080d
080d

0811
0811
0811
0810

0811
0811
0810
080f

080f
080f
080d
080d

080d
080d
080d
080d

080f
0811
0813
0813

0813
0813
0811
080f

080f
080e
080b
080b

080c
080d
080f
080f

0810
0812
0814
0812

0812
0813
0812
080f

080e
080e
080d
080b

080b
080c
080c
080e

080f
0811
0812
0813

0814
0813
0812
0811

0810
080e
080b
080a

0809
080b
080b
080d

080e
0811
0813
0814

0815
0814
0814
0811

080f
080c
080a
080a

0809
0809
080a
080d

080e
0811
0814
0815

0815
0814
0813
0811

080e
080b
080a
0809

0808
0807
080a
080d

080e
0811
0813
0815

0814
0813
0813
0813

0810
080c
080b
0809

0807
0808
0809
080c

080d
0811
0814
0815

0816
0816
0815
0812

080f
080c
080a
0808

0807
0809
080a
080b

080e
0812
0815
0815

0816
0817
0817
0813

080f
080d
080c
0808

0806
0807
080a
080b

080d
0811
0815
0817

0817
0816
0817
0815

0811
080c
080b
0809

0806
0804
0808
080c

080d
0810
0814
0818

0819
0818
0818
0816

0812
080c
080a
0808

0806
0804
0805
080a

080b
080e
0812
0817

0819
0818
0817
0816

0813
080d
080a
0807

0806
0805
0806
0809

080c
080e
0812
0817

0818
0818
0818
0816

0813
080e
080b
0809

0806
0804
0805
0808

080a
080e
0812
0818

0819
081a
0819
0818

0813
080e
080a
0807

0806
0804
0805
0809

080c
0810
0813
0819

0819
0819
0817
0816

0812
080d
080a
0808

0808
0806
0806
080a

080d
0810
0812
0817

0819
0819
0817
0817

0813
080f
080b
0809

0808
0805
0805
0809

080d
0810
0814
0818

081a
0819
0819
0818

0813
080d
0809
0807

0807
0805
0807
080a

080f
0811
0813
0818

0819
0818
0816
0814

0811
080d
080a
0807

0807
0807
0809
080b

080e
0810
0814
0816

0818
0818
0817
0814

080f
080d
080b
0807

0805
0805
0808
0809

080d
0812
0816
0818

0818
0818
0816
0813

080e
080b
0808
0805

0805
0805
0808
080c

080f
0813
0816
0817

0818
0817
0815
0812

080e
080b
0807
0807

0806
0806
0809
080c

080f
0811
0815
0817

0818
0817
0815
0813

080f
080c
0809
0807

0804
0805
0809
080b

080e
0811
0817
0819

0819
0818
0817
0814

080e
080a
0808
0807

0805
0805
080a
080c

080f
0811
0815
0817

0817
0816
0815
0813

080f
080b
0809
0808

0806
0805
0807
080b

080f
0810
0813
0817

0818
0817
0815
0814

0812
080d
0808
0807

0807
0807
0806
080a

080e
0811
0814
0817

0819
0817
0815
0813

0811
080d
080a
0808

0808
0808
0808
080b

080f
0811
0813
0815

0817
0816
0815
0814

0812
080f
080a
0809

0808
0808
0806
080a

080e
0810
0811
0814

0817
0817
0815
0812

0810
080e
080a
0808

0807
0808
0808
0809

080d
0810
0812
0814

0815
0815
0815
0812

0810
080e
080c
0808

0808
0809
080a
080b

080d
080f
0812
0813

0815
0815
0814
0813

0811
080f
080c
080b

080a
0809
0808
080b

080e
0810
0811
0814

0816
0815
0814
0811

0811
080e
080b
080a

080a
080a
080a
080b

080e
0810
0812
0813

0815
0815
0813
0812

080f
080e
080c
080b

080a
080a
080a
080d

080e
0810
0812
0814

0814
0814
0814
0811

0810
080d
080d
080b

080b
080c
080c
080e

080f
0811
0813
0814

0814
0814
0814
0813

0811
080f
080d
080c

080b
080b
080c
080e

080f
0811
0812
0813

0814
0813
0812
0812

0811
080e
080c
080b

080c
080b
080b
080d

080e
080f
0810
0813

0813
0813
0812
0810

0811
080f
080d
080b

080d
080d
080c
080d

080f
0810
080f
0812

0812
0813
0810
080f

0810
080e
080d
080c

080e
080d
080c
080c

080f
0811
080f
0810

0812
0813
0810
080f

0811
0810
080d
080b

080d
080e
080d
080c

080e
0810
080f
080e

080f
0811
0810
080f

080f
080f
080f
080d

080e
080e
080f
080e

080e
080e
080e
080e

080f
0811
0810
080f

080f
080f
080e
080c

080d
080e
080f
080e

080e
080f
0810
080f

0810
0810
080f
0810

080e
080e
080e
080e

080f
080f
080f
0811

0811
0811
080f
0810

0810
080f
080d
080e

080e
080f
080e
080f

0810
080f
080f
0810

0810
080f
080f
080f

080f
080f
080e
080f

080d
080d
080e
080e

080e
080e
0810
0811

0811
0811
0812
0811

0810
080e
080f
080f

080e
080d
080e
080e

080e
080f
0812
0811

0812
0811
0813
0812

080f
080d
080e
080e

080c
080d
080d
080f

080f
0811
0811
0811

0812
0810
0811
0811

0811
080f
080f
080e

080c
080c
080c
080d

080d
080c
080f
0812

0812
0811
0813
0814

0813
080f
080d
080e

080d
080b
080a
080d

080e
080e
080f
0812

0814
0813
0813
0812

0812
080f
080d
080b

080b
080c
080b
080d

080e
080f
0811
0812

0811
0812
0813
0812

0811
080f
080e
080e

080c
080c
080c
080b

080c
080e
080f
0811

0812
0813
0814
0812

0811
0810
080f
080e

080c
080b
080c
080c

080c
080e
0810
0813

0813
0813
0815
0813

0812
080f
080e
080d

080c
080a
080b
080c

080c
080e
0810
0812

0812
0812
0813
0813

0812
080f
080f
080f

080d
080b
080b
080c

080c
080d
080e
0810

0811
0812
0812
0812

0811
0810
0810
080e

080c
080a
080b
080e

080e
080e
080f
0812

0812
0812
0811
0812

0811
080f
080f
080e

080e
080c
080c
080e

080f
080f
080f
0812

0812
0811
0810
0811

0812
080f
080e
080e

080e
080c
080c
080d

080e
080f
080e
0810

0811
0811
0810
080f

0810
080e
080d
080c

080c
080a
080b
080c

080e
080f
0810
0811

0812
0812
0811
080f

080e
080d
080c
080b

080c
080c
080d
080e

080e
080f
0810
0810

0810
0811
0810
080f

080e
080f
080e
080c

080b
080b
080d
080d

080e
0810
0812
0812

0812
0812
0812
0810

080e
080e
080c
080b

080b
080b
080d
080d

080e
0810
0812
0812

0812
0812
0812
0811

080d
080e
080c
080b

080b
080b
080d
080e

080e
0811
0812
0812

0811
0813
0813
0810

080e
080f
080e
080c

080c
080c
080e
080c

080d
0810
0812
0812

0812
0813
0814
0812

0810
080f
080e
080d

080b
080b
080c
080c

080d
080e
0811
0813

0812
0812
0813
0813

0810
080e
080d
080d

080c
080a
080b
080d

080e
080f
0811
0812

0812
0811
0811
0811

080f
080f
080f
080f

080d
080c
080c
080d

080d
080d
080f
0810

0810
0810
0811
0812

0811
0810
0810
0811

080e
080c
080d
080e

080e
080d
080f
0811

0811
0811
0812
0813

0811
0810
080e
0810

080e
080c
080b
080c

080d
080e
080e
080f

0811
0810
0810
0810

0811
0811
080f
080e

080d
080e
080c
080c

080d
080e
080e
080e

0810
0810
0811
0810

0810
0810
080f
080f

080e
080d
080c
080d

080d
080d
080f
080f

0810
0810
0811
0810

0810
080f
080f
080e

080d
080d
080d
080d

080d
080d
080e
080f

0810
080f
0810
080f

0810
0810
080f
080f

080e
080e
080c
080c

080d
080e
080e
080f

0811
0811
0811
0811

0811
080f
0810
0810

080f
080d
080d
080f

080d
080d
080e
0811

0811
0810
0810
0812

0812
0810
0810
0810

0810
080f
080e
080f

080f
080e
080d
0810

0810
0810
0810
0810

0811
0812
0811
0811

0810
080f
080e
080e

080e
080e
080e
080f

0810
0810
080f
0810

0811
0810
080e
080e

080f
080f
080d
080f

080f
080f
080d
080d

080e
080e
080f
080f

0810
0810
0810
0810

0810
080f
080e
080d

080d
080d
080e
080f

080f
080f
0810
0810

0810
0810
0810
080f

080f
080d
080f
080f

080e
080d
080e
080f

080e
080e
0810
0811

0811
080f
0811
0810

0810
080f
0810
0810

080f
080e
080d
080f

080f
080e
080e
0811

0810
080f
0810
0811

0811
0810
0810
0810

0810
080f
080d
080e

080d
080d
080e
080e

080e
080f
0811
0812

0811
0812
0811
0810

080f
080e
080d
080d

080d
080d
080d
080e

080f
080f
0810
0810

0811
0811
080f
080f

0811
080f
080c
080d

080e
080f
080d
080d

080f
080f
080f
0810

0811
0811
0811
0810

0811
0810
080d
080e

080e
080e
080c
080c

080e
0810
0810
0810

0812
0813
0813
0811

0811
0811
080f
080d

080c
080e
080c
080d

080d
080f
0811
0812

0812
0812
0813
0811

0811
080f
080e
080d

080d
080c
080c
080d

080d
080f
080f
0811

0811
0812
0812
0811

0811
080e
080e
080d

080c
080b
080c
080c

080d
080f
080f
0811

0813
0812
0811
0811

0811
080e
080e
080d

080c
080a
080b
080e

080e
080d
080f
0811

0811
0810
0811
0811

0811
080f
080f
0810

080f
080d
080d
080e

080e
080f
080f
0811

0812
0811
0811
0811

0811
0810
080e
080e

080e
080d
080d
080d

080e
080e
080d
0810

0810
0810
0810
080e

080f
080f
080e
080c

080e
080e
080d
080c

080e
080f
080f
080f

0810
0810
0810
080f

080f
080f
080e
080d

080d
080d
080d
080e

080f
0810
0810
0811

0811
0810
0810
080e

080f
080f
080e
080d

080f
080f
0810
0810

0811
0811
0810
0810

0810
0811
080f
080e

080f
080f
080f
080e

0810
0810
080f
080f

0810
0810
080f
0810

0811
0813
0811
0810

0810
0810
080f
080d

080e
080e
080e
080c

080f
0811
0811
0810

0811
0812
0810
080f

080f
080f
080e
080d

080e
080f
080f
080e

080f
0811
0810
080f

080f
0811
0810
080f

080e
080f
080f
080c

080d
080e
080e
080d

080e
080f
080f
080f

080e
0810
0810
0810

080e
080f
0810
080d

080d
080c
080d
080d

080c
080d
0810
0811

080f
080f
0810
0811

080f
080e
080e
080f

080e
080d
080e
080e

080e
080d
080f
080f

080f
080f
0810
0811

0810
080f
080f
080e

080e
080d
080f
080f

080f
080d
080e
080f

0810
080f
080e
080f

0810
080f
080e
080f

080e
080d
080d
080d

080e
080d
080f
0810

0810
0810
0810
0811

0810
0810
080e
080f

080f
080e
080d
080e

080f
080f
0810
080f

0810
080f
080f
080f

080f
080f
080e
080e

080e
080e
080e
080e

0810
0810
0811
0810

0810
0810
080f
080e

080e
080e
080d
080e

080e
0810
080f
080e

080f
0810
0810
080e

0810
080f
080f
080e

080f
0810
080e
080d

080c
080e
080e
080e

080e
0810
0811
0810

0810
0810
0811
080f

080d
080e
080e
080d

080d
080e
080f
080f

0810
0811
0813
0811

0810
080f
0811
080f

080c
080c
080d
080e

080d
080e
0811
0812

0811
0811
0812
0811

0810
080e
080f
080e

080d
080d
080d
080f

080f
080f
0810
0811

0812
0811
0811
0811

0810
080f
080f
080e

080c
080c
080d
080e

080c
080f
0810
0812

0811
0812
0813
0813

0810
080d
080e
080d

080b
080b
080d
080d

080e
080e
080f
0811

0811
0811
0811
0811

0810
080e
080d
080c

080c
080b
080d
080d

080e
080e
080f
0811

0810
0810
0810
0811

0810
0810
080f
080d

080d
080d
080e
080e

080f
080f
0811
0811

0811
0811
0811
0812

080f
080f
080e
080d

080c
080b
080e
080e

080f
0810
0811
0812

0812
0812
0812
0812

0810
080e
080e
080d

080c
080b
080d
080f

0810
080f
0811
0812

0812
0812
0812
0811

